RUN	basic.CadastrarAnuncio	cadastraranuncio	1603482475887	teste	3.0.2
USER	CadastrarAnuncio	1	START	1603482478213	1603482478213
REQUEST	1		Gerar Token	1603482478238	1603482483966	OK	 
REQUEST	1		request_0	1603482488995	1603482494159	OK	 
REQUEST	1		request_1	1603482494268	1603482494289	OK	 
REQUEST	1		request_2	1603482494269	1603482494303	OK	 
REQUEST	1		request_4	1603482494269	1603482494345	OK	 
REQUEST	1		request_3	1603482494268	1603482494346	OK	 
REQUEST	1		request_7	1603482494270	1603482494358	OK	 
REQUEST	1		request_8	1603482504353	1603482504380	OK	 
REQUEST	1		request_9	1603482504383	1603482509428	OK	 
REQUEST	1		request_11	1603482509419	1603482509605	OK	 
REQUEST	1		request_10	1603482504385	1603482509611	OK	 
REQUEST	1		request_13	1603482521613	1603482521666	OK	 
REQUEST	1		request_13 Redirect 1	1603482521675	1603482521722	OK	 
REQUEST	1		request_17	1603482521754	1603482526792	OK	 
REQUEST	1		request_14	1603482521750	1603482531825	OK	 
REQUEST	1		request_21	1603482521752	1603482531826	OK	 
REQUEST	1		request_18	1603482521751	1603482531829	OK	 
REQUEST	1		request_16	1603482521753	1603482531832	OK	 
REQUEST	1		request_26	1603482526787	1603482531835	OK	 
REQUEST	1		request_28	1603482526789	1603482531847	OK	 
REQUEST	1		request_26	1603482531836	1603482531893	OK	 
REQUEST	1		request_28	1603482531849	1603482531911	OK	 
REQUEST	1		request_23	1603482521753	1603482531913	OK	 
REQUEST	1		request_28	1603482531912	1603482531953	OK	 
REQUEST	1		request_19	1603482521755	1603482531960	OK	 
REQUEST	1		request_17	1603482526794	1603482531962	OK	 
REQUEST	1		request_26	1603482531894	1603482531969	OK	 
REQUEST	1		request_25	1603482526786	1603482531970	OK	 
REQUEST	1		request_19	1603482531961	1603482531989	OK	 
REQUEST	1		request_25	1603482531970	1603482531995	OK	 
REQUEST	1		request_63	1603482534002	1603482534027	OK	 
REQUEST	1		request_64	1603482534031	1603482534058	OK	 
REQUEST	1		request_65	1603482534032	1603482534060	OK	 
REQUEST	1		request_66	1603482534034	1603482534064	OK	 
REQUEST	1		request_66	1603482534066	1603482534108	OK	 
REQUEST	1		request_66	1603482534110	1603482534180	OK	 
REQUEST	1		request_68	1603482546172	1603482546196	OK	 
REQUEST	1		request_69	1603482546198	1603482546228	OK	 
REQUEST	1		request_70	1603482546199	1603482546229	OK	 
REQUEST	1		request_73	1603482547232	1603482547285	OK	 
REQUEST	1		request_74	1603482547287	1603482547312	OK	 
REQUEST	1		request_77	1603482562322	1603482562364	OK	 
REQUEST	1		request_78	1603482562367	1603482562398	OK	 
REQUEST	1		request_80	1603482577392	1603482577414	OK	 
REQUEST	1		request_83	1603482577423	1603482577449	OK	 
REQUEST	1		request_81	1603482577424	1603482577451	OK	 
REQUEST	1		request_84	1603482577425	1603482577453	OK	 
REQUEST	1		request_84	1603482577455	1603482577505	OK	 
REQUEST	1		request_84	1603482577506	1603482577550	OK	 
REQUEST	1		request_84	1603482577553	1603482577576	OK	 
REQUEST	1		request_84	1603482577577	1603482577619	OK	 
REQUEST	1		request_84	1603482577620	1603482577650	OK	 
REQUEST	1		request_84	1603482577651	1603482577675	OK	 
REQUEST	1		request_84	1603482577677	1603482577720	OK	 
REQUEST	1		request_84	1603482577722	1603482577752	OK	 
REQUEST	1		request_84	1603482577753	1603482577782	OK	 
REQUEST	1		request_84	1603482577785	1603482577831	OK	 
REQUEST	1		request_84	1603482577832	1603482577857	OK	 
REQUEST	1		request_84	1603482577857	1603482577883	OK	 
REQUEST	1		request_84	1603482577884	1603482577928	OK	 
REQUEST	1		request_84	1603482577929	1603482577957	OK	 
REQUEST	1		request_84	1603482577958	1603482577987	OK	 
REQUEST	1		request_84	1603482577989	1603482578030	OK	 
REQUEST	1		request_84	1603482578031	1603482578056	OK	 
REQUEST	1		request_84	1603482578057	1603482578084	OK	 
REQUEST	1		request_84	1603482578086	1603482578128	OK	 
REQUEST	1		request_84	1603482578129	1603482578164	OK	 
REQUEST	1		request_84	1603482578165	1603482578190	OK	 
REQUEST	1		request_84	1603482578192	1603482578231	OK	 
REQUEST	1		request_84	1603482578232	1603482578263	OK	 
REQUEST	1		request_84	1603482578265	1603482578311	OK	 
REQUEST	1		request_84	1603482578313	1603482578355	OK	 
REQUEST	1		request_84	1603482578356	1603482578382	OK	 
REQUEST	1		request_84	1603482578383	1603482578404	OK	 
REQUEST	1		request_84	1603482578405	1603482578441	OK	 
REQUEST	1		request_84	1603482578442	1603482578468	OK	 
REQUEST	1		request_84	1603482578469	1603482578500	OK	 
REQUEST	1		request_84	1603482578502	1603482578538	OK	 
REQUEST	1		request_84	1603482578539	1603482578564	OK	 
REQUEST	1		request_84	1603482578565	1603482578588	OK	 
REQUEST	1		request_84	1603482578590	1603482578623	OK	 
REQUEST	1		request_84	1603482578624	1603482578651	OK	 
REQUEST	1		request_84	1603482578652	1603482578673	OK	 
REQUEST	1		request_84	1603482578674	1603482578713	OK	 
REQUEST	1		request_84	1603482578714	1603482578742	OK	 
REQUEST	1		request_84	1603482578743	1603482578764	OK	 
REQUEST	1		request_84	1603482578766	1603482578801	OK	 
REQUEST	1		request_84	1603482578803	1603482578836	OK	 
REQUEST	1		request_84	1603482578837	1603482578858	OK	 
REQUEST	1		request_84	1603482578860	1603482578899	OK	 
REQUEST	1		request_84	1603482578900	1603482578925	OK	 
REQUEST	1		request_84	1603482578926	1603482578960	OK	 
REQUEST	1		request_84	1603482578961	1603482578998	OK	 
REQUEST	1		request_84	1603482578999	1603482579023	OK	 
REQUEST	1		request_84	1603482579024	1603482579046	OK	 
REQUEST	1		request_84	1603482579047	1603482579085	OK	 
REQUEST	1		request_84	1603482579086	1603482579109	OK	 
REQUEST	1		request_84	1603482579110	1603482579131	OK	 
REQUEST	1		request_84	1603482579131	1603482579167	OK	 
REQUEST	1		request_84	1603482579167	1603482579194	OK	 
REQUEST	1		request_84	1603482579195	1603482579226	OK	 
REQUEST	1		request_84	1603482579226	1603482579264	OK	 
REQUEST	1		request_84	1603482579265	1603482579295	OK	 
REQUEST	1		request_84	1603482579296	1603482579319	OK	 
REQUEST	1		request_84	1603482579321	1603482579357	OK	 
REQUEST	1		request_84	1603482579358	1603482579385	OK	 
REQUEST	1		request_84	1603482579386	1603482579408	OK	 
REQUEST	1		request_84	1603482579410	1603482579446	OK	 
REQUEST	1		request_84	1603482579447	1603482579472	OK	 
REQUEST	1		request_84	1603482579472	1603482579491	OK	 
REQUEST	1		request_84	1603482579492	1603482579531	OK	 
REQUEST	1		request_84	1603482579531	1603482579556	OK	 
REQUEST	1		request_84	1603482579557	1603482579578	OK	 
REQUEST	1		request_84	1603482579579	1603482579617	OK	 
REQUEST	1		request_84	1603482579618	1603482579648	OK	 
REQUEST	1		request_84	1603482579650	1603482579670	OK	 
REQUEST	1		request_84	1603482579671	1603482579708	OK	 
REQUEST	1		request_84	1603482579710	1603482579739	OK	 
REQUEST	1		request_84	1603482579741	1603482579761	OK	 
REQUEST	1		request_84	1603482579762	1603482579803	OK	 
REQUEST	1		request_84	1603482579804	1603482579828	OK	 
REQUEST	1		request_84	1603482579829	1603482579851	OK	 
REQUEST	1		request_84	1603482579852	1603482579892	OK	 
REQUEST	1		request_84	1603482579893	1603482579925	OK	 
REQUEST	1		request_84	1603482579926	1603482579948	OK	 
REQUEST	1		request_84	1603482579950	1603482579988	OK	 
REQUEST	1		request_84	1603482579990	1603482580023	OK	 
REQUEST	1		request_84	1603482580024	1603482580046	OK	 
REQUEST	1		request_84	1603482580048	1603482580084	OK	 
REQUEST	1		request_84	1603482580085	1603482580110	OK	 
REQUEST	1		request_84	1603482580111	1603482580132	OK	 
REQUEST	1		request_84	1603482580133	1603482580176	OK	 
REQUEST	1		request_84	1603482580177	1603482580208	OK	 
REQUEST	1		request_84	1603482580209	1603482580238	OK	 
REQUEST	1		request_84	1603482580238	1603482580277	OK	 
REQUEST	1		request_84	1603482580278	1603482580309	OK	 
REQUEST	1		request_84	1603482580310	1603482580341	OK	 
REQUEST	1		request_84	1603482580343	1603482580375	OK	 
REQUEST	1		request_84	1603482580376	1603482580401	OK	 
REQUEST	1		request_84	1603482580402	1603482580423	OK	 
REQUEST	1		request_84	1603482580425	1603482580462	OK	 
REQUEST	1		request_84	1603482580463	1603482580497	OK	 
REQUEST	1		request_84	1603482580498	1603482580527	OK	 
REQUEST	1		request_84	1603482580528	1603482580562	OK	 
REQUEST	1		request_84	1603482580563	1603482580595	OK	 
REQUEST	1		request_84	1603482580595	1603482580618	OK	 
REQUEST	1		request_84	1603482580619	1603482580657	OK	 
REQUEST	1		request_84	1603482580657	1603482580681	OK	 
REQUEST	1		request_84	1603482580682	1603482580703	OK	 
REQUEST	1		request_84	1603482580704	1603482580743	OK	 
REQUEST	1		request_84	1603482580744	1603482580783	OK	 
REQUEST	1		request_84	1603482580784	1603482580805	OK	 
REQUEST	1		request_84	1603482580806	1603482580844	OK	 
REQUEST	1		request_84	1603482580845	1603482580877	OK	 
REQUEST	1		request_84	1603482580878	1603482580899	OK	 
REQUEST	1		request_84	1603482580900	1603482580937	OK	 
REQUEST	1		request_84	1603482580938	1603482580971	OK	 
REQUEST	1		request_84	1603482580972	1603482580993	OK	 
REQUEST	1		request_84	1603482580994	1603482581040	OK	 
REQUEST	1		request_84	1603482581041	1603482581076	OK	 
REQUEST	1		request_84	1603482581077	1603482581098	OK	 
REQUEST	1		request_84	1603482581099	1603482581150	OK	 
REQUEST	1		request_84	1603482581151	1603482581181	OK	 
REQUEST	1		request_84	1603482581182	1603482581203	OK	 
REQUEST	1		request_84	1603482581204	1603482581244	OK	 
REQUEST	1		request_84	1603482581245	1603482581273	OK	 
REQUEST	1		request_84	1603482581274	1603482581296	OK	 
REQUEST	1		request_84	1603482581297	1603482581340	OK	 
REQUEST	1		request_84	1603482581341	1603482581373	OK	 
REQUEST	1		request_84	1603482581374	1603482581395	OK	 
REQUEST	1		request_84	1603482581396	1603482581436	OK	 
REQUEST	1		request_84	1603482581437	1603482581471	OK	 
REQUEST	1		request_84	1603482581472	1603482581493	OK	 
REQUEST	1		request_84	1603482581494	1603482581533	OK	 
REQUEST	1		request_84	1603482581534	1603482581567	OK	 
REQUEST	1		request_84	1603482581568	1603482581663	OK	 
REQUEST	1		request_84	1603482581664	1603482581710	OK	 
REQUEST	1		request_84	1603482581712	1603482581736	OK	 
REQUEST	1		request_84	1603482581737	1603482581760	OK	 
REQUEST	1		request_84	1603482581761	1603482581798	OK	 
REQUEST	1		request_84	1603482581799	1603482581831	OK	 
REQUEST	1		request_84	1603482581832	1603482581852	OK	 
REQUEST	1		request_84	1603482581854	1603482581898	OK	 
REQUEST	1		request_84	1603482581899	1603482581920	OK	 
REQUEST	1		request_84	1603482581921	1603482581942	OK	 
REQUEST	1		request_84	1603482581944	1603482581982	OK	 
REQUEST	1		request_84	1603482581983	1603482582013	OK	 
REQUEST	1		request_84	1603482582014	1603482582035	OK	 
REQUEST	1		request_84	1603482582037	1603482582083	OK	 
REQUEST	1		request_84	1603482582084	1603482582113	OK	 
REQUEST	1		request_84	1603482582114	1603482582134	OK	 
REQUEST	1		request_84	1603482582136	1603482582170	OK	 
REQUEST	1		request_84	1603482582171	1603482582203	OK	 
REQUEST	1		request_84	1603482582204	1603482582226	OK	 
REQUEST	1		request_84	1603482582228	1603482582261	OK	 
REQUEST	1		request_84	1603482582262	1603482582290	OK	 
REQUEST	1		request_84	1603482582291	1603482582312	OK	 
REQUEST	1		request_84	1603482582313	1603482582350	OK	 
REQUEST	1		request_84	1603482582350	1603482582377	OK	 
REQUEST	1		request_84	1603482582378	1603482582398	OK	 
REQUEST	1		request_84	1603482582399	1603482582436	OK	 
REQUEST	1		request_84	1603482582437	1603482582462	OK	 
REQUEST	1		request_84	1603482582463	1603482582489	OK	 
REQUEST	1		request_84	1603482582491	1603482582523	OK	 
REQUEST	1		request_84	1603482582524	1603482582557	OK	 
REQUEST	1		request_84	1603482582557	1603482582578	OK	 
REQUEST	1		request_84	1603482582579	1603482582618	OK	 
REQUEST	1		request_84	1603482582619	1603482582645	OK	 
REQUEST	1		request_84	1603482582646	1603482582668	OK	 
REQUEST	1		request_84	1603482582669	1603482582707	OK	 
REQUEST	1		request_84	1603482582708	1603482582732	OK	 
REQUEST	1		request_84	1603482582733	1603482582754	OK	 
REQUEST	1		request_84	1603482582756	1603482582801	OK	 
REQUEST	1		request_84	1603482582802	1603482582834	OK	 
REQUEST	1		request_84	1603482582835	1603482582856	OK	 
REQUEST	1		request_84	1603482582857	1603482582905	OK	 
REQUEST	1		request_84	1603482582906	1603482582938	OK	 
REQUEST	1		request_84	1603482582939	1603482582963	OK	 
REQUEST	1		request_84	1603482582964	1603482583006	OK	 
REQUEST	1		request_84	1603482583006	1603482583025	OK	 
REQUEST	1		request_84	1603482583026	1603482583046	OK	 
REQUEST	1		request_84	1603482583046	1603482583083	OK	 
REQUEST	1		request_84	1603482583084	1603482583113	OK	 
REQUEST	1		request_84	1603482583114	1603482583134	OK	 
REQUEST	1		request_84	1603482583135	1603482583191	OK	 
REQUEST	1		request_84	1603482583191	1603482583225	OK	 
REQUEST	1		request_84	1603482583225	1603482583255	OK	 
REQUEST	1		request_84	1603482583255	1603482583293	OK	 
REQUEST	1		request_84	1603482583293	1603482583313	OK	 
REQUEST	1		request_84	1603482583313	1603482583335	OK	 
REQUEST	1		request_84	1603482583336	1603482583374	OK	 
REQUEST	1		request_84	1603482583375	1603482583405	OK	 
REQUEST	1		request_84	1603482583406	1603482583427	OK	 
REQUEST	1		request_84	1603482583428	1603482583471	OK	 
REQUEST	1		request_84	1603482583472	1603482583503	OK	 
REQUEST	1		request_84	1603482583503	1603482583524	OK	 
REQUEST	1		request_84	1603482583525	1603482583567	OK	 
REQUEST	1		request_84	1603482583568	1603482583598	OK	 
REQUEST	1		request_84	1603482583599	1603482583623	OK	 
REQUEST	1		request_84	1603482583624	1603482583660	OK	 
REQUEST	1		request_84	1603482583661	1603482583691	OK	 
REQUEST	1		request_84	1603482583692	1603482583712	OK	 
REQUEST	1		request_84	1603482583714	1603482583752	OK	 
REQUEST	1		request_84	1603482583753	1603482583785	OK	 
REQUEST	1		request_84	1603482583786	1603482583808	OK	 
REQUEST	1		request_84	1603482583809	1603482583846	OK	 
REQUEST	1		request_84	1603482583847	1603482583877	OK	 
REQUEST	1		request_84	1603482583877	1603482583897	OK	 
REQUEST	1		request_84	1603482583898	1603482583940	OK	 
REQUEST	1		request_84	1603482583941	1603482583976	OK	 
REQUEST	1		request_84	1603482583978	1603482583999	OK	 
REQUEST	1		request_84	1603482584001	1603482584038	OK	 
REQUEST	1		request_84	1603482584039	1603482584070	OK	 
REQUEST	1		request_84	1603482584072	1603482584093	OK	 
REQUEST	1		request_84	1603482584094	1603482584132	OK	 
REQUEST	1		request_84	1603482584133	1603482584167	OK	 
REQUEST	1		request_84	1603482584168	1603482584207	OK	 
REQUEST	1		request_84	1603482584208	1603482584252	OK	 
REQUEST	1		request_84	1603482584253	1603482584284	OK	 
REQUEST	1		request_84	1603482584285	1603482584308	OK	 
REQUEST	1		request_84	1603482584310	1603482584350	OK	 
REQUEST	1		request_84	1603482584350	1603482584376	OK	 
REQUEST	1		request_84	1603482584376	1603482584397	OK	 
REQUEST	1		request_84	1603482584398	1603482584435	OK	 
REQUEST	1		request_84	1603482584435	1603482584454	OK	 
REQUEST	1		request_84	1603482584455	1603482584475	OK	 
REQUEST	1		request_84	1603482584475	1603482584519	OK	 
REQUEST	1		request_84	1603482584519	1603482584544	OK	 
REQUEST	1		request_84	1603482584545	1603482584573	OK	 
REQUEST	1		request_84	1603482584574	1603482584625	OK	 
REQUEST	1		request_84	1603482584626	1603482584658	OK	 
REQUEST	1		request_84	1603482584659	1603482584681	OK	 
REQUEST	1		request_84	1603482584682	1603482584719	OK	 
REQUEST	1		request_84	1603482584720	1603482584744	OK	 
REQUEST	1		request_84	1603482584745	1603482584767	OK	 
REQUEST	1		request_84	1603482584768	1603482584808	OK	 
REQUEST	1		request_84	1603482584808	1603482584839	OK	 
REQUEST	1		request_84	1603482584840	1603482584863	OK	 
REQUEST	1		request_84	1603482584864	1603482584899	OK	 
REQUEST	1		request_84	1603482584900	1603482584923	OK	 
REQUEST	1		request_84	1603482584924	1603482584945	OK	 
REQUEST	1		request_84	1603482584946	1603482585006	OK	 
REQUEST	1		request_84	1603482585007	1603482585039	OK	 
REQUEST	1		request_84	1603482585039	1603482585061	OK	 
REQUEST	1		request_84	1603482585061	1603482585099	OK	 
REQUEST	1		request_84	1603482585100	1603482585124	OK	 
REQUEST	1		request_84	1603482585124	1603482585157	OK	 
REQUEST	1		request_84	1603482585158	1603482585188	OK	 
REQUEST	1		request_84	1603482585188	1603482585214	OK	 
REQUEST	1		request_84	1603482585215	1603482585236	OK	 
REQUEST	1		request_84	1603482585237	1603482585273	OK	 
REQUEST	1		request_84	1603482585274	1603482585300	OK	 
REQUEST	1		request_84	1603482585301	1603482585321	OK	 
REQUEST	1		request_84	1603482585323	1603482585363	OK	 
REQUEST	1		request_84	1603482585364	1603482585389	OK	 
REQUEST	1		request_84	1603482585390	1603482585421	OK	 
REQUEST	1		request_84	1603482585422	1603482585460	OK	 
REQUEST	1		request_84	1603482585461	1603482585485	OK	 
REQUEST	1		request_84	1603482585486	1603482585508	OK	 
REQUEST	1		request_84	1603482585509	1603482585547	OK	 
REQUEST	1		request_84	1603482585548	1603482585575	OK	 
REQUEST	1		request_84	1603482585576	1603482585598	OK	 
REQUEST	1		request_84	1603482585599	1603482585634	OK	 
REQUEST	1		request_84	1603482585635	1603482585661	OK	 
REQUEST	1		request_84	1603482585662	1603482585693	OK	 
REQUEST	1		request_84	1603482585694	1603482585727	OK	 
REQUEST	1		request_84	1603482585728	1603482585750	OK	 
REQUEST	1		request_84	1603482585751	1603482585771	OK	 
REQUEST	1		request_84	1603482585772	1603482585803	OK	 
REQUEST	1		request_84	1603482585804	1603482585833	OK	 
REQUEST	1		request_84	1603482585834	1603482585853	OK	 
REQUEST	1		request_84	1603482585853	1603482585888	OK	 
REQUEST	1		request_84	1603482585888	1603482585907	OK	 
REQUEST	1		request_84	1603482585908	1603482585928	OK	 
REQUEST	1		request_84	1603482585929	1603482585960	OK	 
REQUEST	1		request_84	1603482585961	1603482585979	OK	 
REQUEST	1		request_84	1603482585980	1603482585999	OK	 
REQUEST	1		request_84	1603482585999	1603482586035	OK	 
REQUEST	1		request_84	1603482586036	1603482586060	OK	 
REQUEST	1		request_84	1603482586060	1603482586081	OK	 
REQUEST	1		request_84	1603482586082	1603482586112	OK	 
REQUEST	1		request_84	1603482586112	1603482586136	OK	 
REQUEST	1		request_84	1603482586137	1603482586157	OK	 
REQUEST	1		request_84	1603482586158	1603482586194	OK	 
REQUEST	1		request_84	1603482586195	1603482586224	OK	 
REQUEST	1		request_84	1603482586224	1603482586245	OK	 
REQUEST	1		request_84	1603482586246	1603482586281	OK	 
REQUEST	1		request_84	1603482586282	1603482586307	OK	 
REQUEST	1		request_84	1603482586308	1603482586333	OK	 
REQUEST	1		request_84	1603482586333	1603482586371	OK	 
REQUEST	1		request_84	1603482586371	1603482591534	OK	 
REQUEST	1		request_84	1603482591534	1603482591564	OK	 
REQUEST	1		request_84	1603482591565	1603482591602	OK	 
REQUEST	1		request_84	1603482591602	1603482591632	OK	 
REQUEST	1		request_84	1603482591632	1603482591659	OK	 
REQUEST	1		request_84	1603482591660	1603482591694	OK	 
REQUEST	1		request_84	1603482591695	1603482591715	OK	 
REQUEST	1		request_84	1603482591715	1603482591736	OK	 
REQUEST	1		request_84	1603482591737	1603482591773	OK	 
REQUEST	1		request_84	1603482591774	1603482591807	OK	 
REQUEST	1		request_84	1603482591807	1603482591830	OK	 
REQUEST	1		request_84	1603482591830	1603482591869	OK	 
REQUEST	1		request_84	1603482591870	1603482591890	OK	 
REQUEST	1		request_84	1603482591891	1603482591921	OK	 
REQUEST	1		request_84	1603482591921	1603482591956	OK	 
REQUEST	1		request_84	1603482591957	1603482591977	OK	 
REQUEST	1		request_84	1603482591977	1603482591998	OK	 
REQUEST	1		request_84	1603482591999	1603482592032	OK	 
REQUEST	1		request_84	1603482592032	1603482592059	OK	 
REQUEST	1		request_84	1603482592060	1603482592082	OK	 
REQUEST	1		request_84	1603482592083	1603482592121	OK	 
REQUEST	1		request_84	1603482592122	1603482592147	OK	 
REQUEST	1		request_84	1603482592147	1603482592168	OK	 
REQUEST	1		request_84	1603482592169	1603482592207	OK	 
REQUEST	1		request_84	1603482592208	1603482592239	OK	 
REQUEST	1		request_84	1603482592240	1603482592261	OK	 
REQUEST	1		request_84	1603482592262	1603482592298	OK	 
REQUEST	1		request_84	1603482592299	1603482592332	OK	 
REQUEST	1		request_84	1603482592332	1603482592353	OK	 
REQUEST	1		request_84	1603482592354	1603482592391	OK	 
REQUEST	1		request_84	1603482592391	1603482592413	OK	 
REQUEST	1		request_84	1603482592413	1603482592435	OK	 
REQUEST	1		request_84	1603482592436	1603482592471	OK	 
REQUEST	1		request_84	1603482592472	1603482592498	OK	 
REQUEST	1		request_84	1603482592498	1603482592518	OK	 
REQUEST	1		request_84	1603482592518	1603482592556	OK	 
REQUEST	1		request_84	1603482592557	1603482592586	OK	 
REQUEST	1		request_84	1603482592586	1603482592607	OK	 
REQUEST	1		request_84	1603482592607	1603482592645	OK	 
REQUEST	1		request_84	1603482592645	1603482592679	OK	 
REQUEST	1		request_84	1603482592679	1603482592699	OK	 
REQUEST	1		request_84	1603482592700	1603482592736	OK	 
REQUEST	1		request_84	1603482592736	1603482592767	OK	 
REQUEST	1		request_84	1603482592767	1603482592799	OK	 
REQUEST	1		request_84	1603482592800	1603482592838	OK	 
REQUEST	1		request_84	1603482592839	1603482592871	OK	 
REQUEST	1		request_84	1603482592871	1603482592899	OK	 
REQUEST	1		request_84	1603482592900	1603482592942	OK	 
REQUEST	1		request_84	1603482592943	1603482592969	OK	 
REQUEST	1		request_84	1603482592970	1603482592999	OK	 
REQUEST	1		request_84	1603482592999	1603482593044	OK	 
REQUEST	1		request_84	1603482593045	1603482593078	OK	 
REQUEST	1		request_84	1603482593079	1603482593107	OK	 
REQUEST	1		request_84	1603482593108	1603482593148	OK	 
REQUEST	1		request_84	1603482593149	1603482593183	OK	 
REQUEST	1		request_84	1603482593184	1603482593204	OK	 
REQUEST	1		request_84	1603482593204	1603482593242	OK	 
REQUEST	1		request_84	1603482593243	1603482593272	OK	 
REQUEST	1		request_84	1603482593272	1603482593296	OK	 
REQUEST	1		request_84	1603482593297	1603482593332	OK	 
REQUEST	1		request_84	1603482593332	1603482593361	OK	 
REQUEST	1		request_84	1603482593362	1603482593384	OK	 
REQUEST	1		request_84	1603482593384	1603482593419	OK	 
REQUEST	1		request_84	1603482593420	1603482593446	OK	 
REQUEST	1		request_84	1603482593446	1603482593474	OK	 
REQUEST	1		request_84	1603482593474	1603482593509	OK	 
REQUEST	1		request_84	1603482593509	1603482593535	OK	 
REQUEST	1		request_84	1603482593536	1603482593556	OK	 
REQUEST	1		request_84	1603482593556	1603482593595	OK	 
REQUEST	1		request_84	1603482593595	1603482593622	OK	 
REQUEST	1		request_84	1603482593623	1603482593642	OK	 
REQUEST	1		request_84	1603482593642	1603482593687	OK	 
REQUEST	1		request_84	1603482593688	1603482593713	OK	 
REQUEST	1		request_84	1603482593713	1603482593732	OK	 
REQUEST	1		request_84	1603482593732	1603482593772	OK	 
REQUEST	1		request_84	1603482593772	1603482593798	OK	 
REQUEST	1		request_84	1603482593799	1603482593828	OK	 
REQUEST	1		request_84	1603482593829	1603482593869	OK	 
REQUEST	1		request_84	1603482593870	1603482593901	OK	 
REQUEST	1		request_84	1603482593901	1603482593921	OK	 
REQUEST	1		request_84	1603482593922	1603482593959	OK	 
REQUEST	1		request_84	1603482593959	1603482593978	OK	 
REQUEST	1		request_84	1603482593978	1603482594001	OK	 
REQUEST	1		request_84	1603482594002	1603482594037	OK	 
REQUEST	1		request_84	1603482594037	1603482594059	OK	 
REQUEST	1		request_84	1603482594059	1603482594080	OK	 
REQUEST	1		request_84	1603482594080	1603482594116	OK	 
REQUEST	1		request_84	1603482594117	1603482594143	OK	 
REQUEST	1		request_84	1603482594144	1603482594175	OK	 
REQUEST	1		request_84	1603482594176	1603482594213	OK	 
REQUEST	1		request_84	1603482594214	1603482594246	OK	 
REQUEST	1		request_84	1603482594247	1603482594269	OK	 
REQUEST	1		request_84	1603482594270	1603482594310	OK	 
REQUEST	1		request_84	1603482594311	1603482594345	OK	 
REQUEST	1		request_84	1603482594346	1603482594373	OK	 
REQUEST	1		request_84	1603482594374	1603482594410	OK	 
REQUEST	1		request_84	1603482594411	1603482594438	OK	 
REQUEST	1		request_84	1603482594439	1603482594460	OK	 
REQUEST	1		request_84	1603482594461	1603482594497	OK	 
REQUEST	1		request_84	1603482594497	1603482594524	OK	 
REQUEST	1		request_84	1603482594524	1603482594546	OK	 
REQUEST	1		request_84	1603482594546	1603482594584	OK	 
REQUEST	1		request_84	1603482594585	1603482594611	OK	 
REQUEST	1		request_84	1603482594611	1603482594633	OK	 
REQUEST	1		request_84	1603482594633	1603482594671	OK	 
REQUEST	1		request_84	1603482594671	1603482594696	OK	 
REQUEST	1		request_84	1603482594697	1603482594719	OK	 
REQUEST	1		request_84	1603482594720	1603482594756	OK	 
REQUEST	1		request_84	1603482594756	1603482594782	OK	 
REQUEST	1		request_84	1603482594783	1603482594803	OK	 
REQUEST	1		request_84	1603482594804	1603482594838	OK	 
REQUEST	1		request_84	1603482594838	1603482594863	OK	 
REQUEST	1		request_84	1603482594863	1603482594891	OK	 
REQUEST	1		request_84	1603482594892	1603482594938	OK	 
REQUEST	1		request_84	1603482594938	1603482594964	OK	 
REQUEST	1		request_84	1603482594964	1603482594990	OK	 
REQUEST	1		request_84	1603482594990	1603482595032	OK	 
REQUEST	1		request_84	1603482595032	1603482595058	OK	 
REQUEST	1		request_84	1603482595058	1603482595077	OK	 
REQUEST	1		request_84	1603482595077	1603482595117	OK	 
REQUEST	1		request_84	1603482595117	1603482595164	OK	 
REQUEST	1		request_84	1603482595164	1603482595185	OK	 
REQUEST	1		request_84	1603482595185	1603482595227	OK	 
REQUEST	1		request_84	1603482595227	1603482595255	OK	 
REQUEST	1		request_84	1603482595255	1603482595274	OK	 
REQUEST	1		request_84	1603482595274	1603482595316	OK	 
REQUEST	1		request_84	1603482595317	1603482595335	OK	 
REQUEST	1		request_84	1603482595335	1603482595360	OK	 
REQUEST	1		request_84	1603482595360	1603482595399	OK	 
REQUEST	1		request_84	1603482595399	1603482595429	OK	 
REQUEST	1		request_84	1603482595429	1603482595450	OK	 
REQUEST	1		request_84	1603482595450	1603482595492	OK	 
REQUEST	1		request_84	1603482595492	1603482595523	OK	 
REQUEST	1		request_84	1603482595524	1603482595553	OK	 
REQUEST	1		request_84	1603482595553	1603482595591	OK	 
REQUEST	1		request_84	1603482595592	1603482595616	OK	 
REQUEST	1		request_84	1603482595616	1603482595642	OK	 
REQUEST	1		request_84	1603482595643	1603482595679	OK	 
REQUEST	1		request_84	1603482595680	1603482595716	OK	 
REQUEST	1		request_84	1603482595717	1603482595745	OK	 
REQUEST	1		request_84	1603482595746	1603482595781	OK	 
REQUEST	1		request_84	1603482595781	1603482595812	OK	 
REQUEST	1		request_84	1603482595813	1603482595833	OK	 
REQUEST	1		request_84	1603482595833	1603482595867	OK	 
REQUEST	1		request_84	1603482595868	1603482595897	OK	 
REQUEST	1		request_84	1603482595897	1603482595918	OK	 
REQUEST	1		request_84	1603482595919	1603482595954	OK	 
REQUEST	1		request_84	1603482595955	1603482595981	OK	 
REQUEST	1		request_84	1603482595982	1603482596004	OK	 
REQUEST	1		request_84	1603482596005	1603482596034	OK	 
REQUEST	1		request_84	1603482596034	1603482596124	OK	 
REQUEST	1		request_84	1603482596124	1603482596144	OK	 
REQUEST	1		request_84	1603482596144	1603482596184	OK	 
REQUEST	1		request_84	1603482596184	1603482596210	OK	 
REQUEST	1		request_84	1603482596210	1603482596231	OK	 
REQUEST	1		request_84	1603482596231	1603482596273	OK	 
REQUEST	1		request_84	1603482596273	1603482596304	OK	 
REQUEST	1		request_84	1603482596304	1603482596324	OK	 
REQUEST	1		request_84	1603482596324	1603482596359	OK	 
REQUEST	1		request_84	1603482596359	1603482596384	OK	 
REQUEST	1		request_84	1603482596385	1603482596410	OK	 
REQUEST	1		request_84	1603482596410	1603482596450	OK	 
REQUEST	1		request_84	1603482596450	1603482596475	OK	 
REQUEST	1		request_84	1603482596476	1603482596495	OK	 
REQUEST	1		request_84	1603482596496	1603482596531	OK	 
REQUEST	1		request_84	1603482596531	1603482596565	OK	 
REQUEST	1		request_84	1603482596565	1603482596585	OK	 
REQUEST	1		request_84	1603482596585	1603482596622	OK	 
REQUEST	1		request_84	1603482596622	1603482596651	OK	 
REQUEST	1		request_84	1603482596651	1603482596682	OK	 
REQUEST	1		request_84	1603482596682	1603482596725	OK	 
REQUEST	1		request_84	1603482596725	1603482596750	OK	 
REQUEST	1		request_84	1603482596751	1603482596771	OK	 
REQUEST	1		request_84	1603482596771	1603482596806	OK	 
REQUEST	1		request_84	1603482596807	1603482596829	OK	 
REQUEST	1		request_84	1603482596829	1603482596850	OK	 
REQUEST	1		request_84	1603482596851	1603482596888	OK	 
REQUEST	1		request_84	1603482596888	1603482596910	OK	 
REQUEST	1		request_84	1603482596910	1603482596930	OK	 
REQUEST	1		request_84	1603482596931	1603482596977	OK	 
REQUEST	1		request_84	1603482596978	1603482597009	OK	 
REQUEST	1		request_84	1603482597010	1603482597045	OK	 
REQUEST	1		request_84	1603482597045	1603482597085	OK	 
REQUEST	1		request_84	1603482597085	1603482597113	OK	 
REQUEST	1		request_84	1603482597113	1603482597132	OK	 
REQUEST	1		request_84	1603482597132	1603482597168	OK	 
REQUEST	1		request_84	1603482597168	1603482597202	OK	 
REQUEST	1		request_84	1603482597203	1603482597222	OK	 
REQUEST	1		request_84	1603482597222	1603482597257	OK	 
REQUEST	1		request_84	1603482597257	1603482597283	OK	 
REQUEST	1		request_84	1603482597283	1603482597304	OK	 
REQUEST	1		request_84	1603482597304	1603482597342	OK	 
REQUEST	1		request_84	1603482597343	1603482597362	OK	 
REQUEST	1		request_84	1603482597362	1603482597383	OK	 
REQUEST	1		request_84	1603482597383	1603482597416	OK	 
REQUEST	1		request_84	1603482597416	1603482597447	OK	 
REQUEST	1		request_84	1603482597447	1603482597468	OK	 
REQUEST	1		request_84	1603482597468	1603482597502	OK	 
REQUEST	1		request_84	1603482597502	1603482597527	OK	 
REQUEST	1		request_84	1603482597527	1603482597548	OK	 
REQUEST	1		request_84	1603482597548	1603482597603	OK	 
REQUEST	1		request_84	1603482597604	1603482597632	OK	 
REQUEST	1		request_84	1603482597632	1603482597652	OK	 
REQUEST	1		request_84	1603482597652	1603482597706	OK	 
REQUEST	1		request_84	1603482597707	1603482597739	OK	 
REQUEST	1		request_84	1603482597739	1603482597759	OK	 
REQUEST	1		request_84	1603482597760	1603482597801	OK	 
REQUEST	1		request_84	1603482597802	1603482597824	OK	 
REQUEST	1		request_84	1603482597824	1603482597843	OK	 
REQUEST	1		request_84	1603482597843	1603482597878	OK	 
REQUEST	1		request_84	1603482597879	1603482597903	OK	 
REQUEST	1		request_84	1603482597904	1603482597922	OK	 
REQUEST	1		request_84	1603482597923	1603482597959	OK	 
REQUEST	1		request_84	1603482597959	1603482597977	OK	 
REQUEST	1		request_84	1603482597978	1603482598000	OK	 
REQUEST	1		request_84	1603482598000	1603482598038	OK	 
REQUEST	1		request_84	1603482598038	1603482598064	OK	 
REQUEST	1		request_84	1603482598064	1603482598084	OK	 
REQUEST	1		request_84	1603482598084	1603482598127	OK	 
REQUEST	1		request_84	1603482598127	1603482598176	OK	 
REQUEST	1		request_84	1603482598177	1603482598204	OK	 
REQUEST	1		request_84	1603482598205	1603482598241	OK	 
REQUEST	1		request_84	1603482598241	1603482598273	OK	 
REQUEST	1		request_84	1603482598273	1603482598294	OK	 
REQUEST	1		request_84	1603482598294	1603482598331	OK	 
REQUEST	1		request_84	1603482598332	1603482598353	OK	 
REQUEST	1		request_84	1603482598353	1603482598372	OK	 
REQUEST	1		request_84	1603482598372	1603482598414	OK	 
REQUEST	1		request_84	1603482598415	1603482598442	OK	 
REQUEST	1		request_84	1603482598443	1603482598462	OK	 
REQUEST	1		request_84	1603482598462	1603482598498	OK	 
REQUEST	1		request_84	1603482598498	1603482598525	OK	 
REQUEST	1		request_84	1603482598526	1603482598545	OK	 
REQUEST	1		request_84	1603482598545	1603482598577	OK	 
REQUEST	1		request_84	1603482598577	1603482598603	OK	 
REQUEST	1		request_84	1603482598603	1603482598622	OK	 
REQUEST	1		request_84	1603482598622	1603482598659	OK	 
REQUEST	1		request_84	1603482598660	1603482598687	OK	 
REQUEST	1		request_84	1603482598687	1603482598708	OK	 
REQUEST	1		request_84	1603482598708	1603482598742	OK	 
REQUEST	1		request_84	1603482598742	1603482598762	OK	 
REQUEST	1		request_84	1603482598762	1603482598781	OK	 
REQUEST	1		request_84	1603482598781	1603482598818	OK	 
REQUEST	1		request_84	1603482598818	1603482598837	OK	 
REQUEST	1		request_84	1603482598838	1603482598857	OK	 
REQUEST	1		request_84	1603482598857	1603482598900	OK	 
REQUEST	1		request_84	1603482598900	1603482598924	OK	 
REQUEST	1		request_84	1603482598925	1603482598946	OK	 
REQUEST	1		request_84	1603482598946	1603482598980	OK	 
REQUEST	1		request_84	1603482598981	1603482599002	OK	 
REQUEST	1		request_84	1603482599002	1603482599029	OK	 
REQUEST	1		request_84	1603482599029	1603482599062	OK	 
REQUEST	1		request_84	1603482599063	1603482599085	OK	 
REQUEST	1		request_84	1603482599085	1603482599106	OK	 
REQUEST	1		request_84	1603482599106	1603482599147	OK	 
REQUEST	1		request_84	1603482599147	1603482599174	OK	 
REQUEST	1		request_84	1603482599174	1603482599195	OK	 
REQUEST	1		request_84	1603482599195	1603482599233	OK	 
REQUEST	1		request_84	1603482599233	1603482599259	OK	 
REQUEST	1		request_84	1603482599259	1603482599280	OK	 
REQUEST	1		request_84	1603482599281	1603482599324	OK	 
REQUEST	1		request_84	1603482599325	1603482599361	OK	 
REQUEST	1		request_84	1603482599362	1603482599393	