RUN	basic.CadastrarAnuncio1	cadastraranuncio1	1603498419788	teste	3.0.2
USER	CadastrarAnuncio	1	START	1603498422155	1603498422155
USER	CadastrarAnuncio	2	START	1603498422195	1603498422195
REQUEST	1		Gerar Token	1603498422192	1603498427690	OK	 
REQUEST	2		Gerar Token	1603498422196	1603498427833	OK	 
REQUEST	1		Post_Empresa	1603498432714	1603498437864	OK	 
REQUEST	2		Post_Empresa	1603498432857	1603498437864	OK	 
REQUEST	2		Post_Empresa Redirect 1	1603498437873	1603498437922	OK	 
REQUEST	1		Post_Empresa Redirect 1	1603498437873	1603498437922	OK	 
REQUEST	2		Post_Empresa Redirect 2	1603498437923	1603498437959	OK	 
REQUEST	1		Post_Empresa Redirect 2	1603498437923	1603498437959	OK	 
REQUEST	1		Post_Empresa Redirect 3	1603498437960	1603498437987	OK	 
REQUEST	2		Post_Empresa Redirect 3	1603498437960	1603498437987	OK	 
REQUEST	2		Post_Empresa Redirect 4	1603498437989	1603498438031	OK	 
REQUEST	1		Post_Empresa Redirect 4	1603498437988	1603498438031	OK	 
REQUEST	1		Post_Empresa Redirect 5	1603498438032	1603498438060	OK	 
REQUEST	2		Post_Empresa Redirect 5	1603498438032	1603498438060	OK	 
REQUEST	1		Post_Empresa Redirect 6	1603498438061	1603498438088	OK	 
REQUEST	2		Post_Empresa Redirect 6	1603498438061	1603498438088	OK	 
REQUEST	1		Post_Empresa Redirect 7	1603498438089	1603498438131	OK	 
REQUEST	2		Post_Empresa Redirect 7	1603498438089	1603498438131	OK	 
REQUEST	1		Post_Empresa Redirect 8	1603498438132	1603498438157	OK	 
REQUEST	2		Post_Empresa Redirect 8	1603498438132	1603498438157	OK	 
REQUEST	2		Post_Empresa Redirect 9	1603498438158	1603498438191	OK	 
REQUEST	1		Post_Empresa Redirect 9	1603498438158	1603498438191	OK	 
REQUEST	2		Post_Empresa Redirect 10	1603498438192	1603498438233	OK	 
REQUEST	1		Post_Empresa Redirect 10	1603498438192	1603498438233	OK	 
REQUEST	2		Post_Empresa Redirect 11	1603498438234	1603498438263	OK	 
REQUEST	1		Post_Empresa Redirect 11	1603498438234	1603498438263	OK	 
REQUEST	1		Post_Empresa Redirect 12	1603498438264	1603498438289	OK	 
REQUEST	2		Post_Empresa Redirect 12	1603498438264	1603498438289	OK	 
REQUEST	2		Post_Empresa Redirect 13	1603498438290	1603498438342	OK	 
REQUEST	1		Post_Empresa Redirect 13	1603498438290	1603498438345	OK	 
REQUEST	2		Post_Empresa Redirect 14	1603498438344	1603498438369	OK	 
REQUEST	1		Post_Empresa Redirect 14	1603498438346	1603498438370	OK	 
REQUEST	1		Post_Empresa Redirect 15	1603498438370	1603498438403	OK	 
REQUEST	2		Post_Empresa Redirect 15	1603498438370	1603498438403	OK	 
REQUEST	2		Post_Empresa Redirect 16	1603498438405	1603498438447	OK	 
REQUEST	1		Post_Empresa Redirect 16	1603498438404	1603498438448	OK	 
REQUEST	2		Post_Empresa Redirect 17	1603498438449	1603498438473	OK	 
REQUEST	1		Post_Empresa Redirect 17	1603498438449	1603498438473	OK	 
REQUEST	1		Post_Empresa Redirect 18	1603498438474	1603498438502	OK	 
REQUEST	2		Post_Empresa Redirect 18	1603498438474	1603498438502	OK	 
REQUEST	1		Post_Empresa Redirect 19	1603498438503	1603498438555	OK	 
REQUEST	2		Post_Empresa Redirect 19	1603498438503	1603498438555	OK	 
REQUEST	2		Post_Empresa Redirect 20	1603498438556	1603498438585	KO	Too many redirects, max is 20
REQUEST	1		Post_Empresa Redirect 20	1603498438556	1603498438585	KO	Too many redirects, max is 20
USER	CadastrarAnuncio	1	END	1603498422155	1603498438608
USER	CadastrarAnuncio	2	END	1603498422195	1603498438608
