RUN	basic.ListarAnuncios2	listaranuncios2	1603208871479	teste	3.0.2
USER	ListarAnuncios2	1	START	1603208873755	1603208873755
REQUEST	1		request_0	1603208873776	1603208878995	KO	status.find.in(200,201,202,203,204,205,206,207,208,209,304), found 503
REQUEST	1		Autenticacao	1603208880029	1603208885270	KO	status.find.in(200,201,202,203,204,205,206,207,208,209,304), found 400
REQUEST	1		request_49	1603208892265	1603208898254	OK	 
REQUEST	1		request_50	1603208898303	1603208903420	OK	 
REQUEST	1		request_51	1603208898302	1603208903424	KO	status.find.in(200,201,202,203,204,205,206,207,208,209,304), found 503
REQUEST	1		request_57	1603208903415	1603208903553	OK	 
REQUEST	1		request_56	1603208898304	1603208903560	OK	 
REQUEST	1		req_Listar_com_filhos_6	1603208903417	1603208903570	KO	status.find.in(200,201,202,203,204,205,206,207,208,209,304), found 401
REQUEST	1		request_52	1603208898303	1603208903571	KO	status.find.in(200,201,202,203,204,205,206,207,208,209,304), found 503
REQUEST	1		request_58	1603208903416	1603208903588	OK	 
REQUEST	1		request_63	1603208905591	1603208905637	OK	 
REQUEST	1		request_64	1603208905644	1603208905675	KO	status.find.in(200,201,202,203,204,205,206,207,208,209,304), found 503
REQUEST	1		request_65	1603208905647	1603208905677	KO	status.find.in(200,201,202,203,204,205,206,207,208,209,304), found 503
REQUEST	1		req_Listar_com_filhos_7	1603208905649	1603208905680	KO	status.find.in(200,201,202,203,204,205,206,207,208,209,304), found 401
REQUEST	1		request_69	1603208905652	1603208905706	KO	status.find.in(200,201,202,203,204,205,206,207,208,209,304), found 401
REQUEST	1		request_71	1603208907711	1603208907756	OK	 
REQUEST	1		request_73	1603208907782	1603208907808	KO	status.find.in(200,201,202,203,204,205,206,207,208,209,304), found 503
REQUEST	1		request_74	1603208907784	1603208907816	KO	status.find.in(200,201,202,203,204,205,206,207,208,209,304), found 503
REQUEST	1		request_78	1603208907787	1603208907817	OK	 
REQUEST	1		request_79	1603208907788	1603208907818	OK	 
REQUEST	1		request_80	1603208907789	1603208907823	OK	 
REQUEST	1		request_72	1603208907786	1603208907831	OK	 
REQUEST	1		req_Listar_com_filhos_9	1603208907790	1603208907832	KO	status.find.in(200,201,202,203,204,205,206,207,208,209,304), found 401
REQUEST	1		request_98	1603208907817	1603208907846	OK	 
REQUEST	1		request_99	1603208907819	1603208907848	OK	 
REQUEST	1		request_100	1603208907823	1603208907853	OK	 
REQUEST	1		request_101	1603208907833	1603208907861	OK	 
REQUEST	1		request_102	1603208907846	1603208907878	OK	 
REQUEST	1		request_103	1603208907848	1603208907878	OK	 
REQUEST	1		request_104	1603208907854	1603208907886	OK	 
REQUEST	1		request_105	1603208907862	1603208907894	OK	 
REQUEST	1		request_96	1603208907791	1603208907918	OK	 
REQUEST	1		request_97	1603208907792	1603208907924	OK	 
REQUEST	1		request_121	1603208912932	1603208912977	OK	 
REQUEST	1		request_122	1603208912991	1603208913014	KO	status.find.in(200,201,202,203,204,205,206,207,208,209,304), found 503
REQUEST	1		request_123	1603208912993	1603208913021	KO	status.find.in(200,201,202,203,204,205,206,207,208,209,304), found 503
REQUEST	1		request_126	1603208912995	1603208913022	OK	 
REQUEST	1		request_127	1603208912997	1603208913023	OK	 
REQUEST	1		request_136	1603208913001	1603208913038	OK	 
REQUEST	1		request_137	1603208913002	1603208913038	OK	 
REQUEST	1		req_Listar_com_filhos_10	1603208912998	1603208913039	KO	status.find.in(200,201,202,203,204,205,206,207,208,209,304), found 401
REQUEST	1		request_140	1603208913004	1603208913044	OK	 
REQUEST	1		request_141	1603208913022	1603208913050	OK	 
REQUEST	1		request_147	1603208918051	1603208918095	OK	 
REQUEST	1		request_148	1603208918101	1603208918131	KO	status.find.in(200,201,202,203,204,205,206,207,208,209,304), found 503
REQUEST	1		request_149	1603208918103	1603208918133	KO	status.find.in(200,201,202,203,204,205,206,207,208,209,304), found 503
REQUEST	1		req_Listar_com_filhos_12	1603208918105	1603208918137	KO	status.find.in(200,201,202,203,204,205,206,207,208,209,304), found 401
REQUEST	1		request_153	1603208918107	1603208918144	KO	status.find.in(200,201,202,203,204,205,206,207,208,209,304), found 401
REQUEST	1		request_155	1603208921142	1603208921185	OK	 
REQUEST	1		request_156	1603208921191	1603208921213	KO	status.find.in(200,201,202,203,204,205,206,207,208,209,304), found 503
REQUEST	1		request_157	1603208921192	1603208921220	KO	status.find.in(200,201,202,203,204,205,206,207,208,209,304), found 503
REQUEST	1		request_159	1603208921194	1603208921222	OK	 
REQUEST	1		req_Listar_com_filhos_14	1603208921195	1603208921229	KO	status.find.in(200,201,202,203,204,205,206,207,208,209,304), found 401
REQUEST	1		request_167	1603208924231	1603208924274	OK	 
REQUEST	1		request_168	1603208924278	1603208924303	KO	status.find.in(200,201,202,203,204,205,206,207,208,209,304), found 503
REQUEST	1		request_169	1603208924278	1603208924309	KO	status.find.in(200,201,202,203,204,205,206,207,208,209,304), found 503
REQUEST	1		request_172	1603208924279	1603208924311	OK	 
REQUEST	1		request_174	1603208924279	1603208924314	OK	 
REQUEST	1		request_182	1603208924280	1603208924315	OK	 
REQUEST	1		req_Listar_com_filhos_15	1603208924279	1603208924316	KO	status.find.in(200,201,202,203,204,205,206,207,208,209,304), found 401
REQUEST	1		request_184	1603208924280	1603208924329	OK	 
REQUEST	1		request_183	1603208924280	1603208924330	OK	 
REQUEST	1		request_185	1603208924312	1603208924336	OK	 
REQUEST	1		request_192	1603208927331	1603208927354	KO	status.find.in(200,201,202,203,204,205,206,207,208,209,304), found 503
REQUEST	1		request_201	1603208931361	1603208931405	OK	 
REQUEST	1		request_202	1603208931413	1603208931438	KO	status.find.in(200,201,202,203,204,205,206,207,208,209,304), found 503
REQUEST	1		request_203	1603208931414	1603208931440	KO	status.find.in(200,201,202,203,204,205,206,207,208,209,304), found 503
REQUEST	1		request_208	1603208931417	1603208931445	OK	 
REQUEST	1		request_209	1603208931418	1603208931446	OK	 
REQUEST	1		req_Listar_com_filhos_16	1603208931416	1603208931447	KO	status.find.in(200,201,202,203,204,205,206,207,208,209,304), found 401
REQUEST	1		request_210	1603208931419	1603208931466	OK	 
REQUEST	1		request_215	1603208931420	1603208931467	OK	 
REQUEST	1		request_217	1603208932461	1603208932506	OK	 
REQUEST	1		request_218	1603208932516	1603208932546	KO	status.find.in(200,201,202,203,204,205,206,207,208,209,304), found 503
REQUEST	1		request_219	1603208932517	1603208932548	KO	status.find.in(200,201,202,203,204,205,206,207,208,209,304), found 503
REQUEST	1		request_222	1603208932518	1603208932549	OK	 
REQUEST	1		request_223	1603208932519	1603208932551	OK	 
REQUEST	1		request_235	1603208932524	1603208932559	OK	 
REQUEST	1		request_233	1603208932522	1603208932560	OK	 
REQUEST	1		request_234	1603208932523	1603208932561	OK	 
REQUEST	1		req_Listar_com_filhos_17	1603208932520	1603208932562	KO	status.find.in(200,201,202,203,204,205,206,207,208,209,304), found 401
REQUEST	1		request_236	1603208932550	1603208932577	OK	 
USER	ListarAnuncios2	1	END	1603208873755	1603208932592
