RUN	basic.CadastrarAnuncio1	cadastraranuncio1	1603500997485	teste	3.0.2
USER	CadastrarAnuncio	1	START	1603500999820	1603500999820
USER	CadastrarAnuncio	2	START	1603500999855	1603500999855
REQUEST	1		Gerar Token	1603500999852	1603501005333	OK	 
REQUEST	2		Gerar Token	1603500999856	1603501005492	OK	 
REQUEST	2		Post_Anuncio	1603501010510	1603501015520	OK	 
REQUEST	1		Post_Anuncio	1603501010369	1603501015520	OK	 
REQUEST	2		Post_Anuncio Redirect 1	1603501015528	1603501015548	OK	 
REQUEST	1		Post_Anuncio Redirect 1	1603501015528	1603501015558	OK	 
REQUEST	2		Post_Anuncio Redirect 2	1603501015549	1603501015588	OK	 
REQUEST	1		Post_Anuncio Redirect 2	1603501015560	1603501015605	OK	 
REQUEST	2		Post_Anuncio Redirect 3	1603501015589	1603501015622	OK	 
REQUEST	1		Post_Anuncio Redirect 3	1603501015607	1603501015634	OK	 
REQUEST	2		Post_Anuncio Redirect 4	1603501015623	1603501015649	OK	 
REQUEST	1		Post_Anuncio Redirect 4	1603501015635	1603501015668	OK	 
REQUEST	2		Post_Anuncio Redirect 5	1603501015650	1603501015694	OK	 
REQUEST	1		Post_Anuncio Redirect 5	1603501015669	1603501015708	OK	 
REQUEST	2		Post_Anuncio Redirect 6	1603501015695	1603501015731	OK	 
REQUEST	1		Post_Anuncio Redirect 6	1603501015709	1603501015747	OK	 
REQUEST	2		Post_Anuncio Redirect 7	1603501015732	1603501015761	OK	 
REQUEST	1		Post_Anuncio Redirect 7	1603501015748	1603501015778	OK	 
REQUEST	2		Post_Anuncio Redirect 8	1603501015762	1603501015803	OK	 
REQUEST	1		Post_Anuncio Redirect 8	1603501015779	1603501015817	OK	 
REQUEST	2		Post_Anuncio Redirect 9	1603501015804	1603501015840	OK	 
REQUEST	1		Post_Anuncio Redirect 9	1603501015818	1603501015848	OK	 
REQUEST	1		Post_Anuncio Redirect 10	1603501015849	1603501015879	OK	 
REQUEST	2		Post_Anuncio Redirect 10	1603501015841	1603501015879	OK	 
REQUEST	1		Post_Anuncio Redirect 11	1603501015880	1603501015920	OK	 
REQUEST	2		Post_Anuncio Redirect 11	1603501015881	1603501015920	OK	 
REQUEST	1		Post_Anuncio Redirect 12	1603501015921	1603501015954	OK	 
REQUEST	2		Post_Anuncio Redirect 12	1603501015921	1603501015954	OK	 
REQUEST	1		Post_Anuncio Redirect 13	1603501015955	1603501015977	OK	 
REQUEST	2		Post_Anuncio Redirect 13	1603501015955	1603501015977	OK	 
REQUEST	1		Post_Anuncio Redirect 14	1603501015978	1603501016016	OK	 
REQUEST	2		Post_Anuncio Redirect 14	1603501015978	1603501016023	OK	 
REQUEST	1		Post_Anuncio Redirect 15	1603501016016	1603501016046	OK	 
REQUEST	2		Post_Anuncio Redirect 15	1603501016024	1603501016046	OK	 
REQUEST	2		Post_Anuncio Redirect 16	1603501016047	1603501016076	OK	 
REQUEST	1		Post_Anuncio Redirect 16	1603501016047	1603501016082	OK	 
REQUEST	2		Post_Anuncio Redirect 17	1603501016078	1603501016117	OK	 
REQUEST	1		Post_Anuncio Redirect 17	1603501016083	1603501016117	OK	 
REQUEST	1		Post_Anuncio Redirect 18	1603501016118	1603501016146	OK	 
REQUEST	2		Post_Anuncio Redirect 18	1603501016118	1603501016146	OK	 
REQUEST	1		Post_Anuncio Redirect 19	1603501016146	1603501016175	OK	 
REQUEST	2		Post_Anuncio Redirect 19	1603501016146	1603501016175	OK	 
REQUEST	2		Post_Anuncio Redirect 20	1603501016175	1603501016219	KO	Too many redirects, max is 20
REQUEST	1		Post_Anuncio Redirect 20	1603501016175	1603501016219	KO	Too many redirects, max is 20
USER	CadastrarAnuncio	2	END	1603500999855	1603501016233
USER	CadastrarAnuncio	1	END	1603500999820	1603501016233
