RUN	basic.ListarAnuncios2	listaranuncios2	1603228830116	teste	3.0.2
USER	ListarAnuncios2	1	START	1603228832429	1603228832429
REQUEST	1		Gerar Token	1603228832476	1603228838110	OK	 
REQUEST	1		request_0	1603228843144	1603228848295	OK	 
REQUEST	1		request_1	1603228848423	1603228858664	OK	 
REQUEST	1		Acesso_Pagina_login_1	1603228848426	1603228858667	OK	 
REQUEST	1		request_7	1603228848427	1603228858744	OK	 
REQUEST	1		request_4	1603228848425	1603228858745	OK	 
REQUEST	1		request_3	1603228848424	1603228858746	OK	 
REQUEST	1		request_18	1603228848428	1603228858763	OK	 
REQUEST	1		req_duvida_todos	1603228848429	1603228858808	OK	 
REQUEST	1		req_Listar_com_filhos_1	1603228853461	1603228858836	OK	 
REQUEST	1		css?family=Roboto:700,500,400,300,600&display=swap	1603228853463	1603228858949	OK	 
REQUEST	1		css?family=Cantarell:700,500,400,300,600&display=swap	1603228858661	1603228858960	OK	 
REQUEST	1		css?family=Montserrat:700,500,400,300,600&display=swap	1603228858661	1603228858973	OK	 
REQUEST	1		css?family=Ubuntu:700,500,400,300,600&display=swap	1603228858660	1603228859034	OK	 
REQUEST	1		Autenticacao	1603228860021	1603228860078	KO	status.find.in(200,201,202,203,204,205,206,207,208,209,304), found 400
REQUEST	1		request_49	1603228867081	1603228867105	OK	 
REQUEST	1		ListarCategoriaFilho	1603228867131	1603228867158	OK	 
REQUEST	1		ListarCategoriaPai	1603228867132	1603228867159	OK	 
REQUEST	1		request_51	1603228867128	1603228867160	OK	 
REQUEST	1		request_52	1603228867129	1603228867162	OK	 
REQUEST	1		request_50	1603228867127	1603228867163	OK	 
REQUEST	1		ListarCategoriaElasticSearch	1603228867133	1603228867223	OK	 
REQUEST	1		req_Listar_com_filhos_6	1603228867134	1603228867223	OK	 
REQUEST	1		req_Listar_com_filhos_6	1603228867227	1603228867272	OK	 
REQUEST	1		req_Listar_com_filhos_6	1603228867272	1603228867333	OK	 
REQUEST	1		request_63	1603228869341	1603228869366	OK	 
REQUEST	1		request_64	1603228869385	1603228869407	OK	 
REQUEST	1		request_65	1603228869386	1603228869417	OK	 
REQUEST	1		req_Listar_com_filhos_7	1603228869387	1603228869418	OK	 
REQUEST	1		request_69	1603228869388	1603228869420	OK	 
REQUEST	1		req_Listar_com_filhos_7	1603228869419	1603228869464	OK	 
REQUEST	1		request_69	1603228869421	1603228869465	OK	 
REQUEST	1		request_69	1603228869466	1603228869510	OK	 
REQUEST	1		req_Listar_com_filhos_7	1603228869464	1603228869529	OK	 
REQUEST	1		request_71	1603228871521	1603228871546	OK	 
REQUEST	1		request_73	1603228871564	1603228871585	OK	 
REQUEST	1		request_72	1603228871563	1603228871587	OK	 
REQUEST	1		request_74	1603228871564	1603228871592	OK	 
REQUEST	1		ListarCategoriaPai	1603228871565	1603228871594	OK	 
REQUEST	1		ListarCategoriaFilho	1603228871565	1603228871595	OK	 
REQUEST	1		ListarCategoriaElasticSearch	1603228871566	1603228871597	OK	 
REQUEST	1		req_Listar_com_filhos_9	1603228871566	1603228871598	OK	 
REQUEST	1		req_qntd_favorito	1603228871595	1603228871620	OK	 
REQUEST	1		req_qntd_favorito	1603228871596	1603228871623	OK	 
REQUEST	1		req_qntd_favorito	1603228871598	1603228871624	OK	 
REQUEST	1		req_qntd_favorito	1603228871597	1603228871625	OK	 
REQUEST	1		req_Listar_com_filhos_9	1603228871599	1603228871638	OK	 
REQUEST	1		req_qntd_favorito	1603228871567	1603228871648	OK	 
REQUEST	1		req_qntd_favorito	1603228871624	1603228871655	OK	 
REQUEST	1		req_qntd_favorito	1603228871626	1603228871656	OK	 
REQUEST	1		req_qntd_favorito	1603228871567	1603228871657	OK	 
REQUEST	1		req_qntd_favorito	1603228871621	1603228871658	OK	 
REQUEST	1		req_qntd_favorito	1603228871625	1603228871659	OK	 
REQUEST	1		req_Listar_com_filhos_9	1603228871649	1603228871715	OK	 
REQUEST	1		request_121	1603228876721	1603228876752	OK	 
REQUEST	1		request_122	1603228876775	1603228876796	OK	 
REQUEST	1		request_127	1603228876778	1603228876804	OK	 
REQUEST	1		req_quantidade_anuncio	1603228876781	1603228876813	OK	 
REQUEST	1		request_137	1603228876780	1603228876814	OK	 
REQUEST	1		req_Listar_com_filhos_10	1603228876779	1603228876814	OK	 
REQUEST	1		request_123	1603228876776	1603228876815	OK	 
REQUEST	1		request_126	1603228876777	1603228876816	OK	 
REQUEST	1		request_136	1603228876780	1603228876816	OK	 
REQUEST	1		request_141	1603228876805	1603228876829	OK	 
REQUEST	1		req_Listar_com_filhos_10	1603228876815	1603228876860	OK	 
REQUEST	1		req_Listar_com_filhos_10	1603228876861	1603228876930	OK	 
REQUEST	1		request_147	1603228881941	1603228881973	OK	 
REQUEST	1		request_149	1603228881987	1603228882007	OK	 
REQUEST	1		request_148	1603228881986	1603228882008	OK	 
REQUEST	1		req_Listar_com_filhos_12	1603228881988	1603228882014	OK	 
REQUEST	1		request_153	1603228881989	1603228882017	OK	 
REQUEST	1		req_Listar_com_filhos_12	1603228882016	1603228882057	OK	 
REQUEST	1		request_153	1603228882019	1603228882060	OK	 
REQUEST	1		request_153	1603228882061	1603228882097	OK	 
REQUEST	1		req_Listar_com_filhos_12	1603228882058	1603228882106	OK	 
REQUEST	1		request_155	1603228885101	1603228885127	OK	 
REQUEST	1		request_156	1603228885139	1603228885163	OK	 
REQUEST	1		ListarCategoriaElasticSearch	1603228885141	1603228885164	OK	 
REQUEST	1		request_157	1603228885141	1603228885165	OK	 
REQUEST	1		req_Listar_com_filhos_14	1603228885142	1603228885175	OK	 
REQUEST	1		req_Listar_com_filhos_14	1603228885176	1603228885218	OK	 
REQUEST	1		req_Listar_com_filhos_14	1603228885219	1603228885257	OK	 
REQUEST	1		request_167	1603228888260	1603228888284	OK	 
REQUEST	1		request_168	1603228888293	1603228888316	OK	 
REQUEST	1		request_169	1603228888293	1603228888316	OK	 
REQUEST	1		req_favoritado	1603228888295	1603228888323	OK	 
REQUEST	1		req_nota_anuncio	1603228888296	1603228888324	OK	 
REQUEST	1		request_183	1603228888296	1603228888325	OK	 
REQUEST	1		req_anuncio	1603228888294	1603228888325	OK	 
REQUEST	1		req_Listar_com_filhos_15	1603228888295	1603228888326	OK	 
REQUEST	1		request_184	1603228888296	1603228888330	OK	 
REQUEST	1		request_185	1603228888323	1603228888347	OK	 
REQUEST	1		req_Listar_com_filhos_15	1603228888327	1603228888371	OK	 
REQUEST	1		req_Listar_com_filhos_15	1603228888373	1603228888425	OK	 
REQUEST	1		request_192	1603228891421	1603228891443	OK	 
REQUEST	1		request_193	1603228891446	1603228891470	OK	 
REQUEST	1		request_194	1603228891447	1603228891471	OK	 
REQUEST	1		req_Listar_com_filhos_15	1603228891448	1603228891471	OK	 
REQUEST	1		request_198	1603228891449	1603228891480	OK	 
REQUEST	1		req_Listar_com_filhos_15	1603228891472	1603228891521	OK	 
REQUEST	1		request_198	1603228891481	1603228891522	OK	 
REQUEST	1		request_198	1603228891523	1603228891573	OK	 
REQUEST	1		req_Listar_com_filhos_15	1603228891521	1603228891594	OK	 
REQUEST	1		request_201	1603228895601	1603228895625	OK	 
REQUEST	1		request_202	1603228895638	1603228895660	OK	 
REQUEST	1		request_203	1603228895639	1603228895661	OK	 
REQUEST	1		ListarCategoriaPai	1603228895641	1603228895667	OK	 
REQUEST	1		ListarCategoriaFilho	1603228895641	1603228895667	OK	 
REQUEST	1		req_Listar_com_filhos_16	1603228895640	1603228895668	OK	 
REQUEST	1		ListarCategoriaElasticSearch	1603228895642	1603228895669	OK	 
REQUEST	1		request_215	1603228895643	1603228895670	OK	 
REQUEST	1		req_Listar_com_filhos_16	1603228895669	1603228895705	OK	 
REQUEST	1		req_Listar_com_filhos_16	1603228895706	1603228895748	OK	 
REQUEST	1		request_217	1603228896740	1603228896774	OK	 
REQUEST	1		request_218	1603228896784	1603228896813	OK	 
REQUEST	1		request_219	1603228896785	1603228896814	OK	 
REQUEST	1		request_222	1603228896785	1603228896814	OK	 
REQUEST	1		req_Listar_com_filhos_17	1603228896786	1603228896815	OK	 
REQUEST	1		request_233	1603228896787	1603228896816	OK	 
REQUEST	1		request_223	1603228896786	1603228896817	OK	 
REQUEST	1		request_235	1603228896788	1603228896817	OK	 
REQUEST	1		request_234	1603228896788	1603228896820	OK	 
REQUEST	1		request_236	1603228896814	1603228896836	OK	 
REQUEST	1		req_Listar_com_filhos_17	1603228896816	1603228896865	OK	 
REQUEST	1		req_Listar_com_filhos_17	1603228896867	1603228896927	OK	 
USER	ListarAnuncios2	1	END	1603228832429	1603228896941
