RUN	basic.ListarAnuncios	listaranuncios	1603301715137	teste	3.0.2
USER	ListarAnuncios3	1	START	1603301716420	1603301716420
USER	ListarAnuncios3	2	START	1603301716645	1603301716645
USER	ListarAnuncios3	3	START	1603301716844	1603301716844
USER	ListarAnuncios3	4	START	1603301717045	1603301717045
USER	ListarAnuncios3	5	START	1603301717244	1603301717244
REQUEST	2		Gerar Token	1603301716647	1603301717256	OK	 
REQUEST	1		Gerar Token	1603301716449	1603301717339	OK	 
USER	ListarAnuncios3	6	START	1603301717445	1603301717445
REQUEST	3		Gerar Token	1603301716846	1603301717512	OK	 
REQUEST	4		Gerar Token	1603301717047	1603301717630	OK	 
USER	ListarAnuncios3	7	START	1603301717645	1603301717645
USER	ListarAnuncios3	8	START	1603301717844	1603301717844
REQUEST	5		Gerar Token	1603301717245	1603301717980	OK	 
USER	ListarAnuncios3	9	START	1603301718045	1603301718045
REQUEST	6		Gerar Token	1603301717446	1603301718106	OK	 
USER	ListarAnuncios3	10	START	1603301718244	1603301718244
REQUEST	7		Gerar Token	1603301717646	1603301718289	OK	 
REQUEST	8		Gerar Token	1603301717846	1603301718434	OK	 
USER	ListarAnuncios3	11	START	1603301718444	1603301718444
USER	ListarAnuncios3	12	START	1603301718635	1603301718635
REQUEST	9		Gerar Token	1603301718047	1603301718760	OK	 
USER	ListarAnuncios3	13	START	1603301718835	1603301718835
REQUEST	10		Gerar Token	1603301718246	1603301718905	OK	 
USER	ListarAnuncios3	14	START	1603301719035	1603301719035
REQUEST	11		Gerar Token	1603301718446	1603301719145	OK	 
USER	ListarAnuncios3	15	START	1603301719235	1603301719235
USER	ListarAnuncios3	16	START	1603301719435	1603301719435
REQUEST	12		Gerar Token	1603301718636	1603301719468	OK	 
REQUEST	13		Gerar Token	1603301718835	1603301719626	OK	 
USER	ListarAnuncios3	17	START	1603301719634	1603301719634
REQUEST	14		Gerar Token	1603301719037	1603301719832	OK	 
USER	ListarAnuncios3	18	START	1603301719835	1603301719835
REQUEST	15		Gerar Token	1603301719236	1603301720001	OK	 
USER	ListarAnuncios3	19	START	1603301720034	1603301720034
REQUEST	16		Gerar Token	1603301719437	1603301720045	OK	 
REQUEST	17		Gerar Token	1603301719636	1603301720218	OK	 
USER	ListarAnuncios3	20	START	1603301720235	1603301720235
USER	ListarAnuncios3	21	START	1603301720434	1603301720434
REQUEST	18		Gerar Token	1603301719837	1603301720627	OK	 
USER	ListarAnuncios3	22	START	1603301720634	1603301720634
REQUEST	19		Gerar Token	1603301720036	1603301720743	OK	 
USER	ListarAnuncios3	23	START	1603301720835	1603301720835
REQUEST	20		Gerar Token	1603301720235	1603301720898	OK	 
REQUEST	21		Gerar Token	1603301720436	1603301721012	OK	 
USER	ListarAnuncios3	24	START	1603301721034	1603301721034
USER	ListarAnuncios3	25	START	1603301721235	1603301721235
REQUEST	22		Gerar Token	1603301720636	1603301721246	OK	 
REQUEST	23		Gerar Token	1603301720837	1603301721427	OK	 
USER	ListarAnuncios3	26	START	1603301721435	1603301721435
REQUEST	24		Gerar Token	1603301721036	1603301721623	OK	 
USER	ListarAnuncios3	27	START	1603301721634	1603301721634
USER	ListarAnuncios3	28	START	1603301721835	1603301721835
REQUEST	25		Gerar Token	1603301721237	1603301722004	OK	 
USER	ListarAnuncios3	29	START	1603301722035	1603301722035
REQUEST	26		Gerar Token	1603301721436	1603301722194	OK	 
USER	ListarAnuncios3	30	START	1603301722235	1603301722235
REQUEST	27		Gerar Token	1603301721636	1603301722355	OK	 
REQUEST	1		request_0	1603301722356	1603301722356	KO	j.n.UnknownHostException: mercado-azul-plus.homolog.kubernetes.sebrae.com.br
REQUEST	2		request_0	1603301722278	1603301722336	KO	j.n.UnknownHostException: mercado-azul-plus.homolog.kubernetes.sebrae.com.br: Name or service not known
USER	ListarAnuncios3	31	START	1603301722434	1603301722434
REQUEST	28		Gerar Token	1603301721835	1603301722445	OK	 
REQUEST	3		request_0	1603301722524	1603301722524	KO	j.n.UnknownHostException: mercado-azul-plus.homolog.kubernetes.sebrae.com.br
USER	ListarAnuncios3	32	START	1603301722634	1603301722634
REQUEST	4		request_0	1603301722645	1603301722645	KO	j.n.UnknownHostException: mercado-azul-plus.homolog.kubernetes.sebrae.com.br
REQUEST	29		Gerar Token	1603301722036	1603301722828	OK	 
USER	ListarAnuncios3	33	START	1603301722835	1603301722835
REQUEST	5		request_0	1603301722996	1603301722997	KO	j.n.UnknownHostException: mercado-azul-plus.homolog.kubernetes.sebrae.com.br
REQUEST	30		Gerar Token	1603301722236	1603301723025	OK	 
USER	ListarAnuncios3	34	START	1603301723034	1603301723034
REQUEST	6		request_0	1603301723125	1603301723126	KO	j.n.UnknownHostException: mercado-azul-plus.homolog.kubernetes.sebrae.com.br
REQUEST	31		Gerar Token	1603301722435	1603301723173	OK	 
USER	ListarAnuncios3	35	START	1603301723235	1603301723235
REQUEST	32		Gerar Token	1603301722636	1603301723300	OK	 
REQUEST	7		request_0	1603301723305	1603301723305	KO	j.n.UnknownHostException: mercado-azul-plus.homolog.kubernetes.sebrae.com.br
USER	ListarAnuncios3	36	START	1603301723435	1603301723435
REQUEST	8		request_0	1603301723455	1603301723455	KO	j.n.UnknownHostException: mercado-azul-plus.homolog.kubernetes.sebrae.com.br
REQUEST	33		Gerar Token	1603301722836	1603301723583	OK	 
USER	ListarAnuncios3	37	START	1603301723635	1603301723635
REQUEST	34		Gerar Token	1603301723036	1603301723759	OK	 
REQUEST	9		request_0	1603301723776	1603301723776	KO	j.n.UnknownHostException: mercado-azul-plus.homolog.kubernetes.sebrae.com.br
REQUEST	35		Gerar Token	1603301723236	1603301723815	OK	 
USER	ListarAnuncios3	38	START	1603301723835	1603301723835
REQUEST	10		request_0	1603301723925	1603301723925	KO	j.n.UnknownHostException: mercado-azul-plus.homolog.kubernetes.sebrae.com.br
REQUEST	36		Gerar Token	1603301723436	1603301724001	OK	 
USER	ListarAnuncios3	39	START	1603301724034	1603301724034
REQUEST	11		request_0	1603301724165	1603301724165	KO	j.n.UnknownHostException: mercado-azul-plus.homolog.kubernetes.sebrae.com.br
USER	ListarAnuncios3	40	START	1603301724234	1603301724234
REQUEST	37		Gerar Token	1603301723636	1603301724416	OK	 
USER	ListarAnuncios3	41	START	1603301724434	1603301724434
REQUEST	12		request_0	1603301724485	1603301724486	KO	j.n.UnknownHostException: mercado-azul-plus.homolog.kubernetes.sebrae.com.br
REQUEST	38		Gerar Token	1603301723836	1603301724567	OK	 
USER	ListarAnuncios3	42	START	1603301724634	1603301724634
REQUEST	13		request_0	1603301724645	1603301724645	KO	j.n.UnknownHostException: mercado-azul-plus.homolog.kubernetes.sebrae.com.br
REQUEST	39		Gerar Token	1603301724035	1603301724756	OK	 
USER	ListarAnuncios3	43	START	1603301724835	1603301724835
REQUEST	14		request_0	1603301724856	1603301724856	KO	j.n.UnknownHostException: mercado-azul-plus.homolog.kubernetes.sebrae.com.br
REQUEST	40		Gerar Token	1603301724235	1603301724978	OK	 
REQUEST	15		request_0	1603301725025	1603301725026	KO	j.n.UnknownHostException: mercado-azul-plus.homolog.kubernetes.sebrae.com.br
USER	ListarAnuncios3	44	START	1603301725035	1603301725035
REQUEST	16		request_0	1603301725065	1603301725065	KO	j.n.UnknownHostException: mercado-azul-plus.homolog.kubernetes.sebrae.com.br
REQUEST	41		Gerar Token	1603301724435	1603301725193	OK	 
USER	ListarAnuncios3	45	START	1603301725235	1603301725235
REQUEST	17		request_0	1603301725235	1603301725235	KO	j.n.UnknownHostException: mercado-azul-plus.homolog.kubernetes.sebrae.com.br
REQUEST	42		Gerar Token	1603301724635	1603301725321	OK	 
USER	ListarAnuncios3	46	START	1603301725435	1603301725435
REQUEST	43		Gerar Token	1603301724836	1603301725496	OK	 
USER	ListarAnuncios3	47	START	1603301725635	1603301725635
REQUEST	18		request_0	1603301725644	1603301725645	KO	j.n.UnknownHostException: mercado-azul-plus.homolog.kubernetes.sebrae.com.br
REQUEST	44		Gerar Token	1603301725036	1603301725650	OK	 
REQUEST	19		request_0	1603301725765	1603301725765	KO	j.n.UnknownHostException: mercado-azul-plus.homolog.kubernetes.sebrae.com.br
USER	ListarAnuncios3	48	START	1603301725835	1603301725835
REQUEST	20		request_0	1603301725915	1603301725915	KO	j.n.UnknownHostException: mercado-azul-plus.homolog.kubernetes.sebrae.com.br
REQUEST	45		Gerar Token	1603301725235	1603301726012	OK	 
USER	ListarAnuncios3	49	START	1603301726034	1603301726034
REQUEST	21		request_0	1603301726035	1603301726036	KO	j.n.UnknownHostException: mercado-azul-plus.homolog.kubernetes.sebrae.com.br
REQUEST	46		Gerar Token	1603301725436	1603301726119	OK	 
USER	ListarAnuncios3	50	START	1603301726235	1603301726235
REQUEST	22		request_0	1603301726265	1603301726266	KO	j.n.UnknownHostException: mercado-azul-plus.homolog.kubernetes.sebrae.com.br
REQUEST	47		Gerar Token	1603301725636	1603301726342	OK	 
USER	ListarAnuncios3	51	START	1603301726435	1603301726435
REQUEST	23		request_0	1603301726446	1603301726446	KO	j.n.UnknownHostException: mercado-azul-plus.homolog.kubernetes.sebrae.com.br
REQUEST	48		Gerar Token	1603301725836	1603301726586	OK	 
USER	ListarAnuncios3	52	START	1603301726635	1603301726635
REQUEST	24		request_0	1603301726646	1603301726646	KO	j.n.UnknownHostException: mercado-azul-plus.homolog.kubernetes.sebrae.com.br
REQUEST	49		Gerar Token	1603301726036	1603301726780	OK	 
USER	ListarAnuncios3	53	START	1603301726834	1603301726834
REQUEST	25		request_0	1603301727025	1603301727026	KO	j.n.UnknownHostException: mercado-azul-plus.homolog.kubernetes.sebrae.com.br
REQUEST	50		Gerar Token	1603301726236	1603301727030	OK	 
USER	ListarAnuncios3	54	START	1603301727035	1603301727035
REQUEST	51		Gerar Token	1603301726436	1603301727131	OK	 
REQUEST	26		request_0	1603301727215	1603301727215	KO	j.n.UnknownHostException: mercado-azul-plus.homolog.kubernetes.sebrae.com.br
USER	ListarAnuncios3	55	START	1603301727234	1603301727234
REQUEST	27		request_0	1603301727374	1603301727374	KO	j.n.UnknownHostException: mercado-azul-plus.homolog.kubernetes.sebrae.com.br
REQUEST	52		Gerar Token	1603301726636	1603301727391	OK	 
USER	ListarAnuncios3	56	START	1603301727435	1603301727435
REQUEST	28		request_0	1603301727464	1603301727464	KO	j.n.UnknownHostException: mercado-azul-plus.homolog.kubernetes.sebrae.com.br
REQUEST	53		Gerar Token	1603301726835	1603301727526	OK	 
USER	ListarAnuncios3	57	START	1603301727635	1603301727635
REQUEST	54		Gerar Token	1603301727036	1603301727678	OK	 
USER	ListarAnuncios3	58	START	1603301727834	1603301727834
REQUEST	29		request_0	1603301727845	1603301727845	KO	j.n.UnknownHostException: mercado-azul-plus.homolog.kubernetes.sebrae.com.br
REQUEST	55		Gerar Token	1603301727235	1603301727846	OK	 
REQUEST	56		Gerar Token	1603301727435	1603301728014	OK	 
USER	ListarAnuncios3	59	START	1603301728035	1603301728035
REQUEST	30		request_0	1603301728045	1603301728045	KO	j.n.UnknownHostException: mercado-azul-plus.homolog.kubernetes.sebrae.com.br
REQUEST	31		request_0	1603301728195	1603301728196	KO	j.n.UnknownHostException: mercado-azul-plus.homolog.kubernetes.sebrae.com.br
REQUEST	57		Gerar Token	1603301727636	1603301728229	OK	 
USER	ListarAnuncios3	60	START	1603301728234	1603301728234
REQUEST	32		request_0	1603301728315	1603301728315	KO	j.n.UnknownHostException: mercado-azul-plus.homolog.kubernetes.sebrae.com.br
USER	ListarAnuncios3	61	START	1603301728434	1603301728434
REQUEST	33		request_0	1603301728595	1603301728596	KO	j.n.UnknownHostException: mercado-azul-plus.homolog.kubernetes.sebrae.com.br
REQUEST	58		Gerar Token	1603301727835	1603301728597	OK	 
USER	ListarAnuncios3	62	START	1603301728634	1603301728634
REQUEST	59		Gerar Token	1603301728036	1603301728743	OK	 
REQUEST	34		request_0	1603301728775	1603301728775	KO	j.n.UnknownHostException: mercado-azul-plus.homolog.kubernetes.sebrae.com.br
USER	ListarAnuncios3	63	START	1603301728834	1603301728834
REQUEST	35		request_0	1603301728835	1603301728835	KO	j.n.UnknownHostException: mercado-azul-plus.homolog.kubernetes.sebrae.com.br
REQUEST	60		Gerar Token	1603301728235	1603301728968	OK	 
REQUEST	36		request_0	1603301729015	1603301729016	KO	j.n.UnknownHostException: mercado-azul-plus.homolog.kubernetes.sebrae.com.br
USER	ListarAnuncios3	64	START	1603301729034	1603301729034
REQUEST	61		Gerar Token	1603301728435	1603301729079	OK	 
USER	ListarAnuncios3	65	START	1603301729234	1603301729234
REQUEST	62		Gerar Token	1603301728635	1603301729359	OK	 
USER	ListarAnuncios3	66	START	1603301729435	1603301729435
REQUEST	37		request_0	1603301729436	1603301729436	KO	j.n.UnknownHostException: mercado-azul-plus.homolog.kubernetes.sebrae.com.br
REQUEST	38		request_0	1603301729585	1603301729585	KO	j.n.UnknownHostException: mercado-azul-plus.homolog.kubernetes.sebrae.com.br
USER	ListarAnuncios3	67	START	1603301729635	1603301729635
REQUEST	63		Gerar Token	1603301728835	1603301729671	OK	 
REQUEST	64		Gerar Token	1603301729036	1603301729749	OK	 
REQUEST	39		request_0	1603301729775	1603301729775	KO	j.n.UnknownHostException: mercado-azul-plus.homolog.kubernetes.sebrae.com.br
USER	ListarAnuncios3	68	START	1603301729834	1603301729834
REQUEST	65		Gerar Token	1603301729235	1603301729938	OK	 
REQUEST	40		request_0	1603301729995	1603301729995	KO	j.n.UnknownHostException: mercado-azul-plus.homolog.kubernetes.sebrae.com.br
USER	ListarAnuncios3	69	START	1603301730034	1603301730034
REQUEST	66		Gerar Token	1603301729436	1603301730061	OK	 
REQUEST	41		request_0	1603301730215	1603301730215	KO	j.n.UnknownHostException: mercado-azul-plus.homolog.kubernetes.sebrae.com.br
USER	ListarAnuncios3	70	START	1603301730234	1603301730234
REQUEST	67		Gerar Token	1603301729636	1603301730251	OK	 
REQUEST	42		request_0	1603301730335	1603301730335	KO	j.n.UnknownHostException: mercado-azul-plus.homolog.kubernetes.sebrae.com.br
REQUEST	68		Gerar Token	1603301729834	1603301730399	OK	 
USER	ListarAnuncios3	71	START	1603301730434	1603301730434
REQUEST	43		request_0	1603301730515	1603301730516	KO	j.n.UnknownHostException: mercado-azul-plus.homolog.kubernetes.sebrae.com.br
REQUEST	69		Gerar Token	1603301730035	1603301730595	OK	 
USER	ListarAnuncios3	72	START	1603301730635	1603301730635
REQUEST	44		request_0	1603301730665	1603301730665	KO	j.n.UnknownHostException: mercado-azul-plus.homolog.kubernetes.sebrae.com.br
USER	ListarAnuncios3	73	START	1603301730835	1603301730835
REQUEST	70		Gerar Token	1603301730236	1603301730865	OK	 
REQUEST	45		request_0	1603301731026	1603301731026	KO	j.n.UnknownHostException: mercado-azul-plus.homolog.kubernetes.sebrae.com.br
USER	ListarAnuncios3	74	START	1603301731034	1603301731034
REQUEST	46		request_0	1603301731135	1603301731135	KO	j.n.UnknownHostException: mercado-azul-plus.homolog.kubernetes.sebrae.com.br
REQUEST	71		Gerar Token	1603301730436	1603301731181	OK	 
USER	ListarAnuncios3	75	START	1603301731234	1603301731234
REQUEST	72		Gerar Token	1603301730636	1603301731309	OK	 
REQUEST	47		request_0	1603301731355	1603301731356	KO	j.n.UnknownHostException: mercado-azul-plus.homolog.kubernetes.sebrae.com.br
USER	ListarAnuncios3	76	START	1603301731434	1603301731434
REQUEST	73		Gerar Token	1603301730836	1603301731582	OK	 
REQUEST	48		request_0	1603301731605	1603301731605	KO	j.n.UnknownHostException: mercado-azul-plus.homolog.kubernetes.sebrae.com.br
USER	ListarAnuncios3	77	START	1603301731635	1603301731635
REQUEST	74		Gerar Token	1603301731035	1603301731708	OK	 
REQUEST	49		request_0	1603301731795	1603301731795	KO	j.n.UnknownHostException: mercado-azul-plus.homolog.kubernetes.sebrae.com.br
USER	ListarAnuncios3	78	START	1603301731834	1603301731834
REQUEST	75		Gerar Token	1603301731235	1603301731907	OK	 
USER	ListarAnuncios3	79	START	1603301732035	1603301732035
REQUEST	50		request_0	1603301732045	1603301732045	KO	j.n.UnknownHostException: mercado-azul-plus.homolog.kubernetes.sebrae.com.br
REQUEST	76		Gerar Token	1603301731435	1603301732054	OK	 
REQUEST	51		request_0	1603301732146	1603301732146	KO	j.n.UnknownHostException: mercado-azul-plus.homolog.kubernetes.sebrae.com.br
REQUEST	77		Gerar Token	1603301731636	1603301732214	OK	 
USER	ListarAnuncios3	80	START	1603301732234	1603301732234
REQUEST	78		Gerar Token	1603301731835	1603301732388	OK	 
REQUEST	52		request_0	1603301732405	1603301732406	KO	j.n.UnknownHostException: mercado-azul-plus.homolog.kubernetes.sebrae.com.br: Name or service not known
USER	ListarAnuncios3	81	START	1603301732435	1603301732435
REQUEST	53		request_0	1603301732545	1603301732545	KO	j.n.UnknownHostException: mercado-azul-plus.homolog.kubernetes.sebrae.com.br
REQUEST	79		Gerar Token	1603301732035	1603301732603	OK	 
USER	ListarAnuncios3	82	START	1603301732635	1603301732635
REQUEST	54		request_0	1603301732696	1603301732696	KO	j.n.UnknownHostException: mercado-azul-plus.homolog.kubernetes.sebrae.com.br
REQUEST	80		Gerar Token	1603301732235	1603301732807	OK	 
USER	ListarAnuncios3	83	START	1603301732835	1603301732835
REQUEST	55		request_0	1603301732865	1603301732865	KO	j.n.UnknownHostException: mercado-azul-plus.homolog.kubernetes.sebrae.com.br
REQUEST	81		Gerar Token	1603301732436	1603301733011	OK	 
USER	ListarAnuncios3	84	START	1603301733034	1603301733034
REQUEST	56		request_0	1603301733035	1603301733035	KO	j.n.UnknownHostException: mercado-azul-plus.homolog.kubernetes.sebrae.com.br
USER	ListarAnuncios3	85	START	1603301733235	1603301733235
REQUEST	82		Gerar Token	1603301732636	1603301733244	OK	 
REQUEST	57		request_0	1603301733244	1603301733245	KO	j.n.UnknownHostException: mercado-azul-plus.homolog.kubernetes.sebrae.com.br
USER	ListarAnuncios3	86	START	1603301733435	1603301733435
REQUEST	83		Gerar Token	1603301732836	1603301733598	OK	 
REQUEST	58		request_0	1603301733616	1603301733616	KO	j.n.UnknownHostException: mercado-azul-plus.homolog.kubernetes.sebrae.com.br
USER	ListarAnuncios3	87	START	1603301733634	1603301733634
REQUEST	84		Gerar Token	1603301733035	1603301733750	OK	 
REQUEST	59		request_0	1603301733765	1603301733765	KO	j.n.UnknownHostException: mercado-azul-plus.homolog.kubernetes.sebrae.com.br
USER	ListarAnuncios3	88	START	1603301733834	1603301733834
REQUEST	85		Gerar Token	1603301733236	1603301733907	OK	 
REQUEST	60		request_0	1603301733985	1603301733986	KO	j.n.UnknownHostException: mercado-azul-plus.homolog.kubernetes.sebrae.com.br
USER	ListarAnuncios3	89	START	1603301734035	1603301734035
REQUEST	86		Gerar Token	1603301733436	1603301734063	OK	 
REQUEST	61		request_0	1603301734095	1603301734096	KO	j.n.UnknownHostException: mercado-azul-plus.homolog.kubernetes.sebrae.com.br
USER	ListarAnuncios3	90	START	1603301734235	1603301734235
REQUEST	87		Gerar Token	1603301733635	1603301734238	OK	 
REQUEST	2		request_8	1603301734335	1603301734335	KO	j.n.UnknownHostException: mercado-azul-plus.homolog.kubernetes.sebrae.com.br
REQUEST	1		request_8	1603301734365	1603301734366	KO	j.n.UnknownHostException: mercado-azul-plus.homolog.kubernetes.sebrae.com.br
REQUEST	62		request_0	1603301734375	1603301734376	KO	j.n.UnknownHostException: mercado-azul-plus.homolog.kubernetes.sebrae.com.br
REQUEST	88		Gerar Token	1603301733836	1603301734404	OK	 
USER	ListarAnuncios3	91	START	1603301734435	1603301734435
REQUEST	3		request_8	1603301734535	1603301734535	KO	j.n.UnknownHostException: mercado-azul-plus.homolog.kubernetes.sebrae.com.br
USER	ListarAnuncios3	92	START	1603301734635	1603301734635
REQUEST	4		request_8	1603301734655	1603301734655	KO	j.n.UnknownHostException: mercado-azul-plus.homolog.kubernetes.sebrae.com.br
REQUEST	63		request_0	1603301734686	1603301734686	KO	j.n.UnknownHostException: mercado-azul-plus.homolog.kubernetes.sebrae.com.br
REQUEST	64		request_0	1603301734765	1603301734766	KO	j.n.UnknownHostException: mercado-azul-plus.homolog.kubernetes.sebrae.com.br
REQUEST	89		Gerar Token	1603301734036	1603301734817	OK	 
USER	ListarAnuncios3	93	START	1603301734834	1603301734834
REQUEST	65		request_0	1603301734954	1603301734954	KO	j.n.UnknownHostException: mercado-azul-plus.homolog.kubernetes.sebrae.com.br
REQUEST	90		Gerar Token	1603301734236	1603301734970	OK	 
REQUEST	5		request_8	1603301735005	1603301735005	KO	j.n.UnknownHostException: mercado-azul-plus.homolog.kubernetes.sebrae.com.br
USER	ListarAnuncios3	94	START	1603301735035	1603301735035
REQUEST	66		request_0	1603301735075	1603301735075	KO	j.n.UnknownHostException: mercado-azul-plus.homolog.kubernetes.sebrae.com.br
REQUEST	91		Gerar Token	1603301734435	1603301735101	OK	 
REQUEST	6		request_8	1603301735125	1603301735125	KO	j.n.UnknownHostException: mercado-azul-plus.homolog.kubernetes.sebrae.com.br
USER	ListarAnuncios3	95	START	1603301735234	1603301735234
REQUEST	92		Gerar Token	1603301734636	1603301735258	OK	 
REQUEST	67		request_0	1603301735266	1603301735266	KO	j.n.UnknownHostException: mercado-azul-plus.homolog.kubernetes.sebrae.com.br
REQUEST	7		request_8	1603301735315	1603301735315	KO	j.n.UnknownHostException: mercado-azul-plus.homolog.kubernetes.sebrae.com.br
REQUEST	68		request_0	1603301735415	1603301735415	KO	j.n.UnknownHostException: mercado-azul-plus.homolog.kubernetes.sebrae.com.br
USER	ListarAnuncios3	96	START	1603301735435	1603301735435
REQUEST	8		request_8	1603301735455	1603301735455	KO	j.n.UnknownHostException: mercado-azul-plus.homolog.kubernetes.sebrae.com.br
REQUEST	93		Gerar Token	1603301734835	1603301735612	OK	 
REQUEST	69		request_0	1603301735615	1603301735615	KO	j.n.UnknownHostException: mercado-azul-plus.homolog.kubernetes.sebrae.com.br
USER	ListarAnuncios3	97	START	1603301735634	1603301735634
REQUEST	9		request_8	1603301735785	1603301735785	KO	j.n.UnknownHostException: mercado-azul-plus.homolog.kubernetes.sebrae.com.br
REQUEST	94		Gerar Token	1603301735036	1603301735803	OK	 
USER	ListarAnuncios3	98	START	1603301735835	1603301735835
REQUEST	70		request_0	1603301735885	1603301735885	KO	j.n.UnknownHostException: mercado-azul-plus.homolog.kubernetes.sebrae.com.br
REQUEST	10		request_8	1603301735924	1603301735925	KO	j.n.UnknownHostException: mercado-azul-plus.homolog.kubernetes.sebrae.com.br
REQUEST	95		Gerar Token	1603301735236	1603301735951	OK	 
USER	ListarAnuncios3	99	START	1603301736034	1603301736034
REQUEST	96		Gerar Token	1603301735436	1603301736151	OK	 
REQUEST	11		request_8	1603301736175	1603301736175	KO	j.n.UnknownHostException: mercado-azul-plus.homolog.kubernetes.sebrae.com.br
REQUEST	71		request_0	1603301736195	1603301736195	KO	j.n.UnknownHostException: mercado-azul-plus.homolog.kubernetes.sebrae.com.br
USER	ListarAnuncios3	100	START	1603301736234	1603301736234
REQUEST	72		request_0	1603301736326	1603301736326	KO	j.n.UnknownHostException: mercado-azul-plus.homolog.kubernetes.sebrae.com.br
REQUEST	97		Gerar Token	1603301735636	1603301736351	OK	 
USER	ListarAnuncios3	101	START	1603301736435	1603301736435
REQUEST	98		Gerar Token	1603301735836	1603301736486	OK	 
REQUEST	12		request_8	1603301736495	1603301736495	KO	j.n.UnknownHostException: mercado-azul-plus.homolog.kubernetes.sebrae.com.br
REQUEST	73		request_0	1603301736595	1603301736596	KO	j.n.UnknownHostException: mercado-azul-plus.homolog.kubernetes.sebrae.com.br
USER	ListarAnuncios3	102	START	1603301736634	1603301736634
REQUEST	13		request_8	1603301736655	1603301736655	KO	j.n.UnknownHostException: mercado-azul-plus.homolog.kubernetes.sebrae.com.br
REQUEST	74		request_0	1603301736724	1603301736725	KO	j.n.UnknownHostException: mercado-azul-plus.homolog.kubernetes.sebrae.com.br
REQUEST	99		Gerar Token	1603301736036	1603301736777	OK	 
USER	ListarAnuncios3	103	START	1603301736834	1603301736834
REQUEST	14		request_8	1603301736855	1603301736855	KO	j.n.UnknownHostException: mercado-azul-plus.homolog.kubernetes.sebrae.com.br
REQUEST	75		request_0	1603301736925	1603301736925	KO	j.n.UnknownHostException: mercado-azul-plus.homolog.kubernetes.sebrae.com.br
REQUEST	100		Gerar Token	1603301736235	1603301736964	OK	 
REQUEST	15		request_8	1603301737025	1603301737026	KO	j.n.UnknownHostException: mercado-azul-plus.homolog.kubernetes.sebrae.com.br
USER	ListarAnuncios3	104	START	1603301737035	1603301737035
REQUEST	16		request_8	1603301737075	1603301737076	KO	j.n.UnknownHostException: mercado-azul-plus.homolog.kubernetes.sebrae.com.br
REQUEST	76		request_0	1603301737075	1603301737076	KO	j.n.UnknownHostException: mercado-azul-plus.homolog.kubernetes.sebrae.com.br
REQUEST	101		Gerar Token	1603301736436	1603301737201	OK	 
USER	ListarAnuncios3	105	START	1603301737235	1603301737235
REQUEST	77		request_0	1603301737235	1603301737236	KO	