RUN	basic.CadastrarAnuncio1	cadastraranuncio1	1603500210823	teste	3.0.2
USER	CadastrarAnuncio	1	START	1603500213272	1603500213272
USER	CadastrarAnuncio	2	START	1603500213308	1603500213308
REQUEST	1		Gerar Token	1603500213304	1603500218782	OK	 
REQUEST	2		Gerar Token	1603500213309	1603500218959	OK	 
REQUEST	2		Post_Anuncio	1603500223977	1603500229717	OK	 
REQUEST	1		Post_Anuncio	1603500223805	1603500229746	OK	 
REQUEST	2		Post_Anuncio Redirect 1	1603500229727	1603500229763	OK	 
REQUEST	1		Post_Anuncio Redirect 1	1603500229747	1603500229780	OK	 
REQUEST	2		Post_Anuncio Redirect 2	1603500229764	1603500229796	OK	 
REQUEST	1		Post_Anuncio Redirect 2	1603500229781	1603500229812	OK	 
REQUEST	2		Post_Anuncio Redirect 3	1603500229798	1603500229830	OK	 
REQUEST	1		Post_Anuncio Redirect 3	1603500229814	1603500229845	OK	 
REQUEST	2		Post_Anuncio Redirect 4	1603500229831	1603500229869	OK	 
REQUEST	1		Post_Anuncio Redirect 4	1603500229846	1603500229884	OK	 
REQUEST	2		Post_Anuncio Redirect 5	1603500229870	1603500229898	OK	 
REQUEST	1		Post_Anuncio Redirect 5	1603500229884	1603500229916	OK	 
REQUEST	2		Post_Anuncio Redirect 6	1603500229899	1603500229930	OK	 
REQUEST	1		Post_Anuncio Redirect 6	1603500229917	1603500229949	OK	 
REQUEST	2		Post_Anuncio Redirect 7	1603500229930	1603500229980	OK	 
REQUEST	1		Post_Anuncio Redirect 7	1603500229950	1603500229995	OK	 
REQUEST	2		Post_Anuncio Redirect 8	1603500229981	1603500230007	OK	 
REQUEST	2		Post_Anuncio Redirect 9	1603500230008	1603500230033	OK	 
REQUEST	1		Post_Anuncio Redirect 8	1603500229996	1603500230049	OK	 
REQUEST	2		Post_Anuncio Redirect 10	1603500230034	1603500230072	OK	 
REQUEST	1		Post_Anuncio Redirect 9	1603500230050	1603500230080	OK	 
REQUEST	2		Post_Anuncio Redirect 11	1603500230073	1603500230106	OK	 
REQUEST	1		Post_Anuncio Redirect 10	1603500230081	1603500230122	OK	 
REQUEST	2		Post_Anuncio Redirect 12	1603500230107	1603500230136	OK	 
REQUEST	1		Post_Anuncio Redirect 11	1603500230123	1603500230150	OK	 
REQUEST	1		Post_Anuncio Redirect 12	1603500230151	1603500230181	OK	 
REQUEST	2		Post_Anuncio Redirect 13	1603500230137	1603500230181	OK	 
REQUEST	2		Post_Anuncio Redirect 14	1603500230182	1603500230219	OK	 
REQUEST	1		Post_Anuncio Redirect 13	1603500230181	1603500230219	OK	 
REQUEST	1		Post_Anuncio Redirect 14	1603500230220	1603500230252	OK	 
REQUEST	2		Post_Anuncio Redirect 15	1603500230221	1603500230252	OK	 
REQUEST	1		Post_Anuncio Redirect 15	1603500230253	1603500230283	OK	 
REQUEST	2		Post_Anuncio Redirect 16	1603500230253	1603500230304	OK	 
REQUEST	1		Post_Anuncio Redirect 16	1603500230284	1603500230315	OK	 
REQUEST	2		Post_Anuncio Redirect 17	1603500230306	1603500230336	OK	 
REQUEST	1		Post_Anuncio Redirect 17	1603500230316	1603500230345	OK	 
REQUEST	2		Post_Anuncio Redirect 18	1603500230338	1603500230367	OK	 
REQUEST	1		Post_Anuncio Redirect 18	1603500230346	1603500230375	OK	 
REQUEST	2		Post_Anuncio Redirect 19	1603500230369	1603500230407	OK	 
REQUEST	1		Post_Anuncio Redirect 19	1603500230376	1603500230415	OK	 
REQUEST	1		Post_Anuncio Redirect 20	1603500230416	1603500230445	KO	Too many redirects, max is 20
REQUEST	2		Post_Anuncio Redirect 20	1603500230408	1603500230437	KO	Too many redirects, max is 20
USER	CadastrarAnuncio	2	END	1603500213308	1603500230460
USER	CadastrarAnuncio	1	END	1603500213272	1603500230460
