RUN	basic.SeapPesquisarReuniao	seappesquisarreuniao	1602165788810	teste	3.0.2
USER	SeapPesquisarReuniao	1	START	1602165791226	1602165791226
REQUEST	1		request_0	1602165791244	1602165799502	OK	 
REQUEST	1		request_2	1602165799587	1602165809776	OK	 
REQUEST	1		request_6	1602165804623	1602165809792	OK	 
REQUEST	1		request_3	1602165804620	1602165809797	OK	 
REQUEST	1		request_4	1602165804621	1602165809816	KO	status.find.in(200,201,202,203,204,205,206,207,208,209,304), found 400
REQUEST	1		icon?family=Material+Icons	1602165804625	1602165809941	OK	 
REQUEST	1		request_5	1602165804622	1602165809981	OK	 
REQUEST	1		request_7	1602165820014	1602165820075	KO	status.find.in(200,201,202,203,204,205,206,207,208,209,304), found 400
REQUEST	1		request_9	1602165825088	1602165830522	OK	 
REQUEST	1		request_10	1602165830531	1602165830552	OK	 
REQUEST	1		request_13	1602165830533	1602165830659	OK	 
REQUEST	1		request_12	1602165830532	1602165830660	OK	 
REQUEST	1		request_15	1602165830534	1602165830674	OK	 
REQUEST	1		request_19	1602165830535	1602165830685	OK	 
REQUEST	1		request_20	1602165832678	1602165837980	OK	 
REQUEST	1		request_21	1602165837982	1602165838040	OK	 
REQUEST	1		request_22	1602165842048	1602165842069	OK	 
ERROR	request_26: Failed to build request: Resource seap/seappesquisarreuniao/0026_request.json not found 	1602165842076
ERROR	request_29: Failed to build request: Resource seap/seappesquisarreuniao/0029_request.json not found 	1602165842078
REQUEST	1		request_23	1602165842079	1602165842106	OK	 
REQUEST	1		request_28	1602165842082	1602165842107	OK	 
REQUEST	1		request_24	1602165842081	1602165842108	OK	 
REQUEST	1		request_30	1602165848108	1602165848136	OK	 
ERROR	request_31: Failed to build request: Resource seap/seappesquisarreuniao/0031_request.json not found 	1602165848137
REQUEST	1		request_32	1602165874137	1602165874194	OK	 
REQUEST	1		request_33	1602165874198	1602165874256	OK	 
USER	SeapPesquisarReuniao	1	END	1602165791226	1602165874268
