RUN	basic.CadastrarAnuncio	cadastraranuncio	1603497840840	teste	3.0.2
USER	CadastrarAnuncio	1	START	1603497843210	1603497843210
USER	CadastrarAnuncio	2	START	1603497843217	1603497843217
USER	CadastrarAnuncio	3	START	1603497843217	1603497843217
USER	CadastrarAnuncio	4	START	1603497843217	1603497843217
USER	CadastrarAnuncio	5	START	1603497843218	1603497843218
USER	CadastrarAnuncio	6	START	1603497843218	1603497843218
USER	CadastrarAnuncio	7	START	1603497843218	1603497843218
USER	CadastrarAnuncio	8	START	1603497843219	1603497843219
USER	CadastrarAnuncio	9	START	1603497843219	1603497843219
USER	CadastrarAnuncio	10	START	1603497843219	1603497843219
USER	CadastrarAnuncio	11	START	1603497843219	1603497843219
USER	CadastrarAnuncio	12	START	1603497843220	1603497843220
USER	CadastrarAnuncio	13	START	1603497843220	1603497843220
USER	CadastrarAnuncio	14	START	1603497843220	1603497843220
USER	CadastrarAnuncio	15	START	1603497843221	1603497843221
USER	CadastrarAnuncio	16	START	1603497843221	1603497843221
USER	CadastrarAnuncio	17	START	1603497843221	1603497843221
USER	CadastrarAnuncio	18	START	1603497843222	1603497843222
USER	CadastrarAnuncio	19	START	1603497843222	1603497843222
USER	CadastrarAnuncio	20	START	1603497843222	1603497843222
USER	CadastrarAnuncio	21	START	1603497843222	1603497843222
USER	CadastrarAnuncio	22	START	1603497843223	1603497843223
USER	CadastrarAnuncio	23	START	1603497843223	1603497843223
USER	CadastrarAnuncio	24	START	1603497843223	1603497843223
USER	CadastrarAnuncio	25	START	1603497843223	1603497843223
USER	CadastrarAnuncio	26	START	1603497843224	1603497843224
USER	CadastrarAnuncio	27	START	1603497843224	1603497843224
USER	CadastrarAnuncio	28	START	1603497843224	1603497843224
USER	CadastrarAnuncio	29	START	1603497843224	1603497843224
USER	CadastrarAnuncio	30	START	1603497843225	1603497843225
USER	CadastrarAnuncio	31	START	1603497843225	1603497843225
USER	CadastrarAnuncio	32	START	1603497843228	1603497843228
USER	CadastrarAnuncio	33	START	1603497843228	1603497843228
USER	CadastrarAnuncio	34	START	1603497843229	1603497843229
USER	CadastrarAnuncio	35	START	1603497843229	1603497843229
USER	CadastrarAnuncio	36	START	1603497843229	1603497843229
USER	CadastrarAnuncio	37	START	1603497843229	1603497843229
USER	CadastrarAnuncio	38	START	1603497843230	1603497843230
USER	CadastrarAnuncio	39	START	1603497843230	1603497843230
USER	CadastrarAnuncio	40	START	1603497843230	1603497843230
USER	CadastrarAnuncio	41	START	1603497843230	1603497843230
USER	CadastrarAnuncio	42	START	1603497843231	1603497843231
USER	CadastrarAnuncio	43	START	1603497843231	1603497843231
USER	CadastrarAnuncio	44	START	1603497843231	1603497843231
USER	CadastrarAnuncio	45	START	1603497843232	1603497843232
USER	CadastrarAnuncio	46	START	1603497843232	1603497843232
USER	CadastrarAnuncio	47	START	1603497843232	1603497843232
USER	CadastrarAnuncio	48	START	1603497843233	1603497843233
USER	CadastrarAnuncio	49	START	1603497843233	1603497843233
USER	CadastrarAnuncio	50	START	1603497843233	1603497843233
USER	CadastrarAnuncio	51	START	1603497843233	1603497843233
USER	CadastrarAnuncio	52	START	1603497843234	1603497843234
USER	CadastrarAnuncio	53	START	1603497843234	1603497843234
USER	CadastrarAnuncio	54	START	1603497843234	1603497843234
USER	CadastrarAnuncio	55	START	1603497843235	1603497843235
USER	CadastrarAnuncio	56	START	1603497843235	1603497843235
USER	CadastrarAnuncio	57	START	1603497843236	1603497843236
USER	CadastrarAnuncio	58	START	1603497843236	1603497843236
USER	CadastrarAnuncio	59	START	1603497843238	1603497843238
USER	CadastrarAnuncio	60	START	1603497843238	1603497843238
USER	CadastrarAnuncio	61	START	1603497843238	1603497843238
USER	CadastrarAnuncio	62	START	1603497843239	1603497843239
USER	CadastrarAnuncio	63	START	1603497843239	1603497843239
USER	CadastrarAnuncio	64	START	1603497843239	1603497843239
USER	CadastrarAnuncio	65	START	1603497843240	1603497843240
USER	CadastrarAnuncio	66	START	1603497843240	1603497843240
USER	CadastrarAnuncio	67	START	1603497843240	1603497843240
USER	CadastrarAnuncio	68	START	1603497843241	1603497843241
USER	CadastrarAnuncio	69	START	1603497843241	1603497843241
USER	CadastrarAnuncio	70	START	1603497843241	1603497843241
USER	CadastrarAnuncio	71	START	1603497843241	1603497843241
USER	CadastrarAnuncio	72	START	1603497843242	1603497843242
USER	CadastrarAnuncio	73	START	1603497843242	1603497843242
USER	CadastrarAnuncio	74	START	1603497843242	1603497843242
USER	CadastrarAnuncio	75	START	1603497843243	1603497843243
USER	CadastrarAnuncio	76	START	1603497843243	1603497843243
USER	CadastrarAnuncio	77	START	1603497843243	1603497843243
USER	CadastrarAnuncio	78	START	1603497843244	1603497843244
USER	CadastrarAnuncio	79	START	1603497843244	1603497843244
USER	CadastrarAnuncio	80	START	1603497843244	1603497843244
USER	CadastrarAnuncio	81	START	1603497843245	1603497843245
USER	CadastrarAnuncio	82	START	1603497843245	1603497843245
USER	CadastrarAnuncio	83	START	1603497843245	1603497843245
USER	CadastrarAnuncio	84	START	1603497843246	1603497843246
USER	CadastrarAnuncio	85	START	1603497843246	1603497843246
USER	CadastrarAnuncio	86	START	1603497843246	1603497843246
USER	CadastrarAnuncio	87	START	1603497843247	1603497843247
USER	CadastrarAnuncio	88	START	1603497843250	1603497843250
USER	CadastrarAnuncio	89	START	1603497843251	1603497843251
USER	CadastrarAnuncio	90	START	1603497843251	1603497843251
USER	CadastrarAnuncio	91	START	1603497843251	1603497843251
USER	CadastrarAnuncio	92	START	1603497843251	1603497843251
USER	CadastrarAnuncio	93	START	1603497843252	1603497843252
USER	CadastrarAnuncio	94	START	1603497843252	1603497843252
USER	CadastrarAnuncio	95	START	1603497843252	1603497843252
USER	CadastrarAnuncio	96	START	1603497843253	1603497843253
USER	CadastrarAnuncio	97	START	1603497843253	1603497843253
USER	CadastrarAnuncio	98	START	1603497843253	1603497843253
USER	CadastrarAnuncio	99	START	1603497843253	1603497843253
USER	CadastrarAnuncio	100	START	1603497843254	1603497843254
USER	CadastrarAnuncio	101	START	1603497843254	1603497843254
USER	CadastrarAnuncio	102	START	1603497843254	1603497843254
USER	CadastrarAnuncio	103	START	1603497843254	1603497843254
USER	CadastrarAnuncio	104	START	1603497843255	1603497843255
USER	CadastrarAnuncio	105	START	1603497843255	1603497843255
USER	CadastrarAnuncio	106	START	1603497843255	1603497843255
USER	CadastrarAnuncio	107	START	1603497843256	1603497843256
USER	CadastrarAnuncio	108	START	1603497843256	1603497843256
USER	CadastrarAnuncio	109	START	1603497843256	1603497843256
USER	CadastrarAnuncio	110	START	1603497843256	1603497843256
USER	CadastrarAnuncio	111	START	1603497843256	1603497843256
USER	CadastrarAnuncio	112	START	1603497843257	1603497843257
USER	CadastrarAnuncio	113	START	1603497843257	1603497843257
USER	CadastrarAnuncio	114	START	1603497843257	1603497843257
USER	CadastrarAnuncio	115	START	1603497843257	1603497843257
USER	CadastrarAnuncio	116	START	1603497843258	1603497843258
USER	CadastrarAnuncio	117	START	1603497843258	1603497843258
USER	CadastrarAnuncio	118	START	1603497843258	1603497843258
USER	CadastrarAnuncio	119	START	1603497843258	1603497843258
USER	CadastrarAnuncio	120	START	1603497843259	1603497843259
USER	CadastrarAnuncio	121	START	1603497843259	1603497843259
USER	CadastrarAnuncio	122	START	1603497843259	1603497843259
USER	CadastrarAnuncio	123	START	1603497843259	1603497843259
USER	CadastrarAnuncio	124	START	1603497843260	1603497843260
USER	CadastrarAnuncio	125	START	1603497843260	1603497843260
USER	CadastrarAnuncio	126	START	1603497843260	1603497843260
USER	CadastrarAnuncio	127	START	1603497843260	1603497843260
USER	CadastrarAnuncio	128	START	1603497843261	1603497843261
USER	CadastrarAnuncio	129	START	1603497843261	1603497843261
USER	CadastrarAnuncio	130	START	1603497843261	1603497843261
USER	CadastrarAnuncio	131	START	1603497843261	1603497843261
USER	CadastrarAnuncio	132	START	1603497843262	1603497843262
USER	CadastrarAnuncio	133	START	1603497843262	1603497843262
USER	CadastrarAnuncio	134	START	1603497843262	1603497843262
USER	CadastrarAnuncio	135	START	1603497843263	1603497843263
USER	CadastrarAnuncio	136	START	1603497843263	1603497843263
USER	CadastrarAnuncio	137	START	1603497843263	1603497843263
USER	CadastrarAnuncio	138	START	1603497843263	1603497843263
USER	CadastrarAnuncio	139	START	1603497843264	1603497843264
USER	CadastrarAnuncio	140	START	1603497843264	1603497843264
USER	CadastrarAnuncio	141	START	1603497843264	1603497843264
USER	CadastrarAnuncio	142	START	1603497843264	1603497843264
USER	CadastrarAnuncio	143	START	1603497843264	1603497843264
USER	CadastrarAnuncio	144	START	1603497843264	1603497843264
USER	CadastrarAnuncio	145	START	1603497843265	1603497843265
USER	CadastrarAnuncio	146	START	1603497843265	1603497843265
USER	CadastrarAnuncio	147	START	1603497843265	1603497843265
USER	CadastrarAnuncio	148	START	1603497843266	1603497843266
USER	CadastrarAnuncio	149	START	1603497843266	1603497843266
USER	CadastrarAnuncio	150	START	1603497843266	1603497843266
USER	CadastrarAnuncio	151	START	1603497843266	1603497843266
USER	CadastrarAnuncio	152	START	1603497843266	1603497843266
USER	CadastrarAnuncio	153	START	1603497843267	1603497843267
USER	CadastrarAnuncio	154	START	1603497843267	1603497843267
USER	CadastrarAnuncio	155	START	1603497843267	1603497843267
USER	CadastrarAnuncio	156	START	1603497843267	1603497843267
USER	CadastrarAnuncio	157	START	1603497843268	1603497843268
USER	CadastrarAnuncio	158	START	1603497843268	1603497843268
USER	CadastrarAnuncio	159	START	1603497843268	1603497843268
USER	CadastrarAnuncio	160	START	1603497843268	1603497843268
USER	CadastrarAnuncio	161	START	1603497843268	1603497843268
USER	CadastrarAnuncio	162	START	1603497843269	1603497843269
USER	CadastrarAnuncio	163	START	1603497843269	1603497843269
USER	CadastrarAnuncio	164	START	1603497843269	1603497843269
USER	CadastrarAnuncio	165	START	1603497843269	1603497843269
USER	CadastrarAnuncio	166	START	1603497843269	1603497843269
USER	CadastrarAnuncio	167	START	1603497843270	1603497843270
USER	CadastrarAnuncio	168	START	1603497843270	1603497843270
USER	CadastrarAnuncio	169	START	1603497843270	1603497843270
USER	CadastrarAnuncio	170	START	1603497843271	1603497843271
USER	CadastrarAnuncio	171	START	1603497843271	1603497843271
USER	CadastrarAnuncio	172	START	1603497843271	1603497843271
USER	CadastrarAnuncio	173	START	1603497843272	1603497843272
USER	CadastrarAnuncio	174	START	1603497843276	1603497843276
USER	CadastrarAnuncio	175	START	1603497843276	1603497843276
USER	CadastrarAnuncio	176	START	1603497843277	1603497843277
USER	CadastrarAnuncio	177	START	1603497843277	1603497843277
USER	CadastrarAnuncio	178	START	1603497843282	1603497843282
USER	CadastrarAnuncio	179	START	1603497843282	1603497843282
USER	CadastrarAnuncio	180	START	1603497843282	1603497843282
USER	CadastrarAnuncio	181	START	1603497843282	1603497843282
USER	CadastrarAnuncio	182	START	1603497843282	1603497843282
USER	CadastrarAnuncio	183	START	1603497843283	1603497843283
USER	CadastrarAnuncio	184	START	1603497843283	1603497843283
USER	CadastrarAnuncio	185	START	1603497843283	1603497843283
USER	CadastrarAnuncio	186	START	1603497843283	1603497843283
USER	CadastrarAnuncio	187	START	1603497843283	1603497843283
USER	CadastrarAnuncio	188	START	1603497843283	1603497843283
USER	CadastrarAnuncio	189	START	1603497843284	1603497843284
USER	CadastrarAnuncio	190	START	1603497843284	1603497843284
USER	CadastrarAnuncio	191	START	1603497843284	1603497843284
USER	CadastrarAnuncio	192	START	1603497843285	1603497843285
USER	CadastrarAnuncio	193	START	1603497843285	1603497843285
USER	CadastrarAnuncio	194	START	1603497843285	1603497843285
USER	CadastrarAnuncio	195	START	1603497843287	1603497843287
USER	CadastrarAnuncio	196	START	1603497843288	1603497843288
USER	CadastrarAnuncio	197	START	1603497843288	1603497843288
USER	CadastrarAnuncio	198	START	1603497843288	1603497843288
USER	CadastrarAnuncio	199	START	1603497843289	1603497843289
USER	CadastrarAnuncio	200	START	1603497843289	1603497843289
REQUEST	12		Gerar Token	1603497843294	1603497851959	OK	 
REQUEST	45		Gerar Token	1603497843316	1603497852337	OK	 
REQUEST	108		Gerar Token	1603497843339	1603497852454	OK	 
REQUEST	7		Gerar Token	1603497843282	1603497852539	OK	 
REQUEST	124		Gerar Token	1603497843345	1603497852645	OK	 
REQUEST	95		Gerar Token	1603497843335	1603497852753	OK	 
REQUEST	18		Gerar Token	1603497843302	1603497852846	OK	 
REQUEST	73		Gerar Token	1603497843327	1603497853041	OK	 
REQUEST	25		Gerar Token	1603497843305	1603497853058	OK	 
REQUEST	4		Gerar Token	1603497843269	1603497853117	OK	 
REQUEST	89		Gerar Token	1603497843332	1603497853232	OK	 
REQUEST	171		Gerar Token	1603497843364	1603497853449	OK	 
REQUEST	188		Gerar Token	1603497843368	1603497853647	OK	 
REQUEST	111		Gerar Token	1603497843340	1603497853647	OK	 
REQUEST	6		Gerar Token	1603497843277	1603497853793	OK	 
REQUEST	87		Gerar Token	1603497843332	1603497853944	OK	 
REQUEST	191		Gerar Token	1603497843369	1603497853957	OK	 
REQUEST	109		Gerar Token	1603497843339	1603497854046	OK	 
REQUEST	146		Gerar Token	1603497843354	1603497854046	OK	 
REQUEST	64		Gerar Token	1603497843323	1603497854346	OK	 
REQUEST	163		Gerar Token	1603497843361	1603497854385	OK	 
REQUEST	127		Gerar Token	1603497843346	1603497854507	OK	 
REQUEST	9		Gerar Token	1603497843288	1603497854506	OK	 
REQUEST	53		Gerar Token	1603497843319	1603497854509	OK	 
REQUEST	71		Gerar Token	1603497843326	1603497854532	OK	 
REQUEST	140		Gerar Token	1603497843352	1603497854703	OK	 
REQUEST	125		Gerar Token	1603497843345	1603497854753	OK	 
REQUEST	42		Gerar Token	1603497843314	1603497854811	OK	 
REQUEST	23		Gerar Token	1603497843304	1603497855061	OK	 
REQUEST	8		Gerar Token	1603497843285	1603497855062	OK	 
REQUEST	27		Gerar Token	1603497843306	1603497855062	OK	 
REQUEST	46		Gerar Token	1603497843316	1603497855061	OK	 
REQUEST	37		Gerar Token	1603497843313	1603497855066	OK	 
REQUEST	115		Gerar Token	1603497843341	1603497855067	OK	 
REQUEST	56		Gerar Token	1603497843320	1603497855380	OK	 
REQUEST	50		Gerar Token	1603497843318	1603497855390	OK	 
REQUEST	98		Gerar Token	1603497843336	1603497855542	OK	 
REQUEST	180		Gerar Token	1603497843366	1603497855838	OK	 
REQUEST	19		Gerar Token	1603497843302	1603497856014	OK	 
REQUEST	156		Gerar Token	1603497843356	1603497856034	OK	 
REQUEST	103		Gerar Token	1603497843337	1603497856128	OK	 
REQUEST	69		Gerar Token	1603497843325	1603497856394	OK	 
REQUEST	16		Gerar Token	1603497843301	1603497856532	OK	 
REQUEST	21		Gerar Token	1603497843303	1603497856549	OK	 
REQUEST	40		Gerar Token	1603497843314	1603497856735	OK	 
REQUEST	32		Gerar Token	1603497843310	1603497856852	OK	 
REQUEST	112		Gerar Token	1603497843340	1603497857540	OK	 
REQUEST	147		Gerar Token	1603497843354	1603497857540	OK	 
REQUEST	22		Gerar Token	1603497843304	1603497858141	OK	 
REQUEST	133		Gerar Token	1603497843350	1603497858263	OK	 
REQUEST	107		Gerar Token	1603497843339	1603497858394	OK	 
REQUEST	62		Gerar Token	1603497843323	1603497858438	OK	 
REQUEST	96		Gerar Token	1603497843335	1603497858642	OK	 
REQUEST	99		Gerar Token	1603497843336	1603497858760	OK	 
REQUEST	165		Gerar Token	1603497843362	1603497859139	OK	 
REQUEST	33		Gerar Token	1603497843310	1603497859141	OK	 
REQUEST	145		Gerar Token	1603497843353	1603497860463	OK	 
REQUEST	17		Gerar Token	1603497843301	1603497861344	OK	 
REQUEST	49		Gerar Token	1603497843317	1603497861620	OK	 
REQUEST	14		Gerar Token	1603497843296	1603497862015	OK	 
REQUEST	164		Gerar Token	1603497843362	1603497862015	OK	 
REQUEST	15		Gerar Token	1603497843300	1603497862016	OK	 
REQUEST	174		Gerar Token	1603497843364	1603497862020	OK	 
REQUEST	120		Gerar Token	1603497843343	1603497862021	OK	 
REQUEST	181		Gerar Token	1603497843367	1603497862021	OK	 
REQUEST	132		Gerar Token	1603497843350	1603497862018	OK	 
REQUEST	63		Gerar Token	1603497843323	1603497862022	OK	 
REQUEST	86		Gerar Token	1603497843331	1603497862022	OK	 
REQUEST	197		Gerar Token	1603497843370	1603497862024	OK	 
REQUEST	20		Gerar Token	1603497843303	1603497862023	OK	 
REQUEST	31		Gerar Token	1603497843309	1603497862024	OK	 
REQUEST	82		Gerar Token	1603497843330	1603497862024	OK	 
REQUEST	196		Gerar Token	1603497843370	1603497862026	OK	 
REQUEST	41		Gerar Token	1603497843314	1603497862026	OK	 
REQUEST	102		Gerar Token	1603497843337	1603497862024	OK	 
REQUEST	138		Gerar Token	1603497843351	1603497862027	OK	 
REQUEST	176		Gerar Token	1603497843365	1603497862027	OK	 
REQUEST	121		Gerar Token	1603497843343	1603497862028	OK	 
REQUEST	10		Gerar Token	1603497843293	1603497862029	OK	 
REQUEST	76		Gerar Token	1603497843328	1603497862029	OK	 
REQUEST	150		Gerar Token	1603497843355	1603497862030	OK	 
REQUEST	55		Gerar Token	1603497843320	1603497862020	OK	 
REQUEST	35		Gerar Token	1603497843312	1603497862021	OK	 
REQUEST	130		Gerar Token	1603497843349	1603497862031	OK	 
REQUEST	57		Gerar Token	1603497843321	1603497862031	OK	 
REQUEST	28		Gerar Token	1603497843307	1603497862033	OK	 
REQUEST	178		Gerar Token	1603497843366	1603497862034	OK	 
REQUEST	167		Gerar Token	1603497843362	1603497862034	OK	 
REQUEST	195		Gerar Token	1603497843370	1603497862034	OK	 
REQUEST	135		Gerar Token	1603497843351	1603497862036	OK	 
REQUEST	194		Gerar Token	1603497843369	1603497862036	OK	 
REQUEST	179		Gerar Token	1603497843366	1603497862037	OK	 
REQUEST	44		Gerar Token	1603497843315	1603497862036	OK	 
REQUEST	93		Gerar Token	1603497843334	1603497862037	OK	 
REQUEST	51		Gerar Token	1603497843318	1603497862039	OK	 
REQUEST	172		Gerar Token	1603497843364	1603497862039	OK	 
REQUEST	199		Gerar Token	1603497843371	1603497862041	OK	 
REQUEST	160		Gerar Token	1603497843360	1603497862091	OK	 
REQUEST	157		Gerar Token	1603497843357	1603497862097	OK	 
REQUEST	166		Gerar Token	1603497843362	1603497862277	OK	 
REQUEST	192		Gerar Token	1603497843369	1603497862337	OK	 
REQUEST	42		request_0	1603497859829	1603497862360	OK	 
REQUEST	16		request_0	1603497861549	1603497862381	OK	 
REQUEST	171		request_0	1603497858470	1603497862381	OK	 
REQUEST	111		request_0	1603497858669	1603497862401	OK	 
REQUEST	115		request_0	1603497860089	1603497862425	OK	 
REQUEST	7		request_0	1603497857559	1603497862471	OK	 
REQUEST	27		request_0	1603497860079	1603497862486	OK	 
REQUEST	127		request_0	1603497859529	1603497862490	OK	 
REQUEST	46		request_0	1603497860079	1603497862512	OK	 
REQUEST	32		request_0	1603497861869	1603497862513	OK	 
REQUEST	64		request_0	1603497859359	1603497862534	OK	 
REQUEST	6		request_0	1603497858809	1603497862564	OK	 
REQUEST	53		request_0	1603497859529	1603497862593	OK	 
REQUEST	45		request_0	1603497857359	1603497862593	OK	 
REQUEST	8		request_0	1603497860079	1603497862632	OK	 
REQUEST	73		request_0	1603497858059	1603497862632	OK	 
REQUEST	40		request_0	1603497861749	1603497862640	OK	 
REQUEST	18		request_0	1603497857869	1603497862651	OK	 
REQUEST	19		request_0	1603497861029	1603497862651	OK	 
REQUEST	4		request_0	1603497858129	1603497862678	OK	 
REQUEST	71		request_0	1603497859548	1603497862678	OK	 
REQUEST	98		request_0	1603497860559	1603497862698	OK	 
REQUEST	26		Gerar Token	1603497843305	1603497862698	OK	 
REQUEST	50		request_0	1603497860409	1603497862717	OK	 
REQUEST	140		request_0	1603497859719	1603497862717	OK	 
REQUEST	95		request_0	1603497857769	1603497862717	OK	 
REQUEST	146		request_0	1603497859059	1603497862727	OK	 
REQUEST	125		request_0	1603497859769	1603497862744	OK	 
REQUEST	21		request_0	1603497861569	1603497862744	OK	 
REQUEST	103		request_0	1603497861149	1603497862750	OK	 
REQUEST	180		request_0	1603497860859	1603497862750	OK	 
REQUEST	87		request_0	1603497858960	1603497862768	OK	 
REQUEST	9		request_0	1603497859529	1603497862768	OK	 
REQUEST	109		request_0	1603497859059	1603497862774	OK	 
REQUEST	25		request_0	1603497858079	1603497862789	OK	 
REQUEST	156		request_0	1603497861049	1603497862789	OK	 
REQUEST	16		request_1	1603497862482	1603497862792	OK	 
REQUEST	7		request_1	1603497862482	1603497862792	OK	 
REQUEST	42		request_1	1603497862482	1603497862796	OK	 
REQUEST	115		request_1	1603497862482	1603497862796	OK	 
REQUEST	12		request_0	1603497856982	1603497862797	OK	 
REQUEST	171		request_1	1603497862482	1603497862801	OK	 
REQUEST	27		request_1	1603497862492	1603497862815	OK	 
REQUEST	111		request_1	1603497862484	1603497862818	OK	 
REQUEST	191		request_0	1603497858979	1603497862819	OK	 
REQUEST	127		request_1	1603497862497	1603497862832	OK	 
REQUEST	46		request_1	1603497862516	1603497862832	OK	 
REQUEST	89		request_0	1603497858249	1603497862855	OK	 
REQUEST	6		request_1	1603497862568	1603497862857	OK	 
REQUEST	32		request_1	1603497862518	1603497862876	OK	 
REQUEST	64		request_1	1603497862540	1603497862901	OK	 
REQUEST	3		Gerar Token	1603497843268	1603497862902	OK	 
REQUEST	188		request_0	1603497858659	1603497862920	OK	 
REQUEST	53		request_1	1603497862598	1603497862920	OK	 
REQUEST	108		request_0	1603497857469	1603497862927	OK	 
REQUEST	56		request_0	1603497860399	1603497862939	OK	 
REQUEST	19		request_1	1603497862655	1603497862959	OK	 
REQUEST	4		request_2	1603497862683	1603497862959	OK	 
REQUEST	18		request_1	1603497862656	1603497862980	OK	 
REQUEST	45		request_1	1603497862598	1603497862980	OK	 
REQUEST	73		request_1	1603497862638	1603497862980	OK	 
REQUEST	4		request_1	1603497862682	1603497862980	OK	 
REQUEST	124		request_0	1603497857660	1603497862981	OK	 
REQUEST	140		request_1	1603497862721	1603497862985	OK	 
REQUEST	40		request_1	1603497862645	1603497863002	OK	 
REQUEST	98		request_1	1603497862701	1603497863025	OK	 
REQUEST	23		request_0	1603497860079	1603497863025	OK	 
REQUEST	71		request_1	1603497862682	1603497863080	OK	 
REQUEST	69		request_0	1603497861409	1603497863079	OK	 
REQUEST	8		request_1	1603497862637	1603497863079	OK	 
REQUEST	95		request_1	1603497862722	1603497863080	OK	 
REQUEST	163		request_0	1603497859399	1603497863080	OK	 
REQUEST	37		request_0	1603497860079	1603497863087	OK	 
REQUEST	125		request_1	1603497862748	1603497863103	OK	 
REQUEST	21		request_1	1603497862749	1603497863103	OK	 
REQUEST	95		request_2	1603497862723	1603497863107	OK	 
REQUEST	50		request_1	1603497862724	1603497863108	OK	 
REQUEST	146		request_1	1603497862731	1603497863109	OK	 
REQUEST	146		request_2	1603497862732	1603497863129	OK	 
REQUEST	7		request_2	1603497862484	1603497863129	OK	 
REQUEST	103		request_1	1603497862754	1603497863130	OK	 
REQUEST	171		request_2	1603497862484	1603497863130	OK	 
REQUEST	180		request_1	1603497862754	1603497863131	OK	 
REQUEST	45		request_2	1603497862599	1603497863141	OK	 
REQUEST	9		request_1	1603497862772	1603497863141	OK	 
REQUEST	87		request_1	1603497862773	1603497863144	OK	 
REQUEST	111		request_2	1603497862487	1603497863155	OK	 
REQUEST	16		request_2	1603497862484	1603497863155	OK	 
REQUEST	73		request_2	1603497862640	1603497863155	OK	 
REQUEST	21		request_2	1603497862751	1603497863175	OK	 
REQUEST	103		request_2	1603497862756	1603497863202	OK	 
REQUEST	40		request_2	1603497862646	1603497863202	OK	 
REQUEST	98		request_2	1603497862702	1603497863202	OK	 
REQUEST	18		request_2	1603497862657	1603497863219	OK	 
REQUEST	125		request_2	1603497862750	1603497863241	OK	 
REQUEST	156		request_1	1603497862794	1603497863242	OK	 
REQUEST	109		request_1	1603497862779	1603497863244	OK	 
REQUEST	25		request_1	1603497862794	1603497863260	OK	 
REQUEST	12		request_1	1603497862802	1603497863286	OK	 
REQUEST	191		request_1	1603497862822	1603497863292	OK	 
REQUEST	109		request_2	1603497862781	1603497863306	OK	 
REQUEST	87		request_2	1603497862775	1603497863306	OK	 
REQUEST	180		request_2	1603497862755	1603497863325	OK	 
REQUEST	191		request_2	1603497862823	1603497863325	OK	 
REQUEST	12		request_2	1603497862803	1603497863325	OK	 
REQUEST	156		request_2	1603497862795	1603497863344	OK	 
REQUEST	25		request_2	1603497862796	1603497863344	OK	 
REQUEST	89		request_1	1603497862859	1603497863393	OK	 
REQUEST	89		request_2	1603497862860	1603497863396	OK	 
REQUEST	64		request_2	1603497862542	1603497863401	OK	 
REQUEST	188		request_1	1603497862924	1603497863410	OK	 
REQUEST	56		request_1	1603497862942	1603497863428	OK	 
REQUEST	23		request_1	1603497863027	1603497863429	OK	 
REQUEST	108		request_1	1603497862931	1603497863433	OK	 
REQUEST	124		request_1	1603497862983	1603497863433	OK	 
REQUEST	56		request_2	1603497862943	1603497863443	OK	 
REQUEST	124		request_2	1603497862984	1603497863442	OK	 
REQUEST	108		request_2	1603497862932	1603497863444	OK	 
REQUEST	163		request_1	1603497863083	1603497863453	OK	 
REQUEST	69		request_1	1603497863083	1603497863457	OK	 
REQUEST	37		request_1	1603497863090	1603497863457	OK	 
REQUEST	78		Gerar Token	1603497843328	1603497863473	OK	 
REQUEST	188		request_2	1603497862926	1603497863481	OK	 
REQUEST	115		request_4	1603497862483	1603497863500	OK	 
REQUEST	171		request_3	1603497862483	1603497863501	OK	 
REQUEST	42		request_3	1603497862482	1603497863501	OK	 
REQUEST	115		request_3	1603497862482	1603497863501	OK	 
REQUEST	171		request_4	1603497862483	1603497863501	OK	 
REQUEST	42		request_4	1603497862483	1603497863501	OK	 
REQUEST	7		request_4	1603497862483	1603497863501	OK	 
REQUEST	7		request_3	1603497862483	1603497863502	OK	 
REQUEST	16		request_3	1603497862483	1603497863508	OK	 
REQUEST	27		request_3	1603497862492	1603497863508	OK	 
REQUEST	27		request_4	1603497862493	1603497863508	OK	 
REQUEST	16		request_4	1603497862483	1603497863508	OK	 
REQUEST	53		request_4	1603497862599	1603497863509	OK	 
REQUEST	32		request_3	1603497862518	1603497863509	OK	 
REQUEST	46		request_4	1603497862517	1603497863509	OK	 
REQUEST	64		request_7	1603497862542	1603497863509	OK	 
REQUEST	111		request_3	1603497862486	1603497863510	OK	 
REQUEST	46		request_3	1603497862517	1603497863509	OK	 
REQUEST	111		request_4	1603497862486	1603497863510	OK	 
REQUEST	64		request_3	1603497862540	1603497863510	OK	 
REQUEST	127		request_3	1603497862498	1603497863511	OK	 
REQUEST	6		request_3	1603497862569	1603497863511	OK	 
REQUEST	127		request_4	1603497862498	1603497863511	OK	 
REQUEST	6		request_4	1603497862569	1603497863511	OK	 
REQUEST	64		request_4	1603497862541	1603497863515	OK	 
REQUEST	53		request_3	1603497862599	1603497863515	OK	 
REQUEST	45		request_4	1603497862599	1603497863515	OK	 
REQUEST	171		request_7	1603497862484	1603497863515	OK	 
REQUEST	111		request_7	1603497862487	1603497863516	OK	 
REQUEST	32		request_4	1603497862519	1603497863523	OK	 
REQUEST	18		request_3	1603497862656	1603497863523	OK	 
REQUEST	4		request_3	1603497862683	1603497863523	OK	 
REQUEST	18		request_4	1603497862656	1603497863523	OK	 
REQUEST	4		request_4	1603497862683	1603497863523	OK	 
REQUEST	19		request_4	1603497862656	1603497863523	OK	 
REQUEST	19		request_3	1603497862656	1603497863524	OK	 
REQUEST	45		request_3	1603497862598	1603497863524	OK	 
REQUEST	8		request_3	1603497862638	1603497863524	OK	 
REQUEST	73		request_3	1603497862638	1603497863524	OK	 
REQUEST	40		request_3	1603497862645	1603497863524	OK	 
REQUEST	73		request_4	1603497862639	1603497863524	OK	 
REQUEST	71		request_4	1603497862683	1603497863524	OK	 
REQUEST	8		request_4	1603497862638	1603497863525	OK	 
REQUEST	71		request_3	1603497862683	1603497863525	OK	 
REQUEST	40		request_4	1603497862646	1603497863525	OK	 
REQUEST	98		request_3	1603497862701	1603497863530	OK	 
REQUEST	98		request_4	1603497862702	1603497863530	OK	 
REQUEST	140		request_4	1603497862722	1603497863555	OK	 
REQUEST	140		request_3	1603497862722	1603497863555	OK	 
REQUEST	95		request_4	1603497862723	1603497863563	OK	 
REQUEST	50		request_4	1603497862725	1603497863563	OK	 
REQUEST	180		request_3	1603497862754	1603497863579	OK	 
REQUEST	125		request_3	1603497862749	1603497863579	OK	 
REQUEST	125		request_4	1603497862749	1603497863604	OK	 
REQUEST	146		request_3	1603497862731	1603497863604	OK	 
REQUEST	21		request_4	1603497862750	1603497863604	OK	 
REQUEST	103		request_3	1603497862755	1603497863604	OK	 
REQUEST	9		request_4	1603497862773	1603497863604	OK	 
REQUEST	95		request_3	1603497862723	1603497863604	OK	 
REQUEST	21		request_3	1603497862750	1603497863604	OK	 
REQUEST	146		request_4	1603497862732	1603497863604	OK	 
REQUEST	9		request_3	1603497862772	1603497863604	OK	 
REQUEST	103		request_4	1603497862755	1603497863604	OK	 
REQUEST	50		request_3	1603497862725	1603497863604	OK	 
REQUEST	180		request_4	1603497862755	1603497863604	OK	 
REQUEST	18		request_7	1603497862657	1603497863620	OK	 
REQUEST	109		request_3	1603497862780	1603497863620	OK	 
REQUEST	87		request_3	1603497862774	1603497863620	OK	 
REQUEST	156		request_4	1603497862795	1603497863620	OK	 
REQUEST	25		request_3	1603497862795	1603497863620	OK	 
REQUEST	109		request_7	1603497862781	1603497863620	OK	 
REQUEST	25		request_4	1603497862795	1603497863620	OK	 
REQUEST	98		request_7	1603497862703	1603497863620	OK	 
REQUEST	16		request_7	1603497862485	1603497863639	OK	 
REQUEST	146		request_7	1603497862733	1603497863639	OK	 
REQUEST	12		request_4	1603497862803	1603497863639	OK	 
REQUEST	109		request_4	1603497862780	1603497863639	OK	 
REQUEST	87		request_4	1603497862774	1603497863640	OK	 
REQUEST	73		request_7	1603497862640	1603497863640	OK	 
REQUEST	191		request_3	1603497862822	1603497863640	OK	 
REQUEST	125		request_7	1603497862751	1603497863640	OK	 
REQUEST	25		request_7	1603497862796	1603497863640	OK	 
REQUEST	7		request_7	1603497862484	1603497863640	OK	 
REQUEST	12		request_7	1603497862804	1603497863667	OK	 
REQUEST	21		request_7	1603497862751	1603497863667	OK	 
REQUEST	191		request_4	1603497862823	1603497863667	OK	 
REQUEST	89		request_3	1603497862860	1603497863667	OK	 
REQUEST	103		request_7	1603497862756	1603497863667	OK	 
REQUEST	180		request_7	1603497862756	1603497863667	OK	 
REQUEST	95		request_7	1603497862724	1603497863667	OK	 
REQUEST	45		request_7	1603497862599	1603497863667	OK	 
REQUEST	4		request_7	1603497862684	1603497863667	OK	 
REQUEST	12		request_3	1603497862802	1603497863668	OK	 
REQUEST	156		request_3	1603497862794	1603497863668	OK	 
REQUEST	156		request_7	1603497862796	1603497863669	OK	 
REQUEST	5		Gerar Token	1603497843270	1603497863687	OK	 
REQUEST	89		request_4	1603497862860	1603497863708	OK	 
REQUEST	147		request_0	1603497862559	1603497863708	OK	 
REQUEST	23		request_4	1603497863028	1603497863731	OK	 
REQUEST	56		request_3	1603497862942	1603497863731	OK	 
REQUEST	188		request_4	1603497862925	1603497863731	OK	 
REQUEST	163		request_4	1603497863084	1603497863731	OK	 
REQUEST	23		request_3	1603497863027	1603497863732	OK	 
REQUEST	124		request_4	1603497862984	1603497863732	OK	 
REQUEST	56		request_4	1603497862943	1603497863732	OK	 
REQUEST	112		request_0	1603497862559	1603497863732	OK	 
REQUEST	108		request_4	1603497862931	1603497863732	OK	 
REQUEST	108		request_3	1603497862931	1603497863732	OK	 
REQUEST	118		Gerar Token	1603497843342	1603497863732	OK	 
REQUEST	124		request_3	1603497862983	1603497863734	OK	 
REQUEST	188		request_3	1603497862925	1603497863734	OK	 
REQUEST	37		request_3	1603497863090	1603497863751	OK	 
REQUEST	163		request_3	1603497863084	1603497863752	OK	 
REQUEST	69		request_4	1603497863084	1603497863752	OK	 
REQUEST	40		request_7	1603497862647	1603497863752	OK	 
REQUEST	124		request_7	1603497862984	1603497863752	OK	 
REQUEST	69		request_3	1603497863084	1603497863752	OK	 
REQUEST	37		request_4	1603497863091	1603497863753	OK	 
REQUEST	188		request_7	1603497862926	1603497863771	OK	 
REQUEST	87		request_7	1603497862776	1603497863771	OK	 
REQUEST	89		request_7	1603497862861	1603497863771	OK	 
REQUEST	56		request_7	1603497862943	1603497863771	OK	 
REQUEST	108		request_7	1603497862932	1603497863771	OK	 
REQUEST	106		Gerar Token	1603497843338	1603497863772	OK	 
REQUEST	104		Gerar Token	1603497843338	1603497863773	OK	 
REQUEST	29		Gerar Token	1603497843308	1603497863773	OK	 
REQUEST	144		Gerar Token	1603497843353	1603497863773	OK	 
REQUEST	191		request_7	1603497862823	1603497863789	OK	 
REQUEST	1		Gerar Token	1603497843264	1603497863789	OK	 
REQUEST	147		request_1	1603497863711	1603497863792	OK	 
REQUEST	112		request_1	1603497863735	1603497863793	OK	 
REQUEST	113		Gerar Token	1603497843340	1603497863797	OK	 
REQUEST	128		Gerar Token	1603497843348	1603497863797	OK	 
REQUEST	54		Gerar Token	1603497843319	1603497863808	OK	 
REQUEST	22		request_0	1603497863160	1603497863818	OK	 
REQUEST	193		Gerar Token	1603497843369	1603497863818	OK	 
REQUEST	107		request_0	1603497863409	1603497863827	OK	 
REQUEST	62		request_0	1603497863459	1603497863839	OK	 
REQUEST	133		request_0	1603497863279	1603497863839	OK	 
REQUEST	147		request_2	1603497863712	1603497863840	OK	 
REQUEST	112		request_2	1603497863737	1603497863847	OK	 
REQUEST	147		request_3	1603497863711	1603497863853	OK	 
REQUEST	112		request_3	1603497863736	1603497863861	OK	 
REQUEST	22		request_1	1603497863822	1603497863868	OK	 
REQUEST	112		request_4	1603497863736	1603497863868	OK	 
REQUEST	107		request_1	1603497863829	1603497863868	OK	 
REQUEST	147		request_4	1603497863712	1603497863878	OK	 
REQUEST	62		request_1	1603497863841	1603497863878	OK	 
REQUEST	133		request_1	1603497863841	1603497863879	OK	 
REQUEST	96		request_0	1603497863660	1603497863907	OK	 
REQUEST	22		request_3	1603497863822	1603497863914	OK	 
REQUEST	22		request_4	1603497863822	1603497863915	OK	 
REQUEST	107		request_3	1603497863830	1603497863928	OK	 
REQUEST	133		request_4	1603497863842	1603497863928	OK	 
REQUEST	62		request_4	1603497863842	1603497863928	OK	 
REQUEST	107		request_4	1603497863830	1603497863929	OK	 
REQUEST	133		request_3	1603497863842	1603497863929	OK	 
REQUEST	62		request_3	1603497863842	1603497863929	OK	 
REQUEST	99		request_0	1603497863779	1603497863929	OK	 
REQUEST	147		request_7	1603497863713	1603497863934	OK	 
REQUEST	96		request_1	1603497863909	1603497863936	OK	 
REQUEST	22		request_7	1603497863823	1603497863940	OK	 
REQUEST	112		request_7	1603497863737	1603497863940	OK	 
REQUEST	62		request_7	1603497863844	1603497863940	OK	 
REQUEST	133		request_7	1603497863844	1603497863940	OK	 
REQUEST	133		request_2	1603497863843	1603497863941	OK	 
REQUEST	62		request_2	1603497863843	1603497863949	OK	 
REQUEST	22		request_2	1603497863823	1603497863949	OK	 
REQUEST	99		request_1	1603497863931	1603497863959	OK	 
REQUEST	96		request_4	1603497863910	1603497863990	OK	 
REQUEST	96		request_3	1603497863910	1603497863990	OK	 
REQUEST	99		request_3	1603497863931	1603497864003	OK	 
REQUEST	99		request_4	1603497863932	1603497864012	OK	 
REQUEST	183		Gerar Token	1603497843367	1603497864137	OK	 
REQUEST	96		request_7	1603497863911	1603497864146	OK	 
REQUEST	99		request_2	1603497863932	1603497864146	OK	 
REQUEST	99		request_7	1603497863932	1603497864146	OK	 
REQUEST	96		request_2	1603497863911	1603497864146	OK	 
REQUEST	83		Gerar Token	1603497843330	1603497864169	OK	 
REQUEST	33		request_0	1603497864159	1603497864257	OK	 
REQUEST	165		request_0	1603497864159	1603497864264	OK	 
REQUEST	33		request_1	1603497864260	1603497864281	OK	 
REQUEST	165		request_1	1603497864266	1603497864288	OK	 
REQUEST	100		Gerar Token	1603497843336	1603497864316	OK	 
REQUEST	165		request_2	1603497864267	1603497864333	OK	 
REQUEST	33		request_2	1603497864261	1603497864333	OK	 
REQUEST	36		Gerar Token	1603497843312	1603497864333	OK	 
REQUEST	165		request_3	1603497864267	1603497864358	OK	 
REQUEST	33		request_4	1603497864261	1603497864358	OK	 
REQUEST	165		request_4	1603497864267	1603497864369	OK	 
REQUEST	33		request_3	1603497864260	1603497864369	OK	 
REQUEST	30		Gerar Token	1603497843308	1603497864387	OK	 
REQUEST	165		request_7	1603497864267	1603497864552	OK	 
REQUEST	33		request_7	1603497864261	1603497864552	OK	 
REQUEST	101		Gerar Token	1603497843337	1603497864592	OK	 
REQUEST	72		Gerar Token	1603497843326	1603497864744	OK	 
REQUEST	186		Gerar Token	1603497843368	1603497864795	OK	 
REQUEST	74		Gerar Token	1603497843327	1603497864842	OK	 
REQUEST	114		Gerar Token	1603497843341	1603497864896	OK	 
REQUEST	168		Gerar Token	1603497843363	1603497864939	OK	 
REQUEST	143		Gerar Token	1603497843353	1603497864998	OK	 
REQUEST	116		Gerar Token	1603497843341	1603497865086	OK	 
REQUEST	52		Gerar Token	1603497843318	1603497865125	OK	 
REQUEST	149		Gerar Token	1603497843355	1603497865175	OK	 
REQUEST	153		Gerar Token	1603497843356	1603497865383	OK	 
REQUEST	48		Gerar Token	1603497843317	1603497865440	OK	 
REQUEST	65		Gerar Token	1603497843324	1603497865486	OK	 
REQUEST	66		Gerar Token	1603497843324	1603497865486	OK	 
REQUEST	11		Gerar Token	1603497843294	1603497865486	OK	 
REQUEST	46		request_2	1603497862518	1603497865495	OK	 
REQUEST	42		request_2	1603497862484	1603497865495	OK	 
REQUEST	115		request_2	1603497862484	1603497865495	OK	 
REQUEST	8		request_2	1603497862639	1603497865495	OK	 
REQUEST	53		request_2	1603497862600	1603497865509	OK	 
REQUEST	50		request_2	1603497862726	1603497865509	OK	 
REQUEST	140		request_2	1603497862723	1603497865509	OK	 
REQUEST	19		request_2	1603497862657	1603497865509	OK	 
REQUEST	6		request_2	1603497862570	1603497865509	OK	 
REQUEST	127		request_2	1603497862499	1603497865509	OK	 
REQUEST	71		request_2	1603497862683	1603497865510	OK	 
REQUEST	27		request_2	1603497862493	1603497865510	OK	 
REQUEST	9		request_2	1603497862773	1603497865510	OK	 
REQUEST	32		request_2	1603497862519	1603497865510	OK	 
REQUEST	37		request_2	1603497863091	1603497865521	OK	 
REQUEST	163		request_2	1603497863085	1603497865581	OK	 
REQUEST	46		request_7	1603497862518	1603497865589	OK	 
REQUEST	115		request_7	1603497862484	1603497865589	OK	 
REQUEST	69		request_2	1603497863085	1603497865589	OK	 
REQUEST	145		request_0	1603497865479	1603497865608	OK	 
REQUEST	19		request_7	1603497862660	1603497865621	OK	 
REQUEST	6		request_7	1603497862570	1603497865621	OK	 
REQUEST	42		request_7	1603497862484	1603497865621	OK	 
REQUEST	27		request_7	1603497862494	1603497865621	OK	 
REQUEST	127		request_7	1603497862500	1603497865621	OK	 
REQUEST	8		request_7	1603497862639	1603497865621	OK	 
REQUEST	23		request_2	1603497863028	1603497865621	OK	 
REQUEST	71		request_7	1603497862684	1603497865622	OK	 
REQUEST	50		request_7	1603497862726	1603497865628	OK	 
REQUEST	32		request_7	1603497862520	1603497865628	OK	 
REQUEST	140		request_7	1603497862723	1603497865628	OK	 
REQUEST	163		request_7	1603497863085	1603497865628	OK	 
REQUEST	69		request_7	1603497863085	1603497865628	OK	 
REQUEST	9		request_7	1603497862774	1603497865635	OK	 
REQUEST	145		request_1	1603497865611	1603497865635	OK	 
REQUEST	53		request_7	1603497862600	1603497865635	OK	 
REQUEST	85		Gerar Token	1603497843331	1603497865635	OK	 
REQUEST	145		request_2	1603497865613	1603497865646	OK	 
REQUEST	23		request_7	1603497863028	1603497865685	OK	 
REQUEST	37		request_7	1603497863091	1603497865685	OK	 
REQUEST	145		request_3	1603497865612	1603497865685	OK	 
REQUEST	145		request_4	1603497865612	1603497865685	OK	 
REQUEST	107		request_2	1603497863830	1603497865685	OK	 
REQUEST	107		request_7	1603497863831	1603497865685	OK	 
REQUEST	145		request_7	1603497865613	1603497865725	OK	 
REQUEST	119		Gerar Token	1603497843342	1603497865837	OK	 
REQUEST	126		Gerar Token	1603497843345	1603497865837	OK	 
REQUEST	151		Gerar Token	1603497843355	1603497865838	OK	 
REQUEST	68		Gerar Token	1603497843325	1603497865892	OK	 
REQUEST	70		Gerar Token	1603497843326	1603497865900	OK	 
REQUEST	67		Gerar Token	1603497843325	1603497865900	OK	 
REQUEST	90		Gerar Token	1603497843333	1603497866088	OK	 
REQUEST	79		Gerar Token	1603497843329	1603497866088	OK	 
REQUEST	81		Gerar Token	1603497843330	1603497866198	OK	 
REQUEST	200		Gerar Token	1603497843371	1603497866198	OK	 
REQUEST	129		Gerar Token	1603497843349	1603497866200	OK	 
REQUEST	91		Gerar Token	1603497843333	1603497866292	OK	 
REQUEST	131		Gerar Token	1603497843349	1603497866292	OK	 
REQUEST	161		Gerar Token	1603497843361	1603497866292	OK	 
REQUEST	158		Gerar Token	1603497843357	1603497866292	OK	 
REQUEST	142		Gerar Token	1603497843352	1603497866300	OK	 
REQUEST	75		Gerar Token	1603497843327	1603497866322	OK	 
REQUEST	198		Gerar Token	1603497843370	1603497866322	OK	 
REQUEST	148		Gerar Token	1603497843354	1603497866322	OK	 
REQUEST	155		Gerar Token	1603497843356	1603497866403	OK	 
REQUEST	123		Gerar Token	1603497843344	1603497866404	OK	 
REQUEST	17		request_0	1603497866359	1603497866461	OK	 
REQUEST	17		request_1	1603497866464	1603497866486	OK	 
REQUEST	184		Gerar Token	1603497843367	1603497866486	OK	 
REQUEST	88		Gerar Token	1603497843332	1603497866487	OK	 
REQUEST	2		Gerar Token	1603497843267	1603497866493	OK	 
REQUEST	117		Gerar Token	1603497843342	1603497866493	OK	 
REQUEST	17		request_2	1603497866465	1603497866495	OK	 
REQUEST	17		request_7	1603497866465	1603497866546	OK	 
REQUEST	17		request_3	1603497866464	1603497866554	OK	 
REQUEST	17		request_4	1603497866464	1603497866554	OK	 
REQUEST	170		Gerar Token	1603497843363	1603497866591	OK	 
REQUEST	189		Gerar Token	1603497843368	1603497866620	OK	 
REQUEST	58		Gerar Token	1603497843321	1603497866713	OK	 
REQUEST	187		Gerar Token	1603497843368	1603497866713	OK	 
REQUEST	49		request_0	1603497866639	1603497866744	OK	 
REQUEST	49		request_1	1603497866746	1603497866768	OK	 
REQUEST	105		Gerar Token	1603497843338	1603497866795	OK	 
REQUEST	49		request_2	1603497866747	1603497866805	OK	 
REQUEST	49		