RUN	basic.CadastrarAnuncio1	cadastraranuncio1	1603499201998	teste	3.0.2
USER	CadastrarAnuncio	1	START	1603499204340	1603499204340
USER	CadastrarAnuncio	2	START	1603499204368	1603499204368
REQUEST	2		Gerar Token	1603499204369	1603499209888	OK	 
REQUEST	1		Gerar Token	1603499204366	1603499209888	OK	 
REQUEST	1		Post_Anuncio	1603499214910	1603499220058	OK	 
REQUEST	2		Post_Anuncio	1603499214910	1603499220072	OK	 
REQUEST	1		Post_Anuncio Redirect 1	1603499220065	1603499220115	OK	 
REQUEST	2		Post_Anuncio Redirect 1	1603499220073	1603499220115	OK	 
REQUEST	1		Post_Anuncio Redirect 2	1603499220116	1603499220150	OK	 
REQUEST	2		Post_Anuncio Redirect 2	1603499220116	1603499220150	OK	 
REQUEST	2		Post_Anuncio Redirect 3	1603499220151	1603499220184	OK	 
REQUEST	1		Post_Anuncio Redirect 3	1603499220151	1603499220184	OK	 
REQUEST	2		Post_Anuncio Redirect 4	1603499220185	1603499220226	OK	 
REQUEST	1		Post_Anuncio Redirect 4	1603499220185	1603499220226	OK	 
REQUEST	2		Post_Anuncio Redirect 5	1603499220227	1603499220250	OK	 
REQUEST	1		Post_Anuncio Redirect 5	1603499220227	1603499220257	OK	 
REQUEST	2		Post_Anuncio Redirect 6	1603499220251	1603499220277	OK	 
REQUEST	1		Post_Anuncio Redirect 6	1603499220258	1603499220284	OK	 
REQUEST	1		Post_Anuncio Redirect 7	1603499220285	1603499220320	OK	 
REQUEST	2		Post_Anuncio Redirect 7	1603499220278	1603499220320	OK	 
REQUEST	2		Post_Anuncio Redirect 8	1603499220321	1603499220345	OK	 
REQUEST	1		Post_Anuncio Redirect 8	1603499220321	1603499220357	OK	 
REQUEST	2		Post_Anuncio Redirect 9	1603499220346	1603499220377	OK	 
REQUEST	1		Post_Anuncio Redirect 9	1603499220358	1603499220383	OK	 
REQUEST	2		Post_Anuncio Redirect 10	1603499220378	1603499220419	OK	 
REQUEST	1		Post_Anuncio Redirect 10	1603499220384	1603499220419	OK	 
REQUEST	1		Post_Anuncio Redirect 11	1603499220420	1603499220449	OK	 
REQUEST	2		Post_Anuncio Redirect 11	1603499220420	1603499220449	OK	 
REQUEST	1		Post_Anuncio Redirect 12	1603499220450	1603499220474	OK	 
REQUEST	2		Post_Anuncio Redirect 12	1603499220450	1603499220474	OK	 
REQUEST	2		Post_Anuncio Redirect 13	1603499220476	1603499220534	OK	 
REQUEST	1		Post_Anuncio Redirect 13	1603499220476	1603499220534	OK	 
REQUEST	1		Post_Anuncio Redirect 14	1603499220536	1603499220559	OK	 
REQUEST	2		Post_Anuncio Redirect 14	1603499220536	1603499220560	OK	 
REQUEST	1		Post_Anuncio Redirect 15	1603499220561	1603499220584	OK	 
REQUEST	2		Post_Anuncio Redirect 15	1603499220561	1603499220585	OK	 
REQUEST	1		Post_Anuncio Redirect 16	1603499220586	1603499220628	OK	 
REQUEST	2		Post_Anuncio Redirect 16	1603499220586	1603499220628	OK	 
REQUEST	2		Post_Anuncio Redirect 17	1603499220629	1603499220650	OK	 
REQUEST	1		Post_Anuncio Redirect 17	1603499220629	1603499220659	OK	 
REQUEST	2		Post_Anuncio Redirect 18	1603499220651	1603499220671	OK	 
REQUEST	1		Post_Anuncio Redirect 18	1603499220660	1603499220685	OK	 
REQUEST	2		Post_Anuncio Redirect 19	1603499220673	1603499220712	OK	 
REQUEST	1		Post_Anuncio Redirect 19	1603499220686	1603499220735	OK	 
REQUEST	2		Post_Anuncio Redirect 20	1603499220713	1603499220744	KO	Too many redirects, max is 20
REQUEST	1		Post_Anuncio Redirect 20	1603499220736	1603499220755	KO	Too many redirects, max is 20
USER	CadastrarAnuncio	2	END	1603499204368	1603499220763
USER	CadastrarAnuncio	1	END	1603499204340	1603499220763
