RUN	basic.CadastrarAnuncio1	cadastraranuncio1	1603498513115	teste	3.0.2
USER	CadastrarAnuncio	1	START	1603498515488	1603498515488
USER	CadastrarAnuncio	2	START	1603498515521	1603498515521
REQUEST	2		Gerar Token	1603498515526	1603498521045	OK	 
REQUEST	1		Gerar Token	1603498515518	1603498521045	OK	 
REQUEST	1		Post_Empresa	1603498526071	1603498531219	OK	 
REQUEST	2		Post_Empresa	1603498526071	1603498531219	OK	 
REQUEST	1		Post_Empresa Redirect 1	1603498531226	1603498531274	OK	 
REQUEST	2		Post_Empresa Redirect 1	1603498531226	1603498531274	OK	 
REQUEST	1		Post_Empresa Redirect 2	1603498531275	1603498531309	OK	 
REQUEST	2		Post_Empresa Redirect 2	1603498531275	1603498531309	OK	 
REQUEST	1		Post_Empresa Redirect 3	1603498531311	1603498531334	OK	 
REQUEST	2		Post_Empresa Redirect 3	1603498531311	1603498531342	OK	 
REQUEST	2		Post_Empresa Redirect 4	1603498531344	1603498531374	OK	 
REQUEST	1		Post_Empresa Redirect 4	1603498531335	1603498531374	OK	 
REQUEST	2		Post_Empresa Redirect 5	1603498531376	1603498531406	OK	 
REQUEST	1		Post_Empresa Redirect 5	1603498531376	1603498531406	OK	 
REQUEST	1		Post_Empresa Redirect 6	1603498531408	1603498531434	OK	 
REQUEST	2		Post_Empresa Redirect 6	1603498531406	1603498531434	OK	 
REQUEST	2		Post_Empresa Redirect 7	1603498531434	1603498531472	OK	 
REQUEST	1		Post_Empresa Redirect 7	1603498531434	1603498531472	OK	 
REQUEST	2		Post_Empresa Redirect 8	1603498531473	1603498531499	OK	 
REQUEST	1		Post_Empresa Redirect 8	1603498531473	1603498531499	OK	 
REQUEST	2		Post_Empresa Redirect 9	1603498531500	1603498531525	OK	 
REQUEST	1		Post_Empresa Redirect 9	1603498531500	1603498531525	OK	 
REQUEST	1		Post_Empresa Redirect 10	1603498531527	1603498531567	OK	 
REQUEST	2		Post_Empresa Redirect 10	1603498531526	1603498531567	OK	 
REQUEST	2		Post_Empresa Redirect 11	1603498531568	1603498531593	OK	 
REQUEST	1		Post_Empresa Redirect 11	1603498531568	1603498531593	OK	 
REQUEST	2		Post_Empresa Redirect 12	1603498531594	1603498531619	OK	 
REQUEST	1		Post_Empresa Redirect 12	1603498531595	1603498531626	OK	 
REQUEST	2		Post_Empresa Redirect 13	1603498531620	1603498531651	OK	 
REQUEST	1		Post_Empresa Redirect 13	1603498531628	1603498531666	OK	 
REQUEST	2		Post_Empresa Redirect 14	1603498531652	1603498531677	OK	 
REQUEST	1		Post_Empresa Redirect 14	1603498531667	1603498531693	OK	 
REQUEST	2		Post_Empresa Redirect 15	1603498531678	1603498531707	OK	 
REQUEST	1		Post_Empresa Redirect 15	1603498531694	1603498531722	OK	 
REQUEST	2		Post_Empresa Redirect 16	1603498531709	1603498531745	OK	 
REQUEST	1		Post_Empresa Redirect 16	1603498531724	1603498531758	OK	 
REQUEST	2		Post_Empresa Redirect 17	1603498531746	1603498531770	OK	 
REQUEST	1		Post_Empresa Redirect 17	1603498531759	1603498531785	OK	 
REQUEST	2		Post_Empresa Redirect 18	1603498531771	1603498531796	OK	 
REQUEST	1		Post_Empresa Redirect 18	1603498531786	1603498531807	OK	 
REQUEST	2		Post_Empresa Redirect 19	1603498531797	1603498531855	OK	 
REQUEST	1		Post_Empresa Redirect 19	1603498531808	1603498531855	OK	 
REQUEST	1		Post_Empresa Redirect 20	1603498531856	1603498531880	KO	Too many redirects, max is 20
REQUEST	2		Post_Empresa Redirect 20	1603498531856	1603498531880	KO	Too many redirects, max is 20
USER	CadastrarAnuncio	2	END	1603498515521	1603498531900
USER	CadastrarAnuncio	1	END	1603498515488	1603498531900
