RUN	basic.SeapPesquisarReuniao	seappesquisarreuniao	1602163515301	teste	3.0.2
USER	SeapPesquisarReuniao	1	START	1602163517715	1602163517715
REQUEST	1		request_7	1602163517738	1602163522975	KO	status.find.in(200,201,202,203,204,205,206,207,208,209,304), found 400
REQUEST	1		request_9	1602163528009	1602163533292	OK	 
REQUEST	1		request_10	1602163533323	1602163533349	OK	 
REQUEST	1		request_12	1602163533324	1602163533438	OK	 
REQUEST	1		request_13	1602163533324	1602163533445	OK	 
REQUEST	1		request_15	1602163533324	1602163533466	OK	 
REQUEST	1		request_19	1602163533325	1602163533467	OK	 
REQUEST	1		request_20	1602163535466	1602163540765	OK	 
REQUEST	1		request_21	1602163540771	1602163540828	OK	 
REQUEST	1		request_22	1602163544826	1602163544854	OK	 
ERROR	request_26: Failed to build request: Resource seap/seappesquisarreuniao/0026_request.json not found 	1602163544860
ERROR	request_29: Failed to build request: Resource seap/seappesquisarreuniao/0029_request.json not found 	1602163544861
REQUEST	1		request_23	1602163544863	1602163544884	OK	 
REQUEST	1		request_28	1602163544865	1602163544890	OK	 
REQUEST	1		request_24	1602163544864	1602163544892	OK	 
REQUEST	1		request_30	1602163550886	1602163550913	OK	 
ERROR	request_31: Failed to build request: Resource seap/seappesquisarreuniao/0031_request.json not found 	1602163550914
REQUEST	1		request_32	1602163576915	1602163576969	OK	 
REQUEST	1		request_33	1602163576971	1602163577024	OK	 
USER	SeapPesquisarReuniao	1	END	1602163517715	1602163577030
