RUN	basic.SeapPesquisarReuniao	seappesquisarreuniao	1602163655546	teste	3.0.2
USER	SeapPesquisarReuniao	1	START	1602163657977	1602163657977
REQUEST	1		request_7	1602163658014	1602163663232	KO	status.find.in(200,201,202,203,204,205,206,207,208,209,304), found 400
REQUEST	1		request_9	1602163668258	1602163673594	OK	 
REQUEST	1		request_10	1602163673631	1602163673659	OK	 
REQUEST	1		request_12	1602163673632	1602163673750	OK	 
REQUEST	1		request_13	1602163673633	1602163673750	OK	 
REQUEST	1		request_19	1602163673634	1602163673761	OK	 
REQUEST	1		request_15	1602163673634	1602163673762	OK	 
REQUEST	1		request_20	1602163675756	1602163681049	OK	 
REQUEST	1		request_21	1602163681057	1602163681112	OK	 
REQUEST	1		request_22	1602163685115	1602163685142	OK	 
ERROR	request_26: Failed to build request: Resource seap/seappesquisarreuniao/0026_request.json not found 	1602163685149
ERROR	request_29: Failed to build request: Resource seap/seappesquisarreuniao/0029_request.json not found 	1602163685150
REQUEST	1		request_24	1602163685152	1602163685181	OK	 
REQUEST	1		request_23	1602163685151	1602163685182	OK	 
REQUEST	1		request_28	1602163685153	1602163685183	OK	 
REQUEST	1		request_30	1602163691185	1602163691219	OK	 
ERROR	request_31: Failed to build request: Resource seap/seappesquisarreuniao/0031_request.json not found 	1602163691219
REQUEST	1		request_32	1602163717226	1602163717281	OK	 
REQUEST	1		request_33	1602163717284	1602163717339	OK	 
USER	SeapPesquisarReuniao	1	END	1602163657977	1602163717348
