RUN	basic.ListarAnuncios2	listaranuncios2	1603215545477	teste	3.0.2
USER	ListarAnuncios2	1	START	1603215547815	1603215547815
REQUEST	1		request_0	1603215547833	1603215553123	OK	 
REQUEST	1		request_1	1603215568325	1603215573373	OK	 
REQUEST	1		request_3	1603215568328	1603215573469	OK	 
REQUEST	1		req_duvida_todos	1603215558261	1603215573501	OK	 
REQUEST	1		Acesso_Pagina_login_1	1603215568331	1603215573523	OK	 
REQUEST	1		request_7	1603215573363	1603215573545	OK	 
REQUEST	1		req_Listar_com_filhos_1	1603215563290	1603215573547	OK	 
REQUEST	1		request_4	1603215568329	1603215573565	OK	 
REQUEST	1		request_18	1603215573364	1603215573570	OK	 
REQUEST	1		request_14	1603215553230	1603215573663	OK	 
REQUEST	1		css?family=Ubuntu:700,500,400,300,600&display=swap	1603215568322	1603215573676	OK	 
REQUEST	1		css?family=Cantarell:700,500,400,300,600&display=swap	1603215568324	1603215573690	OK	 
REQUEST	1		css?family=Roboto:700,500,400,300,600&display=swap	1603215563291	1603215573709	OK	 
REQUEST	1		css?family=Montserrat:700,500,400,300,600&display=swap	1603215568323	1603215573719	OK	 
REQUEST	1		Autenticacao	1603215574755	1603215574808	OK	 
REQUEST	1		Autenticacao Redirect 1	1603215574817	1603215574866	OK	 
REQUEST	1		request_29	1603215574900	1603215574924	OK	 
REQUEST	1		req_Listar_com_filhos_2	1603215574899	1603215574925	OK	 
REQUEST	1		request_33	1603215574901	1603215574926	OK	 
REQUEST	1		request_43	1603215574898	1603215574927	OK	 
REQUEST	1		request_39	1603215574902	1603215574932	OK	 
REQUEST	1		request_31	1603215574903	1603215574939	OK	 
REQUEST	1		request_34	1603215574897	1603215574945	OK	 
REQUEST	1		request_32	1603215574904	1603215574947	OK	 
REQUEST	1		request_36	1603215574905	1603215574955	OK	 
REQUEST	1		icon?family=Material+Icons|Material+Icons+Outlined	1603215574900	1603215575016	OK	 
REQUEST	1		request_40	1603215574902	1603215575056	OK	 
REQUEST	1		request_38	1603215574898	1603215575063	OK	 
REQUEST	1		Autenticacao_Geracao_token_1	1603215574905	1603215575081	OK	 
REQUEST	1		Autenticacao_Geracao_token_1	1603215575083	1603215575115	OK	 
REQUEST	1		request_49	1603215582124	1603215582173	OK	 
REQUEST	1		request_51	1603215582184	1603215582216	OK	 
REQUEST	1		request_56	1603215582188	1603215582217	OK	 
REQUEST	1		request_52	1603215582186	1603215582218	OK	 
REQUEST	1		request_57	1603215582189	1603215582219	OK	 
REQUEST	1		request_50	1603215582187	1603215582242	OK	 
REQUEST	1		request_58	1603215582190	1603215582333	OK	 
REQUEST	1		req_Listar_com_filhos_6	1603215582191	1603215582348	KO	status.find.in(200,201,202,203,204,205,206,207,208,209,304), found 401
REQUEST	1		request_63	1603215584353	1603215584402	OK	 
REQUEST	1		request_64	1603215584406	1603215584431	OK	 
REQUEST	1		request_65	1603215584408	1603215584437	OK	 
REQUEST	1		req_Listar_com_filhos_7	1603215584410	1603215584439	KO	status.find.in(200,201,202,203,204,205,206,207,208,209,304), found 401
REQUEST	1		request_69	1603215584411	1603215584463	KO	status.find.in(200,201,202,203,204,205,206,207,208,209,304), found 401
REQUEST	1		request_71	1603215586462	1603215586511	OK	 
REQUEST	1		request_73	1603215586521	1603215586546	OK	 
REQUEST	1		request_74	1603215586522	1603215586547	OK	 
REQUEST	1		request_79	1603215586525	1603215586553	OK	 
REQUEST	1		request_78	1603215586524	1603215586554	OK	 
REQUEST	1		request_80	1603215586525	1603215586556	OK	 
REQUEST	1		req_Listar_com_filhos_9	1603215586526	1603215586570	KO	status.find.in(200,201,202,203,204,205,206,207,208,209,304), found 401
REQUEST	1		request_72	1603215586523	1603215586575	OK	 
REQUEST	1		request_98	1603215586553	1603215586584	OK	 
REQUEST	1		request_99	1603215586555	1603215586585	OK	 
REQUEST	1		request_100	1603215586556	1603215586586	OK	 
REQUEST	1		request_101	1603215586571	1603215586602	OK	 
REQUEST	1		request_102	1603215586584	1603215586617	OK	 
REQUEST	1		request_103	1603215586586	1603215586618	OK	 
REQUEST	1		request_104	1603215586587	1603215586619	OK	 
REQUEST	1		request_105	1603215586603	1603215586634	OK	 
REQUEST	1		request_96	1603215586527	1603215586659	OK	 
REQUEST	1		request_97	1603215586528	1603215586669	OK	 
REQUEST	1		request_121	1603215591672	1603215591721	OK	 
REQUEST	1		request_122	1603215591731	1603215591755	OK	 
REQUEST	1		request_126	1603215591734	1603215591761	OK	 
REQUEST	1		request_123	1603215591732	1603215591764	OK	 
REQUEST	1		request_127	1603215591735	1603215591765	OK	 
REQUEST	1		req_Listar_com_filhos_10	1603215591735	1603215591766	KO	status.find.in(200,201,202,203,204,205,206,207,208,209,304), found 401
REQUEST	1		request_136	1603215591736	1603215591781	OK	 
REQUEST	1		request_137	1603215591737	1603215591782	OK	 
REQUEST	1		request_140	1603215591738	1603215591783	OK	 
REQUEST	1		request_141	1603215591762	1603215591788	OK	 
REQUEST	1		request_147	1603215596783	1603215596836	OK	 
REQUEST	1		request_148	1603215596841	1603215596871	OK	 
REQUEST	1		request_149	1603215596842	1603215596872	OK	 
REQUEST	1		req_Listar_com_filhos_12	1603215596845	1603215596873	KO	status.find.in(200,201,202,203,204,205,206,207,208,209,304), found 401
REQUEST	1		request_153	1603215596847	1603215596885	KO	status.find.in(200,201,202,203,204,205,206,207,208,209,304), found 401
REQUEST	1		request_155	1603215599893	1603215599943	OK	 
REQUEST	1		request_156	1603215599946	1603215599977	OK	 
REQUEST	1		request_157	1603215599947	1603215599978	OK	 
REQUEST	1		request_159	1603215599948	1603215599979	OK	 
REQUEST	1		req_Listar_com_filhos_14	1603215599949	1603215599980	KO	status.find.in(200,201,202,203,204,205,206,207,208,209,304), found 401
REQUEST	1		request_167	1603215602973	1603215603022	OK	 
REQUEST	1		request_172	1603215603037	1603215603064	OK	 
REQUEST	1		request_174	1603215603039	1603215603067	OK	 
REQUEST	1		req_Listar_com_filhos_15	1603215603038	1603215603072	KO	status.find.in(200,201,202,203,204,205,206,207,208,209,304), found 401
REQUEST	1		request_168	1603215603033	1603215603073	OK	 
REQUEST	1		request_169	1603215603035	1603215603074	OK	 
REQUEST	1		request_183	1603215603041	1603215603079	OK	 
REQUEST	1		request_182	1603215603040	1603215603081	OK	 
REQUEST	1		request_184	1603215603043	1603215603081	OK	 
REQUEST	1		request_185	1603215603065	1603215603096	OK	 
REQUEST	1		request_192	1603215606102	1603215606125	OK	 
REQUEST	1		request_193	1603215606129	1603215606157	OK	 
REQUEST	1		request_194	1603215606131	1603215606158	OK	 
REQUEST	1		req_Listar_com_filhos_15	1603215606133	1603215606170	KO	status.find.in(200,201,202,203,204,205,206,207,208,209,304), found 401
REQUEST	1		request_198	1603215606135	1603215606178	KO	status.find.in(200,201,202,203,204,205,206,207,208,209,304), found 401
REQUEST	1		request_195	1603215606132	1603215606232	OK	 
REQUEST	1		request_201	1603215610243	1603215610293	OK	 
REQUEST	1		request_202	1603215610301	1603215610324	OK	 
REQUEST	1		request_203	1603215610303	1603215610331	OK	 
REQUEST	1		request_208	1603215610305	1603215610333	OK	 
REQUEST	1		req_Listar_com_filhos_16	1603215610304	1603215610338	KO	status.find.in(200,201,202,203,204,205,206,207,208,209,304), found 401
REQUEST	1		request_215	1603215610309	1603215610347	OK	 
REQUEST	1		request_210	1603215610308	1603215610348	OK	 
REQUEST	1		request_209	1603215610306	1603215610349	OK	 
REQUEST	1		request_217	1603215611343	1603215611394	OK	 
REQUEST	1		request_218	1603215611403	1603215611434	OK	 
REQUEST	1		request_219	1603215611404	1603215611435	OK	 
REQUEST	1		request_223	1603215611406	1603215611436	OK	 
REQUEST	1		request_222	1603215611405	1603215611438	OK	 
REQUEST	1		req_Listar_com_filhos_17	1603215611407	1603215611444	KO	status.find.in(200,201,202,203,204,205,206,207,208,209,304), found 401
REQUEST	1		request_233	1603215611408	1603215611445	OK	 
REQUEST	1		request_234	1603215611409	1603215611451	OK	 
REQUEST	1		request_235	1603215611410	1603215611451	OK	 
REQUEST	1		request_236	1603215611437	1603215611464	OK	 
USER	ListarAnuncios2	1	END	1603215547815	1603215611484
