RUN	basic.CadastrarAnuncio1	cadastraranuncio1	1603498959502	teste	3.0.2
USER	CadastrarAnuncio	1	START	1603498961877	1603498961877
USER	CadastrarAnuncio	2	START	1603498961909	1603498961909
REQUEST	2		Gerar Token	1603498961910	1603498967390	OK	 
REQUEST	1		Gerar Token	1603498961907	1603498967488	OK	 
REQUEST	2		Post_Empresa	1603498972421	1603498978018	OK	 
REQUEST	1		Post_Empresa	1603498972505	1603498978029	OK	 
REQUEST	1		Post_Empresa Redirect 1	1603498978030	1603498978081	OK	 
REQUEST	2		Post_Empresa Redirect 1	1603498978025	1603498978081	OK	 
REQUEST	1		Post_Empresa Redirect 2	1603498978082	1603498978110	OK	 
REQUEST	2		Post_Empresa Redirect 2	1603498978082	1603498978110	OK	 
REQUEST	1		Post_Empresa Redirect 3	1603498978111	1603498978135	OK	 
REQUEST	2		Post_Empresa Redirect 3	1603498978111	1603498978143	OK	 
REQUEST	1		Post_Empresa Redirect 4	1603498978135	1603498978172	OK	 
REQUEST	2		Post_Empresa Redirect 4	1603498978144	1603498978180	OK	 
REQUEST	2		Post_Empresa Redirect 5	1603498978180	1603498978205	OK	 
REQUEST	1		Post_Empresa Redirect 5	1603498978173	1603498978205	OK	 
REQUEST	2		Post_Empresa Redirect 6	1603498978207	1603498978230	OK	 
REQUEST	1		Post_Empresa Redirect 6	1603498978207	1603498978230	OK	 
REQUEST	1		Post_Empresa Redirect 7	1603498978232	1603498978269	OK	 
REQUEST	2		Post_Empresa Redirect 7	1603498978232	1603498978281	OK	 
REQUEST	1		Post_Empresa Redirect 8	1603498978270	1603498978295	OK	 
REQUEST	2		Post_Empresa Redirect 8	1603498978282	1603498978311	OK	 
REQUEST	1		Post_Empresa Redirect 9	1603498978296	1603498978317	OK	 
REQUEST	2		Post_Empresa Redirect 9	1603498978312	1603498978337	OK	 
REQUEST	1		Post_Empresa Redirect 10	1603498978318	1603498978357	OK	 
REQUEST	2		Post_Empresa Redirect 10	1603498978338	1603498978381	OK	 
REQUEST	1		Post_Empresa Redirect 11	1603498978359	1603498978397	OK	 
REQUEST	2		Post_Empresa Redirect 11	1603498978383	1603498978408	OK	 
REQUEST	1		Post_Empresa Redirect 12	1603498978398	1603498978427	OK	 
REQUEST	2		Post_Empresa Redirect 12	1603498978409	1603498978442	OK	 
REQUEST	1		Post_Empresa Redirect 13	1603498978428	1603498978482	OK	 
REQUEST	2		Post_Empresa Redirect 13	1603498978444	1603498978482	OK	 
REQUEST	1		Post_Empresa Redirect 14	1603498978483	1603498978508	OK	 
REQUEST	2		Post_Empresa Redirect 14	1603498978483	1603498978515	OK	 
REQUEST	2		Post_Empresa Redirect 15	1603498978516	1603498978546	OK	 
REQUEST	1		Post_Empresa Redirect 15	1603498978509	1603498978546	OK	 
REQUEST	1		Post_Empresa Redirect 16	1603498978547	1603498978589	OK	 
REQUEST	2		Post_Empresa Redirect 16	1603498978547	1603498978589	OK	 
REQUEST	1		Post_Empresa Redirect 17	1603498978590	1603498978621	OK	 
REQUEST	2		Post_Empresa Redirect 17	1603498978590	1603498978621	OK	 
REQUEST	2		Post_Empresa Redirect 18	1603498978621	1603498978649	OK	 
REQUEST	1		Post_Empresa Redirect 18	1603498978621	1603498978656	OK	 
REQUEST	2		Post_Empresa Redirect 19	1603498978650	1603498978690	OK	 
REQUEST	1		Post_Empresa Redirect 19	1603498978657	1603498978699	OK	 
REQUEST	2		Post_Empresa Redirect 20	1603498978691	1603498978722	KO	Too many redirects, max is 20
REQUEST	1		Post_Empresa Redirect 20	1603498978700	1603498978722	KO	Too many redirects, max is 20
USER	CadastrarAnuncio	1	END	1603498961877	1603498978741
USER	CadastrarAnuncio	2	END	1603498961909	1603498978741
