RUN	basic.SeapPesquisarReuniao1	seappesquisarreuniao1	1602181292070	teste	3.0.2
USER	SeapPesquisarReuniao1	1	START	1602181294555	1602181294555
REQUEST	1		request_7	1602181294599	1602181299803	KO	status.find.in(200,201,202,203,204,205,206,207,208,209,304), found 400
REQUEST	1		request_8	1602181300837	1602181300869	KO	status.find.in(200,201,202,203,204,205,206,207,208,209,304), found 400
REQUEST	1		request_9	1602181305870	1602181311219	OK	 
REQUEST	1		request_10	1602181311259	1602181316299	OK	 
REQUEST	1		request_12	1602181311260	1602181316400	OK	 
REQUEST	1		request_13	1602181311261	1602181316408	OK	 
REQUEST	1		request_17	1602181311262	1602181316422	OK	 
REQUEST	1		request_15	1602181311262	1602181316423	OK	 
REQUEST	1		request_19	1602181311263	1602181320530	OK	 
REQUEST	1		request_21	1602181331530	1602181331554	OK	 
ERROR	request_26: Failed to build request: Resource seap/seappesquisarreuniao1/0026_request.json not found 	1602181331560
ERROR	request_28: Failed to build request: Resource seap/seappesquisarreuniao1/0028_request.json not found 	1602181331561
REQUEST	1		request_22	1602181331563	1602181331584	OK	 
REQUEST	1		request_25	1602181331564	1602181331591	OK	 
REQUEST	1		request_23	1602181331564	1602181331592	OK	 
REQUEST	1		request_29	1602181335591	1602181335616	OK	 
ERROR	request_30: Failed to build request: Resource seap/seappesquisarreuniao1/0030_request.json not found 	1602181335617
USER	SeapPesquisarReuniao1	1	END	1602181294555	1602181335630
