RUN	basic.ListarAnuncios2	listaranuncios2	1603216014737	teste	3.0.2
USER	ListarAnuncios2	1	START	1603216017049	1603216017049
REQUEST	1		Gerar Token	1603216017103	1603216022678	OK	 
REQUEST	1		request_0	1603216027705	1603216032866	OK	 
REQUEST	1		request_1	1603216048173	1603216048199	OK	 
REQUEST	1		Acesso_Pagina_login_1	1603216048175	1603216048230	OK	 
REQUEST	1		request_7	1603216048176	1603216048321	OK	 
REQUEST	1		req_duvida_todos	1603216038016	1603216048339	OK	 
REQUEST	1		req_Listar_com_filhos_1	1603216043045	1603216048345	OK	 
REQUEST	1		request_18	1603216048177	1603216048357	OK	 
REQUEST	1		request_3	1603216048174	1603216048386	OK	 
REQUEST	1		request_4	1603216048175	1603216048387	OK	 
REQUEST	1		css?family=Ubuntu:700,500,400,300,600&display=swap	1603216048172	1603216048485	OK	 
REQUEST	1		css?family=Cantarell:700,500,400,300,600&display=swap	1603216048173	1603216048512	OK	 
REQUEST	1		css?family=Montserrat:700,500,400,300,600&display=swap	1603216048172	1603216048521	OK	 
REQUEST	1		css?family=Roboto:700,500,400,300,600&display=swap	1603216043046	1603216048526	OK	 
REQUEST	1		Autenticacao	1603216049542	1603216049592	OK	 
REQUEST	1		Autenticacao Redirect 1	1603216049602	1603216049650	OK	 
REQUEST	1		request_33	1603216049683	1603216049710	OK	 
REQUEST	1		request_29	1603216049683	1603216049710	OK	 
REQUEST	1		request_43	1603216049681	1603216049711	OK	 
REQUEST	1		req_Listar_com_filhos_2	1603216049681	1603216049712	OK	 
REQUEST	1		request_39	1603216049684	1603216049712	OK	 
REQUEST	1		request_31	1603216049685	1603216049719	OK	 
REQUEST	1		request_32	1603216049686	1603216049720	OK	 
REQUEST	1		request_34	1603216049679	1603216049726	OK	 
REQUEST	1		request_36	1603216049687	1603216049741	OK	 
REQUEST	1		icon?family=Material+Icons|Material+Icons+Outlined	1603216049682	1603216049801	OK	 
REQUEST	1		request_40	1603216049685	1603216049834	OK	 
REQUEST	1		request_38	1603216049680	1603216049848	OK	 
REQUEST	1		Autenticacao_Geracao_token_1	1603216049688	1603216049859	OK	 
REQUEST	1		Autenticacao_Geracao_token_1	1603216049859	1603216049886	OK	 
REQUEST	1		request_49	1603216056880	1603216056929	OK	 
REQUEST	1		request_51	1603216056938	1603216056961	OK	 
REQUEST	1		request_52	1603216056940	1603216056969	OK	 
REQUEST	1		request_57	1603216056943	1603216056970	OK	 
REQUEST	1		request_56	1603216056942	1603216056970	OK	 
REQUEST	1		request_50	1603216056941	1603216056995	OK	 
REQUEST	1		request_58	1603216056944	1603216057030	OK	 
REQUEST	1		req_Listar_com_filhos_6	1603216056945	1603216057030	KO	status.find.in(200,201,202,203,204,205,206,207,208,209,304), found 401
REQUEST	1		request_63	1603216059040	1603216059106	OK	 
REQUEST	1		request_64	1603216059112	1603216059134	OK	 
REQUEST	1		request_65	1603216059113	1603216059140	OK	 
REQUEST	1		req_Listar_com_filhos_7	1603216059115	1603216059148	KO	status.find.in(200,201,202,203,204,205,206,207,208,209,304), found 401
REQUEST	1		request_69	1603216059116	1603216059168	KO	status.find.in(200,201,202,203,204,205,206,207,208,209,304), found 401
REQUEST	1		request_71	1603216061171	1603216061220	OK	 
REQUEST	1		request_74	1603216061239	1603216061267	OK	 
REQUEST	1		request_78	1603216061242	1603216061275	OK	 
REQUEST	1		request_79	1603216061243	1603216061277	OK	 
REQUEST	1		request_73	1603216061238	1603216061279	OK	 
REQUEST	1		request_80	1603216061244	1603216061280	OK	 
REQUEST	1		request_72	1603216061241	1603216061291	OK	 
REQUEST	1		req_Listar_com_filhos_9	1603216061245	1603216061297	KO	status.find.in(200,201,202,203,204,205,206,207,208,209,304), found 401
REQUEST	1		request_98	1603216061276	1603216061300	OK	 
REQUEST	1		request_100	1603216061280	1603216061305	OK	 
REQUEST	1		request_99	1603216061278	1603216061307	OK	 
REQUEST	1		request_102	1603216061300	1603216061332	OK	 
REQUEST	1		request_103	1603216061305	1603216061335	OK	 
REQUEST	1		request_101	1603216061298	1603216061336	OK	 
REQUEST	1		request_104	1603216061307	1603216061347	OK	 
REQUEST	1		request_105	1603216061333	1603216061358	OK	 
REQUEST	1		request_97	1603216061247	1603216061407	OK	 
REQUEST	1		request_96	1603216061246	1603216061408	OK	 
REQUEST	1		request_121	1603216066400	1603216066450	OK	 
REQUEST	1		request_122	1603216066464	1603216066494	OK	 
REQUEST	1		request_123	1603216066465	1603216066495	OK	 
REQUEST	1		request_126	1603216066467	1603216066497	OK	 
REQUEST	1		request_127	1603216066468	1603216066501	OK	 
REQUEST	1		request_136	1603216066470	1603216066511	OK	 
REQUEST	1		req_Listar_com_filhos_10	1603216066469	1603216066512	KO	status.find.in(200,201,202,203,204,205,206,207,208,209,304), found 401
REQUEST	1		request_137	1603216066471	1603216066514	OK	 
REQUEST	1		request_140	1603216066472	1603216066517	OK	 
REQUEST	1		request_141	1603216066498	1603216066526	OK	 
REQUEST	1		request_147	1603216071531	1603216071589	OK	 
REQUEST	1		request_148	1603216071594	1603216071619	OK	 
REQUEST	1		request_149	1603216071595	1603216071620	OK	 
REQUEST	1		req_Listar_com_filhos_12	1603216071596	1603216071626	KO	status.find.in(200,201,202,203,204,205,206,207,208,209,304), found 401
REQUEST	1		request_153	1603216071597	1603216071647	KO	status.find.in(200,201,202,203,204,205,206,207,208,209,304), found 401
REQUEST	1		request_155	1603216074661	1603216074713	OK	 
REQUEST	1		request_157	1603216074717	1603216074750	OK	 
REQUEST	1		request_156	1603216074716	1603216074751	OK	 
REQUEST	1		request_159	1603216074719	1603216074752	OK	 
REQUEST	1		req_Listar_com_filhos_14	1603216074720	1603216074758	KO	status.find.in(200,201,202,203,204,205,206,207,208,209,304), found 401
REQUEST	1		request_167	1603216077760	1603216077804	OK	 
REQUEST	1		request_168	1603216077814	1603216077845	OK	 
REQUEST	1		request_169	1603216077815	1603216077846	OK	 
REQUEST	1		request_172	1603216077817	1603216077850	OK	 
REQUEST	1		req_Listar_com_filhos_15	1603216077818	1603216077852	KO	status.find.in(200,201,202,203,204,205,206,207,208,209,304), found 401
REQUEST	1		request_182	1603216077820	1603216077869	OK	 
REQUEST	1		request_174	1603216077819	1603216077870	OK	 
REQUEST	1		request_184	1603216077822	1603216077870	OK	 
REQUEST	1		request_183	1603216077821	1603216077877	OK	 
REQUEST	1		request_185	1603216077851	1603216077877	OK	 
REQUEST	1		request_192	1603216080870	1603216080893	OK	 
REQUEST	1		request_193	1603216080898	1603216080923	OK	 
REQUEST	1		request_194	1603216080899	1603216080930	OK	 
REQUEST	1		req_Listar_com_filhos_15	1603216080901	1603216080936	KO	status.find.in(200,201,202,203,204,205,206,207,208,209,304), found 401
REQUEST	1		request_198	1603216080902	1603216080951	KO	status.find.in(200,201,202,203,204,205,206,207,208,209,304), found 401
REQUEST	1		request_195	1603216080900	1603216081008	OK	 
REQUEST	1		request_201	1603216085010	1603216085059	OK	 
REQUEST	1		request_202	1603216085066	1603216085095	OK	 
REQUEST	1		request_203	1603216085067	1603216085096	OK	 
REQUEST	1		request_208	1603216085068	1603216085097	OK	 
REQUEST	1		request_209	1603216085069	1603216085097	OK	 
REQUEST	1		req_Listar_com_filhos_16	1603216085067	1603216085106	KO	status.find.in(200,201,202,203,204,205,206,207,208,209,304), found 401
REQUEST	1		request_210	1603216085070	1603216085107	OK	 
REQUEST	1		request_215	1603216085070	1603216085114	OK	 
REQUEST	1		request_217	1603216086121	1603216086168	OK	 
REQUEST	1		request_218	1603216086175	1603216086198	OK	 
REQUEST	1		request_219	1603216086176	1603216086204	OK	 
REQUEST	1		request_222	1603216086177	1603216086205	OK	 
REQUEST	1		request_223	1603216086177	1603216086207	OK	 
REQUEST	1		request_233	1603216086179	1603216086208	OK	 
REQUEST	1		req_Listar_com_filhos_17	1603216086178	1603216086212	KO	status.find.in(200,201,202,203,204,205,206,207,208,209,304), found 401
REQUEST	1		request_234	1603216086180	1603216086218	OK	 
REQUEST	1		request_235	1603216086180	1603216086219	OK	 
REQUEST	1		request_236	1603216086206	1603216086231	OK	 
USER	ListarAnuncios2	1	END	1603216017049	1603216086242
