RUN	basic.ListarAnuncios2	listaranuncios2	1603218197392	teste	3.0.2
USER	ListarAnuncios2	1	START	1603218199760	1603218199760
USER	ListarAnuncios2	2	START	1603218199765	1603218199765
USER	ListarAnuncios2	3	START	1603218199768	1603218199768
USER	ListarAnuncios2	4	START	1603218199769	1603218199769
USER	ListarAnuncios2	5	START	1603218199769	1603218199769
USER	ListarAnuncios2	6	START	1603218199769	1603218199769
USER	ListarAnuncios2	7	START	1603218199769	1603218199769
USER	ListarAnuncios2	8	START	1603218199770	1603218199770
USER	ListarAnuncios2	9	START	1603218199770	1603218199770
USER	ListarAnuncios2	10	START	1603218199770	1603218199770
REQUEST	9		Gerar Token	1603218199812	1603218205413	OK	 
REQUEST	3		Gerar Token	1603218199806	1603218205413	OK	 
REQUEST	8		Gerar Token	1603218199812	1603218205413	OK	 
REQUEST	4		Gerar Token	1603218199807	1603218205780	OK	 
REQUEST	5		Gerar Token	1603218199809	1603218205838	OK	 
REQUEST	1		Gerar Token	1603218199804	1603218205914	OK	 
REQUEST	7		Gerar Token	1603218199811	1603218205914	OK	 
REQUEST	10		Gerar Token	1603218199814	1603218205986	OK	 
REQUEST	6		Gerar Token	1603218199810	1603218205994	OK	 
REQUEST	2		Gerar Token	1603218199806	1603218206006	OK	 
REQUEST	7		request_0	1603218210929	1603218215655	OK	 
REQUEST	6		request_0	1603218211020	1603218215655	OK	 
REQUEST	8		request_0	1603218210443	1603218215662	OK	 
REQUEST	4		request_0	1603218210799	1603218215675	OK	 
REQUEST	10		request_0	1603218211010	1603218215676	OK	 
REQUEST	2		request_0	1603218211029	1603218215676	OK	 
REQUEST	5		request_0	1603218210860	1603218215696	OK	 
REQUEST	9		request_0	1603218210443	1603218215696	OK	 
REQUEST	3		request_0	1603218210443	1603218215699	OK	 
REQUEST	1		request_0	1603218210929	1603218215703	OK	 
REQUEST	9		request_1	1603218230924	1603218230949	OK	 
REQUEST	6		request_1	1603218230927	1603218230955	OK	 
REQUEST	7		request_1	1603218230924	1603218230955	OK	 
REQUEST	1		request_1	1603218230925	1603218230955	OK	 
REQUEST	2		request_1	1603218230925	1603218230955	OK	 
REQUEST	8		request_1	1603218230926	1603218230955	OK	 
REQUEST	10		request_1	1603218230925	1603218230956	OK	 
REQUEST	4		request_1	1603218230925	1603218230955	OK	 
REQUEST	4		Acesso_Pagina_login_1	1603218230927	1603218230963	OK	 
REQUEST	7		Acesso_Pagina_login_1	1603218230927	1603218230963	OK	 
REQUEST	2		Acesso_Pagina_login_1	1603218230927	1603218230969	OK	 
REQUEST	8		Acesso_Pagina_login_1	1603218230928	1603218230975	OK	 
REQUEST	9		Acesso_Pagina_login_1	1603218230927	1603218230978	OK	 
REQUEST	5		request_1	1603218230930	1603218230981	OK	 
REQUEST	3		request_1	1603218230932	1603218230981	OK	 
REQUEST	6		Acesso_Pagina_login_1	1603218230929	1603218230982	OK	 
REQUEST	1		Acesso_Pagina_login_1	1603218230927	1603218230982	OK	 
REQUEST	5		Acesso_Pagina_login_1	1603218230932	1603218230983	OK	 
REQUEST	10		Acesso_Pagina_login_1	1603218230927	1603218230986	OK	 
REQUEST	3		Acesso_Pagina_login_1	1603218230935	1603218231003	OK	 
REQUEST	6		request_3	1603218230927	1603218231358	OK	 
REQUEST	6		request_4	1603218230928	1603218231360	OK	 
REQUEST	7		request_14	1603218215828	1603218231360	OK	 
REQUEST	6		request_7	1603218230930	1603218231361	OK	 
REQUEST	3		request_3	1603218230933	1603218231364	OK	 
REQUEST	3		request_4	1603218230934	1603218231365	OK	 
REQUEST	3		request_7	1603218230935	1603218231366	OK	 
REQUEST	3		request_14	1603218215826	1603218231369	OK	 
REQUEST	1		request_4	1603218230926	1603218231373	OK	 
REQUEST	1		request_7	1603218230928	1603218231374	OK	 
REQUEST	7		css?family=Montserrat:700,500,400,300,600&display=swap	1603218230923	1603218231368	OK	 
REQUEST	1		request_18	1603218230929	1603218231378	OK	 
REQUEST	3		css?family=Montserrat:700,500,400,300,600&display=swap	1603218230931	1603218231384	OK	 
REQUEST	2		css?family=Cantarell:700,500,400,300,600&display=swap	1603218230924	1603218231384	OK	 
REQUEST	9		request_3	1603218230926	1603218231385	OK	 
REQUEST	9		request_4	1603218230926	1603218231387	OK	 
REQUEST	9		request_7	1603218230928	1603218231389	OK	 
REQUEST	1		request_3	1603218230926	1603218231391	OK	 
REQUEST	9		request_18	1603218230928	1603218231397	OK	 
REQUEST	4		css?family=Roboto:700,500,400,300,600&display=swap	1603218225889	1603218231413	OK	 
REQUEST	2		css?family=Ubuntu:700,500,400,300,600&display=swap	1603218230923	1603218231413	OK	 
REQUEST	7		css?family=Cantarell:700,500,400,300,600&display=swap	1603218230924	1603218231414	OK	 
REQUEST	2		request_3	1603218230926	1603218231416	OK	 
REQUEST	2		request_14	1603218215830	1603218231417	OK	 
REQUEST	3		css?family=Roboto:700,500,400,300,600&display=swap	1603218225889	1603218231417	OK	 
REQUEST	4		css?family=Cantarell:700,500,400,300,600&display=swap	1603218230924	1603218231418	OK	 
REQUEST	2		request_4	1603218230926	1603218231419	OK	 
REQUEST	7		request_4	1603218230926	1603218231424	OK	 
REQUEST	7		request_3	1603218230925	1603218231425	OK	 
REQUEST	2		css?family=Montserrat:700,500,400,300,600&display=swap	1603218230924	1603218231425	OK	 
REQUEST	7		request_7	1603218230928	1603218231426	OK	 
REQUEST	4		css?family=Ubuntu:700,500,400,300,600&display=swap	1603218230923	1603218231426	OK	 
REQUEST	3		request_18	1603218230936	1603218231426	OK	 
REQUEST	3		css?family=Ubuntu:700,500,400,300,600&display=swap	1603218230929	1603218231430	OK	 
REQUEST	2		css?family=Roboto:700,500,400,300,600&display=swap	1603218225890	1603218231432	OK	 
REQUEST	7		css?family=Roboto:700,500,400,300,600&display=swap	1603218225890	1603218231432	OK	 
REQUEST	7		request_18	1603218230928	1603218231437	OK	 
REQUEST	7		css?family=Ubuntu:700,500,400,300,600&display=swap	1603218230923	1603218231441	OK	 
REQUEST	4		request_14	1603218215830	1603218231442	OK	 
REQUEST	4		request_3	1603218230926	1603218231450	OK	 
REQUEST	4		request_4	1603218230926	1603218231452	OK	 
REQUEST	2		request_18	1603218230932	1603218231451	OK	 
REQUEST	2		request_7	1603218230928	1603218231453	OK	 
REQUEST	4		css?family=Montserrat:700,500,400,300,600&display=swap	1603218230924	1603218231459	OK	 
REQUEST	6		request_14	1603218215826	1603218231463	OK	 
REQUEST	6		css?family=Montserrat:700,500,400,300,600&display=swap	1603218230925	1603218231465	OK	 
REQUEST	6		css?family=Cantarell:700,500,400,300,600&display=swap	1603218230926	1603218231469	OK	 
REQUEST	4		request_7	1603218230928	1603218231471	OK	 
REQUEST	5		css?family=Montserrat:700,500,400,300,600&display=swap	1603218230925	1603218231473	OK	 
REQUEST	4		request_18	1603218230928	1603218231474	OK	 
REQUEST	5		css?family=Ubuntu:700,500,400,300,600&display=swap	1603218230923	1603218231477	OK	 
REQUEST	1		request_14	1603218215826	1603218231479	OK	 
REQUEST	8		css?family=Montserrat:700,500,400,300,600&display=swap	1603218230924	1603218231481	OK	 
REQUEST	5		css?family=Roboto:700,500,400,300,600&display=swap	1603218225889	1603218231481	OK	 
REQUEST	8		css?family=Ubuntu:700,500,400,300,600&display=swap	1603218230923	1603218231485	OK	 
REQUEST	1		css?family=Roboto:700,500,400,300,600&display=swap	1603218225890	1603218231488	OK	 
REQUEST	8		request_3	1603218230927	1603218231493	OK	 
REQUEST	8		request_4	1603218230928	1603218231494	OK	 
REQUEST	1		css?family=Ubuntu:700,500,400,300,600&display=swap	1603218230923	1603218231494	OK	 
REQUEST	6		css?family=Roboto:700,500,400,300,600&display=swap	1603218225889	1603218231495	OK	 
REQUEST	8		request_7	1603218230930	1603218231496	OK	 
REQUEST	10		request_14	1603218215829	1603218231498	OK	 
REQUEST	5		css?family=Cantarell:700,500,400,300,600&display=swap	1603218230929	1603218231498	OK	 
REQUEST	6		request_18	1603218230931	1603218231498	OK	 
REQUEST	1		css?family=Cantarell:700,500,400,300,600&display=swap	1603218230924	1603218231500	OK	 
REQUEST	5		request_14	1603218215826	1603218231505	OK	 
REQUEST	9		css?family=Cantarell:700,500,400,300,600&display=swap	1603218230924	1603218231507	OK	 
REQUEST	10		css?family=Roboto:700,500,400,300,600&display=swap	1603218225889	1603218231507	OK	 
REQUEST	6		css?family=Ubuntu:700,500,400,300,600&display=swap	1603218230925	1603218231507	OK	 
REQUEST	9		request_14	1603218215828	1603218231508	OK	 
REQUEST	8		css?family=Cantarell:700,500,400,300,600&display=swap	1603218230926	1603218231510	OK	 
REQUEST	9		css?family=Roboto:700,500,400,300,600&display=swap	1603218225889	1603218231512	OK	 
REQUEST	5		request_3	1603218230930	1603218231512	OK	 
REQUEST	10		css?family=Ubuntu:700,500,400,300,600&display=swap	1603218230923	1603218231513	OK	 
REQUEST	8		request_18	1603218230931	1603218231514	OK	 
REQUEST	10		request_4	1603218230927	1603218231515	OK	 
REQUEST	10		request_3	1603218230926	1603218231516	OK	 
REQUEST	10		request_7	1603218230928	1603218231517	OK	 
REQUEST	10		request_18	1603218230929	1603218231520	OK	 
REQUEST	9		css?family=Montserrat:700,500,400,300,600&display=swap	1603218230923	1603218231520	OK	 
REQUEST	8		request_14	1603218215826	1603218231525	OK	 
REQUEST	3		css?family=Cantarell:700,500,400,300,600&display=swap	1603218230931	1603218231525	OK	 
REQUEST	1		css?family=Montserrat:700,500,400,300,600&display=swap	1603218230924	1603218231527	OK	 
REQUEST	8		css?family=Roboto:700,500,400,300,600&display=swap	1603218225891	1603218231528	OK	 
REQUEST	5		request_7	1603218230933	1603218231535	OK	 
REQUEST	5		request_4	1603218230931	1603218231536	OK	 
REQUEST	9		css?family=Ubuntu:700,500,400,300,600&display=swap	1603218230923	1603218231535	OK	 
REQUEST	10		css?family=Montserrat:700,500,400,300,600&display=swap	1603218230924	1603218231536	OK	 
REQUEST	10		css?family=Cantarell:700,500,400,300,600&display=swap	1603218230924	1603218231553	OK	 
REQUEST	5		request_18	1603218230934	1603218231553	OK	 
REQUEST	9		req_duvida_todos	1603218220856	1603218233901	OK	 
REQUEST	7		req_duvida_todos	1603218220856	1603218233901	OK	 
REQUEST	10		req_duvida_todos	1603218220857	1603218233901	OK	 
REQUEST	2		req_duvida_todos	1603218220857	1603218233901	OK	 
REQUEST	1		req_duvida_todos	1603218220856	1603218233901	OK	 
REQUEST	6		req_duvida_todos	1603218220856	1603218233970	OK	 
REQUEST	5		req_duvida_todos	1603218220857	1603218234033	OK	 
REQUEST	8		req_duvida_todos	1603218220857	1603218234095	OK	 
REQUEST	10		req_Listar_com_filhos_1	1603218225888	1603218234201	OK	 
REQUEST	3		req_duvida_todos	1603218220856	1603218234214	OK	 
REQUEST	9		req_Listar_com_filhos_1	1603218225888	1603218234214	OK	 
REQUEST	8		req_Listar_com_filhos_1	1603218225890	1603218234227	OK	 
REQUEST	1		req_Listar_com_filhos_1	1603218225889	1603218234227	OK	 
REQUEST	4		req_duvida_todos	1603218220857	1603218234228	OK	 
REQUEST	4		req_Listar_com_filhos_1	1603218225888	1603218234235	OK	 
REQUEST	2		req_Listar_com_filhos_1	1603218225889	1603218234321	OK	 
REQUEST	3		req_Listar_com_filhos_1	1603218225889	1603218234327	OK	 
REQUEST	6		req_Listar_com_filhos_1	1603218225889	1603218234350	OK	 
REQUEST	5		req_Listar_com_filhos_1	1603218225888	1603218234350	OK	 
REQUEST	7		req_Listar_com_filhos_1	1603218225889	1603218234391	OK	 
REQUEST	10		Autenticacao	1603218235200	1603218235250	OK	 
REQUEST	9		Autenticacao	1603218235209	1603218235259	OK	 
REQUEST	8		Autenticacao	1603218235219	1603218235267	OK	 
REQUEST	1		Autenticacao	1603218235239	1603218235293	OK	 
REQUEST	4		Autenticacao	1603218235239	1603218235293	OK	 
REQUEST	10		Autenticacao Redirect 1	1603218235255	1603218235295	OK	 
REQUEST	8		Autenticacao Redirect 1	1603218235268	1603218235313	OK	 
REQUEST	9		Autenticacao Redirect 1	1603218235260	1603218235313	OK	 
REQUEST	4		Autenticacao Redirect 1	1603218235294	1603218235337	OK	 
REQUEST	1		Autenticacao Redirect 1	1603218235294	1603218235337	OK	 
REQUEST	2		Autenticacao	1603218235319	1603218235365	OK	 
REQUEST	3		Autenticacao	1603218235329	1603218235371	OK	 
REQUEST	6		Autenticacao	1603218235348	1603218235414	OK	 
REQUEST	5		Autenticacao	1603218235348	1603218235422	OK	 
REQUEST	3		Autenticacao Redirect 1	1603218235372	1603218235423	OK	 
REQUEST	2		Autenticacao Redirect 1	1603218235366	1603218235423	OK	 
REQUEST	7		Autenticacao	1603218235399	1603218235443	OK	 
REQUEST	6		Autenticacao Redirect 1	1603218235415	1603218235462	OK	 
REQUEST	5		Autenticacao Redirect 1	1603218235422	1603218235470	OK	 
REQUEST	7		Autenticacao Redirect 1	1603218235444	1603218235494	OK	 
REQUEST	10		request_36	1603218235326	1603218240358	OK	 
REQUEST	4		request_36	1603218235357	1603218240358	OK	 
REQUEST	2		request_36	1603218235441	1603218240358	OK	 
REQUEST	5		request_36	1603218235485	1603218240358	OK	 
REQUEST	8		request_36	1603218235331	1603218240358	OK	 
REQUEST	6		request_36	1603218235480	1603218240359	OK	 
REQUEST	7		request_36	1603218235512	1603218240359	OK	 
REQUEST	3		request_36	1603218235441	1603218240360	OK	 
REQUEST	5		req_Listar_com_filhos_2	1603218235479	1603218240360	OK	 
REQUEST	6		request_43	1603218235474	1603218240361	OK	 
REQUEST	5		request_43	1603218235479	1603218240361	OK	 
REQUEST	1		request_36	1603218235356	1603218240358	OK	 
REQUEST	6		req_Listar_com_filhos_2	1603218235475	1603218240361	OK	 
REQUEST	2		request_29	1603218235437	1603218240360	OK	 
REQUEST	5		request_29	1603218235481	1603218240362	OK	 
REQUEST	3		request_29	1603218235437	1603218240362	OK	 
REQUEST	7		request_29	1603218235506	1603218240362	OK	 
REQUEST	6		request_29	1603218235476	1603218240362	OK	 
REQUEST	3		request_39	1603218235438	1603218240362	OK	 
REQUEST	7		request_39	1603218235508	1603218240362	OK	 
REQUEST	1		request_29	1603218235352	1603218240363	OK	 
REQUEST	5		request_33	1603218235481	1603218240363	OK	 
REQUEST	7		request_43	1603218235504	1603218240363	OK	 
REQUEST	1		request_39	1603218235354	1603218240363	OK	 
REQUEST	9		request_36	1603218235335	1603218240363	OK	 
REQUEST	6		request_31	1603218235479	1603218240363	OK	 
REQUEST	3		request_33	1603218235438	1603218240364	OK	 
REQUEST	5		request_39	1603218235482	1603218240364	OK	 
REQUEST	7		req_Listar_com_filhos_2	1603218235505	1603218240364	OK	 
REQUEST	3		request_43	1603218235435	1603218240364	OK	 
REQUEST	5		request_34	1603218235477	1603218240364	OK	 
REQUEST	1		request_33	1603218235353	1603218240365	OK	 
REQUEST	6		request_33	1603218235476	1603218240365	OK	 
REQUEST	7		request_33	1603218235507	1603218240365	OK	 
REQUEST	3		req_Listar_com_filhos_2	1603218235436	1603218240365	OK	 
REQUEST	9		request_29	1603218235331	1603218240365	OK	 
REQUEST	1		request_43	1603218235350	1603218240365	OK	 
REQUEST	6		request_39	1603218235477	1603218240365	OK	 
REQUEST	9		request_43	1603218235329	1603218240366	OK	 
REQUEST	7		request_34	1603218235503	1603218240366	OK	 
REQUEST	5		request_31	1603218235483	1603218240366	OK	 
REQUEST	6		request_34	1603218235473	1603218240366	OK	 
REQUEST	9		req_Listar_com_filhos_2	1603218235330	1603218240366	OK	 
REQUEST	1		request_31	1603218235355	1603218240367	OK	 
REQUEST	5		request_32	1603218235484	1603218240366	OK	 
REQUEST	6		request_32	1603218235479	1603218240367	OK	 
REQUEST	7		request_31	1603218235510	1603218240367	OK	 
REQUEST	1		req_Listar_com_filhos_2	1603218235351	1603218240367	OK	 
REQUEST	9		request_33	1603218235331	1603218240367	OK	 
REQUEST	1		request_34	1603218235349	1603218240368	OK	 
REQUEST	9		request_34	1603218235328	1603218240368	OK	 
REQUEST	10		request_29	1603218235322	1603218240369	OK	 
REQUEST	1		request_32	1603218235356	1603218240369	OK	 
REQUEST	9		request_39	1603218235332	1603218240369	OK	 
REQUEST	5		icon?family=Material+Icons|Material+Icons+Outlined	1603218235480	1603218240369	OK	 
REQUEST	10		request_39	1603218235323	1603218240369	OK	 
REQUEST	6		icon?family=Material+Icons|Material+Icons+Outlined	1603218235475	1603218240369	OK	 
REQUEST	4		request_29	1603218235354	1603218240360	OK	 
REQUEST	8		request_29	1603218235329	1603218240360	OK	 
REQUEST	2		request_33	1603218235438	1603218240372	OK	 
REQUEST	3		request_31	1603218235440	1603218240372	OK	 
REQUEST	8		request_33	1603218235329	1603218240373	OK	 
REQUEST	1		icon?family=Material+Icons|Material+Icons+Outlined	1603218235352	1603218240372	OK	 
REQUEST	4		request_33	1603218235354	1603218240373	OK	 
REQUEST	2		request_39	1603218235438	1603218240373	OK	 
REQUEST	3		request_34	1603218235434	1603218240373	OK	 
REQUEST	10		request_33	1603218235323	1603218240373	OK	 
REQUEST	4		request_39	1603218235355	1603218240373	OK	 
REQUEST	8		request_39	1603218235329	1603218240373	OK	 
REQUEST	2		request_43	1603218235435	1603218240374	OK	 
REQUEST	10		req_Listar_com_filhos_2	1603218235320	1603218240374	OK	 
REQUEST	4		req_Listar_com_filhos_2	1603218235352	1603218240374	OK	 
REQUEST	3		request_32	1603218235440	1603218240374	OK	 
REQUEST	7		request_32	1603218235511	1603218240377	OK	 
REQUEST	3		icon?family=Material+Icons|Material+Icons+Outlined	1603218235437	1603218240378	OK	 
REQUEST	7		icon?family=Material+Icons|Material+Icons+Outlined	1603218235506	1603218240379	OK	 
REQUEST	4		request_31	1603218235356	1603218240376	OK	 
REQUEST	4		request_43	1603218235352	1603218240381	OK	 
REQUEST	8		request_31	1603218235330	1603218240382	OK	 
REQUEST	4		request_34	1603218235350	1603218240382	OK	 
REQUEST	8		req_Listar_com_filhos_2	1603218235328	1603218240382	OK	 
REQUEST	4		request_32	1603218235356	1603218240382	OK	 
REQUEST	8		request_43	1603218235327	1603218240383	OK	 
REQUEST	9		request_31	1603218235333	1603218240376	OK	 
REQUEST	8		request_34	1603218235327	1603218240384	OK	 
REQUEST	2		req_Listar_com_filhos_2	1603218235436	1603218240384	OK	 
REQUEST	9		request_32	1603218235334	1603218240384	OK	 
REQUEST	4		icon?family=Material+Icons|Material+Icons+Outlined	1603218235353	1603218240384	OK	 
REQUEST	2		request_31	1603218235440	1603218240385	OK	 
REQUEST	2		request_34	1603218235434	1603218240386	OK	 
REQUEST	9		icon?family=Material+Icons|Material+Icons+Outlined	1603218235330	1603218240386	OK	 
REQUEST	10		request_31	1603218235325	1603218240386	OK	 
REQUEST	2		request_32	1603218235440	1603218240386	OK	 
REQUEST	10		request_43	1603218235319	1603218240388	OK	 
REQUEST	10		request_34	1603218235317	1603218240388	OK	 
REQUEST	2		icon?family=Material+Icons|Material+Icons+Outlined	1603218235437	1603218240388	OK	 
REQUEST	10		request_32	1603218235325	1603218240389	OK	 
REQUEST	8		request_32	1603218235331	1603218240389	OK	 
REQUEST	10		icon?family=Material+Icons|Material+Icons+Outlined	1603218235321	1603218240390	OK	 
REQUEST	8		icon?family=Material+Icons|Material+Icons+Outlined	1603218235328	1603218240390	OK	 
REQUEST	6		request_40	1603218235478	1603218240445	OK	 
REQUEST	10		request_40	1603218235324	1603218240445	OK	 
REQUEST	5		request_40	1603218235482	1603218240451	OK	 
REQUEST	2		request_40	1603218235439	1603218240451	OK	 
REQUEST	7		request_40	1603218235509	1603218240453	OK	 
REQUEST	1		request_40	1603218235354	1603218240454	OK	 
REQUEST	8		request_40	1603218235330	1603218240459	OK	 
REQUEST	3		request_40	1603218235439	1603218240459	OK	 
REQUEST	4		request_40	1603218235355	1603218240459	OK	 
REQUEST	9		request_40	1603218235332	1603218240459	OK	 
REQUEST	1		request_36	1603218240362	1603218240459	OK	 
REQUEST	5		request_36	1603218240359	1603218240460	OK	 
REQUEST	3		request_36	1603218240361	1603218240465	OK	 
REQUEST	6		request_36	1603218240360	1603218240466	OK	 
REQUEST	8		request_36	1603218240359	1603218240474	OK	 
REQUEST	4		request_36	1603218240359	1603218240473	OK	 
REQUEST	10		request_36	1603218240359	1603218240482	OK	 
REQUEST	7		request_36	1603218240361	1603218240482	OK	 
REQUEST	9		request_36	1603218240364	1603218240482	OK	 
REQUEST	2		request_36	1603218240359	1603218240483	OK	 
REQUEST	3		request_38	1603218235435	1603218240500	OK	 
REQUEST	7		request_38	1603218235504	1603218240500	OK	 
REQUEST	6		request_38	1603218235474	1603218240500	OK	 
REQUEST	1		request_38	1603218235349	1603218240507	OK	 
REQUEST	5		request_38	1603218235478	1603218240507	OK	 
REQUEST	4		request_38	1603218235351	1603218240515	OK	 
REQUEST	9		request_38	1603218235328	1603218240515	OK	 
REQUEST	8		request_38	1603218235327	1603218240515	OK	 
REQUEST	2		request_38	1603218235435	1603218240516	OK	 
REQUEST	10		request_38	1603218235319	1603218240517	OK	 
REQUEST	9		Autenticacao_Geracao_token_1	1603218235336	1603218240601	OK	 
REQUEST	2		Autenticacao_Geracao_token_1	1603218235442	1603218240601	OK	 
REQUEST	8		Autenticacao_Geracao_token_1	1603218235332	1603218240601	OK	 
REQUEST	7		Autenticacao_Geracao_token_1	1603218235513	1603218240626	OK	 
REQUEST	9		Autenticacao_Geracao_token_1	1603218240601	1603218240633	OK	 
REQUEST	2		Autenticacao_Geracao_token_1	1603218240601	1603218240633	OK	 
REQUEST	8		Autenticacao_Geracao_token_1	1603218240601	1603218240633	OK	 
REQUEST	3		Autenticacao_Geracao_token_1	1603218235441	1603218240648	OK	 
REQUEST	7		Autenticacao_Geracao_token_1	1603218240626	1603218240654	OK	 
REQUEST	6		Autenticacao_Geracao_token_1	1603218235481	1603218240674	OK	 
REQUEST	10		Autenticacao_Geracao_token_1	1603218235327	1603218240674	OK	 
REQUEST	3		Autenticacao_Geracao_token_1	1603218240648	1603218240674	OK	 
REQUEST	4		Autenticacao_Geracao_token_1	1603218235358	1603218240680	OK	 
REQUEST	1		Autenticacao_Geracao_token_1	1603218235357	1603218240680	OK	 
REQUEST	5		Autenticacao_Geracao_token_1	1603218235486	1603218240696	OK	 
REQUEST	10		Autenticacao_Geracao_token_1	1603218240674	1603218240704	OK	 
REQUEST	6		Autenticacao_Geracao_token_1	1603218240674	1603218240704	OK	 
REQUEST	4		Autenticacao_Geracao_token_1	1603218240681	1603218240704	OK	 
REQUEST	1		Autenticacao_Geracao_token_1	1603218240681	1603218240711	OK	 
REQUEST	5		Autenticacao_Geracao_token_1	1603218240697	1603218240720	OK	 
REQUEST	8		request_49	1603218247639	1603218247685	OK	 
REQUEST	2		request_49	1603218247638	1603218247685	OK	 
REQUEST	9		request_49	1603218247639	1603218247693	OK	 
REQUEST	7		request_49	1603218247649	1603218247693	OK	 
REQUEST	3		request_49	1603218247669	1603218247717	OK	 
REQUEST	2		request_52	1603218247690	1603218247718	OK	 
REQUEST	8		request_52	1603218247691	1603218247718	OK	 
REQUEST	2		request_51	1603218247689	1603218247719	OK	 
REQUEST	8		request_51	1603218247690	1603218247719	OK	 
REQUEST	8		request_57	1603218247694	1603218247724	OK	 
REQUEST	2		request_57	1603218247692	1603218247724	OK	 
REQUEST	9		request_51	1603218247698	1603218247725	OK	 
REQUEST	8		request_56	1603218247693	1603218247725	OK	 
REQUEST	2		request_56	1603218247691	1603218247727	OK	 
REQUEST	8		request_50	1603218247692	1603218247742	OK	 
REQUEST	7		request_51	1603218247699	1603218247742	OK	 
REQUEST	2		request_50	1603218247690	1603218247742	OK	 
REQUEST	9		request_52	1603218247699	1603218247742	OK	 
REQUEST	7		request_52	1603218247699	1603218247742	OK	 
REQUEST	7		request_50	1603218247700	1603218247748	OK	 
REQUEST	9		request_50	1603218247699	1603218247748	OK	 
REQUEST	10		request_49	1603218247709	1603218247748	OK	 
REQUEST	4		request_49	1603218247698	1603218247748	OK	 
REQUEST	3		request_51	1603218247721	1603218247748	OK	 
REQUEST	6		request_49	1603218247698	1603218247748	OK	 
REQUEST	3		request_52	1603218247721	1603218247749	OK	 
REQUEST	7		request_56	1603218247701	1603218247753	OK	 
REQUEST	7		request_57	1603218247702	1603218247753	OK	 
REQUEST	3		request_56	1603218247722	1603218247755	OK	 
REQUEST	1		request_49	1603218247709	1603218247755	OK	 
REQUEST	3		request_57	1603218247723	1603218247756	OK	 
REQUEST	9		request_56	1603218247700	1603218247756	OK	 
REQUEST	9		request_57	1603218247701	1603218247757	OK	 
REQUEST	3		request_50	1603218247722	1603218247769	OK	 
REQUEST	5		request_49	1603218247728	1603218247775	OK	 
REQUEST	4		request_51	1603218247751	1603218247782	OK	 
REQUEST	4		request_52	1603218247752	1603218247783	OK	 
REQUEST	6		request_51	1603218247755	1603218247783	OK	 
REQUEST	6		request_52	1603218247757	1603218247783	OK	 
REQUEST	10		request_52	1603218247752	1603218247784	OK	 
REQUEST	4		request_56	1603218247753	1603218247786	OK	 
REQUEST	10		request_51	1603218247751	1603218247786	OK	 
REQUEST	10		request_56	1603218247753	1603218247787	OK	 
REQUEST	10		request_57	1603218247753	1603218247787	OK	 
REQUEST	8		request_58	1603218247695	1603218247789	OK	 
REQUEST	4		request_57	1603218247753	1603218247789	OK	 
REQUEST	1		request_52	1603218247758	1603218247789	OK	 
REQUEST	1		request_51	1603218247758	1603218247789	OK	 
REQUEST	6		request_56	1603218247758	1603218247791	OK	 
REQUEST	6		request_57	1603218247758	1603218247798	OK	 
REQUEST	1		request_56	1603218247760	1603218247798	OK	 
REQUEST	2		request_58	1603218247693	1603218247798	OK	 
REQUEST	5		request_51	1603218247778	1603218247798	OK	 
REQUEST	5		request_52	1603218247778	1603218247798	OK	 
REQUEST	1		request_57	1603218247760	1603218247798	OK	 
REQUEST	9		request_58	1603218247701	1603218247805	OK	 
REQUEST	10		request_50	1603218247753	1603218247805	OK	 
REQUEST	4		request_50	1603218247752	1603218247805	OK	 
REQUEST	7		request_58	1603218247702	1603218247806	OK	 
REQUEST	6		request_50	1603218247757	1603218247805	OK	 
REQUEST	5		request_56	1603218247779	1603218247807	OK	 
REQUEST	5		request_57	1603218247779	1603218247808	OK	 
REQUEST	1		request_50	1603218247759	1603218247814	OK	 
REQUEST	3		request_58	1603218247723	1603218247818	OK	 
REQUEST	5		request_50	1603218247779	1603218247830	OK	 
REQUEST	10		request_58	1603218247755	1603218247838	OK	 
REQUEST	4		request_58	1603218247754	1603218247838	OK	 
REQUEST	6		request_58	1603218247759	1603218247847	OK	 
REQUEST	1		request_58	1603218247760	1603218247861	OK	 
REQUEST	5		request_58	1603218247780	1603218247879	OK	 
REQUEST	5		req_Listar_com_filhos_6	1603218247780	1603218249095	OK	 
REQUEST	8		req_Listar_com_filhos_6	1603218247696	1603218249095	OK	 
REQUEST	4		req_Listar_com_filhos_6	1603218247754	1603218249095	OK	 
REQUEST	9		req_Listar_com_filhos_6	1603218247702	1603218249104	OK	 
REQUEST	3		req_Listar_com_filhos_6	1603218247723	1603218249113	OK	 
REQUEST	10		req_Listar_com_filhos_6	1603218247756	1603218249120	OK	 
REQUEST	8		req_Listar_com_filhos_6	1603218249096	1603218249132	OK	 
REQUEST	6		req_Listar_com_filhos_6	1603218247759	1603218249132	OK	 
REQUEST	4		req_Listar_com_filhos_6	1603218249096	1603218249139	OK	 
REQUEST	5		req_Listar_com_filhos_6	1603218249096	1603218249139	OK	 
REQUEST	2		req_Listar_com_filhos_6	1603218247694	1603218249139	OK	 
REQUEST	9		req_Listar_com_filhos_6	1603218249105	1603218249150	OK	 
REQUEST	3		req_Listar_com_filhos_6	1603218249114	1603218249150	OK	 
REQUEST	7		req_Listar_com_filhos_6	1603218247703	1603218249150	OK	 
REQUEST	10		req_Listar_com_filhos_6	1603218249121	1603218249159	OK	 
REQUEST	1		req_Listar_com_filhos_6	1603218247761	1603218249165	OK	 
REQUEST	6		req_Listar_com_filhos_6	1603218249133	1603218249176	OK	 
REQUEST	2		req_Listar_com_filhos_6	1603218249139	1603218249183	OK	 
REQUEST	7		req_Listar_com_filhos_6	1603218249151	1603218249199	OK	 
REQUEST	1		req_Listar_com_filhos_6	1603218249166	1603218249221	OK	 
REQUEST	4		req_Listar_com_filhos_6	1603218249139	1603218249243	OK	 
REQUEST	8		req_Listar_com_filhos_6	1603218249133	1603218249243	OK	 
REQUEST	5		req_Listar_com_filhos_6	1603218249139	1603218249269	OK	 
REQUEST	9		req_Listar_com_filhos_6	1603218249151	1603218249269	OK	 
REQUEST	6		req_Listar_com_filhos_6	1603218249176	1603218249285	OK	 
REQUEST	10		req_Listar_com_filhos_6	1603218249159	1603218249285	OK	 
REQUEST	3		req_Listar_com_filhos_6	1603218249151	1603218249285	OK	 
REQUEST	2		req_Listar_com_filhos_6	1603218249184	1603218249285	OK	 
REQUEST	7		req_Listar_com_filhos_6	1603218249200	1603218249313	OK	 
REQUEST	1		req_Listar_com_filhos_6	1603218249222	1603218249333	OK	 
REQUEST	8		request_63	1603218251238	1603218251285	OK	 
REQUEST	4		request_63	1603218251249	1603218251297	OK	 
REQUEST	9		request_63	1603218251268	1603218251315	OK	 
REQUEST	5		request_63	1603218251269	1603218251315	OK	 
REQUEST	10		request_63	1603218251279	1603218251323	OK	 
REQUEST	8		request_65	1603218251290	1603218251323	OK	 
REQUEST	2		request_63	1603218251279	1603218251323	OK	 
REQUEST	4		request_65	1603218251302	1603218251323	OK	 
REQUEST	8		request_64	1603218251290	1603218251323	OK	 
REQUEST	4		request_64	1603218251301	1603218251323	OK	 
REQUEST	8		req_Listar_com_filhos_7	1603218251291	1603218251324	OK	 
REQUEST	8		request_69	1603218251292	1603218251325	OK	 
REQUEST	4		req_Listar_com_filhos_7	1603218251302	1603218251330	OK	 
REQUEST	3		request_63	1603218251289	1603218251340	OK	 
REQUEST	6		request_63	1603218251289	1603218251340	OK	 
REQUEST	4		request_69	1603218251303	1603218251340	OK	 
REQUEST	5		request_65	1603218251317	1603218251346	OK	 
REQUEST	9		request_64	1603218251317	1603218251346	OK	 
REQUEST	9		request_65	1603218251317	1603218251346	OK	 
REQUEST	5		request_64	1603218251317	1603218251346	OK	 
REQUEST	2		request_64	1603218251324	1603218251354	OK	 
REQUEST	10		request_64	1603218251324	1603218251354	OK	 
REQUEST	2		request_65	1603218251325	1603218251354	OK	 
REQUEST	10		request_65	1603218251325	1603218251354	OK	 
REQUEST	5		req_Listar_com_filhos_7	1603218251318	1603218251354	OK	 
REQUEST	9		request_69	1603218251318	1603218251354	OK	 
REQUEST	10		req_Listar_com_filhos_7	1603218251325	1603218251360	OK	 
REQUEST	9		req_Listar_com_filhos_7	1603218251318	1603218251361	OK	 
REQUEST	5		request_69	1603218251318	1603218251361	OK	 
REQUEST	7		request_63	1603218251319	1603218251375	OK	 
REQUEST	1		request_63	1603218251328	1603218251375	OK	 
REQUEST	3		request_64	1603218251341	1603218251375	OK	 
REQUEST	6		request_64	1603218251341	1603218251375	OK	 
REQUEST	8		req_Listar_com_filhos_7	1603218251324	1603218251375	OK	 
REQUEST	2		request_69	1603218251325	1603218251375	OK	 
REQUEST	10		request_69	1603218251325	1603218251375	OK	 
REQUEST	4		req_Listar_com_filhos_7	1603218251330	1603218251376	OK	 
REQUEST	3		request_65	1603218251341	1603218251376	OK	 
REQUEST	6		request_65	1603218251341	1603218251376	OK	 
REQUEST	8		request_69	1603218251325	1603218251377	OK	 
REQUEST	2		req_Listar_com_filhos_7	1603218251325	1603218251377	OK	 
REQUEST	6		request_69	1603218251342	1603218251382	OK	 
REQUEST	3		req_Listar_com_filhos_7	1603218251342	1603218251382	OK	 
REQUEST	3		request_69	1603218251342	1603218251394	OK	 
REQUEST	5		req_Listar_com_filhos_7	1603218251354	1603218251404	OK	 
REQUEST	9		request_69	1603218251354	1603218251404	OK	 
REQUEST	4		request_69	1603218251340	1603218251404	OK	 
REQUEST	1		request_64	1603218251378	1603218251404	OK	 
REQUEST	6		req_Listar_com_filhos_7	1603218251342	1603218251404	OK	 
REQUEST	1		request_65	1603218251378	1603218251424	OK	 
REQUEST	9		req_Listar_com_filhos_7	1603218251361	1603218251424	OK	 
REQUEST	7		request_69	1603218251380	1603218251424	OK	 
REQUEST	1		req_Listar_com_filhos_7	1603218251379	1603218251424	OK	 
REQUEST	7		req_Listar_com_filhos_7	1603218251379	1603218251425	OK	 
REQUEST	1		request_69	1603218251379	1603218251426	OK	 
REQUEST	7		request_64	1603218251378	1603218251427	OK	 
REQUEST	7		request_65	1603218251379	1603218251427	OK	 
REQUEST	10		req_Listar_com_filhos_7	1603218251361	1603218251458	OK	 
REQUEST	5		request_69	1603218251361	1603218251458	OK	 
REQUEST	3		req_Listar_com_filhos_7	1603218251383	1603218251458	OK	 
REQUEST	2		request_69	1603218251376	1603218251458	OK	 
REQUEST	8		request_69	1603218251378	1603218251459	OK	 
REQUEST	10		request_69	1603218251376	1603218251459	OK	 
REQUEST	2		req_Listar_com_filhos_7	1603218251378	1603218251477	OK	 
REQUEST	3		request_69	1603218251395	1603218251477	OK	 
REQUEST	6		request_69	1603218251383	1603218251496	OK	 
REQUEST	8		req_Listar_com_filhos_7	1603218251376	1603218251497	OK	 
REQUEST	4		request_69	1603218251405	1603218251518	OK	 
REQUEST	9		request_69	1603218251404	1603218251519	OK	 
REQUEST	6		req_Listar_com_filhos_7	1603218251405	1603218251536	OK	 
REQUEST	1		request_69	1603218251426	1603218251544	OK	 
REQUEST	7		req_Listar_com_filhos_7	1603218251426	1603218251553	OK	 
REQUEST	1		req_Listar_com_filhos_7	1603218251425	1603218251553	OK	 
REQUEST	7		request_69	1603218251425	1603218251555	OK	 
REQUEST	4		req_Listar_com_filhos_7	1603218251377	1603218251563	OK	 
REQUEST	2		request_69	1603218251459	1603218251594	OK	 
REQUEST	5		request_69	1603218251459	1603218251642	OK	 
REQUEST	10		request_69	1603218251460	1603218251663	OK	 
REQUEST	10		req_Listar_com_filhos_7	1603218251459	1603218251676	OK	 
REQUEST	3		request_69	1603218251478	1603218251676	OK	 
REQUEST	9		req_Listar_com_filhos_7	1603218251425	1603218251676	OK	 
REQUEST	3		req_Listar_com_filhos_7	1603218251459	1603218251676	OK	 
REQUEST	2		req_Listar_com_filhos_7	1603218251478	1603218251676	OK	 
REQUEST	6		request_69	1603218251497	1603218251689	OK	 
REQUEST	5		req_Listar_com_filhos_7	1603218251404	1603218251689	OK	 
REQUEST	1		request_69	1603218251544	1603218251701	OK	 
REQUEST	6		req_Listar_com_filhos_7	1603218251536	1603218251717	OK	 
REQUEST	7		request_69	1603218251555	1603218251729	OK	 
REQUEST	1		req_Listar_com_filhos_7	1603218251554	1603218251743	OK	 
REQUEST	7		req_Listar_com_filhos_7	1603218251554	1603218251743	OK	 
REQUEST	8		request_71	1603218253499	1603218253547	OK	 
REQUEST	8		request_74	1603218253554	1603218253575	OK	 
REQUEST	8		request_73	1603218253554	1603218253575	OK	 
REQUEST	8		request_80	1603218253556	1603218253583	OK	 
REQUEST	8		request_79	1603218253555	1603218253589	OK	 
REQUEST	8		request_78	1603218253555	1603218253590	OK	 
REQUEST	8		req_Listar_com_filhos_9	1603218253556	1603218253591	OK	 
REQUEST	8		request_72	1603218253555	1603218253595	OK	 
REQUEST	8		request_98	1603218253584	1603218253611	OK	 
REQUEST	8		request_99	1603218253589	1603218253617	OK	 
REQUEST	4		request_71	1603218253569	1603218253617	OK	 
REQUEST	8		request_100	1603218253590	1603218253619	OK	 
REQUEST	8		request_101	1603218253591	1603218253620	OK	 
REQUEST	8		req_Listar_com_filhos_9	1603218253592	1603218253636	OK	 
REQUEST	8		request_96	1603218253557	1603218253636	OK	 
REQUEST	8		request_97	1603218253558	1603218253637	OK	 
REQUEST	8		request_102	1603218253612	1603218253644	OK	 
REQUEST	4		request_73	1603218253624	1603218253644	OK	 
REQUEST	8		request_104	1603218253619	1603218253645	OK	 
REQUEST	4		request_74	1603218253624	1603218253645	OK	 
REQUEST	8		request_103	1603218253618	1603218253645	OK	 
REQUEST	8		request_105	1603218253620	1603218253651	OK	 
REQUEST	4		request_80	1603218253626	1603218253651	OK	 
REQUEST	4		request_79	1603218253626	1603218253652	OK	 
REQUEST	4		request_78	1603218253625	1603218253653	OK	 
REQUEST	4		req_Listar_com_filhos_9	1603218253627	1603218253660	OK	 
REQUEST	4		request_72	1603218253625	1603218253676	OK	 
REQUEST	4		request_98	1603218253652	1603218253686	OK	 
REQUEST	4		request_99	1603218253652	1603218253687	OK	 
REQUEST	4		request_101	1603218253661	1603218253692	OK	 
REQUEST	4		request_100	1603218253653	1603218253693	OK	 
REQUEST	3		request_71	1603218253669	1603218253712	OK	 
REQUEST	4		req_Listar_com_filhos_9	1603218253661	1603218253712	OK	 
REQUEST	4		request_96	1603218253627	1603218253713	OK	 
REQUEST	4		request_102	1603218253687	1603218253714	OK	 
REQUEST	4		request_103	1603218253688	1603218253714	OK	 
REQUEST	9		request_71	1603218253669	1603218253719	OK	 
REQUEST	4		request_105	1603218253693	1603218253719	OK	 
REQUEST	4		request_97	1603218253628	1603218253720	OK	 
REQUEST	8		req_Listar_com_filhos_9	1603218253637	1603218253721	OK	 
REQUEST	4		request_104	1603218253692	1603218253721	OK	 
REQUEST	10		request_71	1603218253678	1603218253726	OK	 
REQUEST	2		request_71	1603218253678	1603218253726	OK	 
REQUEST	3		request_73	1603218253718	1603218253738	OK	 
REQUEST	5		request_71	1603218253688	1603218253738	OK	 
REQUEST	3		request_74	1603218253719	1603218253747	OK	 
REQUEST	9		request_73	1603218253724	1603218253747	OK	 
REQUEST	3		request_79	1603218253724	1603218253747	OK	 
REQUEST	9		request_74	1603218253724	1603218253747	OK	 
REQUEST	3		request_78	1603218253723	1603218253754	OK	 
REQUEST	2		request_73	1603218253731	1603218253754	OK	 
REQUEST	10		request_73	1603218253732	1603218253754	OK	 
REQUEST	2		request_74	1603218253732	1603218253754	OK	 
REQUEST	3		request_80	1603218253724	1603218253754	OK	 
REQUEST	9		request_78	1603218253725	1603218253755	OK	 
REQUEST	9		request_79	1603218253725	1603218253756	OK	 
REQUEST	3		req_Listar_com_filhos_9	1603218253724	1603218253756	OK	 
REQUEST	10		request_74	1603218253732	1603218253762	OK	 
REQUEST	9		req_Listar_com_filhos_9	1603218253725	1603218253762	OK	 
REQUEST	5		request_73	1603218253740	1603218253762	OK	 
REQUEST	5		request_74	1603218253741	1603218253763	OK	 
REQUEST	9		request_80	1603218253725	1603218253763	OK	 
REQUEST	4		req_Listar_com_filhos_9	1603218253714	1603218253764	OK	 
REQUEST	2		request_80	1603218253733	1603218253764	OK	 
REQUEST	10		request_78	1603218253733	1603218253765	OK	 
REQUEST	2		request_78	1603218253733	1603218253769	OK	 
REQUEST	6		request_71	1603218253718	1603218253769	OK	 
REQUEST	10		req_Listar_com_filhos_9	1603218253733	1603218253769	OK	 
REQUEST	2		request_79	1603218253733	1603218253770	OK	 
REQUEST	10		request_80	1603218253733	1603218253770	OK	 
REQUEST	2		req_Listar_com_filhos_9	1603218253733	1603218253770	OK	 
REQUEST	10		request_79	1603218253733	1603218253771	OK	 
REQUEST	5		request_80	1603218253742	1603218253772	OK	 
REQUEST	5		request_79	1603218253742	1603218253772	OK	 
REQUEST	5		request_78	1603218253741	1603218253772	OK	 
REQUEST	10		request_72	1603218253732	1603218253776	OK	 
REQUEST	3		request_72	1603218253719	1603218253775	OK	 
REQUEST	5		req_Listar_com_filhos_9	1603218253742	1603218253776	OK	 
REQUEST	9		request_72	1603218253724	1603218253776	OK	 
REQUEST	3		request_98	1603218253748	1603218253777	OK	 
REQUEST	3		request_99	1603218253754	1603218253777	OK	 
REQUEST	3		request_100	1603218253754	1603218253778	OK	 
REQUEST	2		request_72	1603218253732	1603218253781	OK	 
REQUEST	9		request_98	1603218253755	1603218253781	OK	 
REQUEST	3		request_101	1603218253756	1603218253781	OK	 
REQUEST	9		request_99	1603218253756	1603218253782	OK	 
REQUEST	9		request_100	1603218253763	1603218253788	OK	 
REQUEST	9		request_101	1603218253764	1603218253794	OK	 
REQUEST	2		request_98	1603218253764	1603218253794	OK	 
REQUEST	5		request_72	1603218253741	1603218253794	OK	 
REQUEST	7		request_71	1603218253748	1603218253794	OK	 
REQUEST	1		request_71	1603218253748	1603218253794	OK	 
REQUEST	9		req_Listar_com_filhos_9	1603218253763	1603218253801	OK	 
REQUEST	10		request_98	1603218253765	1603218253801	OK	 
REQUEST	2		request_99	1603218253769	1603218253802	OK	 
REQUEST	10		request_101	1603218253771	1603218253802	OK	 
REQUEST	2		request_101	1603218253771	1603218253802	OK	 
REQUEST	10		request_99	1603218253769	1603218253803	OK	 
REQUEST	2		request_100	1603218253770	1603218253803	OK	 
REQUEST	5		request_99	1603218253772	1603218253803	OK	 
REQUEST	10		request_100	1603218253770	1603218253803	OK	 
REQUEST	5		request_101	1603218253776	1603218253803	OK	 
REQUEST	3		req_Listar_com_filhos_9	1603218253756	1603218253803	OK	 
REQUEST	6		request_74	1603218253772	1603218253804	OK	 
REQUEST	6		request_73	1603218253772	1603218253804	OK	 
REQUEST	6		request_78	1603218253773	1603218253804	OK	 
REQUEST	6		request_80	1603218253773	1603218253805	OK	 
REQUEST	3		request_96	1603218253724	1603218253807	OK	 
REQUEST	6		request_79	1603218253773	1603218253807	OK	 
REQUEST	5		request_100	1603218253773	1603218253807	OK	 
REQUEST	5		request_98	1603218253772	1603218253808	OK	 
REQUEST	3		request_102	1603218253777	1603218253808	OK	 
REQUEST	3		request_104	1603218253778	1603218253808	OK	 
REQUEST	3		request_103	1603218253778	1603218253815	OK	 
REQUEST	9		request_102	1603218253781	1603218253815	OK	 
REQUEST	2		req_Listar_com_filhos_9	1603218253771	1603218253815	OK	 
REQUEST	3		request_97	1603218253725	1603218253815	OK	 
REQUEST	9		request_96	1603218253726	1603218253815	OK	 
REQUEST	3		request_105	1603218253782	1603218253824	OK	 
REQUEST	6		request_72	1603218253772	1603218253824	OK	 
REQUEST	9		request_104	1603218253789	1603218253824	OK	 
REQUEST	5		req_Listar_com_filhos_9	1603218253777	1603218253824	OK	 
REQUEST	10		req_Listar_com_filhos_9	1603218253770	1603218253824	OK	 
REQUEST	10		request_96	1603218253734	1603218253825	OK	 
REQUEST	9		request_97	1603218253726	1603218253833	OK	 
REQUEST	2		request_96	1603218253734	1603218253833	OK	 
REQUEST	9		request_103	1603218253782	1603218253833	OK	 
REQUEST	7		request_74	1603218253798	1603218253833	OK	 
REQUEST	6		req_Listar_com_filhos_9	1603218253773	1603218253833	OK	 
REQUEST	1		request_74	1603218253797	1603218253833	OK	 
REQUEST	1		request_73	1603218253797	1603218253833	OK	 
REQUEST	9		request_105	1603218253795	1603218253834	OK	 
REQUEST	2		request_102	1603218253795	1603218253834	OK	 
REQUEST	1		request_72	1603218253798	1603218253851	OK	 
REQUEST	7		request_72	1603218253798	1603218253851	OK	 
REQUEST	2		request_97	1603218253734	1603218253851	OK	 
REQUEST	1		request_78	1603218253798	1603218253851	OK	 
REQUEST	7		request_73	1603218253798	1603218253851	OK	 
REQUEST	10		request_97	1603218253734	1603218253851	OK	 
REQUEST	1		request_80	1603218253798	1603218253854	OK	 
REQUEST	7		request_80	1603218253799	1603218253859	OK	 
REQUEST	1		req_Listar_com_filhos_9	1603218253798	1603218253859	OK	 
REQUEST	7		request_78	1603218253798	1603218253860	OK	 
REQUEST	1		request_79	1603218253798	1603218253861	OK	 
REQUEST	7		request_79	1603218253799	1603218253871	OK	 
REQUEST	2		request_104	1603218253803	1603218253871	OK	 
REQUEST	5		request_96	1603218253742	1603218253879	OK	 
REQUEST	6		request_98	1603218253804	1603218253879	OK	 
REQUEST	10		request_103	1603218253802	1603218253879	OK	 
REQUEST	2		request_105	1603218253803	1603218253879	OK	 
REQUEST	2		request_103	1603218253802	1603218253879	OK	 
REQUEST	10		request_102	1603218253802	1603218253879	OK	 
REQUEST	10		request_104	1603218253803	1603218253880	OK	 
REQUEST	7		req_Listar_com_filhos_9	1603218253799	1603218253879	OK	 
REQUEST	6		request_99	1603218253805	1603218253880	OK	 
REQUEST	5		request_103	1603218253803	1603218253880	OK	 
REQUEST	5		request_102	1603218253803	1603218253886	OK	 
REQUEST	5		request_97	1603218253742	1603218253887	OK	 
REQUEST	10		request_105	1603218253803	1603218253900	OK	 
REQUEST	6		request_100	1603218253807	1603218253900	OK	 
REQUEST	5		request_104	1603218253807	1603218253900	OK	 
REQUEST	5		request_105	1603218253808	1603218253900	OK	 
REQUEST	6		request_101	1603218253833	1603218253947	OK	 
REQUEST	7		request_98	1603218253859	1603218253951	OK	 
REQUEST	6		request_97	1603218253774	1603218253967	OK	 
REQUEST	7		request_99	1603218253860	1603218253967	OK	 
REQUEST	1		request_100	1603218253860	1603218253967	OK	 
REQUEST	6		request_96	1603218253773	1603218253968	OK	 
REQUEST	7		request_100	1603218253871	1603218253968	OK	 
REQUEST	1		request_98	1603218253851	1603218253968	OK	 
REQUEST	1		request_101	1603218253861	1603218253969	OK	 
REQUEST	1		request_99	1603218253855	1603218253988	OK	 
REQUEST	7		request_101	1603218253880	1603218253988	OK	 
REQUEST	3		req_Listar_com_filhos_9	1603218253807	1603218253988	OK	 
REQUEST	9		req_Listar_com_filhos_9	1603218253815	1603218253988	OK	 
REQUEST	6		req_Listar_com_filhos_9	1603218253834	1603218253988	OK	 
REQUEST	1		req_Listar_com_filhos_9	1603218253860	1603218253989	OK	 
REQUEST	10		req_Listar_com_filhos_9	1603218253825	1603218253989	OK	 
REQUEST	6		request_102	1603218253879	1603218253989	OK	 
REQUEST	6		request_103	1603218253880	1603218253989	OK	 
REQUEST	6		request_104	1603218253901	1603218254017	OK	 
REQUEST	1		request_96	1603218253798	1603218254017	OK	 
REQUEST	2		req_Listar_com_filhos_9	1603218253833	1603218254017	OK	 
REQUEST	6		request_105	1603218253948	1603218254017	OK	 
REQUEST	7		req_Listar_com_filhos_9	1603218253880	1603218254017	OK	 
REQUEST	7		request_96	1603218253799	1603218254017	OK	 
REQUEST	1		request_97	1603218253799	1603218254018	OK	 
REQUEST	1		request_104	1603218253969	1603218254018	OK	 
REQUEST	7		request_102	1603218253951	1603218254018	OK	 
REQUEST	7		request_97	1603218253800	1603218254018	OK	 
REQUEST	7		request_103	1603218253968	1603218254018	OK	 
REQUEST	7		request_104	1603218253968	1603218254018	OK	 
REQUEST	1		request_103	1603218253968	1603218254030	OK	 
REQUEST	1		request_102	1603218253968	1603218254031	OK	 
REQUEST	7		request_105	1603218253988	1603218254045	OK	 
REQUEST	5		req_Listar_com_filhos_9	1603218253879	1603218254045	OK	 
REQUEST	1		request_105	1603218253988	1603218254051	OK	 
REQUEST	1		req_Listar_com_filhos_9	1603218254017	1603218254090	OK	 
REQUEST	6		req_Listar_com_filhos_9	1603218253989	1603218254109	OK	 
REQUEST	7		req_Listar_com_filhos_9	1603218254018	1603218254135	OK	 
REQUEST	8		request_121	1603218258728	1603218258777	OK	 
REQUEST	8		request_122	1603218258779	1603218258802	OK	 
REQUEST	8		request_123	1603218258780	1603218258802	OK	 
REQUEST	8		request_127	1603218258780	1603218258809	OK	 
REQUEST	4		request_121	1603218258759	1603218258809	OK	 
REQUEST	8		request_136	1603218258781	1603218258810	OK	 
REQUEST	8		request_126	1603218258780	1603218258810	OK	 
REQUEST	8		request_140	1603218258781	1603218258810	OK	 
REQUEST	8		req_Listar_com_filhos_10	1603218258781	1603218258810	OK	 
REQUEST	8		request_137	1603218258781	1603218258811	OK	 
REQUEST	8		request_141	1603218258809	1603218258834	OK	 
REQUEST	4		request_122	1603218258811	1603218258834	OK	 
REQUEST	4		request_123	1603218258811	1603218258834	OK	 
REQUEST	4		request_127	1603218258812	1603218258840	OK	 
REQUEST	4		request_140	1603218258812	1603218258840	OK	 
REQUEST	4		req_Listar_com_filhos_10	1603218258812	1603218258846	OK	 
REQUEST	4		request_126	1603218258811	1603218258847	OK	 
REQUEST	4		request_136	1603218258812	1603218258847	OK	 
REQUEST	4		request_137	1603218258812	1603218258853	OK	 
REQUEST	8		req_Listar_com_filhos_10	1603218258810	1603218258853	OK	 
REQUEST	4		request_141	1603218258840	1603218258873	OK	 
REQUEST	4		req_Listar_com_filhos_10	1603218258847	1603218258893	OK	 
REQUEST	8		req_Listar_com_filhos_10	1603218258854	1603218258925	OK	 
REQUEST	4		req_Listar_com_filhos_10	1603218258893	1603218258949	OK	 
REQUEST	9		request_121	1603218258999	1603218259045	OK	 
REQUEST	10		request_121	1603218258999	1603218259045	OK	 
REQUEST	3		request_121	1603218258999	1603218259045	OK	 
REQUEST	2		request_121	1603218259019	1603218259066	OK	 
REQUEST	9		request_122	1603218259049	1603218259072	OK	 
REQUEST	9		request_123	1603218259050	1603218259073	OK	 
REQUEST	10		request_122	1603218259049	1603218259079	OK	 
REQUEST	3		request_122	1603218259050	1603218259079	OK	 
REQUEST	5		request_121	1603218259039	1603218259079	OK	 
REQUEST	9		request_137	1603218259052	1603218259079	OK	 
REQUEST	3		request_123	1603218259050	1603218259079	OK	 
REQUEST	10		request_123	1603218259050	1603218259079	OK	 
REQUEST	3		request_126	1603218259051	1603218259080	OK	 
REQUEST	10		request_127	1603218259051	1603218259080	OK	 
REQUEST	9		request_126	1603218259050	1603218259080	OK	 
REQUEST	9		request_136	1603218259051	1603218259080	OK	 
REQUEST	9		request_127	1603218259051	1603218259080	OK	 
REQUEST	3		request_127	1603218259051	1603218259080	OK	 
REQUEST	3		request_137	1603218259052	1603218259080	OK	 
REQUEST	10		request_136	1603218259052	1603218259085	OK	 
REQUEST	10		request_126	1603218259051	1603218259085	OK	 
REQUEST	10		request_140	1603218259052	1603218259085	OK	 
REQUEST	9		req_Listar_com_filhos_10	1603218259051	1603218259085	OK	 
REQUEST	3		req_Listar_com_filhos_10	1603218259051	1603218259085	OK	 
REQUEST	10		request_137	1603218259052	1603218259086	OK	 
REQUEST	9		request_140	1603218259052	1603218259086	OK	 
REQUEST	3		request_140	1603218259053	1603218259086	OK	 
REQUEST	10		req_Listar_com_filhos_10	1603218259051	1603218259086	OK	 
REQUEST	3		request_136	1603218259052	1603218259086	OK	 
REQUEST	2		request_122	1603218259068	1603218259091	OK	 
REQUEST	2		request_123	1603218259069	1603218259092	OK	 
REQUEST	2		request_137	1603218259070	1603218259102	OK	 
REQUEST	5		request_123	1603218259081	1603218259102	OK	 
REQUEST	3		request_141	1603218259080	1603218259103	OK	 
REQUEST	10		request_141	1603218259080	1603218259103	OK	 
REQUEST	5		request_122	1603218259080	1603218259103	OK	 
REQUEST	2		request_126	1603218259069	1603218259103	OK	 
REQUEST	2		request_136	1603218259070	1603218259103	OK	 
REQUEST	2		req_Listar_com_filhos_10	1603218259070	1603218259103	OK	 
REQUEST	2		request_140	1603218259070	1603218259103	OK	 
REQUEST	2		request_127	1603218259069	1603218259104	OK	 
REQUEST	5		request_126	1603218259081	1603218259109	OK	 
REQUEST	9		request_141	1603218259079	1603218259109	OK	 
REQUEST	5		request_127	1603218259081	1603218259109	OK	 
REQUEST	5		request_136	1603218259081	1603218259109	OK	 
REQUEST	5		req_Listar_com_filhos_10	1603218259081	1603218259109	OK	 
REQUEST	5		request_137	1603218259081	1603218259110	OK	 
REQUEST	5		request_140	1603218259081	1603218259110	OK	 
REQUEST	3		req_Listar_com_filhos_10	1603218259086	1603218259121	OK	 
REQUEST	9		req_Listar_com_filhos_10	1603218259086	1603218259128	OK	 
REQUEST	10		req_Listar_com_filhos_10	1603218259086	1603218259128	OK	 
REQUEST	2		request_141	1603218259103	1603218259135	OK	 
REQUEST	5		request_141	1603218259109	1603218259135	OK	 
REQUEST	1		request_121	1603218259088	1603218259135	OK	 
REQUEST	2		req_Listar_com_filhos_10	1603218259103	1603218259145	OK	 
REQUEST	5		req_Listar_com_filhos_10	1603218259109	1603218259146	OK	 
REQUEST	1		request_122	1603218259137	1603218259161	OK	 
REQUEST	6		request_121	1603218259118	1603218259161	OK	 
REQUEST	1		request_123	1603218259138	1603218259168	OK	 
REQUEST	1		request_127	1603218259139	1603218259168	OK	 
REQUEST	1		request_126	1603218259138	1603218259168	OK	 
REQUEST	1		request_137	1603218259139	1603218259169	OK	 
REQUEST	1		request_140	1603218259140	1603218259169	OK	 
REQUEST	1		request_136	1603218259139	1603218259175	OK	 
REQUEST	7		request_121	1603218259128	1603218259175	OK	 
REQUEST	1		req_Listar_com_filhos_10	1603218259139	1603218259175	OK	 
REQUEST	6		request_122	1603218259163	1603218259203	OK	 
REQUEST	6		request_126	1603218259163	1603218259203	OK	 
REQUEST	6		request_127	1603218259164	1603218259204	OK	 
REQUEST	6		request_137	1603218259164	1603218259204	OK	 
REQUEST	6		request_136	1603218259164	1603218259204	OK	 
REQUEST	6		request_123	1603218259163	1603218259204	OK	 
REQUEST	6		request_140	1603218259164	1603218259204	OK	 
REQUEST	1		request_141	1603218259168	1603218259224	OK	 
REQUEST	7		request_122	1603218259176	1603218259225	OK	 
REQUEST	7		request_123	1603218259176	1603218259225	OK	 
REQUEST	6		req_Listar_com_filhos_10	1603218259164	1603218259224	OK	 
REQUEST	9		req_Listar_com_filhos_10	1603218259129	1603218259225	OK	 
REQUEST	7		request_137	1603218259177	1603218259225	OK	 
REQUEST	10		req_Listar_com_filhos_10	1603218259129	1603218259225	OK	 
REQUEST	3		req_Listar_com_filhos_10	1603218259121	1603218259226	OK	 
REQUEST	7		request_126	1603218259176	1603218259226	OK	 
REQUEST	7		request_127	1603218259176	1603218259226	OK	 
REQUEST	7		req_Listar_com_filhos_10	1603218259176	1603218259226	OK	 
REQUEST	7		request_136	1603218259176	1603218259226	OK	 
REQUEST	7		request_140	1603218259177	1603218259226	OK	 
REQUEST	6		request_141	1603218259203	1603218259244	OK	 
REQUEST	1		req_Listar_com_filhos_10	1603218259175	1603218259244	OK	 
REQUEST	2		req_Listar_com_filhos_10	1603218259146	1603218259244	OK	 
REQUEST	5		req_Listar_com_filhos_10	1603218259146	1603218259244	OK	 
REQUEST	7		request_141	1603218259225	1603218259272	OK	 
REQUEST	6		req_Listar_com_filhos_10	1603218259225	1603218259288	OK	 
REQUEST	7		req_Listar_com_filhos_10	1603218259226	1603218259288	OK	 
REQUEST	1		req_Listar_com_filhos_10	1603218259244	1603218259311	OK	 
REQUEST	7		req_Listar_com_filhos_10	1603218259288	1603218259351	OK	 
REQUEST	6		req_Listar_com_filhos_10	1603218259288	1603218259371	OK	 
REQUEST	8		request_147	1603218263918	1603218263962	OK	 
REQUEST	8		request_149	1603218263964	1603218263987	OK	 
REQUEST	8		request_148	1603218263963	1603218263988	OK	 
REQUEST	8		req_Listar_com_filhos_12	1603218263964	1603218263999	OK	 
REQUEST	8		request_153	1603218263964	1603218264000	OK	 
REQUEST	4		request_147	1603218263959	1603218264007	OK	 
REQUEST	4		request_149	1603218264008	1603218264034	OK	 
REQUEST	8		req_Listar_com_filhos_12	1603218264000	1603218264034	OK	 
REQUEST	4		request_148	1603218264008	1603218264034	OK	 
REQUEST	8		request_153	1603218264001	1603218264040	OK	 
REQUEST	4		req_Listar_com_filhos_12	1603218264009	1603218264048	OK	 
REQUEST	4		request_153	1603218264009	1603218264050	OK	 
REQUEST	4		req_Listar_com_filhos_12	1603218264049	1603218264092	OK	 
REQUEST	4		request_153	1603218264050	1603218264093	OK	 
REQUEST	8		request_153	1603218264041	1603218264101	OK	 
REQUEST	8		req_Listar_com_filhos_12	1603218264034	1603218264107	OK	 
REQUEST	4		req_Listar_com_filhos_12	1603218264093	1603218264152	OK	 
REQUEST	4		request_153	1603218264093	1603218264153	OK	 
REQUEST	10		request_147	1603218264219	1603218264267	OK	 
REQUEST	3		request_147	1603218264219	1603218264267	OK	 
REQUEST	9		request_147	1603218264219	1603218264273	OK	 
REQUEST	5		request_147	1603218264249	1603218264294	OK	 
REQUEST	2		request_147	1603218264249	1603218264294	OK	 
REQUEST	10		request_148	1603218264269	1603218264294	OK	 
REQUEST	3		request_148	1603218264269	1603218264294	OK	 
REQUEST	3		request_149	1603218264269	1603218264294	OK	 
REQUEST	10		request_149	1603218264269	1603218264294	OK	 
REQUEST	9		request_149	1603218264274	1603218264301	OK	 
REQUEST	10		req_Listar_com_filhos_12	1603218264269	1603218264301	OK	 
REQUEST	3		req_Listar_com_filhos_12	1603218264269	1603218264301	OK	 
REQUEST	9		request_153	1603218264274	1603218264301	OK	 
REQUEST	10		request_153	1603218264270	1603218264302	OK	 
REQUEST	9		req_Listar_com_filhos_12	1603218264274	1603218264302	OK	 
REQUEST	3		request_153	1603218264269	1603218264302	OK	 
REQUEST	5		request_149	1603218264295	1603218264327	OK	 
REQUEST	2		request_148	1603218264295	1603218264327	OK	 
REQUEST	5		request_148	1603218264295	1603218264327	OK	 
REQUEST	2		request_149	1603218264295	1603218264328	OK	 
REQUEST	2		req_Listar_com_filhos_12	1603218264295	1603218264333	OK	 
REQUEST	5		request_153	1603218264296	1603218264333	OK	 
REQUEST	5		req_Listar_com_filhos_12	1603218264295	1603218264334	OK	 
REQUEST	2		request_153	1603218264296	1603218264334	OK	 
REQUEST	9		req_Listar_com_filhos_12	1603218264303	1603218264345	OK	 
REQUEST	3		req_Listar_com_filhos_12	1603218264302	1603218264345	OK	 
REQUEST	10		request_153	1603218264303	1603218264345	OK	 
REQUEST	9		request_153	1603218264302	1603218264346	OK	 
REQUEST	10		req_Listar_com_filhos_12	1603218264302	1603218264346	OK	 
REQUEST	3		request_153	1603218264303	1603218264346	OK	 
REQUEST	1		request_147	1603218264318	1603218264360	OK	 
REQUEST	9		request_148	1603218264274	1603218264379	OK	 
REQUEST	2		request_153	1603218264335	1603218264379	OK	 
REQUEST	5		req_Listar_com_filhos_12	1603218264335	1603218264389	OK	 
REQUEST	2		req_Listar_com_filhos_12	1603218264334	1603218264389	OK	 
REQUEST	10		request_153	1603218264346	1603218264390	OK	 
REQUEST	5		request_153	1603218264334	1603218264390	OK	 
REQUEST	1		request_149	1603218264361	1603218264408	OK	 
REQUEST	1		request_148	1603218264361	1603218264409	OK	 
REQUEST	9		request_153	1603218264346	1603218264409	OK	 
REQUEST	7		request_147	1603218264358	1603218264414	OK	 
REQUEST	6		request_147	1603218264368	1603218264414	OK	 
REQUEST	3		request_153	1603218264347	1603218264432	OK	 
REQUEST	9		req_Listar_com_filhos_12	1603218264346	1603218264432	OK	 
REQUEST	1		request_153	1603218264362	1603218264432	OK	 
REQUEST	2		request_153	1603218264379	1603218264433	OK	 
REQUEST	1		req_Listar_com_filhos_12	1603218264362	1603218264433	OK	 
REQUEST	10		req_Listar_com_filhos_12	1603218264347	1603218264436	OK	 
REQUEST	5		request_153	1603218264390	1603218264458	OK	 
REQUEST	3		req_Listar_com_filhos_12	1603218264346	1603218264458	OK	 
REQUEST	6		request_148	1603218264415	1603218264462	OK	 
REQUEST	6		request_149	1603218264415	1603218264463	OK	 
REQUEST	7		request_148	1603218264415	1603218264480	OK	 
REQUEST	7		request_149	1603218264415	1603218264480	OK	 
REQUEST	1		req_Listar_com_filhos_12	1603218264434	1603218264480	OK	 
REQUEST	6		request_153	1603218264416	1603218264480	OK	 
REQUEST	7		request_153	1603218264416	1603218264480	OK	 
REQUEST	2		req_Listar_com_filhos_12	1603218264389	1603218264481	OK	 
REQUEST	5		req_Listar_com_filhos_12	1603218264389	1603218264481	OK	 
REQUEST	6		req_Listar_com_filhos_12	1603218264416	1603218264481	OK	 
REQUEST	7		req_Listar_com_filhos_12	1603218264416	1603218264481	OK	 
REQUEST	1		request_153	1603218264433	1603218264491	OK	 
REQUEST	6		request_153	1603218264480	1603218264527	OK	 
REQUEST	7		request_153	1603218264481	1603218264546	OK	 
REQUEST	6		req_Listar_com_filhos_12	1603218264481	1603218264546	OK	 
REQUEST	1		request_153	1603218264492	1603218264547	OK	 
REQUEST	7		req_Listar_com_filhos_12	1603218264482	1603218264547	OK	 
REQUEST	1		req_Listar_com_filhos_12	1603218264480	1603218264553	OK	 
REQUEST	6		request_153	1603218264527	1603218264589	OK	 
REQUEST	7		request_153	1603218264547	1603218264609	OK	 
REQUEST	6		req_Listar_com_filhos_12	1603218264547	1603218264616	OK	 
REQUEST	7		req_Listar_com_filhos_12	1603218264548	1603218264635	OK	 
REQUEST	8		request_155	1603218267108	1603218267155	OK	 
REQUEST	8		request_157	1603218267157	1603218267184	OK	 
REQUEST	8		request_156	1603218267157	1603218267184	OK	 
REQUEST	8		request_159	1603218267157	1603218267185	OK	 
REQUEST	8		req_Listar_com_filhos_14	1603218267157	1603218267191	OK	 
REQUEST	4		request_155	1603218267148	1603218267203	OK	 
REQUEST	4		request_157	1603218267204	1603218267232	OK	 
REQUEST	4		request_156	1603218267204	1603218267233	OK	 
REQUEST	4		request_159	1603218267204	1603218267233	OK	 
REQUEST	4		req_Listar_com_filhos_14	1603218267204	1603218267233	OK	 
REQUEST	8		req_Listar_com_filhos_14	1603218267191	1603218267241	OK	 
REQUEST	4		req_Listar_com_filhos_14	1603218267234	1603218267275	OK	 
REQUEST	8		req_Listar_com_filhos_14	1603218267242	1603218267303	OK	 
REQUEST	4		req_Listar_com_filhos_14	1603218267276	1603218267342	OK	 
REQUEST	10		request_155	1603218267439	1603218267488	OK	 
REQUEST	9		request_155	1603218267439	1603218267488	OK	 
REQUEST	9		request_156	1603218267489	1603218267517	OK	 
REQUEST	10		request_156	1603218267489	1603218267517	OK	 
REQUEST	10		request_157	1603218267490	1603218267517	OK	 
REQUEST	9		request_157	1603218267490	1603218267517	OK	 
REQUEST	9		request_159	1603218267490	1603218267518	OK	 
REQUEST	10		request_159	1603218267490	1603218267518	OK	 
REQUEST	3		request_155	1603218267468	1603218267523	OK	 
REQUEST	10		req_Listar_com_filhos_14	1603218267490	1603218267523	OK	 
REQUEST	9		req_Listar_com_filhos_14	1603218267490	1603218267523	OK	 
REQUEST	2		request_155	1603218267478	1603218267530	OK	 
REQUEST	5		request_155	1603218267478	1603218267530	OK	 
REQUEST	3		request_156	1603218267525	1603218267549	OK	 
REQUEST	3		request_157	1603218267525	1603218267550	OK	 
REQUEST	3		request_159	1603218267525	1603218267556	OK	 
REQUEST	5		request_157	1603218267532	1603218267556	OK	 
REQUEST	2		request_157	1603218267532	1603218267556	OK	 
REQUEST	2		request_156	1603218267532	1603218267557	OK	 
REQUEST	5		request_156	1603218267532	1603218267557	OK	 
REQUEST	5		request_159	1603218267532	1603218267557	OK	 
REQUEST	2		request_159	1603218267532	1603218267562	OK	 
REQUEST	9		req_Listar_com_filhos_14	1603218267524	1603218267562	OK	 
REQUEST	5		req_Listar_com_filhos_14	1603218267532	1603218267562	OK	 
REQUEST	3		req_Listar_com_filhos_14	1603218267525	1603218267562	OK	 
REQUEST	2		req_Listar_com_filhos_14	1603218267532	1603218267563	OK	 
REQUEST	10		req_Listar_com_filhos_14	1603218267524	1603218267569	OK	 
REQUEST	1		request_155	1603218267548	1603218267594	OK	 
REQUEST	3		req_Listar_com_filhos_14	1603218267563	1603218267603	OK	 
REQUEST	2		req_Listar_com_filhos_14	1603218267563	1603218267603	OK	 
REQUEST	5		req_Listar_com_filhos_14	1603218267563	1603218267603	OK	 
REQUEST	1		request_156	1603218267595	1603218267620	OK	 
REQUEST	1		request_157	1603218267596	1603218267621	OK	 
REQUEST	1		request_159	1603218267596	1603218267621	OK	 
REQUEST	10		req_Listar_com_filhos_14	1603218267570	1603218267628	OK	 
REQUEST	1		req_Listar_com_filhos_14	1603218267596	1603218267627	OK	 
REQUEST	9		req_Listar_com_filhos_14	1603218267563	1603218267638	OK	 
REQUEST	6		request_155	1603218267608	1603218267653	OK	 
REQUEST	7		request_155	1603218267628	1603218267673	OK	 
REQUEST	1		req_Listar_com_filhos_14	1603218267628	1603218267673	OK	 
REQUEST	5		req_Listar_com_filhos_14	1603218267604	1603218267674	OK	 
REQUEST	3		req_Listar_com_filhos_14	1603218267604	1603218267674	OK	 
REQUEST	2		req_Listar_com_filhos_14	1603218267604	1603218267674	OK	 
REQUEST	6		request_156	1603218267654	1603218267690	OK	 
REQUEST	6		request_157	1603218267655	1603218267697	OK	 
REQUEST	6		request_159	1603218267655	1603218267697	OK	 
REQUEST	7		request_157	1603218267675	1603218267705	OK	 
REQUEST	7		request_159	1603218267675	1603218267706	OK	 
REQUEST	6		req_Listar_com_filhos_14	1603218267655	1603218267705	OK	 
REQUEST	7		request_156	1603218267675	1603218267706	OK	 
REQUEST	7		req_Listar_com_filhos_14	1603218267675	1603218267706	OK	 
REQUEST	1		req_Listar_com_filhos_14	1603218267674	1603218267741	OK	 
REQUEST	6		req_Listar_com_filhos_14	1603218267706	1603218267741	OK	 
REQUEST	7		req_Listar_com_filhos_14	1603218267707	1603218267749	OK	 
REQUEST	6		req_Listar_com_filhos_14	1603218267741	1603218267815	OK	 
REQUEST	7		req_Listar_com_filhos_14	1603218267749	1603218267815	OK	 
REQUEST	8		request_167	1603218270308	1603218270362	OK	 
REQUEST	4		request_167	1603218270339	1603218270388	OK	 
REQUEST	8		request_169	1603218270364	1603218270388	OK	 
REQUEST	8		request_168	1603218270363	1603218270388	OK	 
REQUEST	8		request_184	1603218270365	1603218270395	OK	 
REQUEST	8		request_174	1603218270364	1603218270395	OK	 
REQUEST	8		request_182	1603218270364	1603218270395	OK	 
REQUEST	8		request_172	1603218270364	1603218270395	OK	 
REQUEST	8		request_183	1603218270365	1603218270396	OK	 
REQUEST	8		req_Listar_com_filhos_15	1603218270364	1603218270396	OK	 
REQUEST	4		request_168	1603218270389	1603218270415	OK	 
REQUEST	4		request_169	1603218270390	1603218270415	OK	 
REQUEST	4		request_172	1603218270390	1603218270416	OK	 
REQUEST	4		request_174	1603218270390	1603218270416	OK	 
REQUEST	4		request_182	1603218270390	1603218270416	OK	 
REQUEST	4		request_184	1603218270391	1603218270422	OK	 
REQUEST	8		request_185	1603218270395	1603218270422	OK	 
REQUEST	4		req_Listar_com_filhos_15	1603218270390	1603218270422	OK	 
REQUEST	4		request_183	1603218270391	1603218270423	OK	 
REQUEST	8		req_Listar_com_filhos_15	1603218270396	1603218270439	OK	 
REQUEST	4		request_185	1603218270416	1603218270458	OK	 
REQUEST	4		req_Listar_com_filhos_15	1603218270423	1603218270471	OK	 
REQUEST	8		req_Listar_com_filhos_15	1603218270440	1603218270509	OK	 
REQUEST	4		req_Listar_com_filhos_15	1603218270471	1603218270527	OK	 
REQUEST	10		request_167	1603218270629	1603218270673	OK	 
REQUEST	9		request_167	1603218270638	1603218270686	OK	 
REQUEST	10		request_168	1603218270674	1603218270701	OK	 
REQUEST	10		request_169	1603218270675	1603218270701	OK	 
REQUEST	10		request_174	1603218270676	1603218270701	OK	 
REQUEST	10		request_172	1603218270675	1603218270702	OK	 
REQUEST	10		req_Listar_com_filhos_15	1603218270675	1603218270702	OK	 
REQUEST	10		request_183	1603218270676	1603218270709	OK	 
REQUEST	9		request_168	1603218270688	1603218270709	OK	 
REQUEST	10		request_182	1603218270676	1603218270709	OK	 
REQUEST	9		request_169	1603218270689	1603218270709	OK	 
REQUEST	9		request_172	1603218270689	1603218270710	OK	 
REQUEST	10		request_184	1603218270676	1603218270710	OK	 
REQUEST	9		request_174	1603218270689	1603218270710	OK	 
REQUEST	9		request_182	1603218270689	1603218270710	OK	 
REQUEST	9		request_183	1603218270690	1603218270718	OK	 
REQUEST	3		request_167	1603218270669	1603218270718	OK	 
REQUEST	9		request_184	1603218270690	1603218270718	OK	 
REQUEST	9		req_Listar_com_filhos_15	1603218270689	1603218270718	OK	 
REQUEST	10		request_185	1603218270702	1603218270727	OK	 
REQUEST	2		request_167	1603218270678	1603218270727	OK	 
REQUEST	5		request_167	1603218270678	1603218270736	OK	 
REQUEST	9		request_185	1603218270710	1603218270743	OK	 
REQUEST	3		request_168	1603218270719	1603218270743	OK	 
REQUEST	10		req_Listar_com_filhos_15	1603218270703	1603218270743	OK	 
REQUEST	3		request_169	1603218270720	1603218270749	OK	 
REQUEST	3		request_174	1603218270720	1603218270749	OK	 
REQUEST	3		request_183	1603218270720	1603218270749	OK	 
REQUEST	3		request_172	1603218270720	1603218270749	OK	 
REQUEST	3		request_182	1603218270720	1603218270750	OK	 
REQUEST	3		req_Listar_com_filhos_15	1603218270720	1603218270750	OK	 
REQUEST	3		request_184	1603218270720	1603218270750	OK	 
REQUEST	2		request_172	1603218270728	1603218270756	OK	 
REQUEST	9		req_Listar_com_filhos_15	1603218270719	1603218270756	OK	 
REQUEST	2		request_169	1603218270728	1603218270756	OK	 
REQUEST	2		request_168	1603218270728	1603218270756	OK	 
REQUEST	2		request_182	1603218270728	1603218270757	OK	 
REQUEST	2		request_174	1603218270728	1603218270757	OK	 
REQUEST	2		request_183	1603218270729	1603218270757	OK	 
REQUEST	2		req_Listar_com_filhos_15	1603218270728	1603218270757	OK	 
REQUEST	2		request_184	1603218270729	1603218270757	OK	 
REQUEST	5		request_169	1603218270737	1603218270762	OK	 
REQUEST	5		request_172	1603218270737	1603218270763	OK	 
REQUEST	5		request_168	1603218270737	1603218270763	OK	 
REQUEST	5		request_184	1603218270738	1603218270763	OK	 
REQUEST	5		request_183	1603218270738	1603218270763	OK	 
REQUEST	5		request_182	1603218270738	1603218270763	OK	 
REQUEST	5		request_174	1603218270738	1603218270763	OK	 
REQUEST	5		req_Listar_com_filhos_15	1603218270738	1603218270763	OK	 
REQUEST	3		request_185	1603218270749	1603218270771	OK	 
REQUEST	2		request_185	1603218270756	1603218270779	OK	 
REQUEST	1		request_167	1603218270749	1603218270791	OK	 
REQUEST	5		request_185	1603218270763	1603218270791	OK	 
REQUEST	3		req_Listar_com_filhos_15	1603218270750	1603218270791	OK	 
REQUEST	2		req_Listar_com_filhos_15	1603218270757	1603218270797	OK	 
REQUEST	10		req_Listar_com_filhos_15	1603218270743	1603218270799	OK	 
REQUEST	5		req_Listar_com_filhos_15	1603218270764	1603218270806	OK	 
REQUEST	1		request_168	1603218270792	1603218270816	OK	 
REQUEST	1		request_169	1603218270792	1603218270816	OK	 
REQUEST	1		request_172	1603218270792	1603218270816	OK	 
REQUEST	1		request_183	1603218270792	1603218270817	OK	 
REQUEST	1		request_174	1603218270792	1603218270822	OK	 
REQUEST	9		req_Listar_com_filhos_15	1603218270756	1603218270822	OK	 
REQUEST	1		req_Listar_com_filhos_15	1603218270792	1603218270822	OK	 
REQUEST	1		request_182	1603218270792	1603218270823	OK	 
REQUEST	1		request_184	1603218270792	1603218270823	OK	 
REQUEST	1		request_185	1603218270816	1603218270844	OK	 
REQUEST	3		req_Listar_com_filhos_15	1603218270791	1603218270855	OK	 
REQUEST	2		req_Listar_com_filhos_15	1603218270798	1603218270861	OK	 
REQUEST	1		req_Listar_com_filhos_15	1603218270823	1603218270861	OK	 
REQUEST	5		req_Listar_com_filhos_15	1603218270806	1603218270861	OK	 
REQUEST	7		request_167	1603218270818	1603218270869	OK	 
REQUEST	6		request_167	1603218270818	1603218270869	OK	 
REQUEST	7		request_169	1603218270871	1603218270900	OK	 
REQUEST	6		request_169	1603218270871	1603218270901	OK	 
REQUEST	7		request_168	1603218270871	1603218270901	OK	 
REQUEST	6		request_168	1603218270870	1603218270901	OK	 
REQUEST	7		request_184	1603218270872	1603218270901	OK	 
REQUEST	6		request_172	1603218270871	1603218270901	OK	 
REQUEST	7		request_172	1603218270871	1603218270901	OK	 
REQUEST	6		request_183	1603218270871	1603218270901	OK	 
REQUEST	6		request_182	1603218270871	1603218270901	OK	 
REQUEST	7		request_183	1603218270872	1603218270901	OK	 
REQUEST	7		request_174	1603218270871	1603218270901	OK	 
REQUEST	7		request_182	1603218270871	1603218270902	OK	 
REQUEST	6		req_Listar_com_filhos_15	1603218270871	1603218270907	OK	 
REQUEST	7		req_Listar_com_filhos_15	1603218270871	1603218270907	OK	 
REQUEST	6		request_174	1603218270871	1603218270907	OK	 
REQUEST	6		request_184	1603218270871	1603218270907	OK	 
REQUEST	6		request_185	1603218270901	1603218270923	OK	 
REQUEST	7		request_185	1603218270901	1603218270930	OK	 
REQUEST	1		req_Listar_com_filhos_15	1603218270861	1603218270930	OK	 
REQUEST	6		req_Listar_com_filhos_15	1603218270907	1603218270946	OK	 
REQUEST	7		req_Listar_com_filhos_15	1603218270907	1603218270946	OK	 
REQUEST	7		req_Listar_com_filhos_15	1603218270946	1603218271011	OK	 
REQUEST	6		req_Listar_com_filhos_15	1603218270946	1603218271011	OK	 
REQUEST	8		request_192	1603218273508	1603218273552	OK	 
REQUEST	4		request_192	1603218273529	1603218273552	OK	 
REQUEST	4		request_194	1603218273554	1603218273581	OK	 
REQUEST	8		request_193	1603218273554	1603218273582	OK	 
REQUEST	4		request_193	1603218273554	1603218273582	OK	 
REQUEST	8		request_194	1603218273554	1603218273582	OK	 
REQUEST	4		req_Listar_com_filhos_15	1603218273555	1603218273589	OK	 
REQUEST	8		req_Listar_com_filhos_15	1603218273554	1603218273589	OK	 
REQUEST	4		request_198	1603218273555	1603218273590	OK	 
REQUEST	8		request_198	1603218273555	1603218273590	OK	 
REQUEST	4		req_Listar_com_filhos_15	1603218273589	1603218273631	OK	 
REQUEST	8		req_Listar_com_filhos_15	1603218273589	1603218273631	OK	 
REQUEST	8		request_198	1603218273590	1603218273632	OK	 
REQUEST	4		request_198	1603218273590	1603218273632	OK	 
REQUEST	8		request_195	1603218273554	1603218273651	OK	 
REQUEST	4		request_195	1603218273554	1603218273658	OK	 
REQUEST	8		request_198	1603218273633	1603218273692	OK	 
REQUEST	4		request_198	1603218273633	1603218273693	OK	 
REQUEST	8		req_Listar_com_filhos_15	1603218273632	1603218273705	OK	 
REQUEST	4		req_Listar_com_filhos_15	1603218273632	1603218273705	OK	 
REQUEST	10		request_192	1603218273809	1603218273829	OK	 
REQUEST	9		request_192	1603218273828	1603218273848	OK	 
REQUEST	10		request_194	1603218273830	1603218273855	OK	 
REQUEST	10		request_193	1603218273830	1603218273855	OK	 
REQUEST	10		request_198	1603218273831	1603218273862	OK	 
REQUEST	10		req_Listar_com_filhos_15	1603218273831	1603218273863	OK	 
REQUEST	9		request_194	1603218273849	1603218273874	OK	 
REQUEST	9		request_193	1603218273848	1603218273874	OK	 
REQUEST	2		request_192	1603218273859	1603218273882	OK	 
REQUEST	9		request_198	1603218273849	1603218273882	OK	 
REQUEST	9		req_Listar_com_filhos_15	1603218273849	1603218273883	OK	 
REQUEST	5		request_192	1603218273859	1603218273889	OK	 
REQUEST	3		request_192	1603218273859	1603218273889	OK	 
REQUEST	10		request_198	1603218273862	1603218273897	OK	 
REQUEST	2		request_194	1603218273883	1603218273907	OK	 
REQUEST	10		req_Listar_com_filhos_15	1603218273863	1603218273906	OK	 
REQUEST	2		request_193	1603218273883	1603218273907	OK	 
REQUEST	3		request_194	1603218273891	1603218273913	OK	 
REQUEST	5		request_194	1603218273890	1603218273913	OK	 
REQUEST	3		request_193	1603218273890	1603218273914	OK	 
REQUEST	2		req_Listar_com_filhos_15	1603218273884	1603218273914	OK	 
REQUEST	2		request_198	1603218273884	1603218273915	OK	 
REQUEST	9		request_198	1603218273882	1603218273919	OK	 
REQUEST	5		request_193	1603218273890	1603218273920	OK	 
REQUEST	3		req_Listar_com_filhos_15	1603218273891	1603218273920	OK	 
REQUEST	5		req_Listar_com_filhos_15	1603218273891	1603218273920	OK	 
REQUEST	3		request_198	1603218273892	1603218273921	OK	 
REQUEST	5		request_198	1603218273891	1603218273921	OK	 
REQUEST	10		request_195	1603218273831	1603218273927	OK	 
REQUEST	9		req_Listar_com_filhos_15	1603218273884	1603218273927	OK	 
REQUEST	10		request_198	1603218273898	1603218273935	OK	 
REQUEST	9		request_195	1603218273849	1603218273947	OK	 
REQUEST	1		request_192	1603218273928	1603218273957	OK	 
REQUEST	2		request_198	1603218273915	1603218273957	OK	 
REQUEST	3		req_Listar_com_filhos_15	1603218273920	1603218273957	OK	 
REQUEST	2		req_Listar_com_filhos_15	1603218273914	1603218273957	OK	 
REQUEST	3		request_198	1603218273921	1603218273967	OK	 
REQUEST	5		req_Listar_com_filhos_15	1603218273920	1603218273967	OK	 
REQUEST	5		request_198	1603218273921	1603218273968	OK	 
REQUEST	10		req_Listar_com_filhos_15	1603218273907	1603218273975	OK	 
REQUEST	2		request_195	1603218273884	1603218273982	OK	 
REQUEST	5		request_195	1603218273891	1603218273982	OK	 
REQUEST	3		request_195	1603218273891	1603218273982	OK	 
REQUEST	1		request_193	1603218273958	1603218273983	OK	 
REQUEST	9		request_198	1603218273920	1603218273986	OK	 
REQUEST	1		request_194	1603218273958	1603218273988	OK	 
REQUEST	1		request_198	1603218273958	1603218273989	OK	 
REQUEST	1		req_Listar_com_filhos_15	1603218273958	1603218273990	OK	 
REQUEST	2		request_198	1603218273957	1603218273996	OK	 
REQUEST	9		req_Listar_com_filhos_15	1603218273927	1603218274003	OK	 
REQUEST	3		request_198	1603218273967	1603218274004	OK	 
REQUEST	5		request_198	1603218273968	1603218274011	OK	 
REQUEST	3		req_Listar_com_filhos_15	1603218273957	1603218274017	OK	 
REQUEST	1		req_Listar_com_filhos_15	1603218273990	1603218274034	OK	 
REQUEST	2		req_Listar_com_filhos_15	1603218273957	1603218274034	OK	 
REQUEST	5		req_Listar_com_filhos_15	1603218273967	1603218274035	OK	 
REQUEST	1		request_198	1603218273989	1603218274035	OK	 
REQUEST	6		request_192	1603218274018	1603218274043	OK	 
REQUEST	1		request_195	1603218273958	1603218274049	OK	 
REQUEST	7		request_192	1603218274018	1603218274063	OK	 
REQUEST	6		request_194	1603218274044	1603218274070	OK	 
REQUEST	6		request_193	1603218274044	1603218274071	OK	 
REQUEST	6		req_Listar_com_filhos_15	1603218274044	1603218274071	OK	 
REQUEST	6		request_198	1603218274045	1603218274080	OK	 
REQUEST	1		request_198	1603218274035	1603218274081	OK	 
REQUEST	7		request_193	1603218274064	1603218274098	OK	 
REQUEST	7		request_194	1603218274065	1603218274098	OK	 
REQUEST	7		req_Listar_com_filhos_15	1603218274065	1603218274099	OK	 
REQUEST	7		request_198	1603218274065	1603218274100	OK	 
REQUEST	6		req_Listar_com_filhos_15	1603218274072	1603218274117	OK	 
REQUEST	1		req_Listar_com_filhos_15	1603218274034	1603218274118	OK	 
REQUEST	7		req_Listar_com_filhos_15	1603218274099	1603218274135	OK	 
REQUEST	6		request_198	1603218274081	1603218274135	OK	 
REQUEST	6		request_195	1603218274044	1603218274142	OK	 
REQUEST	7		request_198	1603218274100	1603218274142	OK	 
REQUEST	7		request_195	1603218274065	1603218274162	OK	 
REQUEST	6		req_Listar_com_filhos_15	1603218274117	1603218274185	OK	 
REQUEST	6		request_198	1603218274135	1603218274202	OK	 
REQUEST	7		request_198	1603218274142	1603218274225	OK	 
REQUEST	7		req_Listar_com_filhos_15	1603218274135	1603218274226	OK	 
REQUEST	8		request_201	1603218277699	1603218277746	OK	 
REQUEST	4		request_201	1603218277709	1603218277756	OK	 
REQUEST	8		request_202	1603218277748	1603218277775	OK	 
REQUEST	8		request_203	1603218277748	1603218277775	OK	 
REQUEST	8		request_210	1603218277749	1603218277776	OK	 
REQUEST	8		request_209	1603218277748	1603218277776	OK	 
REQUEST	8		request_208	1603218277748	1603218277776	OK	 
REQUEST	4		request_202	1603218277758	1603218277781	OK	 
REQUEST	8		req_Listar_com_filhos_16	1603218277748	1603218277781	OK	 
REQUEST	4		request_203	1603218277758	1603218277781	OK	 
REQUEST	4		request_208	1603218277758	1603218277781	OK	 
REQUEST	8		request_215	1603218277749	1603218277782	OK	 
REQUEST	4		request_209	1603218277759	1603218277788	OK	 
REQUEST	4		req_Listar_com_filhos_16	1603218277758	1603218277788	OK	 
REQUEST	4		request_210	1603218277759	1603218277797	OK	 
REQUEST	4		request_215	1603218277759	1603218277805	OK	 
REQUEST	8		req_Listar_com_filhos_16	1603218277781	1603218277823	OK	 
REQUEST	4		req_Listar_com_filhos_16	1603218277789	1603218277830	OK	 
REQUEST	8		req_Listar_com_filhos_16	1603218277824	1603218277892	OK	 
REQUEST	4		req_Listar_com_filhos_16	1603218277830	1603218277898	OK	 
REQUEST	10		request_201	1603218277969	1603218278014	OK	 
REQUEST	9		request_201	1603218277998	1603218278042	OK	 
REQUEST	10		request_203	1603218278016	1603218278042	OK	 
REQUEST	10		request_202	1603218278016	1603218278043	OK	 
REQUEST	10		request_208	1603218278017	1603218278043	OK	 
REQUEST	10		request_215	1603218278017	1603218278043	OK	 
REQUEST	10		request_209	1603218278017	1603218278044	OK	 
REQUEST	10		request_210	1603218278017	1603218278044	OK	 
REQUEST	10		req_Listar_com_filhos_16	1603218278016	1603218278044	OK	 
REQUEST	3		request_201	1603218278009	1603218278056	OK	 
REQUEST	9		request_202	1603218278044	1603218278064	OK	 
REQUEST	9		request_203	1603218278044	1603218278073	OK	 
REQUEST	9		request_210	1603218278045	1603218278074	OK	 
REQUEST	9		request_209	1603218278045	1603218278081	OK	 
REQUEST	3		request_203	1603218278058	1603218278081	OK	 
REQUEST	9		request_208	1603218278045	1603218278081	OK	 
REQUEST	3		request_202	1603218278057	1603218278081	OK	 
REQUEST	9		request_215	1603218278045	1603218278081	OK	 
REQUEST	9		req_Listar_com_filhos_16	1603218278044	1603218278082	OK	 
REQUEST	3		request_215	1603218278058	1603218278088	OK	 
REQUEST	2		request_201	1603218278038	1603218278088	OK	 
REQUEST	5		request_201	1603218278038	1603218278088	OK	 
REQUEST	3		request_208	1603218278058	1603218278089	OK	 
REQUEST	10		req_Listar_com_filhos_16	1603218278045	1603218278089	OK	 
REQUEST	3		request_210	1603218278058	1603218278089	OK	 
REQUEST	3		request_209	1603218278058	1603218278089	OK	 
REQUEST	3		req_Listar_com_filhos_16	1603218278058	1603218278089	OK	 
REQUEST	2		request_203	1603218278090	1603218278118	OK	 
REQUEST	5		request_202	1603218278090	1603218278118	OK	 
REQUEST	5		request_203	1603218278090	1603218278118	OK	 
REQUEST	2		request_202	1603218278090	1603218278118	OK	 
REQUEST	5		request_215	1603218278091	1603218278126	OK	 
REQUEST	2		request_215	1603218278091	1603218278126	OK	 
REQUEST	5		request_208	1603218278091	1603218278126	OK	 
REQUEST	5		request_209	1603218278091	1603218278127	OK	 
REQUEST	9		req_Listar_com_filhos_16	1603218278082	1603218278127	OK	 
REQUEST	5		request_210	1603218278091	1603218278127	OK	 
REQUEST	2		req_Listar_com_filhos_16	1603218278090	1603218278127	OK	 
REQUEST	5		req_Listar_com_filhos_16	1603218278091	1603218278127	OK	 
REQUEST	2		request_209	1603218278090	1603218278127	OK	 
REQUEST	2		request_208	1603218278090	1603218278128	OK	 
REQUEST	2		request_210	1603218278091	1603218278128	OK	 
REQUEST	3		req_Listar_com_filhos_16	1603218278090	1603218278137	OK	 
REQUEST	10		req_Listar_com_filhos_16	1603218278089	1603218278138	OK	 
REQUEST	2		req_Listar_com_filhos_16	1603218278127	1603218278162	OK	 
REQUEST	1		request_201	1603218278108	1603218278162	OK	 
REQUEST	5		req_Listar_com_filhos_16	1603218278128	1603218278171	OK	 
REQUEST	1		request_202	1603218278163	1603218278191	OK	 
REQUEST	1		request_203	1603218278164	1603218278192	OK	 
REQUEST	1		request_210	1603218278165	1603218278193	OK	 
REQUEST	1		request_209	1603218278165	1603218278193	OK	 
REQUEST	1		request_208	1603218278164	1603218278193	OK	 
REQUEST	1		req_Listar_com_filhos_16	1603218278164	1603218278193	OK	 
REQUEST	1		request_215	1603218278165	1603218278194	OK	 
REQUEST	9		req_Listar_com_filhos_16	1603218278127	1603218278201	OK	 
REQUEST	3		req_Listar_com_filhos_16	1603218278137	1603218278208	OK	 
REQUEST	2		req_Listar_com_filhos_16	1603218278162	1603218278228	OK	 
REQUEST	1		req_Listar_com_filhos_16	1603218278194	1603218278236	OK	 
REQUEST	5		req_Listar_com_filhos_16	1603218278171	1603218278236	OK	 
REQUEST	6		request_201	1603218278198	1603218278251	OK	 
REQUEST	7		request_201	1603218278218	1603218278277	OK	 
REQUEST	6		request_202	1603218278253	1603218278291	OK	 
REQUEST	6		request_203	1603218278253	1603218278291	OK	 
REQUEST	6		request_209	1603218278254	1603218278291	OK	 
REQUEST	6		request_208	1603218278253	1603218278292	OK	 
REQUEST	6		req_Listar_com_filhos_16	1603218278253	1603218278292	OK	 
REQUEST	6		request_215	1603218278254	1603218278297	OK	 
REQUEST	6		request_210	1603218278254	1603218278297	OK	 
REQUEST	7		request_202	1603218278278	1603218278304	OK	 
REQUEST	1		req_Listar_com_filhos_16	1603218278236	1603218278304	OK	 
REQUEST	7		request_203	1603218278279	1603218278304	OK	 
REQUEST	7		request_210	1603218278279	1603218278304	OK	 
REQUEST	7		request_208	1603218278279	1603218278305	OK	 
REQUEST	7		request_209	1603218278279	1603218278305	OK	 
REQUEST	7		request_215	1603218278279	1603218278305	OK	 
REQUEST	7		req_Listar_com_filhos_16	1603218278279	1603218278305	OK	 
REQUEST	6		req_Listar_com_filhos_16	1603218278292	1603218278343	OK	 
REQUEST	7		req_Listar_com_filhos_16	1603218278306	1603218278343	OK	 
REQUEST	7		req_Listar_com_filhos_16	1603218278343	1603218278418	OK	 
REQUEST	6		req_Listar_com_filhos_16	1603218278343	1603218278418	OK	 
REQUEST	8		request_217	1603218278899	1603218278946	OK	 
REQUEST	4		request_217	1603218278899	1603218278946	OK	 
REQUEST	4		request_219	1603218278948	1603218278972	OK	 
REQUEST	8		request_219	1603218278948	1603218278971	OK	 
REQUEST	8		request_218	1603218278948	1603218278972	OK	 
REQUEST	4		request_218	1603218278948	1603218278972	OK	 
REQUEST	8		request_223	1603218278949	1603218278972	OK	 
REQUEST	4		request_222	1603218278949	1603218278972	OK	 
REQUEST	8		request_222	1603218278949	1603218278973	OK	 
REQUEST	4		request_223	1603218278949	1603218278978	OK	 
REQUEST	8		request_234	1603218278949	1603218278978	OK	 
REQUEST	4		request_233	1603218278949	1603218278978	OK	 
REQUEST	4		request_234	1603218278949	1603218278978	OK	 
REQUEST	8		request_235	1603218278950	1603218278978	OK	 
REQUEST	4		request_235	1603218278949	1603218278978	OK	 
REQUEST	8		request_233	1603218278949	1603218278984	OK	 
REQUEST	4		req_Listar_com_filhos_17	1603218278949	1603218278984	OK	 
REQUEST	8		req_Listar_com_filhos_17	1603218278949	1603218278984	OK	 
REQUEST	8		request_236	1603218278972	1603218278997	OK	 
REQUEST	4		request_236	1603218278972	1603218279005	OK	 
REQUEST	8		req_Listar_com_filhos_17	1603218278985	1603218279023	OK	 
REQUEST	4		req_Listar_com_filhos_17	1603218278985	1603218279030	OK	 
REQUEST	8		req_Listar_com_filhos_17	1603218279023	1603218279083	OK	 
USER	ListarAnuncios2	8	END	1603218199770	1603218279095
REQUEST	4		req_Listar_com_filhos_17	1603218279031	1603218279096	OK	 
USER	ListarAnuncios2	4	END	1603218199769	1603218279099
REQUEST	10		request_217	1603218279138	1603218279187	OK	 
REQUEST	10		request_219	1603218279189	1603218279215	OK	 
REQUEST	10		request_218	1603218279188	1603218279216	OK	 
REQUEST	10		request_223	1603218279189	1603218279216	OK	 
REQUEST	10		request_234	1603218279189	1603218279217	OK	 
REQUEST	10		request_233	1603218279189	1603218279217	OK	 
REQUEST	10		request_235	1603218279190	1603218279217	OK	 
REQUEST	10		request_222	1603218279189	1603218279217	OK	 
REQUEST	10		req_Listar_com_filhos_17	1603218279189	1603218279218	OK	 
REQUEST	10		request_236	1603218279216	1603218279245	OK	 
REQUEST	9		request_217	1603218279209	1603218279258	OK	 
REQUEST	3		request_217	1603218279219	1603218279265	OK	 
REQUEST	10		req_Listar_com_filhos_17	1603218279218	1603218279265	OK	 
REQUEST	5		request_217	1603218279228	1603218279276	OK	 
REQUEST	2		request_217	1603218279228	1603218279276	OK	 
REQUEST	9		request_219	1603218279260	1603218279288	OK	 
REQUEST	9		request_223	1603218279260	1603218279289	OK	 
REQUEST	9		request_218	1603218279259	1603218279289	OK	 
REQUEST	9		request_234	1603218279261	1603218279290	OK	 
REQUEST	9		request_233	1603218279260	1603218279290	OK	 
REQUEST	9		request_222	1603218279260	1603218279290	OK	 
REQUEST	3		request_219	1603218279266	1603218279294	OK	 
REQUEST	3		request_223	1603218279267	1603218279295	OK	 
REQUEST	9		req_Listar_com_filhos_17	1603218279260	1603218279294	OK	 
REQUEST	3		request_233	1603218279267	1603218279295	OK	 
REQUEST	9		request_235	1603218279261	1603218279295	OK	 
REQUEST	3		req_Listar_com_filhos_17	1603218279267	1603218279295	OK	 
REQUEST	3		request_222	1603218279266	1603218279296	OK	 
REQUEST	3		request_234	1603218279267	1603218279296	OK	 
REQUEST	3		request_218	1603218279266	1603218279296	OK	 
REQUEST	3		request_235	1603218279267	1603218279302	OK	 
REQUEST	2		request_218	1603218279279	1603218279302	OK	 
REQUEST	5		request_218	1603218279279	1603218279312	OK	 
REQUEST	2		request_219	1603218279279	1603218279312	OK	 
REQUEST	5		request_219	1603218279279	1603218279312	OK	 
REQUEST	2		request_222	1603218279279	1603218279312	OK	 
REQUEST	5		request_222	1603218279279	1603218279312	OK	 
REQUEST	2		request_223	1603218279279	1603218279312	OK	 
REQUEST	5		request_223	1603218279280	1603218279313	OK	 
REQUEST	2		req_Listar_com_filhos_17	1603218279280	1603218279313	OK	 
REQUEST	5		request_234	1603218279280	1603218279318	OK	 
REQUEST	2		request_233	1603218279280	1603218279318	OK	 
REQUEST	5		request_233	1603218279280	1603218279319	OK	 
REQUEST	5		request_235	1603218279280	1603218279319	OK	 
REQUEST	2		request_235	1603218279280	1603218279319	OK	 
REQUEST	9		request_236	1603218279289	1603218279319	OK	 
REQUEST	2		request_234	1603218279280	1603218279319	OK	 
REQUEST	5		req_Listar_com_filhos_17	1603218279280	1603218279319	OK	 
REQUEST	3		request_236	1603218279295	1603218279324	OK	 
REQUEST	9		req_Listar_com_filhos_17	1603218279295	1603218279332	OK	 
REQUEST	3		req_Listar_com_filhos_17	1603218279296	1603218279332	OK	 
REQUEST	10		req_Listar_com_filhos_17	1603218279265	1603218279333	OK	 
USER	ListarAnuncios2	10	END	1603218199770	1603218279338
REQUEST	5		request_236	1603218279312	1603218279340	OK	 
REQUEST	2		request_236	1603218279312	1603218279340	OK	 
REQUEST	1		request_217	1603218279308	1603218279354	OK	 
REQUEST	5		req_Listar_com_filhos_17	1603218279320	1603218279354	OK	 
REQUEST	2		req_Listar_com_filhos_17	1603218279313	1603218279354	OK	 
REQUEST	1		request_218	1603218279355	1603218279379	OK	 
REQUEST	1		request_222	1603218279355	1603218279385	OK	 
REQUEST	1		request_219	1603218279355	1603218279386	OK	 
REQUEST	1		request_223	1603218279355	1603218279386	OK	 
REQUEST	1		request_233	1603218279356	1603218279386	OK	 
REQUEST	1		request_234	1603218279356	1603218279386	OK	 
REQUEST	1		req_Listar_com_filhos_17	1603218279355	1603218279387	OK	 
REQUEST	1		request_235	1603218279356	1603218279391	OK	 
REQUEST	3		req_Listar_com_filhos_17	1603218279333	1603218279402	OK	 
USER	ListarAnuncios2	3	END	1603218199768	1603218279408
REQUEST	1		request_236	1603218279385	1603218279411	OK	 
REQUEST	9		req_Listar_com_filhos_17	1603218279333	1603218279411	OK	 
USER	ListarAnuncios2	9	END	1603218199770	1603218279416
REQUEST	5		req_Listar_com_filhos_17	1603218279354	1603218279422	OK	 
USER	ListarAnuncios2	5	END	1603218199769	1603218279426
REQUEST	1		req_Listar_com_filhos_17	1603218279387	1603218279431	OK	 
REQUEST	2		req_Listar_com_filhos_17	1603218279354	1603218279431	OK	 
USER	ListarAnuncios2	2	END	1603218199765	1603218279434
REQUEST	6		request_217	1603218279418	1603218279463	OK	 
REQUEST	7		request_217	1603218279428	1603218279479	OK	 
REQUEST	6		request_218	1603218279464	1603218279487	OK	 
REQUEST	6		request_219	1603218279464	1603218279487	OK	 
REQUEST	6		request_223	1603218279464	1603218279494	OK	 
REQUEST	1		req_Listar_com_filhos_17	1603218279431	1603218279495	OK	 
REQUEST	6		request_222	1603218279464	1603218279495	OK	 
REQUEST	6		req_Listar_com_filhos_17	1603218279464	1603218279495	OK	 
REQUEST	6		request_233	1603218279464	1603218279495	OK	 
USER	ListarAnuncios2	1	END	1603218199760	1603218279497
REQUEST	6		request_234	1603218279464	1603218279502	OK	 
REQUEST	7		request_219	1603218279480	1603218279502	OK	 
REQUEST	6		request_235	1603218279464	1603218279503	OK	 
REQUEST	7		request_222	1603218279481	1603218279509	OK	 
REQUEST	7		request_234	1603218279481	1603218279510	OK	 
REQUEST	7		request_233	1603218279481	1603218279510	OK	 
REQUEST	7		request_223	1603218279481	1603218279510	OK	 
REQUEST	7		req_Listar_com_filhos_17	1603218279481	1603218279510	OK	 
REQUEST	7		request_235	1603218279481	1603218279511	OK	 
REQUEST	7		request_218	1603218279480	1603218279511	OK	 
REQUEST	6		request_236	1603218279494	1603218279519	OK	 
REQUEST	7		request_236	1603218279509	1603218279538	OK	 
REQUEST	6		req_Listar_com_filhos_17	1603218279495	1603218279538	OK	 
REQUEST	7		req_Listar_com_filhos_17	1603218279510	1603218279558	OK	 
REQUEST	6		req_Listar_com_filhos_17	1603218279538	1603218279594	OK	 
USER	ListarAnuncios2	6	END	1603218199769	1603218279596
REQUEST	7		req_Listar_com_filhos_17	1603218279559	1603218279630	OK	 
USER	ListarAnuncios2	7	END	1603218199769	1603218279635
