RUN	basic.CadastrarAnuncio1	cadastraranuncio1	1603499368118	teste	3.0.2
USER	CadastrarAnuncio	1	START	1603499370469	1603499370469
USER	CadastrarAnuncio	2	START	1603499370496	1603499370496
REQUEST	1		Gerar Token	1603499370493	1603499375982	OK	 
REQUEST	2		Gerar Token	1603499370497	1603499376160	OK	 
REQUEST	1		Post_Anuncio	1603499381008	1603499386170	OK	 
REQUEST	2		Post_Anuncio	1603499381181	1603499386170	OK	 
REQUEST	2		Post_Anuncio Redirect 1	1603499386177	1603499386220	OK	 
REQUEST	1		Post_Anuncio Redirect 1	1603499386177	1603499386220	OK	 
REQUEST	1		Post_Anuncio Redirect 2	1603499386221	1603499386253	OK	 
REQUEST	2		Post_Anuncio Redirect 2	1603499386221	1603499386253	OK	 
REQUEST	2		Post_Anuncio Redirect 3	1603499386255	1603499386281	OK	 
REQUEST	1		Post_Anuncio Redirect 3	1603499386254	1603499386281	OK	 
REQUEST	1		Post_Anuncio Redirect 4	1603499386282	1603499386323	OK	 
REQUEST	2		Post_Anuncio Redirect 4	1603499386283	1603499386334	OK	 
REQUEST	1		Post_Anuncio Redirect 5	1603499386324	1603499386348	OK	 
REQUEST	2		Post_Anuncio Redirect 5	1603499386335	1603499386360	OK	 
REQUEST	1		Post_Anuncio Redirect 6	1603499386350	1603499386374	OK	 
REQUEST	2		Post_Anuncio Redirect 6	1603499386361	1603499386385	OK	 
REQUEST	1		Post_Anuncio Redirect 7	1603499386376	1603499386420	OK	 
REQUEST	2		Post_Anuncio Redirect 7	1603499386385	1603499386426	OK	 
REQUEST	1		Post_Anuncio Redirect 8	1603499386421	1603499386448	OK	 
REQUEST	2		Post_Anuncio Redirect 8	1603499386427	1603499386457	OK	 
REQUEST	1		Post_Anuncio Redirect 9	1603499386449	1603499386474	OK	 
REQUEST	2		Post_Anuncio Redirect 9	1603499386458	1603499386486	OK	 
REQUEST	1		Post_Anuncio Redirect 10	1603499386475	1603499386524	OK	 
REQUEST	2		Post_Anuncio Redirect 10	1603499386488	1603499386541	OK	 
REQUEST	1		Post_Anuncio Redirect 11	1603499386525	1603499386550	OK	 
REQUEST	2		Post_Anuncio Redirect 11	1603499386543	1603499386575	OK	 
REQUEST	1		Post_Anuncio Redirect 12	1603499386551	1603499386586	OK	 
REQUEST	2		Post_Anuncio Redirect 12	1603499386576	1603499386601	OK	 
REQUEST	1		Post_Anuncio Redirect 13	1603499386587	1603499386626	OK	 
REQUEST	1		Post_Anuncio Redirect 14	1603499386627	1603499386656	OK	 
REQUEST	2		Post_Anuncio Redirect 13	1603499386603	1603499386656	OK	 
REQUEST	2		Post_Anuncio Redirect 14	1603499386656	1603499386685	OK	 
REQUEST	1		Post_Anuncio Redirect 15	1603499386656	1603499386685	OK	 
REQUEST	2		Post_Anuncio Redirect 15	1603499386685	1603499386710	OK	 
REQUEST	1		Post_Anuncio Redirect 16	1603499386686	1603499386729	OK	 
REQUEST	2		Post_Anuncio Redirect 16	1603499386711	1603499386754	OK	 
REQUEST	1		Post_Anuncio Redirect 17	1603499386730	1603499386754	OK	 
REQUEST	2		Post_Anuncio Redirect 17	1603499386755	1603499386781	OK	 
REQUEST	1		Post_Anuncio Redirect 18	1603499386755	1603499386781	OK	 
REQUEST	2		Post_Anuncio Redirect 18	1603499386782	1603499386808	OK	 
REQUEST	1		Post_Anuncio Redirect 19	1603499386782	1603499386824	OK	 
REQUEST	2		Post_Anuncio Redirect 19	1603499386809	1603499386844	OK	 
REQUEST	1		Post_Anuncio Redirect 20	1603499386826	1603499386854	KO	Too many redirects, max is 20
USER	CadastrarAnuncio	1	END	1603499370469	1603499386873
REQUEST	2		Post_Anuncio Redirect 20	1603499386845	1603499386874	KO	Too many redirects, max is 20
USER	CadastrarAnuncio	2	END	1603499370496	1603499386877
