RUN	basic.CadastrarAnuncio1	cadastraranuncio1	1603500713961	teste	3.0.2
USER	CadastrarAnuncio	1	START	1603500716353	1603500716353
USER	CadastrarAnuncio	2	START	1603500716381	1603500716381
REQUEST	2		Gerar Token	1603500716382	1603500722000	OK	 
REQUEST	1		Gerar Token	1603500716379	1603500722139	OK	 
REQUEST	1		Post_Anuncio	1603500727166	1603500732197	OK	 
REQUEST	2		Post_Anuncio	1603500727024	1603500732222	OK	 
REQUEST	1		Post_Anuncio Redirect 1	1603500732202	1603500732230	OK	 
REQUEST	2		Post_Anuncio Redirect 1	1603500732224	1603500732255	OK	 
REQUEST	1		Post_Anuncio Redirect 2	1603500732231	1603500732261	OK	 
REQUEST	2		Post_Anuncio Redirect 2	1603500732256	1603500732294	OK	 
REQUEST	1		Post_Anuncio Redirect 3	1603500732263	1603500732294	OK	 
REQUEST	2		Post_Anuncio Redirect 3	1603500732295	1603500732326	OK	 
REQUEST	1		Post_Anuncio Redirect 4	1603500732295	1603500732326	OK	 
REQUEST	2		Post_Anuncio Redirect 4	1603500732328	1603500732358	OK	 
REQUEST	1		Post_Anuncio Redirect 5	1603500732327	1603500732370	OK	 
REQUEST	1		Post_Anuncio Redirect 6	1603500732371	1603500732401	OK	 
REQUEST	2		Post_Anuncio Redirect 5	1603500732358	1603500732401	OK	 
REQUEST	1		Post_Anuncio Redirect 7	1603500732401	1603500732424	OK	 
REQUEST	2		Post_Anuncio Redirect 6	1603500732401	1603500732431	OK	 
REQUEST	1		Post_Anuncio Redirect 8	1603500732425	1603500732462	OK	 
REQUEST	2		Post_Anuncio Redirect 7	1603500732432	1603500732462	OK	 
REQUEST	1		Post_Anuncio Redirect 9	1603500732463	1603500732487	OK	 
REQUEST	2		Post_Anuncio Redirect 8	1603500732464	1603500732502	OK	 
REQUEST	1		Post_Anuncio Redirect 10	1603500732488	1603500732517	OK	 
REQUEST	2		Post_Anuncio Redirect 9	1603500732504	1603500732526	OK	 
REQUEST	1		Post_Anuncio Redirect 11	1603500732518	1603500732557	OK	 
REQUEST	2		Post_Anuncio Redirect 10	1603500732527	1603500732566	OK	 
REQUEST	1		Post_Anuncio Redirect 12	1603500732558	1603500732588	OK	 
REQUEST	2		Post_Anuncio Redirect 11	1603500732567	1603500732607	OK	 
REQUEST	1		Post_Anuncio Redirect 13	1603500732589	1603500732615	OK	 
REQUEST	2		Post_Anuncio Redirect 12	1603500732607	1603500732635	OK	 
REQUEST	1		Post_Anuncio Redirect 14	1603500732616	1603500732661	OK	 
REQUEST	2		Post_Anuncio Redirect 13	1603500732636	1603500732669	OK	 
REQUEST	1		Post_Anuncio Redirect 15	1603500732662	1603500732689	OK	 
REQUEST	2		Post_Anuncio Redirect 14	1603500732671	1603500732706	OK	 
REQUEST	1		Post_Anuncio Redirect 16	1603500732690	1603500732724	OK	 
REQUEST	2		Post_Anuncio Redirect 15	1603500732707	1603500732731	OK	 
REQUEST	2		Post_Anuncio Redirect 16	1603500732732	1603500732760	OK	 
REQUEST	1		Post_Anuncio Redirect 17	1603500732726	1603500732767	OK	 
REQUEST	1		Post_Anuncio Redirect 18	1603500732768	1603500732801	OK	 
REQUEST	2		Post_Anuncio Redirect 17	1603500732761	1603500732801	OK	 
REQUEST	2		Post_Anuncio Redirect 18	1603500732802	1603500732831	OK	 
REQUEST	1		Post_Anuncio Redirect 19	1603500732802	1603500732831	OK	 
REQUEST	2		Post_Anuncio Redirect 19	1603500732832	1603500732862	OK	 
REQUEST	1		Post_Anuncio Redirect 20	1603500732832	1603500732870	KO	Too many redirects, max is 20
USER	CadastrarAnuncio	1	END	1603500716353	1603500732888
REQUEST	2		Post_Anuncio Redirect 20	1603500732864	1603500732900	KO	Too many redirects, max is 20
USER	CadastrarAnuncio	2	END	1603500716381	1603500732903
