RUN	basic.CadastrarAnuncio1	cadastraranuncio1	1603500161838	teste	3.0.2
USER	CadastrarAnuncio	1	START	1603500164206	1603500164206
USER	CadastrarAnuncio	2	START	1603500164236	1603500164236
REQUEST	1		Gerar Token	1603500164234	1603500169767	OK	 
REQUEST	2		Gerar Token	1603500164240	1603500169969	OK	 
REQUEST	1		Post_Anuncio	1603500174798	1603500179962	OK	 
REQUEST	2		Post_Anuncio	1603500174989	1603500179962	OK	 
REQUEST	2		Post_Anuncio Redirect 1	1603500179971	1603500180024	OK	 
REQUEST	1		Post_Anuncio Redirect 1	1603500179971	1603500180024	OK	 
REQUEST	1		Post_Anuncio Redirect 2	1603500180024	1603500180053	OK	 
REQUEST	2		Post_Anuncio Redirect 2	1603500180024	1603500180057	OK	 
REQUEST	1		Post_Anuncio Redirect 3	1603500180054	1603500180080	OK	 
REQUEST	2		Post_Anuncio Redirect 3	1603500180058	1603500180093	OK	 
REQUEST	1		Post_Anuncio Redirect 4	1603500180081	1603500180130	OK	 
REQUEST	2		Post_Anuncio Redirect 4	1603500180095	1603500180138	OK	 
REQUEST	1		Post_Anuncio Redirect 5	1603500180130	1603500180163	OK	 
REQUEST	2		Post_Anuncio Redirect 5	1603500180139	1603500180169	OK	 
REQUEST	1		Post_Anuncio Redirect 6	1603500180165	1603500180198	OK	 
REQUEST	2		Post_Anuncio Redirect 6	1603500180170	1603500180198	OK	 
REQUEST	2		Post_Anuncio Redirect 7	1603500180200	1603500180248	OK	 
REQUEST	1		Post_Anuncio Redirect 7	1603500180200	1603500180248	OK	 
REQUEST	1		Post_Anuncio Redirect 8	1603500180249	1603500180276	OK	 
REQUEST	2		Post_Anuncio Redirect 8	1603500180249	1603500180278	OK	 
REQUEST	1		Post_Anuncio Redirect 9	1603500180277	1603500180295	OK	 
REQUEST	2		Post_Anuncio Redirect 9	1603500180278	1603500180309	OK	 
REQUEST	1		Post_Anuncio Redirect 10	1603500180297	1603500180335	OK	 
REQUEST	2		Post_Anuncio Redirect 10	1603500180310	1603500180353	OK	 
REQUEST	1		Post_Anuncio Redirect 11	1603500180337	1603500180366	OK	 
REQUEST	2		Post_Anuncio Redirect 11	1603500180354	1603500180385	OK	 
REQUEST	1		Post_Anuncio Redirect 12	1603500180368	1603500180394	OK	 
REQUEST	2		Post_Anuncio Redirect 12	1603500180386	1603500180410	OK	 
REQUEST	1		Post_Anuncio Redirect 13	1603500180395	1603500180427	OK	 
REQUEST	1		Post_Anuncio Redirect 14	1603500180429	1603500180451	OK	 
REQUEST	2		Post_Anuncio Redirect 13	1603500180411	1603500180467	OK	 
REQUEST	1		Post_Anuncio Redirect 15	1603500180452	1603500180478	OK	 
REQUEST	2		Post_Anuncio Redirect 14	1603500180468	1603500180494	OK	 
REQUEST	1		Post_Anuncio Redirect 16	1603500180479	1603500180522	OK	 
REQUEST	2		Post_Anuncio Redirect 15	1603500180495	1603500180522	OK	 
REQUEST	1		Post_Anuncio Redirect 17	1603500180523	1603500180553	OK	 
REQUEST	2		Post_Anuncio Redirect 16	1603500180523	1603500180563	OK	 
REQUEST	2		Post_Anuncio Redirect 17	1603500180564	1603500180599	OK	 
REQUEST	1		Post_Anuncio Redirect 18	1603500180554	1603500180600	OK	 
REQUEST	2		Post_Anuncio Redirect 18	1603500180600	1603500180628	OK	 
REQUEST	1		Post_Anuncio Redirect 19	1603500180602	1603500180641	OK	 
REQUEST	2		Post_Anuncio Redirect 19	1603500180629	1603500180668	OK	 
REQUEST	1		Post_Anuncio Redirect 20	1603500180642	1603500180668	KO	Too many redirects, max is 20
USER	CadastrarAnuncio	1	END	1603500164206	1603500180685
REQUEST	2		Post_Anuncio Redirect 20	1603500180669	1603500180706	KO	Too many redirects, max is 20
USER	CadastrarAnuncio	2	END	1603500164236	1603500180708
