RUN	basic.ListarAnuncios2	listaranuncios2	1603228510177	teste	3.0.2
USER	ListarAnuncios2	1	START	1603228512610	1603228512610
REQUEST	1		Gerar Token	1603228512649	1603228518474	OK	 
REQUEST	1		request_0	1603228523499	1603228528661	OK	 
REQUEST	1		request_1	1603228528778	1603228538857	OK	 
REQUEST	1		Acesso_Pagina_login_1	1603228528782	1603228538863	OK	 
REQUEST	1		request_4	1603228528781	1603228538943	OK	 
REQUEST	1		request_3	1603228528780	1603228538944	OK	 
REQUEST	1		request_7	1603228528784	1603228538949	OK	 
REQUEST	1		request_18	1603228528785	1603228538968	OK	 
REQUEST	1		req_duvida_todos	1603228528786	1603228539032	OK	 
REQUEST	1		req_Listar_com_filhos_1	1603228533819	1603228539039	OK	 
REQUEST	1		css?family=Cantarell:700,500,400,300,600&display=swap	1603228538849	1603228539158	OK	 
REQUEST	1		css?family=Montserrat:700,500,400,300,600&display=swap	1603228538848	1603228539171	OK	 
REQUEST	1		css?family=Roboto:700,500,400,300,600&display=swap	1603228533820	1603228539178	OK	 
REQUEST	1		css?family=Ubuntu:700,500,400,300,600&display=swap	1603228538847	1603228539185	OK	 
REQUEST	1		Autenticacao	1603228540197	1603228540251	OK	 
REQUEST	1		Autenticacao Redirect 1	1603228540260	1603228540303	OK	 
REQUEST	1		request_29	1603228540321	1603228540342	OK	 
REQUEST	1		request_33	1603228540322	1603228540344	OK	 
REQUEST	1		request_38	1603228540323	1603228540350	OK	 
REQUEST	1		req_Listar_com_filhos_2	1603228540331	1603228540356	OK	 
REQUEST	1		request_31	1603228540326	1603228540362	OK	 
REQUEST	1		request_43	1603228540330	1603228540363	OK	 
REQUEST	1		request_36	1603228540328	1603228540366	OK	 
REQUEST	1		request_32	1603228540327	1603228540383	OK	 
REQUEST	1		request_40	1603228540325	1603228540418	OK	 
REQUEST	1		request_39	1603228540324	1603228540419	OK	 
REQUEST	1		icon?family=Material+Icons|Material+Icons+Outlined	1603228540332	1603228540428	OK	 
REQUEST	1		Autenticacao_Geracao_token_1	1603228540329	1603228540429	OK	 
REQUEST	1		Autenticacao_Geracao_token_1	1603228540430	1603228540456	OK	 
REQUEST	1		request_49	1603228547454	1603228547478	OK	 
REQUEST	1		ListarCategoriaPai	1603228547492	1603228547524	OK	 
REQUEST	1		ListarCategoriaFilho	1603228547491	1603228547525	OK	 
REQUEST	1		request_51	1603228547490	1603228547525	OK	 
REQUEST	1		request_52	1603228547491	1603228547526	OK	 
REQUEST	1		request_50	1603228547489	1603228547527	OK	 
REQUEST	1		ListarCategoriaElasticSearch	1603228547492	1603228547577	OK	 
REQUEST	1		req_Listar_com_filhos_6	1603228547493	1603228547583	OK	 
REQUEST	1		req_Listar_com_filhos_6	1603228547585	1603228547625	OK	 
REQUEST	1		req_Listar_com_filhos_6	1603228547625	1603228547695	OK	 
REQUEST	1		request_63	1603228549694	1603228549718	OK	 
REQUEST	1		request_65	1603228549729	1603228549749	OK	 
REQUEST	1		request_64	1603228549728	1603228549750	OK	 
REQUEST	1		request_69	1603228549731	1603228549756	OK	 
REQUEST	1		req_Listar_com_filhos_7	1603228549730	1603228549757	OK	 
REQUEST	1		request_69	1603228549757	1603228549797	OK	 
REQUEST	1		req_Listar_com_filhos_7	1603228549758	1603228549798	OK	 
REQUEST	1		request_69	1603228549797	1603228549838	OK	 
REQUEST	1		req_Listar_com_filhos_7	1603228549799	1603228549865	OK	 
REQUEST	1		request_71	1603228551864	1603228551888	OK	 
REQUEST	1		request_72	1603228551912	1603228551936	OK	 
REQUEST	1		request_73	1603228551913	1603228551937	OK	 
REQUEST	1		ListarCategoriaFilho	1603228551914	1603228551945	OK	 
REQUEST	1		ListarCategoriaPai	1603228551915	1603228551947	OK	 
REQUEST	1		ListarCategoriaElasticSearch	1603228551916	1603228551948	OK	 
REQUEST	1		request_74	1603228551914	1603228551950	OK	 
REQUEST	1		req_Listar_com_filhos_9	1603228551916	1603228551950	OK	 
REQUEST	1		req_qntd_favorito	1603228551947	1603228551974	OK	 
REQUEST	1		req_qntd_favorito	1603228551946	1603228551975	OK	 
REQUEST	1		req_qntd_favorito	1603228551949	1603228551977	OK	 
REQUEST	1		req_qntd_favorito	1603228551951	1603228551978	OK	 
REQUEST	1		req_Listar_com_filhos_9	1603228551952	1603228551989	OK	 
REQUEST	1		req_qntd_favorito	1603228551975	1603228551999	OK	 
REQUEST	1		req_qntd_favorito	1603228551974	1603228552001	OK	 
REQUEST	1		req_qntd_favorito	1603228551917	1603228552006	OK	 
REQUEST	1		req_qntd_favorito	1603228551918	1603228552007	OK	 
REQUEST	1		req_qntd_favorito	1603228551979	1603228552008	OK	 
REQUEST	1		req_qntd_favorito	1603228551978	1603228552009	OK	 
REQUEST	1		req_Listar_com_filhos_9	1603228552000	1603228552044	OK	 
REQUEST	1		request_121	1603228557045	1603228557077	OK	 
REQUEST	1		request_122	1603228557093	1603228557116	OK	 
REQUEST	1		request_123	1603228557094	1603228557117	OK	 
REQUEST	1		request_127	1603228557096	1603228557123	OK	 
REQUEST	1		request_126	1603228557095	1603228557125	OK	 
REQUEST	1		req_quantidade_anuncio	1603228557099	1603228557126	OK	 
REQUEST	1		request_137	1603228557098	1603228557127	OK	 
REQUEST	1		request_136	1603228557097	1603228557127	OK	 
REQUEST	1		req_Listar_com_filhos_10	1603228557097	1603228557128	OK	 
REQUEST	1		request_141	1603228557124	1603228557147	OK	 
REQUEST	1		req_Listar_com_filhos_10	1603228557130	1603228557166	OK	 
REQUEST	1		req_Listar_com_filhos_10	1603228557167	1603228557230	OK	 
REQUEST	1		request_147	1603228562225	1603228562259	OK	 
REQUEST	1		request_148	1603228562271	1603228562292	OK	 
REQUEST	1		request_149	1603228562272	1603228562293	OK	 
REQUEST	1		request_153	1603228562273	1603228562299	OK	 
REQUEST	1		req_Listar_com_filhos_12	1603228562273	1603228562300	OK	 
REQUEST	1		req_Listar_com_filhos_12	1603228562301	1603228562337	OK	 
REQUEST	1		request_153	1603228562300	1603228562339	OK	 
REQUEST	1		request_153	1603228562339	1603228562381	OK	 
REQUEST	1		req_Listar_com_filhos_12	1603228562338	1603228562415	OK	 
REQUEST	1		request_155	1603228565426	1603228565451	OK	 
REQUEST	1		request_156	1603228565462	1603228565486	OK	 
REQUEST	1		request_157	1603228565463	1603228565492	OK	 
REQUEST	1		ListarCategoriaElasticSearch	1603228565464	1603228565493	OK	 
REQUEST	1		req_Listar_com_filhos_14	1603228565465	1603228565494	OK	 
REQUEST	1		req_Listar_com_filhos_14	1603228565496	1603228565536	OK	 
REQUEST	1		req_Listar_com_filhos_14	1603228565537	1603228565605	OK	 
REQUEST	1		request_167	1603228568605	1603228568633	OK	 
REQUEST	1		request_168	1603228568650	1603228568671	OK	 
REQUEST	1		request_169	1603228568651	1603228568678	OK	 
REQUEST	1		request_184	1603228568656	1603228568679	OK	 
REQUEST	1		req_favoritado	1603228568654	1603228568680	OK	 
REQUEST	1		req_Listar_com_filhos_15	1603228568653	1603228568681	OK	 
REQUEST	1		req_nota_anuncio	1603228568654	1603228568684	OK	 
REQUEST	1		req_anuncio	1603228568652	1603228568685	OK	 
REQUEST	1		request_183	1603228568655	1603228568686	OK	 
REQUEST	1		request_185	1603228568679	1603228568703	OK	 
REQUEST	1		req_Listar_com_filhos_15	1603228568683	1603228568723	OK	 
REQUEST	1		req_Listar_com_filhos_15	1603228568724	1603228568783	OK	 
REQUEST	1		request_192	1603228571775	1603228571796	OK	 
REQUEST	1		request_193	1603228571799	1603228571821	OK	 
REQUEST	1		request_194	1603228571800	1603228571829	OK	 
REQUEST	1		req_Listar_com_filhos_15	1603228571801	1603228571830	OK	 
REQUEST	1		request_198	1603228571802	1603228571833	OK	 
REQUEST	1		request_198	1603228571834	1603228571877	OK	 
REQUEST	1		req_Listar_com_filhos_15	1603228571832	1603228571879	OK	 
REQUEST	1		req_Listar_com_filhos_15	1603228571880	1603228571924	OK	 
REQUEST	1		request_198	1603228571878	1603228571927	OK	 
REQUEST	1		request_201	1603228575935	1603228575960	OK	 
REQUEST	1		ListarCategoriaPai	1603228575976	1603228576005	OK	 
REQUEST	1		ListarCategoriaElasticSearch	1603228575977	1603228576006	OK	 
REQUEST	1		request_202	1603228575973	1603228576007	OK	 
REQUEST	1		request_203	1603228575973	1603228576008	OK	 
REQUEST	1		request_215	1603228575977	1603228576008	OK	 
REQUEST	1		ListarCategoriaFilho	1603228575975	1603228576011	OK	 
REQUEST	1		req_Listar_com_filhos_16	1603228575974	1603228576012	OK	 
REQUEST	1		req_Listar_com_filhos_16	1603228576013	1603228576052	OK	 
REQUEST	1		req_Listar_com_filhos_16	1603228576054	1603228576124	OK	 
REQUEST	1		request_217	1603228577125	1603228577159	OK	 
REQUEST	1		request_218	1603228577174	1603228577197	OK	 
REQUEST	1		request_219	1603228577175	1603228577198	OK	 
REQUEST	1		request_223	1603228577176	1603228577204	OK	 
REQUEST	1		request_222	1603228577176	1603228577205	OK	 
REQUEST	1		request_235	1603228577179	1603228577206	OK	 
REQUEST	1		req_Listar_com_filhos_17	1603228577177	1603228577207	OK	 
REQUEST	1		request_233	1603228577178	1603228577209	OK	 
REQUEST	1		request_234	1603228577178	1603228577210	OK	 
REQUEST	1		request_236	1603228577204	1603228577232	OK	 
REQUEST	1		req_Listar_com_filhos_17	1603228577208	1603228577251	OK	 
REQUEST	1		req_Listar_com_filhos_17	1603228577253	1603228577292	OK	 
USER	ListarAnuncios2	1	END	1603228512610	1603228577309
