RUN	basic.ListarAnuncios2	listaranuncios2	1603209398467	teste	3.0.2
USER	ListarAnuncios2	1	START	1603209400723	1603209400723
REQUEST	1		request_0	1603209400746	1603209405985	OK	 
REQUEST	1		request_1	1603209421537	1603209426600	OK	 
REQUEST	1		request_3	1603209421539	1603209426702	OK	 
REQUEST	1		request_4	1603209421541	1603209426728	OK	 
REQUEST	1		Acesso_Pagina_login_1	1603209421542	1603209426740	OK	 
REQUEST	1		req_duvida_todos	1603209411113	1603209426750	OK	 
REQUEST	1		req_Listar_com_filhos_1	1603209416145	1603209426788	OK	 
REQUEST	1		request_7	1603209426589	1603209426789	OK	 
REQUEST	1		request_18	1603209426591	1603209426792	OK	 
REQUEST	1		css?family=Ubuntu:700,500,400,300,600&display=swap	1603209421533	1603209426906	OK	 
REQUEST	1		css?family=Roboto:700,500,400,300,600&display=swap	1603209416146	1603209426922	OK	 
REQUEST	1		css?family=Montserrat:700,500,400,300,600&display=swap	1603209421534	1603209426929	OK	 
REQUEST	1		request_14	1603209406078	1603209426933	OK	 
REQUEST	1		css?family=Cantarell:700,500,400,300,600&display=swap	1603209421536	1603209426937	OK	 
REQUEST	1		Autenticacao	1603209427972	1603209428030	OK	 
REQUEST	1		Autenticacao Redirect 1	1603209428040	1603209428083	OK	 
REQUEST	1		req_Listar_com_filhos_2	1603209428114	1603209428140	OK	 
REQUEST	1		request_29	1603209428115	1603209428141	OK	 
REQUEST	1		request_43	1603209428113	1603209428142	OK	 
REQUEST	1		request_33	1603209428116	1603209428143	OK	 
REQUEST	1		request_39	1603209428116	1603209428143	OK	 
REQUEST	1		request_31	1603209428118	1603209428147	OK	 
REQUEST	1		request_34	1603209428112	1603209428158	OK	 
REQUEST	1		request_32	1603209428118	1603209428173	OK	 
REQUEST	1		request_36	1603209428119	1603209428174	OK	 
REQUEST	1		icon?family=Material+Icons|Material+Icons+Outlined	1603209428115	1603209428227	OK	 
REQUEST	1		request_40	1603209428117	1603209428261	OK	 
REQUEST	1		request_38	1603209428113	1603209428275	OK	 
REQUEST	1		Autenticacao_Geracao_token_1	1603209428120	1603209428286	OK	 
REQUEST	1		Autenticacao_Geracao_token_1	1603209428287	1603209428316	OK	 
REQUEST	1		request_49	1603209435328	1603209435374	OK	 
REQUEST	1		request_51	1603209435386	1603209435415	OK	 
REQUEST	1		request_52	1603209435388	1603209435416	OK	 
REQUEST	1		request_56	1603209435391	1603209435417	OK	 
REQUEST	1		request_57	1603209435392	1603209435426	OK	 
REQUEST	1		request_50	1603209435389	1603209435441	OK	 
REQUEST	1		request_58	1603209435393	1603209435473	OK	 
REQUEST	1		req_Listar_com_filhos_6	1603209435395	1603209435533	KO	status.find.in(200,201,202,203,204,205,206,207,208,209,304), found 401
REQUEST	1		request_63	1603209437548	1603209437594	OK	 
REQUEST	1		request_64	1603209437600	1603209437628	OK	 
REQUEST	1		request_65	1603209437601	1603209437636	OK	 
REQUEST	1		req_Listar_com_filhos_7	1603209437603	1603209437637	KO	status.find.in(200,201,202,203,204,205,206,207,208,209,304), found 401
REQUEST	1		request_69	1603209437606	1603209437646	KO	status.find.in(200,201,202,203,204,205,206,207,208,209,304), found 401
REQUEST	1		request_71	1603209439638	1603209439684	OK	 
REQUEST	1		request_78	1603209439708	1603209439733	OK	 
REQUEST	1		request_73	1603209439704	1603209439735	OK	 
REQUEST	1		request_74	1603209439705	1603209439736	OK	 
REQUEST	1		request_79	1603209439709	1603209439741	OK	 
REQUEST	1		request_80	1603209439710	1603209439742	OK	 
REQUEST	1		request_72	1603209439707	1603209439753	OK	 
REQUEST	1		req_Listar_com_filhos_9	1603209439711	1603209439754	KO	status.find.in(200,201,202,203,204,205,206,207,208,209,304), found 401
REQUEST	1		request_99	1603209439741	1603209439764	OK	 
REQUEST	1		request_98	1603209439733	1603209439766	OK	 
REQUEST	1		request_100	1603209439743	1603209439771	OK	 
REQUEST	1		request_101	1603209439755	1603209439783	OK	 
REQUEST	1		request_102	1603209439765	1603209439803	OK	 
REQUEST	1		request_103	1603209439767	1603209439804	OK	 
REQUEST	1		request_104	1603209439771	1603209439805	OK	 
REQUEST	1		request_105	1603209439784	1603209439813	OK	 
REQUEST	1		request_97	1603209439714	1603209439851	OK	 
REQUEST	1		request_96	1603209439713	1603209439859	OK	 
REQUEST	1		request_121	1603209444867	1603209444914	OK	 
REQUEST	1		request_122	1603209444926	1603209444957	OK	 
REQUEST	1		request_123	1603209444927	1603209444958	OK	 
REQUEST	1		request_126	1603209444928	1603209444960	OK	 
REQUEST	1		request_127	1603209444929	1603209444962	OK	 
REQUEST	1		request_136	1603209444931	1603209444963	OK	 
REQUEST	1		req_Listar_com_filhos_10	1603209444930	1603209444964	KO	status.find.in(200,201,202,203,204,205,206,207,208,209,304), found 401
REQUEST	1		request_137	1603209444932	1603209444971	OK	 
REQUEST	1		request_140	1603209444933	1603209444973	OK	 
REQUEST	1		request_141	1603209444960	1603209444984	OK	 
REQUEST	1		request_147	1603209449977	1603209450021	OK	 
REQUEST	1		request_148	1603209450025	1603209450050	OK	 
REQUEST	1		request_149	1603209450026	1603209450052	OK	 
REQUEST	1		req_Listar_com_filhos_12	1603209450027	1603209450057	KO	status.find.in(200,201,202,203,204,205,206,207,208,209,304), found 401
REQUEST	1		request_153	1603209450028	1603209450069	KO	status.find.in(200,201,202,203,204,205,206,207,208,209,304), found 401
REQUEST	1		request_155	1603209453077	1603209453127	OK	 
REQUEST	1		request_156	1603209453130	1603209453155	OK	 
REQUEST	1		request_157	1603209453130	1603209453156	OK	 
REQUEST	1		request_159	1603209453131	1603209453162	OK	 
REQUEST	1		req_Listar_com_filhos_14	1603209453132	1603209453171	KO	status.find.in(200,201,202,203,204,205,206,207,208,209,304), found 401
REQUEST	1		request_167	1603209456167	1603209456213	OK	 
REQUEST	1		request_168	1603209456222	1603209456254	OK	 
REQUEST	1		request_172	1603209456224	1603209456255	OK	 
REQUEST	1		request_169	1603209456223	1603209456257	OK	 
REQUEST	1		request_174	1603209456226	1603209456258	OK	 
REQUEST	1		request_182	1603209456227	1603209456259	OK	 
REQUEST	1		req_Listar_com_filhos_15	1603209456225	1603209456260	KO	status.find.in(200,201,202,203,204,205,206,207,208,209,304), found 401
REQUEST	1		request_184	1603209456229	1603209456273	OK	 
REQUEST	1		request_183	1603209456228	1603209456274	OK	 
REQUEST	1		request_185	1603209456256	1603209456280	OK	 
REQUEST	1		request_192	1603209459287	1603209459319	OK	 
REQUEST	1		request_193	1603209459322	1603209459348	OK	 
REQUEST	1		request_194	1603209459322	1603209459350	OK	 
REQUEST	1		req_Listar_com_filhos_15	1603209459324	1603209459359	KO	status.find.in(200,201,202,203,204,205,206,207,208,209,304), found 401
REQUEST	1		request_198	1603209459324	1603209459375	KO	status.find.in(200,201,202,203,204,205,206,207,208,209,304), found 401
REQUEST	1		request_195	1603209459323	1603209459421	OK	 
REQUEST	1		request_201	1603209463427	1603209463473	OK	 
REQUEST	1		request_202	1603209463478	1603209463501	OK	 
REQUEST	1		request_209	1603209463480	1603209463508	OK	 
REQUEST	1		request_203	1603209463479	1603209463509	OK	 
REQUEST	1		request_208	1603209463480	1603209463510	OK	 
REQUEST	1		req_Listar_com_filhos_16	1603209463479	1603209463516	KO	status.find.in(200,201,202,203,204,205,206,207,208,209,304), found 401
REQUEST	1		request_215	1603209463480	1603209463524	OK	 
REQUEST	1		request_210	1603209463480	1603209463525	OK	 
REQUEST	1		request_217	1603209464517	1603209464562	OK	 
REQUEST	1		request_223	1603209464570	1603209464596	OK	 
REQUEST	1		request_233	1603209464572	1603209464598	OK	 
REQUEST	1		request_234	1603209464572	1603209464604	OK	 
REQUEST	1		request_222	1603209464570	1603209464605	OK	 
REQUEST	1		req_Listar_com_filhos_17	1603209464571	1603209464605	KO	status.find.in(200,201,202,203,204,205,206,207,208,209,304), found 401
REQUEST	1		request_219	1603209464569	1603209464606	OK	 
REQUEST	1		request_218	1603209464568	1603209464610	OK	 
REQUEST	1		request_235	1603209464573	1603209464611	OK	 
REQUEST	1		request_236	1603209464597	1603209464631	OK	 
USER	ListarAnuncios2	1	END	1603209400723	1603209464638
