RUN	basic.ListarAnuncios2	listaranuncios2	1603219672849	teste	3.0.2
USER	ListarAnuncios2	1	START	1603219675184	1603219675184
USER	ListarAnuncios2	2	START	1603219675189	1603219675189
USER	ListarAnuncios2	3	START	1603219675192	1603219675192
USER	ListarAnuncios2	4	START	1603219675193	1603219675193
USER	ListarAnuncios2	5	START	1603219675193	1603219675193
USER	ListarAnuncios2	6	START	1603219675193	1603219675193
USER	ListarAnuncios2	7	START	1603219675194	1603219675194
USER	ListarAnuncios2	8	START	1603219675194	1603219675194
USER	ListarAnuncios2	9	START	1603219675194	1603219675194
USER	ListarAnuncios2	10	START	1603219675195	1603219675195
REQUEST	7		Gerar Token	1603219675237	1603219680958	OK	 
REQUEST	8		Gerar Token	1603219675238	1603219680958	OK	 
REQUEST	3		Gerar Token	1603219675232	1603219680958	OK	 
REQUEST	9		Gerar Token	1603219675244	1603219681548	OK	 
REQUEST	2		Gerar Token	1603219675231	1603219681588	OK	 
REQUEST	6		Gerar Token	1603219675236	1603219681589	OK	 
REQUEST	4		Gerar Token	1603219675233	1603219681590	OK	 
REQUEST	5		Gerar Token	1603219675235	1603219681590	OK	 
REQUEST	10		Gerar Token	1603219675245	1603219681644	OK	 
REQUEST	1		Gerar Token	1603219675229	1603219681664	OK	 
REQUEST	3		request_0	1603219685982	1603219691206	OK	 
REQUEST	9		request_0	1603219686569	1603219691225	OK	 
REQUEST	1		request_0	1603219686679	1603219691226	OK	 
REQUEST	2		request_0	1603219686609	1603219691226	OK	 
REQUEST	6		request_0	1603219686610	1603219691246	OK	 
REQUEST	8		request_0	1603219685982	1603219691248	OK	 
REQUEST	5		request_0	1603219686610	1603219691248	OK	 
REQUEST	7		request_0	1603219685982	1603219691276	OK	 
REQUEST	4		request_0	1603219686609	1603219691276	OK	 
REQUEST	10		request_0	1603219686658	1603219691302	OK	 
REQUEST	2		request_1	1603219706474	1603219706503	OK	 
REQUEST	1		request_1	1603219706475	1603219706503	OK	 
REQUEST	4		request_1	1603219706477	1603219706503	OK	 
REQUEST	7		request_1	1603219706474	1603219706503	OK	 
REQUEST	8		request_1	1603219706481	1603219706508	OK	 
REQUEST	5		request_1	1603219706479	1603219706508	OK	 
REQUEST	6		request_1	1603219706478	1603219706508	OK	 
REQUEST	7		Acesso_Pagina_login_1	1603219706477	1603219706513	OK	 
REQUEST	1		Acesso_Pagina_login_1	1603219706477	1603219706520	OK	 
REQUEST	9		request_1	1603219706485	1603219706532	OK	 
REQUEST	10		request_1	1603219706483	1603219706532	OK	 
REQUEST	8		Acesso_Pagina_login_1	1603219706484	1603219706532	OK	 
REQUEST	2		Acesso_Pagina_login_1	1603219706480	1603219706532	OK	 
REQUEST	5		Acesso_Pagina_login_1	1603219706481	1603219706536	OK	 
REQUEST	3		request_1	1603219706480	1603219706537	OK	 
REQUEST	3		Acesso_Pagina_login_1	1603219706486	1603219706539	OK	 
REQUEST	4		Acesso_Pagina_login_1	1603219706483	1603219706550	OK	 
REQUEST	10		Acesso_Pagina_login_1	1603219706487	1603219706568	OK	 
REQUEST	9		Acesso_Pagina_login_1	1603219706490	1603219706572	OK	 
REQUEST	6		Acesso_Pagina_login_1	1603219706488	1603219706573	OK	 
REQUEST	1		request_7	1603219706478	1603219706788	OK	 
REQUEST	7		css?family=Ubuntu:700,500,400,300,600&display=swap	1603219706473	1603219706789	OK	 
REQUEST	7		request_14	1603219691380	1603219706813	OK	 
REQUEST	7		css?family=Roboto:700,500,400,300,600&display=swap	1603219701446	1603219706819	OK	 
REQUEST	3		request_14	1603219691380	1603219706830	OK	 
REQUEST	1		request_14	1603219691379	1603219706830	OK	 
REQUEST	1		css?family=Roboto:700,500,400,300,600&display=swap	1603219701446	1603219706834	OK	 
REQUEST	1		css?family=Cantarell:700,500,400,300,600&display=swap	1603219706474	1603219706838	OK	 
REQUEST	7		css?family=Cantarell:700,500,400,300,600&display=swap	1603219706474	1603219706840	OK	 
REQUEST	3		css?family=Cantarell:700,500,400,300,600&display=swap	1603219706479	1603219706845	OK	 
REQUEST	3		css?family=Roboto:700,500,400,300,600&display=swap	1603219701444	1603219706849	OK	 
REQUEST	8		css?family=Roboto:700,500,400,300,600&display=swap	1603219701444	1603219706854	OK	 
REQUEST	8		css?family=Cantarell:700,500,400,300,600&display=swap	1603219706474	1603219706858	OK	 
REQUEST	5		request_14	1603219691381	1603219706859	OK	 
REQUEST	4		css?family=Montserrat:700,500,400,300,600&display=swap	1603219706475	1603219706862	OK	 
REQUEST	1		css?family=Ubuntu:700,500,400,300,600&display=swap	1603219706473	1603219706862	OK	 
REQUEST	7		css?family=Montserrat:700,500,400,300,600&display=swap	1603219706473	1603219706863	OK	 
REQUEST	8		request_14	1603219691379	1603219706865	OK	 
REQUEST	3		css?family=Ubuntu:700,500,400,300,600&display=swap	1603219706478	1603219706868	OK	 
REQUEST	4		css?family=Cantarell:700,500,400,300,600&display=swap	1603219706476	1603219706868	OK	 
REQUEST	4		request_14	1603219691380	1603219706870	OK	 
REQUEST	6		request_14	1603219691380	1603219706874	OK	 
REQUEST	5		css?family=Ubuntu:700,500,400,300,600&display=swap	1603219706477	1603219706876	OK	 
REQUEST	10		css?family=Ubuntu:700,500,400,300,600&display=swap	1603219706474	1603219706878	OK	 
REQUEST	6		css?family=Ubuntu:700,500,400,300,600&display=swap	1603219706473	1603219706885	OK	 
REQUEST	10		css?family=Roboto:700,500,400,300,600&display=swap	1603219701444	1603219706885	OK	 
REQUEST	1		css?family=Montserrat:700,500,400,300,600&display=swap	1603219706473	1603219706885	OK	 
REQUEST	2		request_14	1603219691380	1603219706888	OK	 
REQUEST	1		request_3	1603219706475	1603219706889	OK	 
REQUEST	10		request_14	1603219691380	1603219706889	OK	 
REQUEST	8		css?family=Ubuntu:700,500,400,300,600&display=swap	1603219706473	1603219706892	OK	 
REQUEST	5		css?family=Cantarell:700,500,400,300,600&display=swap	1603219706478	1603219706896	OK	 
REQUEST	8		css?family=Montserrat:700,500,400,300,600&display=swap	1603219706473	1603219706896	OK	 
REQUEST	2		css?family=Roboto:700,500,400,300,600&display=swap	1603219701446	1603219706902	OK	 
REQUEST	4		css?family=Roboto:700,500,400,300,600&display=swap	1603219701446	1603219706903	OK	 
REQUEST	10		css?family=Montserrat:700,500,400,300,600&display=swap	1603219706481	1603219706905	OK	 
REQUEST	2		css?family=Cantarell:700,500,400,300,600&display=swap	1603219706474	1603219706905	OK	 
REQUEST	5		css?family=Roboto:700,500,400,300,600&display=swap	1603219701444	1603219706906	OK	 
REQUEST	3		css?family=Montserrat:700,500,400,300,600&display=swap	1603219706479	1603219706907	OK	 
REQUEST	1		request_4	1603219706476	1603219706910	OK	 
REQUEST	4		css?family=Ubuntu:700,500,400,300,600&display=swap	1603219706473	1603219706912	OK	 
REQUEST	2		css?family=Montserrat:700,500,400,300,600&display=swap	1603219706473	1603219706913	OK	 
REQUEST	5		css?family=Montserrat:700,500,400,300,600&display=swap	1603219706478	1603219706914	OK	 
REQUEST	2		css?family=Ubuntu:700,500,400,300,600&display=swap	1603219706473	1603219706917	OK	 
REQUEST	6		css?family=Montserrat:700,500,400,300,600&display=swap	1603219706476	1603219706922	OK	 
REQUEST	1		request_18	1603219706479	1603219706923	OK	 
REQUEST	9		css?family=Montserrat:700,500,400,300,600&display=swap	1603219706476	1603219706925	OK	 
REQUEST	10		css?family=Cantarell:700,500,400,300,600&display=swap	1603219706482	1603219706924	OK	 
REQUEST	9		request_14	1603219691380	1603219706926	OK	 
REQUEST	6		css?family=Cantarell:700,500,400,300,600&display=swap	1603219706477	1603219706926	OK	 
REQUEST	6		css?family=Roboto:700,500,400,300,600&display=swap	1603219701444	1603219706928	OK	 
REQUEST	7		request_7	1603219706478	1603219706930	OK	 
REQUEST	5		request_7	1603219706482	1603219706931	OK	 
REQUEST	9		css?family=Roboto:700,500,400,300,600&display=swap	1603219701444	1603219706931	OK	 
REQUEST	9		css?family=Ubuntu:700,500,400,300,600&display=swap	1603219706476	1603219706938	OK	 
REQUEST	9		css?family=Cantarell:700,500,400,300,600&display=swap	1603219706484	1603219706940	OK	 
REQUEST	7		request_3	1603219706475	1603219706946	OK	 
REQUEST	5		request_18	1603219706483	1603219706945	OK	 
REQUEST	7		request_18	1603219706479	1603219706954	OK	 
REQUEST	10		request_3	1603219706485	1603219706965	OK	 
REQUEST	7		request_4	1603219706476	1603219706965	OK	 
REQUEST	8		request_3	1603219706482	1603219706966	OK	 
REQUEST	4		request_3	1603219706481	1603219706966	OK	 
REQUEST	8		request_4	1603219706483	1603219706966	OK	 
REQUEST	8		request_7	1603219706485	1603219706993	OK	 
REQUEST	5		request_4	1603219706480	1603219706993	OK	 
REQUEST	5		request_3	1603219706480	1603219706995	OK	 
REQUEST	8		request_18	1603219706486	1603219706996	OK	 
REQUEST	10		request_7	1603219706488	1603219707014	OK	 
REQUEST	3		request_7	1603219706487	1603219707014	OK	 
REQUEST	10		request_4	1603219706486	1603219707015	OK	 
REQUEST	4		request_7	1603219706485	1603219707015	OK	 
REQUEST	2		request_4	1603219706476	1603219707016	OK	 
REQUEST	2		request_7	1603219706481	1603219707017	OK	 
REQUEST	2		request_3	1603219706476	1603219707018	OK	 
REQUEST	6		request_3	1603219706479	1603219707032	OK	 
REQUEST	3		request_18	1603219706487	1603219707033	OK	 
REQUEST	3		request_4	1603219706485	1603219707035	OK	 
REQUEST	9		request_3	1603219706488	1603219707058	OK	 
REQUEST	4		request_4	1603219706482	1603219707058	OK	 
REQUEST	10		request_18	1603219706489	1603219707059	OK	 
REQUEST	9		request_4	1603219706489	1603219707059	OK	 
REQUEST	2		request_18	1603219706482	1603219707059	OK	 
REQUEST	4		request_18	1603219706486	1603219707060	OK	 
REQUEST	9		request_7	1603219706491	1603219707087	OK	 
REQUEST	9		request_18	1603219706492	1603219707113	OK	 
REQUEST	6		request_7	1603219706489	1603219707139	OK	 
REQUEST	6		request_18	1603219706490	1603219707168	OK	 
REQUEST	3		request_3	1603219706484	1603219707169	OK	 
REQUEST	6		request_4	1603219706480	1603219707171	OK	 
REQUEST	1		req_duvida_todos	1603219696414	1603219707207	OK	 
REQUEST	4		req_duvida_todos	1603219696416	1603219707264	OK	 
REQUEST	2		req_duvida_todos	1603219696415	1603219707310	OK	 
REQUEST	8		req_duvida_todos	1603219696416	1603219707311	OK	 
REQUEST	9		req_duvida_todos	1603219696414	1603219707373	OK	 
REQUEST	7		req_duvida_todos	1603219696416	1603219707379	OK	 
REQUEST	3		req_duvida_todos	1603219696415	1603219707379	OK	 
REQUEST	5		req_duvida_todos	1603219696415	1603219707399	OK	 
REQUEST	6		req_duvida_todos	1603219696414	1603219707400	OK	 
REQUEST	7		req_Listar_com_filhos_1	1603219701445	1603219707406	OK	 
REQUEST	1		req_Listar_com_filhos_1	1603219701445	1603219707424	OK	 
REQUEST	10		req_duvida_todos	1603219696414	1603219707446	OK	 
REQUEST	9		req_Listar_com_filhos_1	1603219701443	1603219707446	OK	 
REQUEST	5		req_Listar_com_filhos_1	1603219701443	1603219707448	OK	 
REQUEST	4		req_Listar_com_filhos_1	1603219701445	1603219707448	OK	 
REQUEST	8		req_Listar_com_filhos_1	1603219701443	1603219707464	OK	 
REQUEST	2		req_Listar_com_filhos_1	1603219701445	1603219707471	OK	 
REQUEST	3		req_Listar_com_filhos_1	1603219701443	1603219707513	OK	 
REQUEST	10		req_Listar_com_filhos_1	1603219701443	1603219707513	OK	 
REQUEST	6		req_Listar_com_filhos_1	1603219701443	1603219707514	OK	 
REQUEST	7		Autenticacao	1603219708408	1603219708450	OK	 
REQUEST	1		Autenticacao	1603219708429	1603219708496	OK	 
REQUEST	7		Autenticacao Redirect 1	1603219708455	1603219708496	OK	 
REQUEST	5		Autenticacao	1603219708458	1603219708505	OK	 
REQUEST	4		Autenticacao	1603219708458	1603219708511	OK	 
REQUEST	8		Autenticacao	1603219708469	1603219708511	OK	 
REQUEST	2		Autenticacao	1603219708469	1603219708511	OK	 
REQUEST	9		Autenticacao	1603219708448	1603219708523	OK	 
REQUEST	1		Autenticacao Redirect 1	1603219708496	1603219708536	OK	 
REQUEST	5		Autenticacao Redirect 1	1603219708506	1603219708544	OK	 
REQUEST	7		request_34	1603219708510	1603219708558	OK	 
REQUEST	7		request_33	1603219708515	1603219708559	OK	 
REQUEST	8		Autenticacao Redirect 1	1603219708512	1603219708559	OK	 
REQUEST	7		request_39	1603219708515	1603219708559	OK	 
REQUEST	7		request_43	1603219708513	1603219708560	OK	 
REQUEST	7		request_29	1603219708515	1603219708561	OK	 
REQUEST	7		req_Listar_com_filhos_2	1603219708513	1603219708569	OK	 
REQUEST	4		Autenticacao Redirect 1	1603219708512	1603219708584	OK	 
REQUEST	7		request_31	1603219708517	1603219708585	OK	 
REQUEST	2		Autenticacao Redirect 1	1603219708512	1603219708585	OK	 
REQUEST	7		request_36	1603219708519	1603219708585	OK	 
REQUEST	7		request_32	1603219708518	1603219708586	OK	 
REQUEST	1		request_34	1603219708546	1603219708590	OK	 
REQUEST	1		req_Listar_com_filhos_2	1603219708548	1603219708607	OK	 
REQUEST	10		Autenticacao	1603219708518	1603219708607	OK	 
REQUEST	6		Autenticacao	1603219708518	1603219708607	OK	 
REQUEST	1		request_33	1603219708549	1603219708608	OK	 
REQUEST	9		Autenticacao Redirect 1	1603219708524	1603219708609	OK	 
REQUEST	3		Autenticacao	1603219708518	1603219708607	OK	 
REQUEST	1		request_31	1603219708551	1603219708610	OK	 
REQUEST	5		request_43	1603219708556	1603219708609	OK	 
REQUEST	5		req_Listar_com_filhos_2	1603219708557	1603219708611	OK	 
REQUEST	5		request_34	1603219708555	1603219708611	OK	 
REQUEST	1		request_29	1603219708549	1603219708613	OK	 
REQUEST	1		request_43	1603219708547	1603219708614	OK	 
REQUEST	1		request_39	1603219708550	1603219708615	OK	 
REQUEST	1		request_36	1603219708553	1603219708615	OK	 
REQUEST	1		request_32	1603219708552	1603219708618	OK	 
REQUEST	5		request_33	1603219708558	1603219708619	OK	 
REQUEST	5		request_29	1603219708558	1603219708619	OK	 
REQUEST	8		request_34	1603219708570	1603219708620	OK	 
REQUEST	7		icon?family=Material+Icons|Material+Icons+Outlined	1603219708514	1603219708621	OK	 
REQUEST	5		request_39	1603219708559	1603219708622	OK	 
REQUEST	5		request_31	1603219708560	1603219708626	OK	 
REQUEST	5		request_32	1603219708561	1603219708626	OK	 
REQUEST	5		request_36	1603219708561	1603219708627	OK	 
REQUEST	8		request_29	1603219708574	1603219708636	OK	 
REQUEST	4		request_34	1603219708593	1603219708638	OK	 
REQUEST	8		request_39	1603219708575	1603219708638	OK	 
REQUEST	8		request_33	1603219708574	1603219708639	OK	 
REQUEST	8		request_43	1603219708572	1603219708640	OK	 
REQUEST	8		request_31	1603219708576	1603219708640	OK	 
REQUEST	8		req_Listar_com_filhos_2	1603219708572	1603219708641	OK	 
REQUEST	8		request_36	1603219708577	1603219708642	OK	 
REQUEST	2		request_34	1603219708594	1603219708646	OK	 
REQUEST	8		request_32	1603219708577	1603219708646	OK	 
REQUEST	4		request_29	1603219708596	1603219708649	OK	 
REQUEST	2		request_31	1603219708600	1603219708650	OK	 
REQUEST	4		request_39	1603219708596	1603219708650	OK	 
REQUEST	2		request_43	1603219708596	1603219708650	OK	 
REQUEST	2		request_29	1603219708598	1603219708651	OK	 
REQUEST	4		request_31	1603219708597	1603219708651	OK	 
REQUEST	4		req_Listar_com_filhos_2	1603219708595	1603219708652	OK	 
REQUEST	1		icon?family=Material+Icons|Material+Icons+Outlined	1603219708548	1603219708653	OK	 
REQUEST	2		request_33	1603219708598	1603219708653	OK	 
REQUEST	4		request_43	1603219708594	1603219708654	OK	 
REQUEST	2		request_39	1603219708599	1603219708654	OK	 
REQUEST	2		req_Listar_com_filhos_2	1603219708597	1603219708654	OK	 
REQUEST	4		request_33	1603219708596	1603219708654	OK	 
REQUEST	9		request_39	1603219708622	1603219708656	OK	 
REQUEST	9		request_29	1603219708621	1603219708657	OK	 
REQUEST	9		request_43	1603219708619	1603219708657	OK	 
REQUEST	9		req_Listar_com_filhos_2	1603219708620	1603219708658	OK	 
REQUEST	5		icon?family=Material+Icons|Material+Icons+Outlined	1603219708557	1603219708658	OK	 
REQUEST	9		request_34	1603219708618	1603219708671	OK	 
REQUEST	7		request_40	1603219708516	1603219708672	OK	 
REQUEST	2		request_32	1603219708601	1603219708672	OK	 
REQUEST	4		request_32	1603219708598	1603219708672	OK	 
REQUEST	9		request_33	1603219708622	1603219708673	OK	 
REQUEST	2		request_36	1603219708601	1603219708673	OK	 
REQUEST	6		Autenticacao Redirect 1	1603219708609	1603219708673	OK	 
REQUEST	4		request_36	1603219708599	1603219708673	OK	 
REQUEST	8		icon?family=Material+Icons|Material+Icons+Outlined	1603219708573	1603219708673	OK	 
REQUEST	9		request_31	1603219708624	1603219708674	OK	 
REQUEST	9		request_32	1603219708624	1603219708674	OK	 
REQUEST	7		request_38	1603219708511	1603219708679	OK	 
REQUEST	3		Autenticacao Redirect 1	1603219708610	1603219708680	OK	 
REQUEST	4		icon?family=Material+Icons|Material+Icons+Outlined	1603219708595	1603219708689	OK	 
REQUEST	1		request_40	1603219708550	1603219708697	OK	 
REQUEST	9		request_36	1603219708625	1603219708697	OK	 
REQUEST	10		Autenticacao Redirect 1	1603219708608	1603219708698	OK	 
REQUEST	7		Autenticacao_Geracao_token_1	1603219708520	1603219708698	OK	 
REQUEST	1		Autenticacao_Geracao_token_1	1603219708553	1603219708699	OK	 
REQUEST	1		request_38	1603219708546	1603219708702	OK	 
REQUEST	2		icon?family=Material+Icons|Material+Icons+Outlined	1603219708597	1603219708702	OK	 
REQUEST	5		request_40	1603219708559	1603219708702	OK	 
REQUEST	5		Autenticacao_Geracao_token_1	1603219708562	1603219708704	OK	 
REQUEST	8		Autenticacao_Geracao_token_1	1603219708578	1603219708717	OK	 
REQUEST	5		request_38	1603219708556	1603219708717	OK	 
REQUEST	8		request_38	1603219708571	1603219708723	OK	 
REQUEST	3		request_39	1603219708692	1603219708724	OK	 
REQUEST	8		request_40	1603219708575	1603219708724	OK	 
REQUEST	3		request_33	1603219708692	1603219708726	OK	 
REQUEST	3		request_43	1603219708690	1603219708726	OK	 
REQUEST	6		request_33	1603219708683	1603219708726	OK	 
REQUEST	3		request_29	1603219708692	1603219708727	OK	 
REQUEST	6		request_39	1603219708683	1603219708727	OK	 
REQUEST	3		req_Listar_com_filhos_2	1603219708690	1603219708727	OK	 
REQUEST	6		request_29	1603219708682	1603219708727	OK	 
REQUEST	6		req_Listar_com_filhos_2	1603219708681	1603219708728	OK	 
REQUEST	6		request_43	1603219708681	1603219708728	OK	 
REQUEST	6		request_31	1603219708684	1603219708729	OK	 
REQUEST	6		request_34	1603219708679	1603219708729	OK	 
REQUEST	3		request_31	1603219708694	1603219708729	OK	 
REQUEST	2		request_40	1603219708599	1603219708730	OK	 
REQUEST	9		icon?family=Material+Icons|Material+Icons+Outlined	1603219708620	1603219708730	OK	 
REQUEST	4		request_40	1603219708597	1603219708730	OK	 
REQUEST	7		Autenticacao_Geracao_token_1	1603219708701	1603219708730	OK	 
REQUEST	1		Autenticacao_Geracao_token_1	1603219708699	1603219708730	OK	 
REQUEST	9		request_40	1603219708623	1603219708731	OK	 
REQUEST	5		Autenticacao_Geracao_token_1	1603219708705	1603219708731	OK	 
REQUEST	10		request_33	1603219708708	1603219708732	OK	 
REQUEST	10		request_43	1603219708706	1603219708732	OK	 
REQUEST	10		req_Listar_com_filhos_2	1603219708707	1603219708733	OK	 
REQUEST	10		request_29	1603219708707	1603219708733	OK	 
REQUEST	10		request_39	1603219708708	1603219708734	OK	 
REQUEST	3		request_34	1603219708689	1603219708737	OK	 
REQUEST	10		request_31	1603219708709	1603219708737	OK	 
REQUEST	3		request_36	1603219708695	1603219708739	OK	 
REQUEST	6		request_32	1603219708685	1603219708738	OK	 
REQUEST	3		request_32	1603219708694	1603219708740	OK	 
REQUEST	6		request_36	1603219708686	1603219708740	OK	 
REQUEST	4		Autenticacao_Geracao_token_1	1603219708599	1603219708743	OK	 
REQUEST	2		Autenticacao_Geracao_token_1	1603219708602	1603219708743	OK	 
REQUEST	9		Autenticacao_Geracao_token_1	1603219708626	1603219708743	OK	 
REQUEST	10		request_32	1603219708709	1603219708743	OK	 
REQUEST	4		request_38	1603219708593	1603219708750	OK	 
REQUEST	10		request_36	1603219708709	1603219708750	OK	 
REQUEST	8		Autenticacao_Geracao_token_1	1603219708717	1603219708750	OK	 
REQUEST	2		request_38	1603219708595	1603219708756	OK	 
REQUEST	10		request_34	1603219708705	1603219708756	OK	 
REQUEST	9		request_38	1603219708618	1603219708762	OK	 
REQUEST	9		Autenticacao_Geracao_token_1	1603219708744	1603219708769	OK	 
REQUEST	3		request_40	1603219708693	1603219708778	OK	 
REQUEST	2		Autenticacao_Geracao_token_1	1603219708744	1603219708778	OK	 
REQUEST	4		Autenticacao_Geracao_token_1	1603219708744	1603219708778	OK	 
REQUEST	6		icon?family=Material+Icons|Material+Icons+Outlined	1603219708682	1603219708778	OK	 
REQUEST	6		request_40	1603219708684	1603219708786	OK	 
REQUEST	6		Autenticacao_Geracao_token_1	1603219708686	1603219708795	OK	 
REQUEST	3		Autenticacao_Geracao_token_1	1603219708695	1603219708804	OK	 
REQUEST	10		icon?family=Material+Icons|Material+Icons+Outlined	1603219708707	1603219708804	OK	 
REQUEST	10		request_40	1603219708708	1603219708805	OK	 
REQUEST	10		Autenticacao_Geracao_token_1	1603219708710	1603219708806	OK	 
REQUEST	6		request_38	1603219708680	1603219708830	OK	 
REQUEST	10		Autenticacao_Geracao_token_1	1603219708806	1603219708831	OK	 
REQUEST	3		icon?family=Material+Icons|Material+Icons+Outlined	1603219708691	1603219708831	OK	 
REQUEST	6		Autenticacao_Geracao_token_1	1603219708796	1603219708832	OK	 
REQUEST	3		request_38	1603219708689	1603219708832	OK	 
REQUEST	3		Autenticacao_Geracao_token_1	1603219708804	1603219708833	OK	 
REQUEST	10		request_38	1603219708706	1603219708858	OK	 
REQUEST	5		request_49	1603219715728	1603219715776	OK	 
REQUEST	7		request_49	1603219715728	1603219715776	OK	 
REQUEST	1		request_49	1603219715738	1603219715783	OK	 
REQUEST	8		request_49	1603219715748	1603219715798	OK	 
REQUEST	7		request_51	1603219715781	1603219715807	OK	 
REQUEST	5		request_51	1603219715781	1603219715807	OK	 
REQUEST	7		request_52	1603219715782	1603219715808	OK	 
REQUEST	5		request_52	1603219715782	1603219715808	OK	 
REQUEST	1		request_52	1603219715790	1603219715814	OK	 
REQUEST	1		request_51	1603219715788	1603219715814	OK	 
REQUEST	7		ListarCategoriaFilho	1603219715786	1603219715817	OK	 
REQUEST	7		ListarCategoriaPai	1603219715787	1603219715818	OK	 
REQUEST	1		ListarCategoriaFilho	1603219715791	1603219715820	OK	 
REQUEST	1		ListarCategoriaPai	1603219715792	1603219715821	OK	 
REQUEST	5		ListarCategoriaPai	1603219715790	1603219715822	OK	 
REQUEST	5		ListarCategoriaFilho	1603219715789	1603219715823	OK	 
REQUEST	4		request_49	1603219715779	1603219715828	OK	 
REQUEST	9		request_49	1603219715779	1603219715828	OK	 
REQUEST	8		request_52	1603219715803	1603219715835	OK	 
REQUEST	7		request_50	1603219715783	1603219715835	OK	 
REQUEST	8		request_51	1603219715802	1603219715835	OK	 
REQUEST	8		ListarCategoriaFilho	1603219715804	1603219715836	OK	 
REQUEST	8		ListarCategoriaPai	1603219715805	1603219715836	OK	 
REQUEST	5		request_50	1603219715783	1603219715841	OK	 
REQUEST	2		request_49	1603219715788	1603219715841	OK	 
REQUEST	1		request_50	1603219715790	1603219715841	OK	 
REQUEST	8		request_50	1603219715804	1603219715851	OK	 
REQUEST	4		request_51	1603219715830	1603219715861	OK	 
REQUEST	9		request_51	1603219715830	1603219715861	OK	 
REQUEST	9		request_52	1603219715831	1603219715861	OK	 
REQUEST	9		ListarCategoriaPai	1603219715832	1603219715864	OK	 
REQUEST	4		request_52	1603219715831	1603219715864	OK	 
REQUEST	7		ListarCategoriaElasticSearch	1603219715788	1603219715864	OK	 
REQUEST	4		ListarCategoriaPai	1603219715832	1603219715864	OK	 
REQUEST	9		ListarCategoriaFilho	1603219715831	1603219715864	OK	 
REQUEST	4		ListarCategoriaFilho	1603219715832	1603219715864	OK	 
REQUEST	6		request_49	1603219715828	1603219715871	OK	 
REQUEST	2		request_51	1603219715843	1603219715871	OK	 
REQUEST	2		request_52	1603219715844	1603219715871	OK	 
REQUEST	2		ListarCategoriaPai	1603219715844	1603219715872	OK	 
REQUEST	2		ListarCategoriaFilho	1603219715844	1603219715872	OK	 
REQUEST	5		ListarCategoriaElasticSearch	1603219715790	1603219715880	OK	 
REQUEST	9		request_50	1603219715831	1603219715880	OK	 
REQUEST	4		request_50	1603219715831	1603219715880	OK	 
REQUEST	3		request_49	1603219715828	1603219715880	OK	 
REQUEST	8		ListarCategoriaElasticSearch	1603219715806	1603219715887	OK	 
REQUEST	1		ListarCategoriaElasticSearch	1603219715792	1603219715887	OK	 
REQUEST	2		request_50	1603219715844	1603219715894	OK	 
REQUEST	6		request_51	1603219715873	1603219715901	OK	 
REQUEST	6		request_52	1603219715874	1603219715902	OK	 
REQUEST	6		ListarCategoriaFilho	1603219715874	1603219715907	OK	 
REQUEST	3		request_51	1603219715882	1603219715911	OK	 
REQUEST	6		ListarCategoriaPai	1603219715875	1603219715914	OK	 
REQUEST	4		ListarCategoriaElasticSearch	1603219715832	1603219715914	OK	 
REQUEST	3		request_52	1603219715883	1603219715914	OK	 
REQUEST	3		ListarCategoriaFilho	1603219715884	1603219715914	OK	 
REQUEST	3		ListarCategoriaPai	1603219715884	1603219715914	OK	 
REQUEST	9		ListarCategoriaElasticSearch	1603219715832	1603219715921	OK	 
REQUEST	10		request_49	1603219715868	1603219715921	OK	 
REQUEST	4		req_Listar_com_filhos_6	1603219715832	1603219715921	OK	 
REQUEST	7		req_Listar_com_filhos_6	1603219715789	1603219715921	OK	 
REQUEST	8		req_Listar_com_filhos_6	1603219715806	1603219715921	OK	 
REQUEST	5		req_Listar_com_filhos_6	1603219715791	1603219715921	OK	 
REQUEST	9		req_Listar_com_filhos_6	1603219715832	1603219715922	OK	 
REQUEST	2		ListarCategoriaElasticSearch	1603219715845	1603219715927	OK	 
REQUEST	6		request_50	1603219715874	1603219715927	OK	 
REQUEST	1		req_Listar_com_filhos_6	1603219715793	1603219715927	OK	 
REQUEST	3		request_50	1603219715883	1603219715934	OK	 
REQUEST	2		req_Listar_com_filhos_6	1603219715845	1603219715941	OK	 
REQUEST	10		request_52	1603219715924	1603219715949	OK	 
REQUEST	10		request_51	1603219715924	1603219715955	OK	 
REQUEST	10		ListarCategoriaFilho	1603219715925	1603219715955	OK	 
REQUEST	10		ListarCategoriaPai	1603219715926	1603219715955	OK	 
REQUEST	6		ListarCategoriaElasticSearch	1603219715875	1603219715962	OK	 
REQUEST	8		req_Listar_com_filhos_6	1603219715923	1603219715962	OK	 
REQUEST	3		ListarCategoriaElasticSearch	1603219715885	1603219715969	OK	 
REQUEST	4		req_Listar_com_filhos_6	1603219715923	1603219715969	OK	 
REQUEST	7		req_Listar_com_filhos_6	1603219715923	1603219715969	OK	 
REQUEST	1		req_Listar_com_filhos_6	1603219715928	1603219715969	OK	 
REQUEST	5		req_Listar_com_filhos_6	1603219715923	1603219715969	OK	 
REQUEST	9		req_Listar_com_filhos_6	1603219715923	1603219715969	OK	 
REQUEST	3		req_Listar_com_filhos_6	1603219715885	1603219715969	OK	 
REQUEST	6		req_Listar_com_filhos_6	1603219715876	1603219715970	OK	 
REQUEST	2		req_Listar_com_filhos_6	1603219715941	1603219715975	OK	 
REQUEST	10		request_50	1603219715925	1603219715975	OK	 
REQUEST	10		ListarCategoriaElasticSearch	1603219715926	1603219716010	OK	 
REQUEST	6		req_Listar_com_filhos_6	1603219715971	1603219716010	OK	 
REQUEST	3		req_Listar_com_filhos_6	1603219715970	1603219716010	OK	 
REQUEST	10		req_Listar_com_filhos_6	1603219715927	1603219716027	OK	 
REQUEST	8		req_Listar_com_filhos_6	1603219715962	1603219716072	OK	 
REQUEST	7		req_Listar_com_filhos_6	1603219715969	1603219716088	OK	 
REQUEST	1		req_Listar_com_filhos_6	1603219715969	1603219716088	OK	 
REQUEST	4		req_Listar_com_filhos_6	1603219715969	1603219716089	OK	 
REQUEST	10		req_Listar_com_filhos_6	1603219716028	1603219716094	OK	 
REQUEST	5		req_Listar_com_filhos_6	1603219715969	1603219716095	OK	 
REQUEST	9		req_Listar_com_filhos_6	1603219715970	1603219716109	OK	 
REQUEST	2		req_Listar_com_filhos_6	1603219715975	1603219716109	OK	 
REQUEST	6		req_Listar_com_filhos_6	1603219716010	1603219716116	OK	 
REQUEST	3		req_Listar_com_filhos_6	1603219716010	1603219716116	OK	 
REQUEST	10		req_Listar_com_filhos_6	1603219716095	1603219716183	OK	 
REQUEST	8		request_63	1603219718068	1603219718116	OK	 
REQUEST	1		request_63	1603219718089	1603219718134	OK	 
REQUEST	4		request_63	1603219718089	1603219718134	OK	 
REQUEST	5		request_63	1603219718089	1603219718134	OK	 
REQUEST	7		request_63	1603219718098	1603219718142	OK	 
REQUEST	8		request_64	1603219718119	1603219718142	OK	 
REQUEST	8		request_65	1603219718119	1603219718142	OK	 
REQUEST	8		req_Listar_com_filhos_7	1603219718120	1603219718150	OK	 
REQUEST	9		request_63	1603219718109	1603219718157	OK	 
REQUEST	2		request_63	1603219718109	1603219718157	OK	 
REQUEST	4		request_64	1603219718137	1603219718157	OK	 
REQUEST	5		request_64	1603219718137	1603219718157	OK	 
REQUEST	8		request_69	1603219718121	1603219718157	OK	 
REQUEST	3		request_63	1603219718118	1603219718164	OK	 
REQUEST	1		request_64	1603219718137	1603219718164	OK	 
REQUEST	6		request_63	1603219718118	1603219718164	OK	 
REQUEST	4		request_65	1603219718137	1603219718171	OK	 
REQUEST	1		request_65	1603219718137	1603219718171	OK	 
REQUEST	5		request_65	1603219718138	1603219718171	OK	 
REQUEST	7		request_65	1603219718145	1603219718171	OK	 
REQUEST	7		request_64	1603219718144	1603219718172	OK	 
REQUEST	5		req_Listar_com_filhos_7	1603219718138	1603219718172	OK	 
REQUEST	4		request_69	1603219718138	1603219718172	OK	 
REQUEST	1		req_Listar_com_filhos_7	1603219718138	1603219718172	OK	 
REQUEST	5		request_69	1603219718139	1603219718174	OK	 
REQUEST	4		req_Listar_com_filhos_7	1603219718138	1603219718174	OK	 
REQUEST	7		req_Listar_com_filhos_7	1603219718145	1603219718177	OK	 
REQUEST	1		request_69	1603219718138	1603219718178	OK	 
REQUEST	9		request_65	1603219718161	1603219718190	OK	 
REQUEST	2		request_64	1603219718160	1603219718190	OK	 
REQUEST	3		request_64	1603219718165	1603219718190	OK	 
REQUEST	6		request_64	1603219718166	1603219718190	OK	 
REQUEST	2		request_65	1603219718160	1603219718190	OK	 
REQUEST	7		request_69	1603219718146	1603219718190	OK	 
REQUEST	9		request_64	1603219718160	1603219718190	OK	 
REQUEST	3		request_65	1603219718166	1603219718190	OK	 
REQUEST	6		request_65	1603219718167	1603219718196	OK	 
REQUEST	2		req_Listar_com_filhos_7	1603219718161	1603219718196	OK	 
REQUEST	3		req_Listar_com_filhos_7	1603219718167	1603219718196	OK	 
REQUEST	9		request_69	1603219718162	1603219718196	OK	 
REQUEST	6		req_Listar_com_filhos_7	1603219718167	1603219718196	OK	 
REQUEST	9		req_Listar_com_filhos_7	1603219718162	1603219718197	OK	 
REQUEST	8		request_69	1603219718158	1603219718202	OK	 
REQUEST	2		request_69	1603219718161	1603219718202	OK	 
REQUEST	6		request_69	1603219718168	1603219718202	OK	 
REQUEST	3		request_69	1603219718167	1603219718202	OK	 
REQUEST	8		req_Listar_com_filhos_7	1603219718151	1603219718203	OK	 
REQUEST	5		req_Listar_com_filhos_7	1603219718173	1603219718209	OK	 
REQUEST	1		req_Listar_com_filhos_7	1603219718173	1603219718217	OK	 
REQUEST	4		req_Listar_com_filhos_7	1603219718174	1603219718217	OK	 
REQUEST	7		req_Listar_com_filhos_7	1603219718178	1603219718217	OK	 
REQUEST	5		request_69	1603219718174	1603219718217	OK	 
REQUEST	4		request_69	1603219718173	1603219718218	OK	 
REQUEST	1		request_69	1603219718178	1603219718218	OK	 
REQUEST	10		request_63	1603219718178	1603219718228	OK	 
REQUEST	7		request_69	1603219718190	1603219718235	OK	 
REQUEST	9		request_69	1603219718197	1603219718235	OK	 
REQUEST	6		req_Listar_com_filhos_7	1603219718197	1603219718235	OK	 
REQUEST	2		req_Listar_com_filhos_7	1603219718197	1603219718235	OK	 
REQUEST	3		req_Listar_com_filhos_7	1603219718197	1603219718235	OK	 
REQUEST	6		request_69	1603219718202	1603219718241	OK	 
REQUEST	2		request_69	1603219718202	1603219718241	OK	 
REQUEST	9		req_Listar_com_filhos_7	1603219718197	1603219718241	OK	 
REQUEST	3		request_69	1603219718202	1603219718247	OK	 
REQUEST	10		request_64	1603219718229	1603219718254	OK	 
REQUEST	10		request_65	1603219718229	1603219718254	OK	 
REQUEST	8		request_69	1603219718202	1603219718260	OK	 
REQUEST	10		req_Listar_com_filhos_7	1603219718229	1603219718267	OK	 
REQUEST	10		request_69	1603219718230	1603219718273	OK	 
REQUEST	5		request_69	1603219718217	1603219718289	OK	 
REQUEST	1		request_69	1603219718218	1603219718289	OK	 
REQUEST	8		req_Listar_com_filhos_7	1603219718203	1603219718294	OK	 
REQUEST	9		request_69	1603219718235	1603219718300	OK	 
REQUEST	4		req_Listar_com_filhos_7	1603219718218	1603219718301	OK	 
REQUEST	2		request_69	1603219718241	1603219718307	OK	 
REQUEST	5		req_Listar_com_filhos_7	1603219718210	1603219718313	OK	 
REQUEST	7		req_Listar_com_filhos_7	1603219718217	1603219718313	OK	 
REQUEST	1		req_Listar_com_filhos_7	1603219718217	1603219718313	OK	 
REQUEST	10		req_Listar_com_filhos_7	1603219718268	1603219718325	OK	 
REQUEST	7		request_69	1603219718235	1603219718326	OK	 
REQUEST	6		request_69	1603219718241	1603219718325	OK	 
REQUEST	3		request_69	1603219718247	1603219718326	OK	 
REQUEST	4		request_69	1603219718218	1603219718325	OK	 
REQUEST	10		request_69	1603219718274	1603219718326	OK	 
REQUEST	9		req_Listar_com_filhos_7	1603219718241	1603219718335	OK	 
REQUEST	6		req_Listar_com_filhos_7	1603219718235	1603219718335	OK	 
REQUEST	2		req_Listar_com_filhos_7	1603219718235	1603219718335	OK	 
REQUEST	3		req_Listar_com_filhos_7	1603219718235	1603219718335	OK	 
REQUEST	10		request_69	1603219718326	1603219718378	OK	 
REQUEST	10		req_Listar_com_filhos_7	1603219718326	1603219718408	OK	 
REQUEST	8		request_71	1603219720298	1603219720344	OK	 
REQUEST	1		request_71	1603219720308	1603219720355	OK	 
REQUEST	7		request_71	1603219720319	1603219720374	OK	 
REQUEST	9		request_71	1603219720329	1603219720374	OK	 
REQUEST	5		request_71	1603219720319	1603219720374	OK	 
REQUEST	4		request_71	1603219720319	1603219720374	OK	 
REQUEST	8		request_74	1603219720351	1603219720374	OK	 
REQUEST	8		request_73	1603219720351	1603219720375	OK	 
REQUEST	8		ListarCategoriaFilho	1603219720352	1603219720375	OK	 
REQUEST	8		ListarCategoriaPai	1603219720353	1603219720376	OK	 
REQUEST	1		request_73	1603219720363	1603219720381	OK	 
REQUEST	2		request_71	1603219720329	1603219720381	OK	 
REQUEST	1		request_74	1603219720364	1603219720381	OK	 
REQUEST	8		ListarCategoriaElasticSearch	1603219720353	1603219720384	OK	 
REQUEST	6		request_71	1603219720338	1603219720387	OK	 
REQUEST	3		request_71	1603219720338	1603219720387	OK	 
REQUEST	8		req_Listar_com_filhos_9	1603219720354	1603219720390	OK	 
REQUEST	8		request_72	1603219720352	1603219720398	OK	 
REQUEST	1		ListarCategoriaElasticSearch	1603219720367	1603219720400	OK	 
REQUEST	1		ListarCategoriaFilho	1603219720365	1603219720400	OK	 
REQUEST	1		ListarCategoriaPai	1603219720366	1603219720404	OK	 
REQUEST	8		request_99	1603219720376	1603219720404	OK	 
REQUEST	7		request_73	1603219720380	1603219720404	OK	 
REQUEST	4		request_73	1603219720379	1603219720404	OK	 
REQUEST	5		request_73	1603219720381	1603219720405	OK	 
REQUEST	4		request_74	1603219720380	1603219720405	OK	 
REQUEST	9		request_73	1603219720381	1603219720405	OK	 
REQUEST	5		request_74	1603219720381	1603219720405	OK	 
REQUEST	9		request_74	1603219720382	1603219720405	OK	 
REQUEST	5		ListarCategoriaPai	1603219720382	1603219720405	OK	 
REQUEST	8		request_98	1603219720375	1603219720405	OK	 
REQUEST	1		req_Listar_com_filhos_9	1603219720368	1603219720405	OK	 
REQUEST	5		ListarCategoriaFilho	1603219720382	1603219720411	OK	 
REQUEST	1		request_72	1603219720365	1603219720411	OK	 
REQUEST	7		request_74	1603219720381	1603219720411	OK	 
REQUEST	9		ListarCategoriaPai	1603219720382	1603219720411	OK	 
REQUEST	7		ListarCategoriaFilho	1603219720384	1603219720411	OK	 
REQUEST	9		ListarCategoriaElasticSearch	1603219720383	1603219720411	OK	 
REQUEST	7		ListarCategoriaPai	1603219720385	1603219720412	OK	 
REQUEST	9		ListarCategoriaFilho	1603219720382	1603219720412	OK	 
REQUEST	7		ListarCategoriaElasticSearch	1603219720385	1603219720412	OK	 
REQUEST	5		ListarCategoriaElasticSearch	1603219720382	1603219720414	OK	 
REQUEST	5		req_Listar_com_filhos_9	1603219720383	1603219720417	OK	 
REQUEST	9		req_Listar_com_filhos_9	1603219720383	1603219720417	OK	 
REQUEST	5		request_72	1603219720382	1603219720431	OK	 
REQUEST	9		request_72	1603219720382	1603219720431	OK	 
REQUEST	7		request_72	1603219720384	1603219720432	OK	 
REQUEST	4		request_72	1603219720381	1603219720438	OK	 
REQUEST	6		request_72	1603219720392	1603219720438	OK	 
REQUEST	2		request_72	1603219720386	1603219720438	OK	 
REQUEST	4		ListarCategoriaElasticSearch	1603219720386	1603219720438	OK	 
REQUEST	6		request_73	1603219720391	1603219720438	OK	 
REQUEST	6		request_74	1603219720392	1603219720438	OK	 
REQUEST	2		request_74	1603219720385	1603219720439	OK	 
REQUEST	6		ListarCategoriaElasticSearch	1603219720393	1603219720439	OK	 
REQUEST	4		ListarCategoriaPai	1603219720386	1603219720439	OK	 
REQUEST	2		request_73	1603219720385	1603219720439	OK	 
REQUEST	6		ListarCategoriaPai	1603219720393	1603219720439	OK	 
REQUEST	2		ListarCategoriaElasticSearch	1603219720387	1603219720440	OK	 
REQUEST	4		ListarCategoriaFilho	1603219720385	1603219720440	OK	 
REQUEST	7		req_Listar_com_filhos_9	1603219720385	1603219720439	OK	 
REQUEST	3		request_72	1603219720392	1603219720440	OK	 
REQUEST	3		request_74	1603219720392	1603219720440	OK	 
REQUEST	1		request_100	1603219720405	1603219720441	OK	 
REQUEST	4		req_Listar_com_filhos_9	1603219720386	1603219720440	OK	 
REQUEST	3		request_73	1603219720391	1603219720441	OK	 
REQUEST	7		request_99	1603219720412	1603219720441	OK	 
REQUEST	2		ListarCategoriaFilho	1603219720386	1603219720441	OK	 
REQUEST	3		ListarCategoriaFilho	1603219720392	1603219720441	OK	 
REQUEST	8		request_100	1603219720385	1603219720441	OK	 
REQUEST	3		ListarCategoriaElasticSearch	1603219720393	1603219720442	OK	 
REQUEST	8		request_101	1603219720391	1603219720442	OK	 
REQUEST	3		ListarCategoriaPai	1603219720393	1603219720442	OK	 
REQUEST	2		req_Listar_com_filhos_9	1603219720388	1603219720442	OK	 
REQUEST	2		ListarCategoriaPai	1603219720387	1603219720443	OK	 
REQUEST	7		request_100	1603219720412	1603219720444	OK	 
REQUEST	8		request_103	1603219720405	1603219720444	OK	 
REQUEST	6		req_Listar_com_filhos_9	1603219720393	1603219720444	OK	 
REQUEST	3		req_Listar_com_filhos_9	1603219720393	1603219720445	OK	 
REQUEST	6		ListarCategoriaFilho	1603219720392	1603219720446	OK	 
REQUEST	9		request_100	1603219720412	1603219720452	OK	 
REQUEST	8		request_102	1603219720405	1603219720452	OK	 
REQUEST	1		request_98	1603219720400	1603219720459	OK	 
REQUEST	5		request_100	1603219720415	1603219720459	OK	 
REQUEST	9		request_98	1603219720411	1603219720459	OK	 
REQUEST	7		request_98	1603219720411	1603219720459	OK	 
REQUEST	10		request_71	1603219720408	1603219720459	OK	 
REQUEST	9		request_99	1603219720412	1603219720459	OK	 
REQUEST	1		request_99	1603219720401	1603219720459	OK	 
REQUEST	5		request_98	1603219720405	1603219720459	OK	 
REQUEST	9		request_101	1603219720418	1603219720460	OK	 
REQUEST	1		req_Listar_com_filhos_9	1603219720406	1603219720460	OK	 
REQUEST	5		request_99	1603219720411	1603219720460	OK	 
REQUEST	1		request_101	1603219720405	1603219720460	OK	 
REQUEST	1		request_96	1603219720369	1603219720461	OK	 
REQUEST	5		request_101	1603219720418	1603219720461	OK	 
REQUEST	8		request_97	1603219720355	1603219720461	OK	 
REQUEST	8		request_96	1603219720355	1603219720462	OK	 
REQUEST	8		req_Listar_com_filhos_9	1603219720391	1603219720462	OK	 
REQUEST	4		request_98	1603219720438	1603219720465	OK	 
REQUEST	1		request_97	1603219720370	1603219720471	OK	 
REQUEST	5		req_Listar_com_filhos_9	1603219720419	1603219720471	OK	 
REQUEST	9		req_Listar_com_filhos_9	1603219720418	1603219720471	OK	 
REQUEST	6		request_98	1603219720439	1603219720485	OK	 
REQUEST	7		request_101	1603219720440	1603219720485	OK	 
REQUEST	4		request_99	1603219720439	1603219720485	OK	 
REQUEST	1		request_102	1603219720441	1603219720485	OK	 
REQUEST	9		request_97	1603219720384	1603219720485	OK	 
REQUEST	5		request_97	1603219720383	1603219720485	OK	 
REQUEST	8		request_105	1603219720442	1603219720485	OK	 
REQUEST	3		request_98	1603219720441	1603219720485	OK	 
REQUEST	2		request_99	1603219720441	1603219720486	OK	 
REQUEST	8		request_104	1603219720442	1603219720486	OK	 
REQUEST	3		request_100	1603219720442	1603219720486	OK	 
REQUEST	6		request_99	1603219720440	1603219720486	OK	 
REQUEST	7		request_103	1603219720445	1603219720486	OK	 
REQUEST	2		request_98	1603219720440	1603219720486	OK	 
REQUEST	7		request_102	1603219720441	1603219720486	OK	 
REQUEST	4		req_Listar_com_filhos_9	1603219720441	1603219720486	OK	 
REQUEST	9		request_96	1603219720384	1603219720486	OK	 
REQUEST	4		request_100	1603219720440	1603219720507	OK	 
REQUEST	2		request_101	1603219720444	1603219720507	OK	 
REQUEST	4		request_101	1603219720441	1603219720507	OK	 
REQUEST	3		request_99	1603219720442	1603219720513	OK	 
REQUEST	10		request_72	1603219720463	1603219720513	OK	 
REQUEST	5		request_96	1603219720383	1603219720513	OK	 
REQUEST	6		request_100	1603219720445	1603219720513	OK	 
REQUEST	2		req_Listar_com_filhos_9	1603219720443	1603219720513	OK	 
REQUEST	7		req_Listar_com_filhos_9	1603219720440	1603219720513	OK	 
REQUEST	5		request_103	1603219720460	1603219720513	OK	 
REQUEST	2		request_100	1603219720443	1603219720514	OK	 
REQUEST	4		request_97	1603219720387	1603219720536	OK	 
REQUEST	1		request_104	1603219720460	1603219720536	OK	 
REQUEST	5		request_104	1603219720460	1603219720536	OK	 
REQUEST	6		request_96	1603219720394	1603219720536	OK	 
REQUEST	7		request_96	1603219720386	1603219720536	OK	 
REQUEST	9		request_103	1603219720459	1603219720536	OK	 
REQUEST	1		request_105	1603219720461	1603219720536	OK	 
REQUEST	9		request_104	1603219720460	1603219720536	OK	 
REQUEST	2		request_97	1603219720389	1603219720536	OK	 
REQUEST	3		request_101	1603219720445	1603219720536	OK	 
REQUEST	1		request_103	1603219720459	1603219720536	OK	 
REQUEST	7		request_104	1603219720459	1603219720537	OK	 
REQUEST	6		request_101	1603219720446	1603219720537	OK	 
REQUEST	4		request_96	1603219720386	1603219720537	OK	 
REQUEST	10		request_73	1603219720463	1603219720539	OK	 
REQUEST	7		request_97	1603219720386	1603219720555	OK	 
REQUEST	3		request_97	1603219720394	1603219720555	OK	 
REQUEST	9		request_102	1603219720452	1603219720555	OK	 
REQUEST	5		request_102	1603219720459	1603219720555	OK	 
REQUEST	10		ListarCategoriaFilho	1603219720464	1603219720555	OK	 
REQUEST	2		request_96	1603219720389	1603219720556	OK	 
REQUEST	5		request_105	1603219720461	1603219720556	OK	 
REQUEST	9		request_105	1603219720460	1603219720556	OK	 
REQUEST	3		request_96	1603219720394	1603219720556	OK	 
REQUEST	6		request_97	1603219720394	1603219720556	OK	 
REQUEST	4		request_102	1603219720465	1603219720556	OK	 
REQUEST	3		req_Listar_com_filhos_9	1603219720446	1603219720556	OK	 
REQUEST	10		request_74	1603219720463	1603219720556	OK	 
REQUEST	6		req_Listar_com_filhos_9	1603219720445	1603219720556	OK	 
REQUEST	10		ListarCategoriaPai	1603219720464	1603219720556	OK	 
REQUEST	10		req_Listar_com_filhos_9	1603219720465	1603219720556	OK	 
REQUEST	10		ListarCategoriaElasticSearch	1603219720465	1603219720558	OK	 
REQUEST	4		request_103	1603219720486	1603219720603	OK	 
REQUEST	7		request_105	1603219720486	1603219720603	OK	 
REQUEST	3		request_102	1603219720486	1603219720603	OK	 
REQUEST	2		request_102	1603219720486	1603219720603	OK	 
REQUEST	6		request_102	1603219720485	1603219720603	OK	 
REQUEST	3		request_103	1603219720486	1603219720604	OK	 
REQUEST	2		request_103	1603219720486	1603219720604	OK	 
REQUEST	6		request_103	1603219720486	1603219720626	OK	 
REQUEST	4		request_104	1603219720508	1603219720646	OK	 
REQUEST	2		request_104	1603219720507	1603219720646	OK	 
REQUEST	3		request_104	1603219720513	1603219720646	OK	 
REQUEST	6		request_104	1603219720513	1603219720647	OK	 
REQUEST	1		req_Listar_com_filhos_9	1603219720460	1603219720647	OK	 
REQUEST	6		request_105	1603219720536	1603219720647	OK	 
REQUEST	3		request_105	1603219720536	1603219720685	OK	 
REQUEST	2		request_105	1603219720536	1603219720685	OK	 
REQUEST	9		req_Listar_com_filhos_9	1603219720485	1603219720685	OK	 
REQUEST	4		request_105	1603219720536	1603219720685	OK	 
REQUEST	10		request_98	1603219720556	1603219720692	OK	 
REQUEST	5		req_Listar_com_filhos_9	1603219720486	1603219720692	OK	 
REQUEST	10		request_99	1603219720556	1603219720693	OK	 
REQUEST	10		request_101	1603219720558	1603219720694	OK	 
REQUEST	10		request_100	1603219720557	1603219720695	OK	 
REQUEST	4		req_Listar_com_filhos_9	1603219720507	1603219720703	OK	 
REQUEST	10		req_Listar_com_filhos_9	1603219720557	1603219720703	OK	 
REQUEST	10		request_96	1603219720466	1603219720718	OK	 
REQUEST	8		req_Listar_com_filhos_9	1603219720463	1603219720718	OK	 
REQUEST	7		req_Listar_com_filhos_9	1603219720513	1603219720718	OK	 
REQUEST	2		req_Listar_com_filhos_9	1603219720514	1603219720718	OK	 
REQUEST	10		request_97	1603219720466	1603219720718	OK	 
REQUEST	10		request_103	1603219720693	1603219720724	OK	 
REQUEST	3		req_Listar_com_filhos_9	1603219720556	1603219720724	OK	 
REQUEST	10		request_102	1603219720692	1603219720724	OK	 
REQUEST	10		request_105	1603219720695	1603219720732	OK	 
REQUEST	10		request_104	1603219720694	1603219720742	OK	 
REQUEST	6		req_Listar_com_filhos_9	1603219720556	1603219720742	OK	 
REQUEST	10		req_Listar_com_filhos_9	1603219720718	1603219720769	OK	 
REQUEST	1		request_121	1603219725648	1603219725697	OK	 
REQUEST	1		request_122	1603219725700	1603219725726	OK	 
REQUEST	1		request_123	1603219725701	1603219725726	OK	 
REQUEST	1		request_127	1603219725702	1603219725726	OK	 
REQUEST	1		request_126	1603219725702	1603219725727	OK	 
REQUEST	1		request_137	1603219725703	1603219725733	OK	 
REQUEST	1		request_140	1603219725703	1603219725733	OK	 
REQUEST	1		request_136	1603219725703	1603219725733	OK	 
REQUEST	1		req_Listar_com_filhos_10	1603219725702	1603219725733	OK	 
REQUEST	5		request_121	1603219725689	1603219725741	OK	 
REQUEST	9		request_121	1603219725689	1603219725741	OK	 
REQUEST	1		request_141	1603219725726	1603219725752	OK	 
REQUEST	4		request_121	1603219725709	1603219725752	OK	 
REQUEST	5		request_122	1603219725743	1603219725767	OK	 
REQUEST	9		request_123	1603219725744	1603219725767	OK	 
REQUEST	9		request_122	1603219725743	1603219725768	OK	 
REQUEST	5		request_123	1603219725744	1603219725768	OK	 
REQUEST	9		request_126	1603219725744	1603219725768	OK	 
REQUEST	5		request_127	1603219725744	1603219725768	OK	 
REQUEST	5		request_126	1603219725744	1603219725768	OK	 
REQUEST	9		request_127	1603219725744	1603219725769	OK	 
REQUEST	9		request_136	1603219725745	1603219725776	OK	 
REQUEST	5		request_137	1603219725745	1603219725776	OK	 
REQUEST	3		request_121	1603219725728	1603219725776	OK	 
REQUEST	2		request_121	1603219725728	1603219725776	OK	 
REQUEST	8		request_121	1603219725728	1603219725776	OK	 
REQUEST	1		req_Listar_com_filhos_10	1603219725734	1603219725776	OK	 
REQUEST	5		request_136	1603219725745	1603219725777	OK	 
REQUEST	9		request_137	1603219725745	1603219725777	OK	 
REQUEST	9		request_140	1603219725745	1603219725777	OK	 
REQUEST	9		req_Listar_com_filhos_10	1603219725744	1603219725777	OK	 
REQUEST	5		req_Listar_com_filhos_10	1603219725744	1603219725777	OK	 
REQUEST	5		request_140	1603219725745	1603219725778	OK	 
REQUEST	7		request_121	1603219725728	1603219725782	OK	 
REQUEST	4		request_123	1603219725755	1603219725782	OK	 
REQUEST	4		request_122	1603219725755	1603219725782	OK	 
REQUEST	4		request_126	1603219725755	1603219725783	OK	 
REQUEST	4		request_127	1603219725756	1603219725783	OK	 
REQUEST	4		request_137	1603219725756	1603219725783	OK	 
REQUEST	4		request_136	1603219725756	1603219725783	OK	 
REQUEST	6		request_121	1603219725738	1603219725788	OK	 
REQUEST	4		req_Listar_com_filhos_10	1603219725756	1603219725788	OK	 
REQUEST	4		request_140	1603219725756	1603219725789	OK	 
REQUEST	5		request_141	1603219725768	1603219725802	OK	 
REQUEST	9		request_141	1603219725768	1603219725802	OK	 
REQUEST	3		request_122	1603219725778	1603219725802	OK	 
REQUEST	8		request_122	1603219725778	1603219725802	OK	 
REQUEST	2		request_122	1603219725778	1603219725802	OK	 
REQUEST	3		request_123	1603219725778	1603219725802	OK	 
REQUEST	8		request_123	1603219725778	1603219725802	OK	 
REQUEST	2		request_123	1603219725778	1603219725802	OK	 
REQUEST	8		request_127	1603219725778	1603219725810	OK	 
REQUEST	2		request_126	1603219725778	1603219725810	OK	 
REQUEST	3		request_126	1603219725778	1603219725810	OK	 
REQUEST	7		request_122	1603219725784	1603219725810	OK	 
REQUEST	7		request_123	1603219725785	1603219725810	OK	 
REQUEST	3		request_136	1603219725779	1603219725811	OK	 
REQUEST	8		request_126	1603219725778	1603219725811	OK	 
REQUEST	2		request_137	1603219725779	1603219725811	OK	 
REQUEST	3		request_137	1603219725779	1603219725811	OK	 
REQUEST	3		request_140	1603219725779	1603219725812	OK	 
REQUEST	8		req_Listar_com_filhos_10	1603219725779	1603219725811	OK	 
REQUEST	3		request_127	1603219725779	1603219725812	OK	 
REQUEST	8		request_136	1603219725779	1603219725812	OK	 
REQUEST	8		request_140	1603219725779	1603219725813	OK	 
REQUEST	7		request_127	1603219725785	1603219725816	OK	 
REQUEST	2		request_140	1603219725779	1603219725816	OK	 
REQUEST	4		request_141	1603219725783	1603219725816	OK	 
REQUEST	2		request_136	1603219725779	1603219725816	OK	 
REQUEST	8		request_137	1603219725779	1603219725824	OK	 
REQUEST	10		request_121	1603219725768	1603219725824	OK	 
REQUEST	2		request_127	1603219725779	1603219725824	OK	 
REQUEST	6		request_123	1603219725790	1603219725824	OK	 
REQUEST	7		request_126	1603219725785	1603219725824	OK	 
REQUEST	6		request_122	1603219725789	1603219725824	OK	 
REQUEST	7		request_136	1603219725786	1603219725825	OK	 
REQUEST	9		req_Listar_com_filhos_10	1603219725777	1603219725825	OK	 
REQUEST	4		req_Listar_com_filhos_10	1603219725788	1603219725825	OK	 
REQUEST	3		req_Listar_com_filhos_10	1603219725779	1603219725825	OK	 
REQUEST	7		request_140	1603219725786	1603219725825	OK	 
REQUEST	5		req_Listar_com_filhos_10	1603219725777	1603219725825	OK	 
REQUEST	2		req_Listar_com_filhos_10	1603219725779	1603219725824	OK	 
REQUEST	7		req_Listar_com_filhos_10	1603219725785	1603219725826	OK	 
REQUEST	7		request_137	1603219725786	1603219725827	OK	 
REQUEST	6		request_127	1603219725790	1603219725831	OK	 
REQUEST	6		request_137	1603219725790	1603219725831	OK	 
REQUEST	6		request_140	1603219725790	1603219725832	OK	 
REQUEST	6		request_126	1603219725790	1603219725838	OK	 
REQUEST	6		req_Listar_com_filhos_10	1603219725790	1603219725838	OK	 
REQUEST	2		request_141	1603219725810	1603219725851	OK	 
REQUEST	3		request_141	1603219725810	1603219725851	OK	 
REQUEST	6		request_136	1603219725790	1603219725851	OK	 
REQUEST	7		request_141	1603219725816	1603219725851	OK	 
REQUEST	8		request_141	1603219725810	1603219725851	OK	 
REQUEST	10		request_122	1603219725827	1603219725851	OK	 
REQUEST	8		req_Listar_com_filhos_10	1603219725812	1603219725851	OK	 
REQUEST	1		req_Listar_com_filhos_10	1603219725777	1603219725851	OK	 
REQUEST	10		request_126	1603219725828	1603219725856	OK	 
REQUEST	10		request_123	1603219725827	1603219725857	OK	 
REQUEST	10		request_136	1603219725828	1603219725857	OK	 
REQUEST	10		request_127	1603219725828	1603219725869	OK	 
REQUEST	10		request_140	1603219725828	1603219725869	OK	 
REQUEST	10		request_137	1603219725828	1603219725869	OK	 
REQUEST	6		request_141	1603219725831	1603219725876	OK	 
REQUEST	2		req_Listar_com_filhos_10	1603219725825	1603219725876	OK	 
REQUEST	3		req_Listar_com_filhos_10	1603219725825	1603219725876	OK	 
REQUEST	7		req_Listar_com_filhos_10	1603219725826	1603219725876	OK	 
REQUEST	10		req_Listar_com_filhos_10	1603219725828	1603219725876	OK	 
REQUEST	5		req_Listar_com_filhos_10	1603219725825	1603219725930	OK	 
REQUEST	10		request_141	1603219725857	1603219725948	OK	 
REQUEST	6		req_Listar_com_filhos_10	1603219725839	1603219725948	OK	 
REQUEST	10		req_Listar_com_filhos_10	1603219725877	1603219725988	OK	 
REQUEST	9		req_Listar_com_filhos_10	1603219725825	1603219725988	OK	 
REQUEST	2		req_Listar_com_filhos_10	1603219725877	1603219726028	OK	 
REQUEST	4		req_Listar_com_filhos_10	1603219725825	1603219726055	OK	 
REQUEST	8		req_Listar_com_filhos_10	1603219725851	1603219726055	OK	 
REQUEST	7		req_Listar_com_filhos_10	1603219725877	1603219726055	OK	 
REQUEST	3		req_Listar_com_filhos_10	1603219725877	1603219726083	OK	 
REQUEST	6		req_Listar_com_filhos_10	1603219725949	1603219726934	OK	 
REQUEST	10		req_Listar_com_filhos_10	1603219725988	1603219726964	OK	 
REQUEST	1		request_147	1603219730848	1603219730892	OK	 
REQUEST	1		request_149	1603219730894	1603219730918	OK	 
REQUEST	1		request_148	1603219730894	1603219730918	OK	 
REQUEST	1		request_153	1603219730895	1603219730924	OK	 
REQUEST	1		req_Listar_com_filhos_12	1603219730894	1603219730926	OK	 
REQUEST	1		request_153	1603219730925	1603219730963	OK	 
REQUEST	1		req_Listar_com_filhos_12	1603219730926	1603219730964	OK	 
REQUEST	5		request_147	1603219730938	1603219730981	OK	 
REQUEST	5		request_153	1603219730983	1603219731016	OK	 
REQUEST	5		req_Listar_com_filhos_12	1603219730983	1603219731017	OK	 
REQUEST	5		request_148	1603219730982	1603219731019	OK	 
REQUEST	1		request_153	1603219730963	1603219731020	OK	 
REQUEST	5		request_149	1603219730982	1603219731020	OK	 
REQUEST	9		request_147	1603219730988	1603219731038	OK	 
REQUEST	1		req_Listar_com_filhos_12	1603219730964	1603219731039	OK	 
REQUEST	5		req_Listar_com_filhos_12	1603219731018	1603219731058	OK	 
REQUEST	5		request_153	1603219731017	1603219731059	OK	 
REQUEST	9		request_148	1603219731039	1603219731065	OK	 
REQUEST	9		request_149	1603219731040	1603219731065	OK	 
REQUEST	2		request_147	1603219731028	1603219731072	OK	 
REQUEST	9		request_153	1603219731040	1603219731072	OK	 
REQUEST	9		req_Listar_com_filhos_12	1603219731040	1603219731073	OK	 
REQUEST	8		request_147	1603219731048	1603219731095	OK	 
REQUEST	7		request_147	1603219731048	1603219731095	OK	 
REQUEST	2		request_148	1603219731073	1603219731095	OK	 
REQUEST	4		request_147	1603219731048	1603219731095	OK	 
REQUEST	2		request_149	1603219731073	1603219731096	OK	 
REQUEST	2		req_Listar_com_filhos_12	1603219731073	1603219731104	OK	 
REQUEST	5		request_153	1603219731059	1603219731104	OK	 
REQUEST	2		request_153	1603219731073	1603219731104	OK	 
REQUEST	7		request_148	1603219731096	1603219731118	OK	 
REQUEST	9		req_Listar_com_filhos_12	1603219731073	1603219731118	OK	 
REQUEST	9		request_153	1603219731073	1603219731119	OK	 
REQUEST	8		request_148	1603219731096	1603219731125	OK	 
REQUEST	3		request_147	1603219731078	1603219731125	OK	 
REQUEST	4		request_149	1603219731096	1603219731125	OK	 
REQUEST	7		request_149	1603219731096	1603219731125	OK	 
REQUEST	4		request_148	1603219731096	1603219731125	OK	 
REQUEST	8		request_149	1603219731096	1603219731125	OK	 
REQUEST	7		req_Listar_com_filhos_12	1603219731096	1603219731132	OK	 
REQUEST	8		request_153	1603219731096	1603219731132	OK	 
REQUEST	4		req_Listar_com_filhos_12	1603219731096	1603219731132	OK	 
REQUEST	5		req_Listar_com_filhos_12	1603219731058	1603219731133	OK	 
REQUEST	4		request_153	1603219731096	1603219731133	OK	 
REQUEST	8		req_Listar_com_filhos_12	1603219731096	1603219731133	OK	 
REQUEST	7		request_153	1603219731096	1603219731133	OK	 
REQUEST	2		req_Listar_com_filhos_12	1603219731104	1603219731142	OK	 
REQUEST	2		request_153	1603219731104	1603219731143	OK	 
REQUEST	3		request_148	1603219731126	1603219731148	OK	 
REQUEST	3		request_149	1603219731126	1603219731149	OK	 
REQUEST	3		req_Listar_com_filhos_12	1603219731126	1603219731155	OK	 
REQUEST	3		request_153	1603219731126	1603219731162	OK	 
REQUEST	4		req_Listar_com_filhos_12	1603219731133	1603219731168	OK	 
REQUEST	9		request_153	1603219731119	1603219731169	OK	 
REQUEST	8		request_153	1603219731132	1603219731179	OK	 
REQUEST	7		request_153	1603219731133	1603219731179	OK	 
REQUEST	4		request_153	1603219731133	1603219731180	OK	 
REQUEST	8		req_Listar_com_filhos_12	1603219731133	1603219731180	OK	 
REQUEST	7		req_Listar_com_filhos_12	1603219731132	1603219731180	OK	 
REQUEST	2		request_153	1603219731143	1603219731181	OK	 
REQUEST	9		req_Listar_com_filhos_12	1603219731118	1603219731188	OK	 
REQUEST	3		req_Listar_com_filhos_12	1603219731155	1603219731198	OK	 
REQUEST	3		request_153	1603219731163	1603219731206	OK	 
REQUEST	2		req_Listar_com_filhos_12	1603219731142	1603219731213	OK	 
REQUEST	4		request_153	1603219731180	1603219731220	OK	 
REQUEST	4		req_Listar_com_filhos_12	1603219731169	1603219731221	OK	 
REQUEST	8		request_153	1603219731180	1603219731228	OK	 
REQUEST	7		request_153	1603219731180	1603219731237	OK	 
REQUEST	3		request_153	1603219731206	1603219731260	OK	 
REQUEST	3		req_Listar_com_filhos_12	1603219731198	1603219731271	OK	 
REQUEST	7		req_Listar_com_filhos_12	1603219731181	1603219731271	OK	 
REQUEST	8		req_Listar_com_filhos_12	1603219731181	1603219731271	OK	 
REQUEST	6		request_147	1603219731938	1603219731984	OK	 
REQUEST	6		request_148	1603219731986	1603219732009	OK	 
REQUEST	6		request_149	1603219731986	1603219732009	OK	 
REQUEST	6		req_Listar_com_filhos_12	1603219731987	1603219732009	OK	 
REQUEST	6		request_153	1603219731987	1603219732010	OK	 
REQUEST	10		request_147	1603219731968	1603219732016	OK	 
REQUEST	10		request_148	1603219732017	1603219732043	OK	 
REQUEST	10		request_149	1603219732017	1603219732043	OK	 
REQUEST	10		request_153	1603219732018	1603219732043	OK	 
REQUEST	10		req_Listar_com_filhos_12	1603219732018	1603219732043	OK	 
REQUEST	6		req_Listar_com_filhos_12	1603219732010	1603219732056	OK	 
REQUEST	6		request_153	1603219732011	1603219732057	OK	 
REQUEST	10		req_Listar_com_filhos_12	1603219732044	1603219732074	OK	 
REQUEST	10		request_153	1603219732043	1603219732083	OK	 
REQUEST	6		request_153	1603219732057	1603219732103	OK	 
REQUEST	6		req_Listar_com_filhos_12	1603219732056	1603219732122	OK	 
REQUEST	10		request_153	1603219732083	1603219732123	OK	 
REQUEST	10		req_Listar_com_filhos_12	1603219732075	1603219732148	OK	 
REQUEST	1		request_155	1603219734048	1603219734096	OK	 
REQUEST	1		request_156	1603219734097	1603219734123	OK	 
REQUEST	1		request_157	1603219734098	1603219734123	OK	 
REQUEST	1		ListarCategoriaElasticSearch	1603219734098	1603219734124	OK	 
REQUEST	1		req_Listar_com_filhos_14	1603219734098	1603219734131	OK	 
REQUEST	5		request_155	1603219734128	1603219734177	OK	 
REQUEST	1		req_Listar_com_filhos_14	1603219734132	1603219734177	OK	 
REQUEST	5		request_157	1603219734178	1603219734204	OK	 
REQUEST	5		request_156	1603219734178	1603219734204	OK	 
REQUEST	5		ListarCategoriaElasticSearch	1603219734178	1603219734204	OK	 
REQUEST	5		req_Listar_com_filhos_14	1603219734179	1603219734204	OK	 
REQUEST	9		request_155	1603219734188	1603219734228	OK	 
REQUEST	1		req_Listar_com_filhos_14	1603219734177	1603219734241	OK	 
REQUEST	5		req_Listar_com_filhos_14	1603219734205	1603219734240	OK	 
REQUEST	9		request_156	1603219734229	1603219734254	OK	 
REQUEST	9		request_157	1603219734229	1603219734254	OK	 
REQUEST	9		ListarCategoriaElasticSearch	1603219734229	1603219734255	OK	 
REQUEST	2		request_155	1603219734208	1603219734260	OK	 
REQUEST	9		req_Listar_com_filhos_14	1603219734230	1603219734260	OK	 
REQUEST	4		request_155	1603219734228	1603219734279	OK	 
REQUEST	2		request_157	1603219734261	1603219734286	OK	 
REQUEST	2		ListarCategoriaElasticSearch	1603219734261	1603219734287	OK	 
REQUEST	2		req_Listar_com_filhos_14	1603219734261	1603219734287	OK	 
REQUEST	2		request_156	1603219734261	1603219734288	OK	 
REQUEST	9		req_Listar_com_filhos_14	1603219734260	1603219734301	OK	 
REQUEST	4		request_157	1603219734281	1603219734307	OK	 
REQUEST	4		request_156	1603219734281	1603219734307	OK	 
REQUEST	5		req_Listar_com_filhos_14	1603219734241	1603219734307	OK	 
REQUEST	4		ListarCategoriaElasticSearch	1603219734281	1603219734307	OK	 
REQUEST	4		req_Listar_com_filhos_14	1603219734281	1603219734316	OK	 
REQUEST	8		request_155	1603219734278	1603219734325	OK	 
REQUEST	3		request_155	1603219734278	1603219734325	OK	 
REQUEST	2		req_Listar_com_filhos_14	1603219734287	1603219734325	OK	 
REQUEST	7		request_155	1603219734278	1603219734333	OK	 
REQUEST	3		request_156	1603219734326	1603219734353	OK	 
REQUEST	8		request_157	1603219734326	1603219734353	OK	 
REQUEST	3		request_157	1603219734326	1603219734354	OK	 
REQUEST	8		request_156	1603219734326	1603219734354	OK	 
REQUEST	3		ListarCategoriaElasticSearch	1603219734326	1603219734354	OK	 
REQUEST	8		ListarCategoriaElasticSearch	1603219734326	1603219734354	OK	 
REQUEST	7		request_156	1603219734334	1603219734360	OK	 
REQUEST	4		req_Listar_com_filhos_14	1603219734316	1603219734360	OK	 
REQUEST	7		request_157	1603219734335	1603219734361	OK	 
REQUEST	7		ListarCategoriaElasticSearch	1603219734335	1603219734361	OK	 
REQUEST	9		req_Listar_com_filhos_14	1603219734301	1603219734367	OK	 
REQUEST	3		req_Listar_com_filhos_14	1603219734326	1603219734367	OK	 
REQUEST	7		req_Listar_com_filhos_14	1603219734335	1603219734367	OK	 
REQUEST	8		req_Listar_com_filhos_14	1603219734326	1603219734368	OK	 
REQUEST	2		req_Listar_com_filhos_14	1603219734325	1603219734392	OK	 
REQUEST	8		req_Listar_com_filhos_14	1603219734368	1603219734423	OK	 
REQUEST	7		req_Listar_com_filhos_14	1603219734368	1603219734423	OK	 
REQUEST	3		req_Listar_com_filhos_14	1603219734368	1603219734423	OK	 
REQUEST	4		req_Listar_com_filhos_14	1603219734360	1603219734423	OK	 
REQUEST	3		req_Listar_com_filhos_14	1603219734423	1603219734466	OK	 
REQUEST	7		req_Listar_com_filhos_14	1603219734423	1603219734490	OK	 
REQUEST	8		req_Listar_com_filhos_14	1603219734423	1603219734496	OK	 
REQUEST	6		request_155	1603219735128	1603219735174	OK	 
REQUEST	10		request_155	1603219735148	1603219735195	OK	 
REQUEST	6		request_156	1603219735175	1603219735205	OK	 
REQUEST	6		request_157	1603219735175	1603219735205	OK	 
REQUEST	6		ListarCategoriaElasticSearch	1603219735175	1603219735205	OK	 
REQUEST	6		req_Listar_com_filhos_14	1603219735176	1603219735212	OK	 
REQUEST	10		request_157	1603219735196	1603219735224	OK	 
REQUEST	10		ListarCategoriaElasticSearch	1603219735196	1603219735224	OK	 
REQUEST	10		request_156	1603219735196	1603219735224	OK	 
REQUEST	10		req_Listar_com_filhos_14	1603219735196	1603219735230	OK	 
REQUEST	6		req_Listar_com_filhos_14	1603219735213	1603219735246	OK	 
REQUEST	10		req_Listar_com_filhos_14	1603219735230	1603219735267	OK	 
REQUEST	6		req_Listar_com_filhos_14	1603219735246	1603219735307	OK	 
REQUEST	10		req_Listar_com_filhos_14	1603219735267	1603219735314	OK	 
REQUEST	1		request_167	1603219737238	1603219737282	OK	 
REQUEST	1		request_168	1603219737284	1603219737311	OK	 
REQUEST	1		request_169	1603219737285	1603219737311	OK	 
REQUEST	1		request_184	1603219737287	1603219737311	OK	 
REQUEST	1		request_183	1603219737286	1603219737312	OK	 
REQUEST	1		request_172	1603219737285	1603219737312	OK	 
REQUEST	1		request_174	1603219737286	1603219737317	OK	 
REQUEST	1		request_182	1603219737286	1603219737317	OK	 
REQUEST	1		req_Listar_com_filhos_15	1603219737285	1603219737317	OK	 
REQUEST	1		request_185	1603219737311	1603219737338	OK	 
REQUEST	5		request_167	1603219737298	1603219737344	OK	 
REQUEST	1		req_Listar_com_filhos_15	1603219737318	1603219737366	OK	 
REQUEST	5		request_169	1603219737346	1603219737373	OK	 
REQUEST	5		request_168	1603219737345	1603219737373	OK	 
REQUEST	5		request_172	1603219737346	1603219737373	OK	 
REQUEST	5		request_183	1603219737347	1603219737374	OK	 
REQUEST	5		request_182	1603219737347	1603219737374	OK	 
REQUEST	5		request_174	1603219737346	1603219737374	OK	 
REQUEST	5		req_Listar_com_filhos_15	1603219737346	1603219737374	OK	 
REQUEST	5		request_184	1603219737347	1603219737375	OK	 
REQUEST	5		request_185	1603219737373	1603219737395	OK	 
REQUEST	9		request_167	1603219737368	1603219737423	OK	 
REQUEST	5		req_Listar_com_filhos_15	1603219737375	1603219737432	OK	 
REQUEST	1		req_Listar_com_filhos_15	1603219737366	1603219737432	OK	 
REQUEST	2		request_167	1603219737388	1603219737441	OK	 
REQUEST	9		request_168	1603219737424	1603219737448	OK	 
REQUEST	9		request_169	1603219737425	1603219737448	OK	 
REQUEST	9		request_172	1603219737425	1603219737449	OK	 
REQUEST	9		request_174	1603219737425	1603219737456	OK	 
REQUEST	9		request_183	1603219737426	1603219737456	OK	 
REQUEST	9		request_182	1603219737425	1603219737456	OK	 
REQUEST	9		request_184	1603219737426	1603219737457	OK	 
REQUEST	9		req_Listar_com_filhos_15	1603219737425	1603219737457	OK	 
REQUEST	4		request_167	1603219737418	1603219737467	OK	 
REQUEST	2		request_168	1603219737443	1603219737467	OK	 
REQUEST	2		request_169	1603219737443	1603219737468	OK	 
REQUEST	2		request_172	1603219737443	1603219737468	OK	 
REQUEST	2		request_182	1603219737444	1603219737474	OK	 
REQUEST	9		request_185	1603219737449	1603219737474	OK	 
REQUEST	2		request_184	1603219737444	1603219737474	OK	 
REQUEST	2		req_Listar_com_filhos_15	1603219737443	1603219737474	OK	 
REQUEST	2		request_174	1603219737443	1603219737475	OK	 
REQUEST	2		request_183	1603219737444	1603219737476	OK	 
REQUEST	2		request_185	1603219737468	1603219737494	OK	 
REQUEST	4		request_169	1603219737470	1603219737494	OK	 
REQUEST	9		req_Listar_com_filhos_15	1603219737457	1603219737494	OK	 
REQUEST	4		request_168	1603219737469	1603219737494	OK	 
REQUEST	4		request_172	1603219737470	1603219737494	OK	 
REQUEST	4		request_183	1603219737471	1603219737495	OK	 
REQUEST	4		request_182	1603219737470	1603219737495	OK	 
REQUEST	4		request_174	1603219737470	1603219737495	OK	 
REQUEST	4		req_Listar_com_filhos_15	1603219737470	1603219737500	OK	 
REQUEST	5		req_Listar_com_filhos_15	1603219737432	1603219737500	OK	 
REQUEST	4		request_184	1603219737471	1603219737501	OK	 
REQUEST	3		request_167	1603219737458	1603219737507	OK	 
REQUEST	2		req_Listar_com_filhos_15	1603219737475	1603219737507	OK	 
REQUEST	4		request_185	1603219737494	1603219737517	OK	 
REQUEST	7		request_167	1603219737488	1603219737536	OK	 
REQUEST	3		request_169	1603219737510	1603219737537	OK	 
REQUEST	3		request_168	1603219737509	1603219737537	OK	 
REQUEST	3		request_172	1603219737510	1603219737537	OK	 
REQUEST	3		request_182	1603219737511	1603219737538	OK	 
REQUEST	9		req_Listar_com_filhos_15	1603219737494	1603219737539	OK	 
REQUEST	3		request_184	1603219737511	1603219737545	OK	 
REQUEST	8		request_167	1603219737488	1603219737545	OK	 
REQUEST	3		request_183	1603219737511	1603219737545	OK	 
REQUEST	4		req_Listar_com_filhos_15	1603219737500	1603219737545	OK	 
REQUEST	3		request_174	1603219737510	1603219737546	OK	 
REQUEST	3		req_Listar_com_filhos_15	1603219737510	1603219737546	OK	 
REQUEST	3		request_185	1603219737538	1603219737566	OK	 
REQUEST	7		request_168	1603219737539	1603219737566	OK	 
REQUEST	7		request_169	1603219737539	1603219737566	OK	 
REQUEST	7		request_183	1603219737540	1603219737566	OK	 
REQUEST	7		request_172	1603219737539	1603219737567	OK	 
REQUEST	7		request_182	1603219737540	1603219737567	OK	 
REQUEST	7		request_174	1603219737540	1603219737567	OK	 
REQUEST	8		request_168	1603219737547	1603219737571	OK	 
REQUEST	2		req_Listar_com_filhos_15	1603219737508	1603219737572	OK	 
REQUEST	8		request_169	1603219737548	1603219737572	OK	 
REQUEST	7		req_Listar_com_filhos_15	1603219737539	1603219737571	OK	 
REQUEST	7		request_184	1603219737540	1603219737573	OK	 
REQUEST	8		request_184	1603219737549	1603219737578	OK	 
REQUEST	8		request_174	1603219737548	1603219737578	OK	 
REQUEST	8		request_183	1603219737549	1603219737579	OK	 
REQUEST	8		request_182	1603219737548	1603219737579	OK	 
REQUEST	8		request_172	1603219737548	1603219737579	OK	 
REQUEST	8		req_Listar_com_filhos_15	1603219737548	1603219737579	OK	 
REQUEST	3		req_Listar_com_filhos_15	1603219737547	1603219737586	OK	 
REQUEST	4		req_Listar_com_filhos_15	1603219737546	1603219737588	OK	 
REQUEST	7		request_185	1603219737566	1603219737594	OK	 
REQUEST	8		request_185	1603219737578	1603219737603	OK	 
REQUEST	7		req_Listar_com_filhos_15	1603219737572	1603219737613	OK	 
REQUEST	8		req_Listar_com_filhos_15	1603219737580	1603219737624	OK	 
REQUEST	3		req_Listar_com_filhos_15	1603219737586	1603219737657	OK	 
REQUEST	7		req_Listar_com_filhos_15	1603219737614	1603219737683	OK	 
REQUEST	8		req_Listar_com_filhos_15	1603219737624	1603219737690	OK	 
REQUEST	6		request_167	1603219738298	1603219738348	OK	 
REQUEST	10		request_167	1603219738308	1603219738363	OK	 
REQUEST	6		request_169	1603219738350	1603219738371	OK	 
REQUEST	6		request_168	1603219738350	1603219738371	OK	 
REQUEST	6		request_172	1603219738350	1603219738371	OK	 
REQUEST	6		req_Listar_com_filhos_15	1603219738350	1603219738377	OK	 
REQUEST	6		request_174	1603219738350	1603219738378	OK	 
REQUEST	6		request_183	1603219738351	1603219738389	OK	 
REQUEST	6		request_182	1603219738351	1603219738389	OK	 
REQUEST	10		request_169	1603219738364	1603219738389	OK	 
REQUEST	6		request_184	1603219738351	1603219738389	OK	 
REQUEST	10		request_168	1603219738364	1603219738395	OK	 
REQUEST	10		request_172	1603219738365	1603219738402	OK	 
REQUEST	6		request_185	1603219738371	1603219738402	OK	 
REQUEST	10		request_182	1603219738365	1603219738403	OK	 
REQUEST	10		request_183	1603219738365	1603219738403	OK	 
REQUEST	10		request_184	1603219738365	1603219738403	OK	 
REQUEST	10		request_174	1603219738365	1603219738403	OK	 
REQUEST	10		req_Listar_com_filhos_15	1603219738365	1603219738404	OK	 
REQUEST	6		req_Listar_com_filhos_15	1603219738378	1603219738422	OK	 
REQUEST	10		request_185	1603219738402	1603219738432	OK	 
REQUEST	10		req_Listar_com_filhos_15	1603219738404	1603219738441	OK	 
REQUEST	6		req_Listar_com_filhos_15	1603219738422	1603219738488	OK	 
REQUEST	10		req_Listar_com_filhos_15	1603219738441	1603219738506	OK	 
REQUEST	1		request_192	1603219740428	1603219740450	OK	 
REQUEST	1		request_193	1603219740451	1603219740477	OK	 
REQUEST	1		request_194	1603219740451	1603219740478	OK	 
REQUEST	1		req_Listar_com_filhos_15	1603219740452	1603219740485	OK	 
REQUEST	1		request_198	1603219740452	1603219740486	OK	 
REQUEST	1		req_Listar_com_filhos_15	1603219740485	1603219740522	OK	 
REQUEST	1		request_198	1603219740487	1603219740523	OK	 
REQUEST	5		request_192	1603219740508	1603219740532	OK	 
REQUEST	1		request_195	1603219740451	1603219740549	OK	 
REQUEST	5		request_193	1603219740533	1603219740558	OK	 
REQUEST	5		request_194	1603219740534	1603219740565	OK	 
REQUEST	5		request_198	1603219740535	1603219740565	OK	 
REQUEST	5		req_Listar_com_filhos_15	1603219740535	1603219740566	OK	 
REQUEST	9		request_192	1603219740548	1603219740572	OK	 
REQUEST	1		request_198	1603219740523	1603219740573	OK	 
REQUEST	1		req_Listar_com_filhos_15	1603219740523	1603219740580	OK	 
REQUEST	9		request_193	1603219740573	1603219740597	OK	 
REQUEST	5		request_198	1603219740566	1603219740597	OK	 
REQUEST	9		request_194	1603219740574	1603219740598	OK	 
REQUEST	2		request_192	1603219740578	1603219740603	OK	 
REQUEST	5		req_Listar_com_filhos_15	1603219740566	1603219740604	OK	 
REQUEST	9		request_198	1603219740574	1603219740603	OK	 
REQUEST	9		req_Listar_com_filhos_15	1603219740574	1603219740604	OK	 
REQUEST	4		request_192	1603219740598	1603219740622	OK	 
REQUEST	5		request_195	1603219740534	1603219740630	OK	 
REQUEST	2		request_193	1603219740605	1603219740630	OK	 
REQUEST	2		request_194	1603219740605	1603219740630	OK	 
REQUEST	2		req_Listar_com_filhos_15	1603219740605	1603219740637	OK	 
REQUEST	5		request_198	1603219740598	1603219740638	OK	 
REQUEST	2		request_198	1603219740605	1603219740638	OK	 
REQUEST	9		req_Listar_com_filhos_15	1603219740605	1603219740643	OK	 
REQUEST	9		request_198	1603219740604	1603219740644	OK	 
REQUEST	4		request_193	1603219740623	1603219740650	OK	 
REQUEST	4		request_194	1603219740624	1603219740651	OK	 
REQUEST	4		req_Listar_com_filhos_15	1603219740624	1603219740659	OK	 
REQUEST	4		request_198	1603219740624	1603219740660	OK	 
REQUEST	9		request_195	1603219740574	1603219740668	OK	 
REQUEST	5		req_Listar_com_filhos_15	1603219740604	1603219740669	OK	 
REQUEST	2		req_Listar_com_filhos_15	1603219740638	1603219740676	OK	 
REQUEST	2		request_198	1603219740639	1603219740676	OK	 
REQUEST	3		request_192	1603219740659	1603219740685	OK	 
REQUEST	4		req_Listar_com_filhos_15	1603219740659	1603219740693	OK	 
REQUEST	9		request_198	1603219740644	1603219740695	OK	 
REQUEST	2		request_195	1603219740605	1603219740700	OK	 
REQUEST	4		request_198	1603219740660	1603219740700	OK	 
REQUEST	7		request_192	1603219740678	1603219740700	OK	 
REQUEST	4		request_195	1603219740624	1603219740714	OK	 
REQUEST	3		request_193	1603219740686	1603219740714	OK	 
REQUEST	9		req_Listar_com_filhos_15	1603219740644	1603219740714	OK	 
REQUEST	3		request_194	1603219740686	1603219740714	OK	 
REQUEST	3		request_198	1603219740687	1603219740715	OK	 
REQUEST	2		request_198	1603219740677	1603219740715	OK	 
REQUEST	3		req_Listar_com_filhos_15	1603219740687	1603219740720	OK	 
REQUEST	8		request_192	1603219740698	1603219740727	OK	 
REQUEST	7		request_193	1603219740701	1603219740727	OK	 
REQUEST	7		request_194	1603219740702	1603219740727	OK	 
REQUEST	7		req_Listar_com_filhos_15	1603219740702	1603219740727	OK	 
REQUEST	7		request_198	1603219740702	1603219740736	OK	 
REQUEST	4		request_198	1603219740700	1603219740737	OK	 
REQUEST	2		req_Listar_com_filhos_15	1603219740676	1603219740744	OK	 
REQUEST	8		request_193	1603219740727	1603219740752	OK	 
REQUEST	8		request_194	1603219740728	1603219740752	OK	 
REQUEST	3		request_198	1603219740715	1603219740759	OK	 
REQUEST	7		req_Listar_com_filhos_15	1603219740728	1603219740759	OK	 
REQUEST	8		req_Listar_com_filhos_15	1603219740728	1603219740759	OK	 
REQUEST	4		req_Listar_com_filhos_15	1603219740693	1603219740760	OK	 
REQUEST	8		request_198	1603219740728	1603219740760	OK	 
REQUEST	3		req_Listar_com_filhos_15	1603219740721	1603219740769	OK	 
REQUEST	7		request_198	1603219740737	1603219740775	OK	 
REQUEST	3		request_195	1603219740687	1603219740782	OK	 
REQUEST	7		request_195	1603219740702	1603219740800	OK	 
REQUEST	8		req_Listar_com_filhos_15	1603219740760	1603219740800	OK	 
REQUEST	8		request_198	1603219740761	1603219740802	OK	 
REQUEST	3		request_198	1603219740760	1603219740802	OK	 
REQUEST	7		request_198	1603219740776	1603219740814	OK	 
REQUEST	8		request_195	1603219740728	1603219740826	OK	 
REQUEST	3		req_Listar_com_filhos_15	1603219740769	1603219740827	OK	 
REQUEST	7		req_Listar_com_filhos_15	1603219740760	1603219740827	OK	 
REQUEST	8		request_198	1603219740802	1603219740848	OK	 
REQUEST	8		req_Listar_com_filhos_15	1603219740801	1603219740866	OK	 
REQUEST	6		request_192	1603219741488	1603219741511	OK	 
REQUEST	10		request_192	1603219741508	1603219741527	OK	 
REQUEST	6		request_193	1603219741512	1603219741542	OK	 
REQUEST	6		request_194	1603219741512	1603219741543	OK	 
REQUEST	6		request_198	1603219741513	1603219741552	OK	 
REQUEST	6		req_Listar_com_filhos_15	1603219741513	1603219741553	OK	 
REQUEST	10		request_194	1603219741529	1603219741559	OK	 
REQUEST	10		request_193	1603219741529	1603219741560	OK	 
REQUEST	10		req_Listar_com_filhos_15	1603219741530	1603219741560	OK	 
REQUEST	10		request_198	1603219741530	1603219741561	OK	 
REQUEST	6		request_198	1603219741552	1603219741596	OK	 
REQUEST	10		req_Listar_com_filhos_15	1603219741561	1603219741596	OK	 
REQUEST	10		request_198	1603219741561	1603219741597	OK	 
REQUEST	6		req_Listar_com_filhos_15	1603219741553	1603219741597	OK	 
REQUEST	6		request_195	1603219741513	1603219741613	OK	 
REQUEST	10		request_195	1603219741529	1603219741628	OK	 
REQUEST	10		request_198	1603219741597	1603219741642	OK	 
REQUEST	6		request_198	1603219741596	1603219741648	OK	 
REQUEST	10		req_Listar_com_filhos_15	1603219741596	1603219741662	OK	 
REQUEST	6		req_Listar_com_filhos_15	1603219741597	1603219741662	OK	 
REQUEST	1		request_201	1603219744588	1603219744633	OK	 
REQUEST	1		request_203	1603219744635	1603219744661	OK	 
REQUEST	1		request_202	1603219744635	1603219744661	OK	 
REQUEST	1		ListarCategoriaPai	1603219744636	1603219744662	OK	 
REQUEST	1		request_215	1603219744636	1603219744662	OK	 
REQUEST	1		ListarCategoriaElasticSearch	1603219744636	1603219744662	OK	 
REQUEST	1		ListarCategoriaFilho	1603219744635	1603219744662	OK	 
REQUEST	1		req_Listar_com_filhos_16	1603219744635	1603219744670	OK	 
REQUEST	1		req_Listar_com_filhos_16	1603219744671	1603219744709	OK	 
REQUEST	5		request_201	1603219744677	1603219744725	OK	 
REQUEST	9		request_201	1603219744708	1603219744754	OK	 
REQUEST	5		request_202	1603219744726	1603219744754	OK	 
REQUEST	5		request_203	1603219744727	1603219744755	OK	 
REQUEST	5		ListarCategoriaPai	1603219744727	1603219744755	OK	 
REQUEST	5		ListarCategoriaFilho	1603219744727	1603219744755	OK	 
REQUEST	5		request_215	1603219744728	1603219744755	OK	 
REQUEST	5		ListarCategoriaElasticSearch	1603219744727	1603219744756	OK	 
REQUEST	5		req_Listar_com_filhos_16	1603219744727	1603219744760	OK	 
REQUEST	2		request_201	1603219744738	1603219744781	OK	 
REQUEST	9		request_202	1603219744756	1603219744781	OK	 
REQUEST	9		request_203	1603219744756	1603219744782	OK	 
REQUEST	9		ListarCategoriaElasticSearch	1603219744757	1603219744782	OK	 
REQUEST	1		req_Listar_com_filhos_16	1603219744709	1603219744782	OK	 
REQUEST	9		ListarCategoriaFilho	1603219744756	1603219744782	OK	 
REQUEST	9		ListarCategoriaPai	1603219744757	1603219744783	OK	 
REQUEST	9		request_215	1603219744757	1603219744783	OK	 
REQUEST	9		req_Listar_com_filhos_16	1603219744756	1603219744789	OK	 
REQUEST	4		request_201	1603219744758	1603219744802	OK	 
REQUEST	5		req_Listar_com_filhos_16	1603219744760	1603219744802	OK	 
REQUEST	2		request_215	1603219744785	1603219744813	OK	 
REQUEST	2		ListarCategoriaFilho	1603219744784	1603219744813	OK	 
REQUEST	2		ListarCategoriaElasticSearch	1603219744785	1603219744813	OK	 
REQUEST	2		request_203	1603219744783	1603219744813	OK	 
REQUEST	2		req_Listar_com_filhos_16	1603219744784	1603219744814	OK	 
REQUEST	2		ListarCategoriaPai	1603219744784	1603219744818	OK	 
REQUEST	2		request_202	1603219744783	1603219744819	OK	 
REQUEST	4		request_203	1603219744804	1603219744830	OK	 
REQUEST	9		req_Listar_com_filhos_16	1603219744790	1603219744830	OK	 
REQUEST	4		request_202	1603219744804	1603219744830	OK	 
REQUEST	4		ListarCategoriaFilho	1603219744804	1603219744830	OK	 
REQUEST	4		ListarCategoriaPai	1603219744804	1603219744836	OK	 
REQUEST	4		req_Listar_com_filhos_16	1603219744804	1603219744837	OK	 
REQUEST	4		request_215	1603219744805	1603219744838	OK	 
REQUEST	4		ListarCategoriaElasticSearch	1603219744805	1603219744838	OK	 
REQUEST	2		req_Listar_com_filhos_16	1603219744814	1603219744846	OK	 
REQUEST	5		req_Listar_com_filhos_16	1603219744803	1603219744872	OK	 
REQUEST	7		request_201	1603219744828	1603219744885	OK	 
REQUEST	3		request_201	1603219744828	1603219744885	OK	 
REQUEST	4		req_Listar_com_filhos_16	1603219744837	1603219744885	OK	 
REQUEST	8		request_201	1603219744858	1603219744906	OK	 
REQUEST	9		req_Listar_com_filhos_16	1603219744830	1603219744906	OK	 
REQUEST	3		request_202	1603219744887	1603219744912	OK	 
REQUEST	7		request_202	1603219744887	1603219744912	OK	 
REQUEST	3		request_203	1603219744887	1603219744913	OK	 
REQUEST	2		req_Listar_com_filhos_16	1603219744846	1603219744914	OK	 
REQUEST	3		ListarCategoriaPai	1603219744888	1603219744920	OK	 
REQUEST	7		request_203	1603219744887	1603219744920	OK	 
REQUEST	3		ListarCategoriaFilho	1603219744888	1603219744920	OK	 
REQUEST	7		ListarCategoriaPai	1603219744888	1603219744920	OK	 
REQUEST	3		ListarCategoriaElasticSearch	1603219744888	1603219744920	OK	 
REQUEST	7		request_215	1603219744889	1603219744920	OK	 
REQUEST	7		ListarCategoriaFilho	1603219744888	1603219744921	OK	 
REQUEST	3		req_Listar_com_filhos_16	1603219744888	1603219744921	OK	 
REQUEST	7		req_Listar_com_filhos_16	1603219744888	1603219744921	OK	 
REQUEST	3		request_215	1603219744889	1603219744922	OK	 
REQUEST	7		ListarCategoriaElasticSearch	1603219744889	1603219744922	OK	 
REQUEST	8		request_202	1603219744907	1603219744932	OK	 
REQUEST	8		request_203	1603219744908	1603219744932	OK	 
REQUEST	8		ListarCategoriaFilho	1603219744908	1603219744932	OK	 
REQUEST	8		req_Listar_com_filhos_16	1603219744908	1603219744932	OK	 
REQUEST	8		ListarCategoriaPai	1603219744908	1603219744940	OK	 
REQUEST	8		request_215	1603219744909	1603219744940	OK	 
REQUEST	8		ListarCategoriaElasticSearch	1603219744908	1603219744940	OK	 
REQUEST	7		req_Listar_com_filhos_16	1603219744921	1603219744955	OK	 
REQUEST	4		req_Listar_com_filhos_16	1603219744885	1603219744955	OK	 
REQUEST	3		req_Listar_com_filhos_16	1603219744921	1603219744967	OK	 
REQUEST	8		req_Listar_com_filhos_16	1603219744933	1603219744967	OK	 
REQUEST	3		req_Listar_com_filhos_16	1603219744967	1603219745012	OK	 
REQUEST	7		req_Listar_com_filhos_16	1603219744955	1603219745034	OK	 
REQUEST	8		req_Listar_com_filhos_16	1603219744967	1603219745034	OK	 
REQUEST	10		request_201	1603219745668	1603219745711	OK	 
REQUEST	6		request_201	1603219745668	1603219745720	OK	 
REQUEST	10		request_202	1603219745713	1603219745738	OK	 
REQUEST	10		request_203	1603219745713	1603219745738	OK	 
REQUEST	10		ListarCategoriaFilho	1603219745714	1603219745739	OK	 
REQUEST	10		ListarCategoriaPai	1603219745714	1603219745739	OK	 
REQUEST	10		ListarCategoriaElasticSearch	1603219745714	1603219745739	OK	 
REQUEST	6		request_202	1603219745722	1603219745745	OK	 
REQUEST	10		req_Listar_com_filhos_16	1603219745713	1603219745745	OK	 
REQUEST	6		request_203	1603219745722	1603219745745	OK	 
REQUEST	6		ListarCategoriaFilho	1603219745723	1603219745746	OK	 
REQUEST	10		request_215	1603219745714	1603219745746	OK	 
REQUEST	6		ListarCategoriaPai	1603219745723	1603219745746	OK	 
REQUEST	6		req_Listar_com_filhos_16	1603219745722	1603219745751	OK	 
REQUEST	6		ListarCategoriaElasticSearch	1603219745723	1603219745759	OK	 
REQUEST	6		request_215	1603219745723	1603219745759	OK	 
REQUEST	10		req_Listar_com_filhos_16	1603219745745	1603219745791	OK	 
REQUEST	6		req_Listar_com_filhos_16	1603219745751	1603219745804	OK	 
REQUEST	1		request_217	1603219745778	1603219745826	OK	 
REQUEST	1		request_218	1603219745829	1603219745850	OK	 
REQUEST	10		req_Listar_com_filhos_16	1603219745792	1603219745851	OK	 
REQUEST	1		request_219	1603219745829	1603219745856	OK	 
REQUEST	1		request_234	1603219745831	1603219745863	OK	 
REQUEST	1		request_222	1603219745830	1603219745863	OK	 
REQUEST	1		request_233	1603219745830	1603219745864	OK	 
REQUEST	6		req_Listar_com_filhos_16	1603219745804	1603219745864	OK	 
REQUEST	1		request_223	1603219745830	1603219745864	OK	 
REQUEST	1		request_235	1603219745831	1603219745864	OK	 
REQUEST	1		req_Listar_com_filhos_17	1603219745830	1603219745864	OK	 
REQUEST	1		request_236	1603219745863	1603219745886	OK	 
REQUEST	1		req_Listar_com_filhos_17	1603219745864	1603219745904	OK	 
REQUEST	5		request_217	1603219745868	1603219745919	OK	 
REQUEST	9		request_217	1603219745898	1603219745940	OK	 
REQUEST	5		request_219	1603219745920	1603219745947	OK	 
REQUEST	5		request_218	1603219745920	1603219745947	OK	 
REQUEST	5		request_234	1603219745921	1603219745948	OK	 
REQUEST	5		request_222	1603219745920	1603219745948	OK	 
REQUEST	5		request_223	1603219745920	1603219745953	OK	 
REQUEST	5		request_233	1603219745921	1603219745954	OK	 
REQUEST	5		request_235	1603219745921	1603219745954	OK	 
REQUEST	5		req_Listar_com_filhos_17	1603219745921	1603219745954	OK	 
REQUEST	2		request_217	1603219745918	1603219745967	OK	 
REQUEST	9		request_219	1603219745942	1603219745968	OK	 
REQUEST	9		request_218	1603219745941	1603219745968	OK	 
REQUEST	9		request_222	1603219745942	1603219745968	OK	 
REQUEST	9		request_223	1603219745942	1603219745969	OK	 
REQUEST	9		request_234	1603219745942	1603219745969	OK	 
REQUEST	9		request_233	1603219745942	1603219745969	OK	 
REQUEST	5		request_236	1603219745948	1603219745975	OK	 
REQUEST	9		req_Listar_com_filhos_17	1603219745942	1603219745975	OK	 
REQUEST	9		request_235	1603219745942	1603219745976	OK	 
REQUEST	1		req_Listar_com_filhos_17	1603219745905	1603219745985	OK	 
REQUEST	9		request_236	1603219745968	1603219745992	OK	 
REQUEST	2		request_219	1603219745969	1603219745992	OK	 
REQUEST	5		req_Listar_com_filhos_17	1603219745955	1603219745992	OK	 
REQUEST	2		request_218	1603219745969	1603219745992	OK	 
REQUEST	2		request_222	1603219745970	1603219745993	OK	 
USER	ListarAnuncios2	1	END	1603219675184	1603219745995
REQUEST	2		request_233	1603219745970	1603219745998	OK	 
REQUEST	4		request_217	1603219745948	1603219745998	OK	 
REQUEST	2		request_223	1603219745970	1603219745998	OK	 
REQUEST	2		request_235	1603219745970	1603219745998	OK	 
REQUEST	2		request_234	1603219745970	1603219745998	OK	 
REQUEST	2		req_Listar_com_filhos_17	1603219745970	1603219746004	OK	 
REQUEST	9		req_Listar_com_filhos_17	1603219745975	1603219746014	OK	 
REQUEST	4		request_222	1603219745999	1603219746027	OK	 
REQUEST	2		request_236	1603219745993	1603219746027	OK	 
REQUEST	4		request_218	1603219745999	1603219746027	OK	 
REQUEST	4		request_219	1603219745999	1603219746027	OK	 
REQUEST	4		request_223	1603219745999	1603219746027	OK	 
REQUEST	4		request_233	1603219745999	1603219746027	OK	 
REQUEST	4		req_Listar_com_filhos_17	1603219745999	1603219746033	OK	 
REQUEST	4		request_234	1603219745999	1603219746033	OK	 
REQUEST	4		request_235	1603219746000	1603219746033	OK	 
REQUEST	2		req_Listar_com_filhos_17	1603219746005	1603219746040	OK	 
REQUEST	3		request_217	1603219746018	1603219746061	OK	 
REQUEST	4		request_236	1603219746027	1603219746062	OK	 
REQUEST	5		req_Listar_com_filhos_17	1603219745992	1603219746070	OK	 
USER	ListarAnuncios2	5	END	1603219675193	1603219746077
REQUEST	4		req_Listar_com_filhos_17	1603219746033	1603219746085	OK	 
REQUEST	9		req_Listar_com_filhos_17	1603219746014	1603219746086	OK	 
USER	ListarAnuncios2	9	END	1603219675194	1603219746091
REQUEST	8		request_217	1603219746038	1603219746092	OK	 
REQUEST	3		request_218	1603219746063	1603219746092	OK	 
REQUEST	3		request_219	1603219746063	1603219746092	OK	 
REQUEST	3		request_222	1603219746063	1603219746093	OK	 
REQUEST	3		request_233	1603219746063	1603219746093	OK	 
REQUEST	3		request_223	1603219746063	1603219746094	OK	 
REQUEST	3		request_234	1603219746063	1603219746094	OK	 
REQUEST	7		request_217	1603219746038	1603219746098	OK	 
REQUEST	3		req_Listar_com_filhos_17	1603219746063	1603219746098	OK	 
REQUEST	3		request_235	1603219746063	1603219746099	OK	 
REQUEST	8		request_218	1603219746094	1603219746120	OK	 
REQUEST	8		request_219	1603219746094	1603219746121	OK	 
REQUEST	2		req_Listar_com_filhos_17	1603219746040	1603219746121	OK	 
REQUEST	8		request_222	1603219746095	1603219746121	OK	 
USER	ListarAnuncios2	2	END	1603219675189	1603219746125
REQUEST	8		request_234	1603219746095	1603219746126	OK	 
REQUEST	3		request_236	1603219746093	1603219746126	OK	 
REQUEST	8		request_223	1603219746095	1603219746126	OK	 
REQUEST	8		request_233	1603219746095	1603219746126	OK	 
REQUEST	8		request_235	1603219746095	1603219746127	OK	 
REQUEST	7		request_219	1603219746100	1603219746127	OK	 
REQUEST	7		request_218	1603219746100	1603219746127	OK	 
REQUEST	7		request_222	1603219746100	1603219746127	OK	 
REQUEST	8		req_Listar_com_filhos_17	1603219746095	1603219746127	OK	 
REQUEST	7		request_233	1603219746101	1603219746128	OK	 
REQUEST	7		request_234	1603219746101	1603219746128	OK	 
REQUEST	7		request_223	1603219746101	1603219746129	OK	 
REQUEST	7		request_235	1603219746101	1603219746129	OK	 
REQUEST	7		req_Listar_com_filhos_17	1603219746101	1603219746129	OK	 
REQUEST	3		req_Listar_com_filhos_17	1603219746099	1603219746139	OK	 
REQUEST	8		request_236	1603219746121	1603219746146	OK	 
REQUEST	7		request_236	1603219746127	1603219746153	OK	 
REQUEST	4		req_Listar_com_filhos_17	1603219746086	1603219746158	OK	 
USER	ListarAnuncios2	4	END	1603219675193	1603219746163
REQUEST	8		req_Listar_com_filhos_17	1603219746128	1603219746171	OK	 
REQUEST	7		req_Listar_com_filhos_17	1603219746130	1603219746171	OK	 
REQUEST	3		req_Listar_com_filhos_17	1603219746140	1603219746205	OK	 
USER	ListarAnuncios2	3	END	1603219675192	1603219746210
REQUEST	7		req_Listar_com_filhos_17	1603219746171	1603219746231	OK	 
USER	ListarAnuncios2	7	END	1603219675194	1603219746234
REQUEST	8		req_Listar_com_filhos_17	1603219746171	1603219746237	OK	 
USER	ListarAnuncios2	8	END	1603219675194	1603219746239
REQUEST	10		request_217	1603219746848	1603219746895	OK	 
REQUEST	6		request_217	1603219746858	1603219746903	OK	 
REQUEST	10		request_218	1603219746897	1603219746923	OK	 
REQUEST	10		request_219	1603219746897	1603219746924	OK	 
REQUEST	10		request_222	1603219746897	1603219746924	OK	 
REQUEST	10		request_234	1603219746898	1603219746931	OK	 
REQUEST	6		request_218	1603219746905	1603219746931	OK	 
REQUEST	10		request_233	1603219746898	1603219746931	OK	 
REQUEST	6		request_219	1603219746905	1603219746931	OK	 
REQUEST	10		request_223	1603219746897	1603219746931	OK	 
REQUEST	6		request_222	1603219746905	1603219746931	OK	 
REQUEST	10		request_235	1603219746898	1603219746931	OK	 
REQUEST	10		req_Listar_com_filhos_17	1603219746898	1603219746931	OK	 
REQUEST	6		request_233	1603219746906	1603219746932	OK	 
REQUEST	6		request_223	1603219746905	1603219746932	OK	 
REQUEST	6		req_Listar_com_filhos_17	1603219746906	1603219746932	OK	 
REQUEST	6		request_235	1603219746906	1603219746945	OK	 
REQUEST	6		request_234	1603219746906	1603219746945	OK	 
REQUEST	10		request_236	1603219746924	1603219746954	OK	 
REQUEST	6		request_236	1603219746931	1603219746963	OK	 
REQUEST	6		req_Listar_com_filhos_17	1603219746932	1603219746972	OK	 
REQUEST	10		req_Listar_com_filhos_17	1603219746932	1603219746972	OK	 
REQUEST	6		req_Listar_com_filhos_17	1603219746972	1603219747051	OK	 
REQUEST	10		req_Listar_com_filhos_17	1603219746972	1603219747051	OK	 
USER	ListarAnuncios2	10	END	1603219675195	1603219747056
USER	ListarAnuncios2	6	END	1603219675193	1603219747057
