RUN	basic.SeapPesquisarReuniao	seappesquisarreuniao	1602164186621	teste	3.0.2
USER	SeapPesquisarReuniao	1	START	1602164189009	1602164189009
REQUEST	1		request_7	1602164189038	1602164194227	KO	status.find.in(200,201,202,203,204,205,206,207,208,209,304), found 400
REQUEST	1		request_9	1602164199254	1602164204498	OK	 
REQUEST	1		request_10	1602164204530	1602164204557	OK	 
REQUEST	1		request_12	1602164204530	1602164204657	OK	 
REQUEST	1		request_13	1602164204531	1602164204658	OK	 
REQUEST	1		request_19	1602164204532	1602164204669	OK	 
REQUEST	1		request_15	1602164204531	1602164204670	OK	 
REQUEST	1		request_20	1602164206670	1602164211988	OK	 
REQUEST	1		request_21	1602164211999	1602164212058	OK	 
REQUEST	1		request_22	1602164216051	1602164216081	OK	 
ERROR	request_26: Failed to build request: Resource seap/seappesquisarreuniao/0026_request.json not found 	1602164216087
ERROR	request_29: Failed to build request: Resource seap/seappesquisarreuniao/0029_request.json not found 	1602164216089
REQUEST	1		request_23	1602164216091	1602164216119	OK	 
REQUEST	1		request_24	1602164216093	1602164216128	OK	 
REQUEST	1		request_28	1602164216094	1602164216130	OK	 
REQUEST	1		request_30	1602164222141	1602164222169	OK	 
ERROR	request_31: Failed to build request: Resource seap/seappesquisarreuniao/0031_request.json not found 	1602164222170
REQUEST	1		request_32	1602164248171	1602164248230	OK	 
REQUEST	1		request_33	1602164248234	1602164248290	OK	 
USER	SeapPesquisarReuniao	1	END	1602164189009	1602164248304
