RUN	basic.CadastrarAnuncio1	cadastraranuncio1	1603504066381	teste	3.0.2
USER	CadastrarAnuncio	1	START	1603504068733	1603504068733
USER	CadastrarAnuncio	2	START	1603504068765	1603504068765
USER	CadastrarAnuncio	3	START	1603504068768	1603504068768
USER	CadastrarAnuncio	4	START	1603504068769	1603504068769
USER	CadastrarAnuncio	5	START	1603504068769	1603504068769
USER	CadastrarAnuncio	6	START	1603504068771	1603504068771
USER	CadastrarAnuncio	7	START	1603504068772	1603504068772
USER	CadastrarAnuncio	8	START	1603504068773	1603504068773
USER	CadastrarAnuncio	9	START	1603504068773	1603504068773
USER	CadastrarAnuncio	10	START	1603504068774	1603504068774
USER	CadastrarAnuncio	11	START	1603504068775	1603504068775
USER	CadastrarAnuncio	12	START	1603504068776	1603504068776
USER	CadastrarAnuncio	13	START	1603504068776	1603504068776
USER	CadastrarAnuncio	14	START	1603504068777	1603504068777
USER	CadastrarAnuncio	15	START	1603504068779	1603504068779
USER	CadastrarAnuncio	16	START	1603504068780	1603504068780
USER	CadastrarAnuncio	17	START	1603504068781	1603504068781
USER	CadastrarAnuncio	18	START	1603504068781	1603504068781
USER	CadastrarAnuncio	19	START	1603504068782	1603504068782
USER	CadastrarAnuncio	20	START	1603504068783	1603504068783
REQUEST	9		Gerar Token	1603504068774	1603504074660	OK	 
REQUEST	13		Gerar Token	1603504068777	1603504074651	OK	 
REQUEST	12		Gerar Token	1603504068776	1603504074660	OK	 
REQUEST	14		Gerar Token	1603504068778	1603504074677	OK	 
REQUEST	2		Gerar Token	1603504068766	1603504074679	OK	 
REQUEST	8		Gerar Token	1603504068773	1603504074651	OK	 
REQUEST	4		Gerar Token	1603504068769	1603504075941	OK	 
REQUEST	7		Gerar Token	1603504068772	1603504075942	OK	 
REQUEST	16		Gerar Token	1603504068780	1603504075963	OK	 
REQUEST	17		Gerar Token	1603504068781	1603504075963	OK	 
REQUEST	3		Gerar Token	1603504068768	1603504075963	OK	 
REQUEST	10		Gerar Token	1603504068774	1603504075994	OK	 
REQUEST	15		Gerar Token	1603504068779	1603504076013	OK	 
REQUEST	5		Gerar Token	1603504068770	1603504076014	OK	 
REQUEST	6		Gerar Token	1603504068771	1603504076014	OK	 
REQUEST	11		Gerar Token	1603504068775	1603504076032	OK	 
REQUEST	20		Gerar Token	1603504068784	1603504079802	OK	 
REQUEST	19		Gerar Token	1603504068783	1603504079802	OK	 
REQUEST	1		Gerar Token	1603504068762	1603504079801	OK	 
REQUEST	18		Gerar Token	1603504068782	1603504079802	OK	 
REQUEST	13		Post_Empresa	1603504074768	1603504080510	OK	 
REQUEST	14		Post_Empresa	1603504074768	1603504080528	OK	 
REQUEST	12		Post_Empresa	1603504074769	1603504080540	OK	 
REQUEST	9		Post_Empresa	1603504074768	1603504080540	OK	 
REQUEST	8		Post_Empresa	1603504074769	1603504080546	OK	 
REQUEST	2		Post_Empresa	1603504074767	1603504080547	OK	 
REQUEST	3		Post_Empresa	1603504075968	1603504080546	OK	 
REQUEST	16		Post_Empresa	1603504075968	1603504080554	OK	 
REQUEST	7		Post_Empresa	1603504075945	1603504080554	OK	 
REQUEST	11		Post_Empresa	1603504076034	1603504080554	OK	 
REQUEST	19		Post_Empresa	1603504079809	1603504080732	OK	 
REQUEST	10		Post_Empresa	1603504075997	1603504080932	OK	 
REQUEST	20		Post_Empresa	1603504079808	1603504080955	OK	 
REQUEST	15		Post_Empresa	1603504076015	1603504080956	OK	 
REQUEST	18		Post_Empresa	1603504079810	1603504080956	OK	 
REQUEST	6		Post_Empresa	1603504076016	1603504080956	OK	 
REQUEST	1		Post_Empresa	1603504079809	1603504080956	OK	 
REQUEST	5		Post_Empresa	1603504076016	1603504080956	OK	 
REQUEST	17		Post_Empresa	1603504075968	1603504080961	OK	 
REQUEST	4		Post_Empresa	1603504075945	1603504080961	OK	 
REQUEST	14		Post_Anuncio	1603504080530	1603504081175	OK	 
REQUEST	14		Put_Anuncio_publicar	1603504081177	1603504081209	KO	status.find.in(200,201,202,203,204,205,206,207,208,209,304), found 405
USER	CadastrarAnuncio	14	END	1603504068777	1603504081221
REQUEST	9		Post_Anuncio	1603504080542	1603504081503	OK	 
REQUEST	9		Put_Anuncio_publicar	1603504081504	1603504081540	KO	status.find.in(200,201,202,203,204,205,206,207,208,209,304), found 405
USER	CadastrarAnuncio	9	END	1603504068773	1603504081542
REQUEST	11		Post_Anuncio	1603504080555	1603504081549	OK	 
REQUEST	12		Post_Anuncio	1603504080542	1603504081566	OK	 
REQUEST	7		Post_Anuncio	1603504080554	1603504081567	OK	 
REQUEST	10		Post_Anuncio	1603504080934	1603504081567	OK	 
REQUEST	2		Post_Anuncio	1603504080548	1603504081567	OK	 
REQUEST	19		Post_Anuncio	1603504080734	1603504081567	OK	 
REQUEST	16		Post_Anuncio	1603504080555	1603504081583	OK	 
REQUEST	8		Post_Anuncio	1603504080547	1603504081583	OK	 
REQUEST	3		Post_Anuncio	1603504080548	1603504081583	OK	 
REQUEST	11		Put_Anuncio_publicar	1603504081550	1603504081601	KO	status.find.in(200,201,202,203,204,205,206,207,208,209,304), found 405
USER	CadastrarAnuncio	11	END	1603504068775	1603504081602
REQUEST	12		Put_Anuncio_publicar	1603504081568	1603504081611	KO	status.find.in(200,201,202,203,204,205,206,207,208,209,304), found 405
USER	CadastrarAnuncio	12	END	1603504068776	1603504081612
REQUEST	7		Put_Anuncio_publicar	1603504081568	1603504081619	KO	status.find.in(200,201,202,203,204,205,206,207,208,209,304), found 405
REQUEST	19		Put_Anuncio_publicar	1603504081569	1603504081619	KO	status.find.in(200,201,202,203,204,205,206,207,208,209,304), found 405
REQUEST	2		Put_Anuncio_publicar	1603504081568	1603504081619	KO	status.find.in(200,201,202,203,204,205,206,207,208,209,304), found 405
REQUEST	10		Put_Anuncio_publicar	1603504081568	1603504081619	KO	status.find.in(200,201,202,203,204,205,206,207,208,209,304), found 405
USER	CadastrarAnuncio	10	END	1603504068774	1603504081620
USER	CadastrarAnuncio	19	END	1603504068782	1603504081620
USER	CadastrarAnuncio	2	END	1603504068765	1603504081620
USER	CadastrarAnuncio	7	END	1603504068772	1603504081620
REQUEST	3		Put_Anuncio_publicar	1603504081585	1603504081621	KO	status.find.in(200,201,202,203,204,205,206,207,208,209,304), found 405
USER	CadastrarAnuncio	3	END	1603504068768	1603504081622
REQUEST	16		Put_Anuncio_publicar	1603504081585	1603504081624	KO	status.find.in(200,201,202,203,204,205,206,207,208,209,304), found 405
REQUEST	8		Put_Anuncio_publicar	1603504081585	1603504081624	KO	status.find.in(200,201,202,203,204,205,206,207,208,209,304), found 405
USER	CadastrarAnuncio	16	END	1603504068780	1603504081625
USER	CadastrarAnuncio	8	END	1603504068773	1603504081625
REQUEST	18		Post_Anuncio	1603504080958	1603504082115	OK	 
REQUEST	18		Put_Anuncio_publicar	1603504082116	1603504082153	KO	status.find.in(200,201,202,203,204,205,206,207,208,209,304), found 405
USER	CadastrarAnuncio	18	END	1603504068781	1603504082155
REQUEST	6		Post_Anuncio	1603504080958	1603504082305	OK	 
REQUEST	17		Post_Anuncio	1603504080962	1603504082305	OK	 
REQUEST	15		Post_Anuncio	1603504080957	1603504082325	OK	 
REQUEST	1		Post_Anuncio	1603504080959	1603504082325	OK	 
REQUEST	5		Post_Anuncio	1603504080958	1603504082326	OK	 
REQUEST	13		Post_Anuncio	1603504080516	1603504082326	OK	 
REQUEST	4		Post_Anuncio	1603504080962	1603504082326	OK	 
REQUEST	20		Post_Anuncio	1603504080958	1603504082330	OK	 
REQUEST	17		Put_Anuncio_publicar	1603504082306	1603504082362	KO	status.find.in(200,201,202,203,204,205,206,207,208,209,304), found 405
REQUEST	15		Put_Anuncio_publicar	1603504082327	1603504082362	KO	status.find.in(200,201,202,203,204,205,206,207,208,209,304), found 405
REQUEST	6		Put_Anuncio_publicar	1603504082306	1603504082362	KO	status.find.in(200,201,202,203,204,205,206,207,208,209,304), found 405
USER	CadastrarAnuncio	15	END	1603504068779	1603504082364
USER	CadastrarAnuncio	17	END	1603504068781	1603504082364
USER	CadastrarAnuncio	6	END	1603504068771	1603504082364
REQUEST	4		Put_Anuncio_publicar	1603504082327	1603504082381	KO	status.find.in(200,201,202,203,204,205,206,207,208,209,304), found 405
REQUEST	13		Put_Anuncio_publicar	1603504082327	1603504082381	KO	status.find.in(200,201,202,203,204,205,206,207,208,209,304), found 405
USER	CadastrarAnuncio	13	END	1603504068776	1603504082383
USER	CadastrarAnuncio	4	END	1603504068769	1603504082383
REQUEST	1		Put_Anuncio_publicar	1603504082329	1603504082387	KO	status.find.in(200,201,202,203,204,205,206,207,208,209,304), found 405
REQUEST	5		Put_Anuncio_publicar	1603504082327	1603504082387	KO	status.find.in(200,201,202,203,204,205,206,207,208,209,304), found 405
USER	CadastrarAnuncio	1	END	1603504068733	1603504082389
USER	CadastrarAnuncio	5	END	1603504068769	1603504082389
REQUEST	20		Put_Anuncio_publicar	1603504082331	1603504082393	KO	status.find.in(200,201,202,203,204,205,206,207,208,209,304), found 405
USER	CadastrarAnuncio	20	END	1603504068783	1603504082395
