RUN	basic.AcessoMercadoAzul1	acessomercadoazul1	1603130965974	teste	3.0.2
USER	AcessoMercadoAzul1	1	START	1603130968351	1603130968351
USER	AcessoMercadoAzul1	2	START	1603130968379	1603130968379
USER	AcessoMercadoAzul1	3	START	1603130968380	1603130968380
USER	AcessoMercadoAzul1	4	START	1603130968381	1603130968381
USER	AcessoMercadoAzul1	5	START	1603130968382	1603130968382
USER	AcessoMercadoAzul1	6	START	1603130968383	1603130968383
USER	AcessoMercadoAzul1	7	START	1603130968387	1603130968387
USER	AcessoMercadoAzul1	8	START	1603130968387	1603130968387
USER	AcessoMercadoAzul1	9	START	1603130968388	1603130968388
USER	AcessoMercadoAzul1	10	START	1603130968388	1603130968388
REQUEST	7		request_0	1603130968387	1603130973757	OK	 
REQUEST	4		request_0	1603130968381	1603130973782	OK	 
REQUEST	1		request_0	1603130968377	1603130973761	OK	 
REQUEST	10		request_0	1603130968389	1603130973761	OK	 
REQUEST	8		request_0	1603130968387	1603130973782	OK	 
REQUEST	3		request_0	1603130968380	1603130973757	OK	 
REQUEST	6		request_0	1603130968386	1603130973757	OK	 
REQUEST	2		request_0	1603130968380	1603130973761	OK	 
REQUEST	9		request_0	1603130968388	1603130973783	OK	 
REQUEST	5		request_0	1603130968382	1603130973776	OK	 
REQUEST	8		request_1	1603130973830	1603130983899	OK	 
REQUEST	3		request_1	1603130973830	1603130983899	OK	 
REQUEST	2		request_1	1603130973830	1603130983900	OK	 
REQUEST	7		request_1	1603130973831	1603130983901	OK	 
REQUEST	6		request_1	1603130973831	1603130983902	OK	 
REQUEST	4		request_1	1603130973831	1603130983903	OK	 
REQUEST	1		request_1	1603130973830	1603130983903	OK	 
REQUEST	5		request_1	1603130973834	1603130983904	OK	 
REQUEST	10		request_1	1603130973834	1603130983904	OK	 
REQUEST	9		request_1	1603130973834	1603130983906	OK	 
REQUEST	3		request_2	1603130973837	1603130984399	OK	 
REQUEST	5		request_2	1603130973836	1603130984480	OK	 
REQUEST	10		request_2	1603130973835	1603130984480	OK	 
REQUEST	7		request_2	1603130973833	1603130984506	OK	 
REQUEST	1		request_11	1603130978866	1603130984504	OK	 
REQUEST	2		request_10	1603130973837	1603130984535	OK	 
REQUEST	7		request_13	1603130983895	1603130984541	OK	 
REQUEST	1		request_13	1603130983899	1603130984544	OK	 
REQUEST	8		request_5	1603130973833	1603130984585	OK	 
REQUEST	7		request_5	1603130973834	1603130984585	OK	 
REQUEST	3		request_5	1603130973838	1603130984588	OK	 
REQUEST	6		request_10	1603130973834	1603130984588	OK	 
REQUEST	8		request_10	1603130973833	1603130984589	OK	 
REQUEST	3		request_11	1603130978863	1603130984589	OK	 
REQUEST	6		request_11	1603130978864	1603130984590	OK	 
REQUEST	9		request_12	1603130978865	1603130984608	OK	 
REQUEST	10		request_13	1603130983899	1603130984664	OK	 
REQUEST	9		request_10	1603130973837	1603130984664	OK	 
REQUEST	2		request_5	1603130973836	1603130984664	OK	 
REQUEST	9		request_11	1603130978864	1603130984682	OK	 
REQUEST	6		request_5	1603130973833	1603130984682	OK	 
REQUEST	6		request_2	1603130973832	1603130984683	OK	 
REQUEST	7		request_10	1603130973835	1603130984701	OK	 
REQUEST	4		request_13	1603130983899	1603130984704	OK	 
REQUEST	2		request_11	1603130978863	1603130984719	OK	 
REQUEST	8		request_11	1603130978863	1603130984719	OK	 
REQUEST	9		request_13	1603130983896	1603130984721	OK	 
REQUEST	3		request_12	1603130978865	1603130984721	OK	 
REQUEST	1		request_12	1603130978867	1603130984742	OK	 
REQUEST	3		request_13	1603130983895	1603130984746	OK	 
REQUEST	4		request_12	1603130978866	1603130984789	OK	 
REQUEST	10		request_12	1603130978867	1603130984790	OK	 
REQUEST	3		request_10	1603130973838	1603130984805	OK	 
REQUEST	8		request_12	1603130978865	1603130984805	OK	 
REQUEST	4		request_5	1603130973833	1603130984805	OK	 
REQUEST	6		request_12	1603130978866	1603130984823	OK	 
REQUEST	7		request_12	1603130978866	1603130984823	OK	 
REQUEST	2		request_12	1603130978865	1603130984823	OK	 
REQUEST	4		request_2	1603130973832	1603130984831	OK	 
REQUEST	1		request_2	1603130973835	1603130984831	OK	 
REQUEST	1		request_5	1603130973836	1603130984854	OK	 
REQUEST	10		request_5	1603130973836	1603130984860	OK	 
REQUEST	10		request_10	1603130973837	1603130984867	OK	 
REQUEST	9		request_2	1603130973835	1603130984914	OK	 
REQUEST	8		request_13	1603130983895	1603130985017	OK	 
REQUEST	6		request_13	1603130983895	1603130985029	OK	 
REQUEST	10		request_11	1603130978866	1603130985043	OK	 
REQUEST	5		request_12	1603130978865	1603130985045	OK	 
REQUEST	5		request_13	1603130983895	1603130985053	OK	 
REQUEST	8		request_2	1603130973832	1603130985069	OK	 
REQUEST	1		request_10	1603130973837	1603130985078	OK	 
REQUEST	4		request_10	1603130973834	1603130985106	OK	 
REQUEST	2		request_2	1603130973835	1603130985112	OK	 
REQUEST	4		request_11	1603130978865	1603130985131	OK	 
REQUEST	9		request_5	1603130973836	1603130985133	OK	 
REQUEST	5		request_10	1603130973837	1603130985271	OK	 
REQUEST	2		request_13	1603130983897	1603130985293	OK	 
REQUEST	5		request_11	1603130978863	1603130985303	OK	 
REQUEST	4		request_21	1603130985570	1603130985590	OK	 
REQUEST	3		request_21	1603130985606	1603130985626	OK	 
REQUEST	4		request_22	1603130985598	1603130985659	OK	 
REQUEST	3		request_22	1603130985628	1603130985667	OK	 
REQUEST	7		request_11	1603130978864	1603130986116	OK	 
REQUEST	5		request_5	1603130973837	1603130986133	OK	 
REQUEST	8		request_21	1603130986656	1603130986678	OK	 
REQUEST	8		request_22	1603130986681	1603130986725	OK	 
REQUEST	2		request_21	1603130986766	1603130986800	OK	 
REQUEST	2		request_22	1603130986803	1603130986842	OK	 
REQUEST	6		request_21	1603130987665	1603130987687	OK	 
REQUEST	6		request_22	1603130987690	1603130987728	OK	 
REQUEST	1		request_21	1603130987776	1603130987796	OK	 
REQUEST	1		request_22	1603130987799	1603130987834	OK	 
REQUEST	10		request_21	1603130988426	1603130988453	OK	 
REQUEST	10		request_22	1603130988456	1603130988531	OK	 
REQUEST	9		request_21	1603130988565	1603130988587	OK	 
REQUEST	9		request_22	1603130988591	1603130988645	OK	 
REQUEST	5		request_21	1603130988685	1603130988719	OK	 
REQUEST	5		request_22	1603130988722	1603130988780	OK	 
REQUEST	5		request_30	1603130989794	1603130989850	OK	 
REQUEST	5		request_30 Redirect 1	1603130989855	1603130989897	OK	 
REQUEST	7		request_21	1603130989985	1603130990007	OK	 
REQUEST	7		request_22	1603130990008	1603130990049	OK	 
REQUEST	10		request_30	1603130992996	1603130993044	OK	 
REQUEST	10		request_30 Redirect 1	1603130993046	1603130993082	OK	 
REQUEST	8		request_30	1603130993086	1603130993140	OK	 
REQUEST	8		request_30 Redirect 1	1603130993141	1603130993180	OK	 
REQUEST	7		request_30	1603130994646	1603130994709	OK	 
REQUEST	7		request_30 Redirect 1	1603130994711	1603130994754	OK	 
REQUEST	5		request_35	1603130989993	1603130995194	OK	 
REQUEST	8		request_35	1603130993198	1603130995194	OK	 
REQUEST	7		request_35	1603130994774	1603130995195	OK	 
REQUEST	10		request_35	1603130993105	1603130995195	OK	 
REQUEST	5		request_31	1603130989990	1603130995197	OK	 
REQUEST	8		request_31	1603130993194	1603130995197	OK	 
REQUEST	7		request_31	1603130994770	1603130995198	OK	 
REQUEST	8		request_41	1603130993195	1603130995198	OK	 
REQUEST	10		request_31	1603130993101	1603130995198	OK	 
REQUEST	5		request_41	1603130989991	1603130995198	OK	 
REQUEST	8		request_43	1603130993197	1603130995199	OK	 
REQUEST	7		request_41	1603130994771	1603130995199	OK	 
REQUEST	10		request_41	1603130993102	1603130995200	OK	 
REQUEST	5		request_43	1603130989991	1603130995200	OK	 
REQUEST	7		request_43	1603130994772	1603130995201	OK	 
REQUEST	10		request_43	1603130993103	1603130995201	OK	 
REQUEST	5		request_34	1603130989992	1603130995202	OK	 
REQUEST	10		request_45	1603130993108	1603130995202	OK	 
REQUEST	7		request_47	1603130994778	1603130995202	OK	 
REQUEST	8		request_34	1603130993198	1603130995202	OK	 
REQUEST	5		request_45	1603130989995	1603130995203	OK	 
REQUEST	7		request_45	1603130994777	1603130995203	OK	 
REQUEST	10		request_47	1603130993109	1603130995203	OK	 
REQUEST	8		request_45	1603130993201	1603130995203	OK	 
REQUEST	5		request_47	1603130989996	1603130995204	OK	 
REQUEST	8		request_47	1603130993202	1603130995204	OK	 
REQUEST	7		request_34	1603130994773	1603130995205	OK	 
REQUEST	10		request_34	1603130993104	1603130995205	OK	 
REQUEST	10		request_35	1603130995197	1603130995316	OK	 
REQUEST	8		request_36	1603130993199	1603130995351	OK	 
REQUEST	10		request_36	1603130993106	1603130995351	OK	 
REQUEST	5		request_36	1603130989993	1603130995355	OK	 
REQUEST	5		request_38	1603130989994	1603130995355	KO	status.find.in(200,201,202,203,204,205,206,207,208,209,304), found 400
REQUEST	10		request_38	1603130993107	1603130995352	KO	status.find.in(200,201,202,203,204,205,206,207,208,209,304), found 400
REQUEST	7		request_38	1603130994775	1603130995362	KO	status.find.in(200,201,202,203,204,205,206,207,208,209,304), found 400
REQUEST	5		request_35	1603130995195	1603130995363	OK	 
REQUEST	7		request_36	1603130994774	1603130995368	OK	 
REQUEST	5		request_39	1603130989995	1603130995368	OK	 
REQUEST	7		request_35	1603130995197	1603130995376	OK	 
REQUEST	8		request_35	1603130995195	1603130995382	OK	 
REQUEST	8		request_38	1603130993200	1603130995382	KO	status.find.in(200,201,202,203,204,205,206,207,208,209,304), found 400
REQUEST	10		request_39	1603130993108	1603130995388	OK	 
REQUEST	8		request_39	1603130993200	1603130995388	OK	 
REQUEST	7		request_39	1603130994776	1603130995404	OK	 
REQUEST	8		icon?family=Material+Icons|Material+Icons+Outlined	1603130993202	1603130995487	OK	 
USER	AcessoMercadoAzul1	8	END	1603130968387	1603130995500
REQUEST	5		icon?family=Material+Icons|Material+Icons+Outlined	1603130989996	1603130995506	OK	 
REQUEST	7		icon?family=Material+Icons|Material+Icons+Outlined	1603130994778	1603130995506	OK	 
REQUEST	10		icon?family=Material+Icons|Material+Icons+Outlined	1603130993110	1603130995506	OK	 
USER	AcessoMercadoAzul1	7	END	1603130968387	1603130995509
USER	AcessoMercadoAzul1	5	END	1603130968382	1603130995509
USER	AcessoMercadoAzul1	10	END	1603130968388	1603130995509
REQUEST	1		request_30	1603130995745	1603130995795	OK	 
REQUEST	1		request_30 Redirect 1	1603130995797	1603130995835	OK	 
REQUEST	1		request_31	1603130995840	1603130995866	OK	 
REQUEST	1		request_41	1603130995841	1603130995867	OK	 
REQUEST	1		request_43	1603130995841	1603130995867	OK	 
REQUEST	1		request_34	1603130995842	1603130995875	OK	 
REQUEST	1		request_47	1603130995843	1603130995877	OK	 
REQUEST	1		request_45	1603130995843	1603130995878	OK	 
REQUEST	1		request_35	1603130995842	1603130995878	OK	 
REQUEST	1		request_35	1603130995879	1603130995921	OK	 
REQUEST	1		request_36	1603130995842	1603130995970	OK	 
REQUEST	1		request_39	1603130995843	1603130995981	OK	 
REQUEST	1		request_38	1603130995843	1603130995988	KO	status.find.in(200,201,202,203,204,205,206,207,208,209,304), found 400
REQUEST	1		icon?family=Material+Icons|Material+Icons+Outlined	1603130995844	1603130996144	OK	 
USER	AcessoMercadoAzul1	1	END	1603130968351	1603130996150
REQUEST	9		request_30	1603130999966	1603131000014	OK	 
REQUEST	9		request_30 Redirect 1	1603131000015	1603131000056	OK	 
REQUEST	9		request_31	1603131000072	1603131000092	OK	 
REQUEST	9		request_41	1603131000073	1603131000100	OK	 
REQUEST	9		request_43	1603131000074	1603131000108	OK	 
REQUEST	9		request_45	1603131000080	1603131000110	OK	 
REQUEST	9		request_47	1603131000081	1603131000111	OK	 
REQUEST	9		request_34	1603131000075	1603131000116	OK	 
REQUEST	9		request_35	1603131000076	1603131000117	OK	 
REQUEST	9		request_35	1603131000117	1603131000150	OK	 
REQUEST	9		request_39	1603131000079	1603131000198	OK	 
REQUEST	9		request_36	1603131000077	1603131000200	OK	 
REQUEST	9		request_38	1603131000078	1603131000200	KO	status.find.in(200,201,202,203,204,205,206,207,208,209,304), found 400
REQUEST	9		icon?family=Material+Icons|Material+Icons+Outlined	1603131000082	1603131000376	OK	 
USER	AcessoMercadoAzul1	9	END	1603130968388	1603131000382
REQUEST	4		request_30	1603131003245	1603131003298	OK	 
REQUEST	4		request_30 Redirect 1	1603131003300	1603131003426	OK	 
REQUEST	4		request_31	1603131003436	1603131003462	OK	 
REQUEST	4		request_41	1603131003437	1603131003470	OK	 
REQUEST	4		request_43	1603131003438	1603131003471	OK	 
REQUEST	4		request_45	1603131003442	1603131003495	OK	 
REQUEST	4		request_47	1603131003443	1603131003496	OK	 
REQUEST	4		request_35	1603131003440	1603131003499	OK	 
REQUEST	4		request_34	1603131003439	1603131003516	OK	 
REQUEST	4		request_35	1603131003500	1603131003523	OK	 
REQUEST	4		request_38	1603131003441	1603131003547	KO	status.find.in(200,201,202,203,204,205,206,207,208,209,304), found 400
REQUEST	4		request_36	1603131003440	1603131003596	OK	 
REQUEST	4		request_39	1603131003442	1603131003606	OK	 
REQUEST	4		icon?family=Material+Icons|Material+Icons+Outlined	1603131003444	1603131003744	OK	 
USER	AcessoMercadoAzul1	4	END	1603130968381	1603131003750
REQUEST	3		request_30	1603131009276	1603131009324	OK	 
REQUEST	3		request_30 Redirect 1	1603131009326	1603131009365	OK	 
REQUEST	3		request_35	1603131009380	1603131014417	OK	 
REQUEST	6		request_30	1603131015926	1603131015978	OK	 
REQUEST	6		request_30 Redirect 1	1603131015979	1603131016024	OK	 
REQUEST	6		request_31	1603131016035	1603131016061	OK	 
REQUEST	6		request_41	1603131016035	1603131016067	OK	 
REQUEST	6		request_43	1603131016036	1603131016068	OK	 
REQUEST	6		request_34	1603131016037	1603131016076	OK	 
REQUEST	6		request_45	1603131016040	1603131016088	OK	 
REQUEST	6		request_47	1603131016041	1603131016088	OK	 
REQUEST	6		request_35	1603131016037	1603131016092	OK	 
REQUEST	6		request_35	1603131016093	1603131016143	OK	 
REQUEST	6		request_36	1603131016038	1603131016187	OK	 
REQUEST	6		request_39	1603131016040	1603131016198	OK	 
REQUEST	6		request_38	1603131016039	1603131016211	KO	status.find.in(200,201,202,203,204,205,206,207,208,209,304), found 400
REQUEST	6		icon?family=Material+Icons|Material+Icons+Outlined	1603131016042	1603131016325	OK	 
USER	AcessoMercadoAzul1	6	END	1603130968383	1603131016330
REQUEST	2		request_30	1603131018096	1603131018147	OK	 
REQUEST	2		request_30 Redirect 1	1603131018149	1603131018190	OK	 
REQUEST	2		request_31	1603131018200	1603131018224	OK	 
REQUEST	2		request_41	1603131018200	1603131018230	OK	 
REQUEST	2		request_43	1603131018201	1603131018238	OK	 
REQUEST	2		request_45	1603131018205	1603131018239	OK	 
REQUEST	2		request_34	1603131018202	1603131018245	OK	 
REQUEST	2		request_47	1603131018206	1603131018246	OK	 
REQUEST	2		request_35	1603131018203	1603131018251	OK	 
REQUEST	2		request_35	1603131018252	1603131018282	OK	 
REQUEST	2		request_38	1603131018204	1603131018318	KO	status.find.in(200,201,202,203,204,205,206,207,208,209,304), found 400
REQUEST	2		request_36	1603131018203	1603131018351	OK	 
REQUEST	2		request_39	1603131018205	1603131018362	OK	 
REQUEST	2		icon?family=Material+Icons|Material+Icons+Outlined	1603131018206	1603131018489	OK	 
USER	AcessoMercadoAzul1	2	END	1603130968379	1603131018494
REQUEST	3		request_31	1603131009376	1603131019446	OK	 
REQUEST	3		request_43	1603131009378	1603131019447	OK	 
REQUEST	3		request_41	1603131009377	1603131019448	OK	 
REQUEST	3		request_34	1603131009380	1603131019449	OK	 
REQUEST	3		request_45	1603131014412	1603131019450	OK	 
REQUEST	3		request_47	1603131014413	1603131019457	OK	 
REQUEST	3		request_39	1603131014412	1603131019512	OK	 
REQUEST	3		request_39	1603131019513	1603131019560	OK	 
REQUEST	3		request_35	1603131014418	1603131019561	OK	 
REQUEST	3		request_38	1603131014411	1603131019562	KO	status.find.in(200,201,202,203,204,205,206,207,208,209,304), found 400
REQUEST	3		request_36	1603131009381	1603131019562	OK	 
REQUEST	3		icon?family=Material+Icons|Material+Icons+Outlined	1603131014414	1603131019701	OK	 
USER	AcessoMercadoAzul1	3	END	1603130968380	1603131019707
