RUN	basic.ListarAnuncios2	listaranuncios2	1603209643858	teste	3.0.2
USER	ListarAnuncios2	1	START	1603209646233	1603209646233
REQUEST	1		request_0	1603209646252	1603209651449	OK	 
REQUEST	1		request_1	1603209666711	1603209671752	OK	 
REQUEST	1		request_3	1603209666714	1603209671880	OK	 
REQUEST	1		req_duvida_todos	1603209656596	1603209671950	OK	 
REQUEST	1		request_7	1603209671742	1603209671951	OK	 
REQUEST	1		req_Listar_com_filhos_1	1603209661627	1603209671967	OK	 
REQUEST	1		request_4	1603209666716	1603209671976	OK	 
REQUEST	1		request_18	1603209671743	1603209671980	OK	 
REQUEST	1		Acesso_Pagina_login_1	1603209666717	1603209672006	OK	 
REQUEST	1		request_14	1603209651563	1603209672071	OK	 
REQUEST	1		css?family=Roboto:700,500,400,300,600&display=swap	1603209661629	1603209672078	OK	 
REQUEST	1		css?family=Ubuntu:700,500,400,300,600&display=swap	1603209666707	1603209672101	OK	 
REQUEST	1		css?family=Cantarell:700,500,400,300,600&display=swap	1603209666710	1603209672108	OK	 
REQUEST	1		css?family=Montserrat:700,500,400,300,600&display=swap	1603209666708	1603209672113	OK	 
REQUEST	1		Autenticacao	1603209673146	1603209673213	OK	 
REQUEST	1		Autenticacao Redirect 1	1603209673223	1603209673273	OK	 
REQUEST	1		request_43	1603209673304	1603209673331	OK	 
REQUEST	1		request_29	1603209673306	1603209673331	OK	 
REQUEST	1		req_Listar_com_filhos_2	1603209673305	1603209673333	OK	 
REQUEST	1		request_33	1603209673307	1603209673334	OK	 
REQUEST	1		request_39	1603209673308	1603209673338	OK	 
REQUEST	1		request_31	1603209673309	1603209673339	OK	 
REQUEST	1		request_34	1603209673302	1603209673345	OK	 
REQUEST	1		request_32	1603209673310	1603209673346	OK	 
REQUEST	1		request_36	1603209673311	1603209673370	OK	 
REQUEST	1		icon?family=Material+Icons|Material+Icons+Outlined	1603209673306	1603209673403	OK	 
REQUEST	1		request_38	1603209673303	1603209673453	OK	 
REQUEST	1		request_40	1603209673309	1603209673459	OK	 
REQUEST	1		Autenticacao_Geracao_token_1	1603209673311	1603209673476	OK	 
REQUEST	1		Autenticacao_Geracao_token_1	1603209673477	1603209673504	OK	 
REQUEST	1		request_49	1603209680515	1603209680559	OK	 
REQUEST	1		request_51	1603209680564	1603209680594	OK	 
REQUEST	1		request_52	1603209680565	1603209680595	OK	 
REQUEST	1		request_57	1603209680567	1603209680596	OK	 
REQUEST	1		request_56	1603209680567	1603209680596	OK	 
REQUEST	1		request_50	1603209680566	1603209680619	OK	 
REQUEST	1		request_58	1603209680568	1603209680645	OK	 
REQUEST	1		req_Listar_com_filhos_6	1603209680569	1603209680691	KO	status.find.in(200,201,202,203,204,205,206,207,208,209,304), found 401
REQUEST	1		request_63	1603209682704	1603209682749	OK	 
REQUEST	1		request_64	1603209682754	1603209682783	OK	 
REQUEST	1		request_65	1603209682755	1603209682784	OK	 
REQUEST	1		req_Listar_com_filhos_7	1603209682757	1603209682792	KO	status.find.in(200,201,202,203,204,205,206,207,208,209,304), found 401
REQUEST	1		request_69	1603209682758	1603209682802	KO	status.find.in(200,201,202,203,204,205,206,207,208,209,304), found 401
REQUEST	1		request_71	1603209684804	1603209684850	OK	 
REQUEST	1		request_73	1603209684876	1603209684903	OK	 
REQUEST	1		request_74	1603209684877	1603209684904	OK	 
REQUEST	1		request_78	1603209684880	1603209684905	OK	 
REQUEST	1		request_79	1603209684881	1603209684909	OK	 
REQUEST	1		request_80	1603209684881	1603209684910	OK	 
REQUEST	1		req_Listar_com_filhos_9	1603209684882	1603209684917	KO	status.find.in(200,201,202,203,204,205,206,207,208,209,304), found 401
REQUEST	1		request_72	1603209684878	1603209684922	OK	 
REQUEST	1		request_98	1603209684905	1603209684929	OK	 
REQUEST	1		request_99	1603209684910	1603209684936	OK	 
REQUEST	1		request_100	1603209684911	1603209684944	OK	 
REQUEST	1		request_101	1603209684918	1603209684945	OK	 
REQUEST	1		request_102	1603209684929	1603209684960	OK	 
REQUEST	1		request_103	1603209684937	1603209684967	OK	 
REQUEST	1		request_105	1603209684946	1603209684968	OK	 
REQUEST	1		request_104	1603209684944	1603209684968	OK	 
REQUEST	1		request_96	1603209684883	1603209685002	OK	 
REQUEST	1		request_97	1603209684884	1603209685012	OK	 
REQUEST	1		request_121	1603209690003	1603209690049	OK	 
REQUEST	1		request_122	1603209690059	1603209690088	OK	 
REQUEST	1		request_123	1603209690060	1603209690089	OK	 
REQUEST	1		request_127	1603209690062	1603209690094	OK	 
REQUEST	1		request_126	1603209690062	1603209690096	OK	 
REQUEST	1		req_Listar_com_filhos_10	1603209690063	1603209690097	KO	status.find.in(200,201,202,203,204,205,206,207,208,209,304), found 401
REQUEST	1		request_140	1603209690066	1603209690102	OK	 
REQUEST	1		request_137	1603209690065	1603209690103	OK	 
REQUEST	1		request_136	1603209690064	1603209690104	OK	 
REQUEST	1		request_141	1603209690095	1603209690125	OK	 
REQUEST	1		request_147	1603209695133	1603209695177	OK	 
REQUEST	1		request_148	1603209695182	1603209695213	OK	 
REQUEST	1		request_149	1603209695183	1603209695220	OK	 
REQUEST	1		req_Listar_com_filhos_12	1603209695184	1603209695221	KO	status.find.in(200,201,202,203,204,205,206,207,208,209,304), found 401
REQUEST	1		request_153	1603209695186	1603209695228	KO	status.find.in(200,201,202,203,204,205,206,207,208,209,304), found 401
REQUEST	1		request_155	1603209698223	1603209698270	OK	 
REQUEST	1		request_157	1603209698276	1603209698303	OK	 
REQUEST	1		req_Listar_com_filhos_14	1603209698279	1603209698310	KO	status.find.in(200,201,202,203,204,205,206,207,208,209,304), found 401
REQUEST	1		request_159	1603209698278	1603209698312	OK	 
REQUEST	1		request_156	1603209698275	1603209698325	OK	 
REQUEST	1		request_167	1603209701333	1603209701377	OK	 
REQUEST	1		request_168	1603209701381	1603209701404	OK	 
REQUEST	1		request_169	1603209701381	1603209701412	OK	 
REQUEST	1		request_172	1603209701382	1603209701413	OK	 
REQUEST	1		request_183	1603209701384	1603209701414	OK	 
REQUEST	1		request_174	1603209701383	1603209701415	OK	 
REQUEST	1		request_182	1603209701384	1603209701415	OK	 
REQUEST	1		req_Listar_com_filhos_15	1603209701382	1603209701418	KO	status.find.in(200,201,202,203,204,205,206,207,208,209,304), found 401
REQUEST	1		request_184	1603209701384	1603209701427	OK	 
REQUEST	1		request_185	1603209701413	1603209701437	OK	 
REQUEST	1		request_192	1603209704433	1603209704456	OK	 
REQUEST	1		request_193	1603209704461	1603209704489	OK	 
REQUEST	1		request_194	1603209704462	1603209704490	OK	 
REQUEST	1		req_Listar_com_filhos_15	1603209704465	1603209704495	KO	status.find.in(200,201,202,203,204,205,206,207,208,209,304), found 401
REQUEST	1		request_198	1603209704466	1603209704506	KO	status.find.in(200,201,202,203,204,205,206,207,208,209,304), found 401
REQUEST	1		request_195	1603209704464	1603209704564	OK	 
REQUEST	1		request_201	1603209708573	1603209708620	OK	 
REQUEST	1		request_202	1603209708626	1603209708654	OK	 
REQUEST	1		request_203	1603209708627	1603209708655	OK	 
REQUEST	1		request_209	1603209708630	1603209708656	OK	 
REQUEST	1		request_208	1603209708629	1603209708658	OK	 
REQUEST	1		req_Listar_com_filhos_16	1603209708628	1603209708663	KO	status.find.in(200,201,202,203,204,205,206,207,208,209,304), found 401
REQUEST	1		request_210	1603209708631	1603209708672	OK	 
REQUEST	1		request_215	1603209708631	1603209708673	OK	 
REQUEST	1		request_217	1603209709673	1603209709719	OK	 
REQUEST	1		request_218	1603209709726	1603209709750	OK	 
REQUEST	1		request_219	1603209709727	1603209709756	OK	 
REQUEST	1		request_223	1603209709729	1603209709757	OK	 
REQUEST	1		request_222	1603209709728	1603209709759	OK	 
REQUEST	1		request_233	1603209709731	1603209709760	OK	 
REQUEST	1		req_Listar_com_filhos_17	1603209709730	1603209709763	KO	status.find.in(200,201,202,203,204,205,206,207,208,209,304), found 401
REQUEST	1		request_235	1603209709732	1603209709772	OK	 
REQUEST	1		request_234	1603209709731	1603209709773	OK	 
REQUEST	1		request_236	1603209709758	1603209709781	OK	 
USER	ListarAnuncios2	1	END	1603209646233	1603209709798
