RUN	basic.CadastrarAnuncio	cadastraranuncio	1603458497707	teste	3.0.2
USER	CadastrarAnuncio	1	START	1603458500015	1603458500015
REQUEST	1		Gerar Token	1603458500036	1603458505683	OK	 
REQUEST	1		request_0	1603458510708	1603458515873	OK	 
REQUEST	1		request_1	1603458515997	1603458516019	OK	 
REQUEST	1		request_2	1603458515999	1603458516033	OK	 
REQUEST	1		request_4	1603458515999	1603458516080	OK	 
REQUEST	1		request_3	1603458515998	1603458516087	OK	 
REQUEST	1		request_7	1603458516001	1603458516088	OK	 
REQUEST	1		request_8	1603458526087	1603458526110	OK	 
REQUEST	1		request_9	1603458526116	1603458531154	OK	 
REQUEST	1		request_11	1603458531145	1603458531300	OK	 
REQUEST	1		request_10	1603458526118	1603458531314	OK	 
REQUEST	1		request_13	1603458543326	1603458543379	OK	 
REQUEST	1		request_13 Redirect 1	1603458543389	1603458543434	OK	 
REQUEST	1		request_17	1603458543465	1603458548504	OK	 
REQUEST	1		request_14	1603458543460	1603458553538	OK	 
REQUEST	1		request_18	1603458543462	1603458553541	OK	 
REQUEST	1		request_21	1603458543462	1603458553543	OK	 
REQUEST	1		request_16	1603458543464	1603458553546	OK	 
REQUEST	1		request_26	1603458548498	1603458553549	OK	 
REQUEST	1		request_28	1603458548500	1603458553561	OK	 
REQUEST	1		request_26	1603458553551	1603458553586	OK	 
REQUEST	1		request_28	1603458553563	1603458553617	OK	 
REQUEST	1		request_23	1603458543463	1603458553619	OK	 
REQUEST	1		request_28	1603458553618	1603458553660	OK	 
REQUEST	1		request_26	1603458553588	1603458553662	OK	 
REQUEST	1		request_25	1603458548497	1603458553667	OK	 
REQUEST	1		request_19	1603458543466	1603458553669	OK	 
REQUEST	1		request_17	1603458548506	1603458553674	OK	 
REQUEST	1		request_25	1603458553668	1603458553694	OK	 
REQUEST	1		request_63	1603458555695	1603458555718	OK	 
REQUEST	1		request_64	1603458555726	1603458555747	OK	 
REQUEST	1		request_65	1603458555728	1603458555754	OK	 
REQUEST	1		request_66	1603458555730	1603458555756	OK	 
REQUEST	1		request_67	1603458555732	1603458555762	OK	 
REQUEST	1		request_66	1603458555758	1603458555805	OK	 
REQUEST	1		request_67	1603458555764	1603458555809	OK	 
REQUEST	1		request_67	1603458555810	1603458555850	OK	 
REQUEST	1		request_66	1603458555807	1603458555871	OK	 
REQUEST	1		request_67	1603458555852	1603458555880	OK	 
REQUEST	1		request_67	1603458555881	1603458555925	OK	 
REQUEST	1		request_67	1603458555927	1603458555955	OK	 
REQUEST	1		request_67	1603458555957	1603458555985	OK	 
REQUEST	1		request_67	1603458555986	1603458556025	OK	 
REQUEST	1		request_67	1603458556027	1603458556059	OK	 
REQUEST	1		request_67	1603458556061	1603458556089	OK	 
REQUEST	1		request_67	1603458556091	1603458556126	OK	 
REQUEST	1		request_67	1603458556128	1603458556153	OK	 
REQUEST	1		request_67	1603458556154	1603458556182	OK	 
REQUEST	1		request_67	1603458556184	1603458556223	OK	 
REQUEST	1		request_67	1603458556225	1603458556256	OK	 
REQUEST	1		request_67	1603458556258	1603458556281	OK	 
REQUEST	1		request_67	1603458556283	1603458556325	OK	 
REQUEST	1		request_67	1603458556326	1603458556351	OK	 
REQUEST	1		request_67	1603458556352	1603458556379	OK	 
REQUEST	1		request_67	1603458556381	1603458556422	OK	 
REQUEST	1		request_67	1603458556423	1603458556456	OK	 
REQUEST	1		request_67	1603458556458	1603458556479	OK	 
REQUEST	1		request_67	1603458556481	1603458556516	OK	 
REQUEST	1		request_67	1603458556518	1603458556546	OK	 
REQUEST	1		request_67	1603458556548	1603458556570	OK	 
REQUEST	1		request_67	1603458556573	1603458556619	OK	 
REQUEST	1		request_67	1603458556620	1603458556650	OK	 
REQUEST	1		request_67	1603458556651	1603458556680	OK	 
REQUEST	1		request_67	1603458556682	1603458556724	OK	 
REQUEST	1		request_67	1603458556726	1603458556781	OK	 
REQUEST	1		request_67	1603458556782	1603458556813	OK	 
REQUEST	1		request_67	1603458556815	1603458556852	OK	 
REQUEST	1		request_67	1603458556854	1603458556886	OK	 
REQUEST	1		request_67	1603458556887	1603458556912	OK	 
REQUEST	1		request_67	1603458556914	1603458556954	OK	 
REQUEST	1		request_67	1603458556955	1603458556994	OK	 
REQUEST	1		request_67	1603458556995	1603458557016	OK	 
REQUEST	1		request_67	1603458557018	1603458557062	OK	 
REQUEST	1		request_67	1603458557064	1603458557091	OK	 
REQUEST	1		request_67	1603458557092	1603458557113	OK	 
REQUEST	1		request_67	1603458557115	1603458557152	OK	 
REQUEST	1		request_67	1603458557154	1603458557182	OK	 
REQUEST	1		request_67	1603458557183	1603458557205	OK	 
REQUEST	1		request_67	1603458557206	1603458557245	OK	 
REQUEST	1		request_67	1603458557246	1603458557274	OK	 
REQUEST	1		request_67	1603458557275	1603458557296	OK	 
REQUEST	1		request_67	1603458557298	1603458557334	OK	 
REQUEST	1		request_67	1603458557335	1603458557361	OK	 
REQUEST	1		request_67	1603458557362	1603458557383	OK	 
REQUEST	1		request_67	1603458557385	1603458557420	OK	 
REQUEST	1		request_67	1603458557421	1603458557452	OK	 
REQUEST	1		request_67	1603458557453	1603458557476	OK	 
REQUEST	1		request_67	1603458557478	1603458557513	OK	 
REQUEST	1		request_67	1603458557514	1603458557542	OK	 
REQUEST	1		request_67	1603458557543	1603458557566	OK	 
REQUEST	1		request_67	1603458557567	1603458557603	OK	 
REQUEST	1		request_67	1603458557605	1603458557630	OK	 
REQUEST	1		request_67	1603458557631	1603458557656	OK	 
REQUEST	1		request_67	1603458557658	1603458557693	OK	 
REQUEST	1		request_67	1603458557694	1603458557719	OK	 
REQUEST	1		request_67	1603458557721	1603458557758	OK	 
REQUEST	1		request_67	1603458557759	1603458557800	OK	 
REQUEST	1		request_67	1603458557801	1603458557825	OK	 
REQUEST	1		request_67	1603458557826	1603458557854	OK	 
REQUEST	1		request_67	1603458557856	1603458557898	OK	 
REQUEST	1		request_67	1603458557900	1603458557927	OK	 
REQUEST	1		request_67	1603458557929	1603458557950	OK	 
REQUEST	1		request_67	1603458557951	1603458557991	OK	 
REQUEST	1		request_67	1603458557991	1603458558021	OK	 
REQUEST	1		request_67	1603458558021	1603458558061	OK	 
REQUEST	1		request_67	1603458558062	1603458558101	OK	 
REQUEST	1		request_67	1603458558103	1603458558134	OK	 
REQUEST	1		request_67	1603458558136	1603458558156	OK	 
REQUEST	1		request_67	1603458558158	1603458558208	OK	 
REQUEST	1		request_67	1603458558210	1603458558237	OK	 
REQUEST	1		request_67	1603458558238	1603458558259	OK	 
REQUEST	1		request_67	1603458558261	1603458558296	OK	 
REQUEST	1		request_67	1603458558298	1603458558326	OK	 
REQUEST	1		request_67	1603458558327	1603458558348	OK	 
REQUEST	1		request_67	1603458558350	1603458558387	OK	 
REQUEST	1		request_67	1603458558388	1603458558414	OK	 
REQUEST	1		request_67	1603458558415	1603458558439	OK	 
REQUEST	1		request_67	1603458558441	1603458558484	OK	 
REQUEST	1		request_67	1603458558485	1603458558509	OK	 
REQUEST	1		request_67	1603458558510	1603458558531	OK	 
REQUEST	1		request_67	1603458558533	1603458558568	OK	 
REQUEST	1		request_67	1603458558570	1603458558602	OK	 
REQUEST	1		request_67	1603458558603	1603458558625	OK	 
REQUEST	1		request_67	1603458558627	1603458558663	OK	 
REQUEST	1		request_67	1603458558664	1603458558698	OK	 
REQUEST	1		request_67	1603458558699	1603458558720	OK	 
REQUEST	1		request_67	1603458558722	1603458558760	OK	 
REQUEST	1		request_67	1603458558762	1603458558791	OK	 
REQUEST	1		request_67	1603458558792	1603458558813	OK	 
REQUEST	1		request_67	1603458558815	1603458558851	OK	 
REQUEST	1		request_67	1603458558852	1603458558881	OK	 
REQUEST	1		request_67	1603458558882	1603458558903	OK	 
REQUEST	1		request_67	1603458558904	1603458558939	OK	 
REQUEST	1		request_67	1603458558940	1603458558976	OK	 
REQUEST	1		request_67	1603458558978	1603458559000	OK	 
REQUEST	1		request_67	1603458559002	1603458559039	OK	 
REQUEST	1		request_67	1603458559040	1603458559064	OK	 
REQUEST	1		request_67	1603458559065	1603458559099	OK	 
REQUEST	1		request_67	1603458559101	1603458559138	OK	 
REQUEST	1		request_67	1603458559140	1603458559170	OK	 
REQUEST	1		request_67	1603458559172	1603458559194	OK	 
REQUEST	1		request_67	1603458559196	1603458559233	OK	 
REQUEST	1		request_67	1603458559235	1603458559267	OK	 
REQUEST	1		request_67	1603458559269	1603458559298	OK	 
REQUEST	1		request_67	1603458559300	1603458559336	OK	 
REQUEST	1		request_67	1603458559337	1603458559368	OK	 
REQUEST	1		request_67	1603458559369	1603458559398	OK	 
REQUEST	1		request_67	1603458559400	1603458559436	OK	 
REQUEST	1		request_67	1603458559437	1603458559461	OK	 
REQUEST	1		request_67	1603458559462	1603458559483	OK	 
REQUEST	1		request_67	1603458559485	1603458559520	OK	 
REQUEST	1		request_67	1603458559521	1603458559552	OK	 
REQUEST	1		request_67	1603458559553	1603458559579	OK	 
REQUEST	1		request_67	1603458559580	1603458559612	OK	 
REQUEST	1		request_67	1603458559613	1603458559645	OK	 
REQUEST	1		request_67	1603458559646	1603458559668	OK	 
REQUEST	1		request_67	1603458559669	1603458559705	OK	 
REQUEST	1		request_67	1603458559706	1603458559734	OK	 
REQUEST	1		request_67	1603458559735	1603458559758	OK	 
REQUEST	1		request_67	1603458559759	1603458559798	OK	 
REQUEST	1		request_67	1603458559799	1603458559824	OK	 
REQUEST	1		request_67	1603458559825	1603458559848	OK	 
REQUEST	1		request_67	1603458559849	1603458559886	OK	 
REQUEST	1		request_67	1603458559888	1603458559909	OK	 
REQUEST	1		request_67	1603458559910	1603458559936	OK	 
REQUEST	1		request_67	1603458559937	1603458559968	OK	 
REQUEST	1		request_67	1603458559970	1603458560001	OK	 
REQUEST	1		request_67	1603458560002	1603458560026	OK	 
REQUEST	1		request_67	1603458560027	1603458560065	OK	 
REQUEST	1		request_67	1603458560066	1603458560097	OK	 
REQUEST	1		request_67	1603458560098	1603458560125	OK	 
REQUEST	1		request_67	1603458560126	1603458560165	OK	 
REQUEST	1		request_67	1603458560165	1603458560198	OK	 
REQUEST	1		request_67	1603458560198	1603458560218	OK	 
REQUEST	1		request_67	1603458560218	1603458560256	OK	 
REQUEST	1		request_67	1603458560257	1603458560282	OK	 
REQUEST	1		request_67	1603458560283	1603458560307	OK	 
REQUEST	1		request_67	1603458560309	1603458560346	OK	 
REQUEST	1		request_67	1603458560347	1603458560378	OK	 
REQUEST	1		request_67	1603458560379	1603458560399	OK	 
REQUEST	1		request_67	1603458560401	1603458560439	OK	 
REQUEST	1		request_67	1603458560440	1603458560463	OK	 
REQUEST	1		request_67	1603458560464	1603458560486	OK	 
REQUEST	1		request_67	1603458560487	1603458560524	OK	 
REQUEST	1		request_67	1603458560525	1603458560561	OK	 
REQUEST	1		request_67	1603458560562	1603458560582	OK	 
REQUEST	1		request_67	1603458560583	1603458560618	OK	 
REQUEST	1		request_67	1603458560619	1603458560645	OK	 
REQUEST	1		request_67	1603458560646	1603458560668	OK	 
REQUEST	1		request_67	1603458560669	1603458560705	OK	 
REQUEST	1		request_67	1603458560707	1603458560733	OK	 
REQUEST	1		request_67	1603458560735	1603458560769	OK	 
REQUEST	1		request_67	1603458560771	1603458560802	OK	 
REQUEST	1		request_67	1603458560803	1603458560829	OK	 
REQUEST	1		request_67	1603458560830	1603458560858	OK	 
REQUEST	1		request_67	1603458560859	1603458560897	OK	 
REQUEST	1		request_67	1603458560898	1603458560931	OK	 
REQUEST	1		request_67	1603458560932	1603458560953	OK	 
REQUEST	1		request_67	1603458560954	1603458560991	OK	 
REQUEST	1		request_67	1603458560992	1603458561022	OK	 
REQUEST	1		request_67	1603458561023	1603458561043	OK	 
REQUEST	1		request_67	1603458561045	1603458561081	OK	 
REQUEST	1		request_67	1603458561082	1603458561111	OK	 
REQUEST	1		request_67	1603458561112	1603458561132	OK	 
REQUEST	1		request_67	1603458561133	1603458561170	OK	 
REQUEST	1		request_67	1603458561171	1603458561208	OK	 
REQUEST	1		request_67	1603458561209	1603458561232	OK	 
REQUEST	1		request_67	1603458561234	1603458561269	OK	 
REQUEST	1		request_67	1603458561270	1603458561295	OK	 
REQUEST	1		request_67	1603458561296	1603458561321	OK	 
REQUEST	1		request_67	1603458561322	1603458561358	OK	 
REQUEST	1		request_67	1603458561359	1603458561389	OK	 
REQUEST	1		request_67	1603458561390	1603458561421	OK	 
REQUEST	1		request_67	1603458561422	1603458561456	OK	 
REQUEST	1		request_67	1603458561457	1603458561488	OK	 
REQUEST	1		request_67	1603458561488	1603458561512	OK	 
REQUEST	1		request_67	1603458561512	1603458561552	OK	 
REQUEST	1		request_67	1603458561552	1603458561591	OK	 
REQUEST	1		request_67	1603458561592	1603458561620	OK	 
REQUEST	1		request_67	1603458561621	1603458561660	OK	 
REQUEST	1		request_67	1603458561661	1603458561691	OK	 
REQUEST	1		request_67	1603458561692	1603458561714	OK	 
REQUEST	1		request_67	1603458561715	1603458561766	OK	 
REQUEST	1		request_67	1603458561767	1603458561793	OK	 
REQUEST	1		request_67	1603458561794	1603458561820	OK	 
REQUEST	1		request_67	1603458561822	1603458561859	OK	 
REQUEST	1		request_67	1603458561860	1603458561883	OK	 
REQUEST	1		request_67	1603458561884	1603458561907	OK	 
REQUEST	1		request_67	1603458561908	1603458561947	OK	 
REQUEST	1		request_67	1603458561948	1603458561978	OK	 
REQUEST	1		request_67	1603458561979	1603458562004	OK	 
REQUEST	1		request_67	1603458562005	1603458562036	OK	 
REQUEST	1		request_67	1603458562037	1603458562062	OK	 
REQUEST	1		request_67	1603458562063	1603458562088	OK	 
REQUEST	1		request_67	1603458562090	1603458562124	OK	 
REQUEST	1		request_67	1603458562125	1603458562154	OK	 
REQUEST	1		request_67	1603458562154	1603458562177	OK	 
REQUEST	1		request_67	1603458562179	1603458562215	OK	 
REQUEST	1		request_67	1603458562216	1603458562246	OK	 
REQUEST	1		request_67	1603458562247	1603458562302	OK	 
REQUEST	1		request_67	1603458562303	1603458562342	OK	 
REQUEST	1		request_67	1603458562343	1603458562373	OK	 
REQUEST	1		request_67	1603458562374	1603458562396	OK	 
REQUEST	1		request_67	1603458562398	1603458562439	OK	 
REQUEST	1		request_67	1603458562440	1603458562470	OK	 
REQUEST	1		request_67	1603458562471	1603458562497	OK	 
REQUEST	1		request_67	1603458562498	1603458562535	OK	 
REQUEST	1		request_67	1603458562536	1603458562562	OK	 
REQUEST	1		request_67	1603458562563	1603458562585	OK	 
REQUEST	1		request_67	1603458562586	1603458562623	OK	 
REQUEST	1		request_67	1603458562623	1603458562654	OK	 
REQUEST	1		request_67	1603458562655	1603458562676	OK	 
REQUEST	1		request_67	1603458562678	1603458562713	OK	 
REQUEST	1		request_67	1603458562714	1603458562743	OK	 
REQUEST	1		request_67	1603458562744	1603458562773	OK	 
REQUEST	1		request_67	1603458562775	1603458562809	OK	 
REQUEST	1		request_67	1603458562810	1603458562834	OK	 
REQUEST	1		request_67	1603458562835	1603458562864	OK	 
REQUEST	1		request_67	1603458562865	1603458562897	OK	 
REQUEST	1		request_67	1603458562898	1603458562925	OK	 
REQUEST	1		request_67	1603458562926	1603458562946	OK	 
REQUEST	1		request_67	1603458562947	1603458562983	OK	 
REQUEST	1		request_67	1603458562983	1603458563004	OK	 
REQUEST	1		request_67	1603458563004	1603458563023	OK	 
REQUEST	1		request_67	1603458563024	1603458563063	OK	 
REQUEST	1		request_67	1603458563064	1603458563090	OK	 
REQUEST	1		request_67	1603458563090	1603458563111	OK	 
REQUEST	1		request_67	1603458563112	1603458563150	OK	 
REQUEST	1		request_67	1603458563151	1603458563182	OK	 
REQUEST	1		request_67	1603458563182	1603458563203	OK	 
REQUEST	1		request_67	1603458563205	1603458563242	OK	 
REQUEST	1		request_67	1603458563243	1603458563271	OK	 
REQUEST	1		request_67	1603458563271	1603458563301	OK	 
REQUEST	1		request_67	1603458563302	1603458563342	OK	 
REQUEST	1		request_67	1603458563343	1603458563368	OK	 
REQUEST	1		request_67	1603458563369	1603458563391	OK	 
REQUEST	1		request_67	1603458563392	1603458563429	OK	 
REQUEST	1		request_67	1603458563430	1603458563454	OK	 
REQUEST	1		request_67	1603458563455	1603458563475	OK	 
REQUEST	1		request_67	1603458563476	1603458563516	OK	 
REQUEST	1		request_67	1603458563517	1603458563539	OK	 
REQUEST	1		request_67	1603458563540	1603458563560	OK	 
REQUEST	1		request_67	1603458563562	1603458563603	OK	 
REQUEST	1		request_67	1603458563604	1603458563650	OK	 
REQUEST	1		request_67	1603458563651	1603458563680	OK	 
REQUEST	1		request_67	1603458563681	1603458563718	OK	 
REQUEST	1		request_67	1603458563719	1603458563754	OK	 
REQUEST	1		request_67	1603458563755	1603458563776	OK	 
REQUEST	1		request_67	1603458563777	1603458563817	OK	 
REQUEST	1		request_67	1603458563817	1603458563849	OK	 
REQUEST	1		request_67	1603458563850	1603458563873	OK	 
REQUEST	1		request_67	1603458563874	1603458563909	OK	 
REQUEST	1		request_67	1603458563909	1603458563933	OK	 
REQUEST	1		request_67	1603458563934	1603458563960	OK	 
REQUEST	1		request_67	1603458563961	1603458563997	OK	 
REQUEST	1		request_67	1603458563998	1603458564023	OK	 
REQUEST	1		request_67	1603458564025	1603458564046	OK	 
REQUEST	1		request_67	1603458564047	1603458564083	OK	 
REQUEST	1		request_67	1603458564084	1603458564116	OK	 
REQUEST	1		request_67	1603458564117	1603458564138	OK	 
REQUEST	1		request_67	1603458564139	1603458564176	OK	 
REQUEST	1		request_67	1603458564177	1603458564208	OK	 
REQUEST	1		request_67	1603458564209	1603458564229	OK	 
REQUEST	1		request_67	1603458564230	1603458564267	OK	 
REQUEST	1		request_67	1603458564267	1603458564292	OK	 
REQUEST	1		request_67	1603458564293	1603458564316	OK	 
REQUEST	1		request_67	1603458564317	1603458564353	OK	 
REQUEST	1		request_67	1603458564354	1603458564378	OK	 
REQUEST	1		request_67	1603458564379	1603458564400	OK	 
REQUEST	1		request_67	1603458564401	1603458564440	OK	 
REQUEST	1		request_67	1603458564440	1603458564472	OK	 
REQUEST	1		request_67	1603458564473	1603458564493	OK	 
REQUEST	1		request_67	1603458564494	1603458564533	OK	 
REQUEST	1		request_67	1603458564534	1603458564567	OK	 
REQUEST	1		request_67	1603458564567	1603458564594	OK	 
REQUEST	1		request_67	1603458564594	1603458564625	OK	 
REQUEST	1		request_67	1603458564625	1603458564654	OK	 
REQUEST	1		request_67	1603458564655	1603458564676	OK	 
REQUEST	1		request_67	1603458564677	1603458564716	OK	 
REQUEST	1		request_67	1603458564716	1603458564751	OK	 
REQUEST	1		request_67	1603458564752	1603458564772	OK	 
REQUEST	1		request_67	1603458564773	1603458564811	OK	 
REQUEST	1		request_67	1603458564812	1603458564836	OK	 
REQUEST	1		request_67	1603458564837	1603458570005	OK	 
REQUEST	1		request_67	1603458570006	1603458570047	OK	 
REQUEST	1		request_67	1603458570048	1603458570083	OK	 
REQUEST	1		request_67	1603458570084	1603458570104	OK	 
REQUEST	1		request_67	1603458570105	1603458570147	OK	 
REQUEST	1		request_67	1603458570148	1603458570175	OK	 
REQUEST	1		request_67	1603458570175	1603458570201	OK	 
REQUEST	1		request_67	1603458570202	1603458570242	OK	 
REQUEST	1		request_67	1603458570243	1603458570274	OK	 
REQUEST	1		request_67	1603458570274	1603458570310	OK	 
REQUEST	1		request_67	1603458570312	1603458570352	OK	 
REQUEST	1		request_67	1603458570353	1603458570377	OK	 
REQUEST	1		request_67	1603458570378	1603458570400	OK	 
REQUEST	1		request_67	1603458570401	1603458570438	OK	 
REQUEST	1		request_67	1603458570439	1603458570463	OK	 
REQUEST	1		request_67	1603458570464	1603458570486	OK	 
REQUEST	1		request_67	1603458570487	1603458570521	OK	 
REQUEST	1		request_67	1603458570522	1603458570545	OK	 
REQUEST	1		request_67	1603458570546	1603458570566	OK	 
REQUEST	1		request_67	1603458570567	1603458570603	OK	 
REQUEST	1		request_67	1603458570604	1603458570652	OK	 
REQUEST	1		request_67	1603458570653	1603458570674	OK	 
REQUEST	1		request_67	1603458570675	1603458570719	OK	 
REQUEST	1		request_67	1603458570720	1603458570744	OK	 
REQUEST	1		request_67	1603458570745	1603458570770	OK	 
REQUEST	1		request_67	1603458570771	1603458570810	OK	 
REQUEST	1		request_67	1603458570811	1603458570844	OK	 
REQUEST	1		request_67	1603458570845	1603458570872	OK	 
REQUEST	1		request_67	1603458570873	1603458570916	OK	 
REQUEST	1		request_67	1603458570916	1603458570944	OK	 
REQUEST	1		request_67	1603458570945	1603458570971	OK	 
REQUEST	1		request_67	1603458570972	1603458571014	OK	 
REQUEST	1		request_67	1603458571015	1603458571043	OK	 
REQUEST	1		request_67	1603458571044	1603458571071	OK	 
REQUEST	1		request_67	1603458571073	1603458571109	OK	 
REQUEST	1		request_67	1603458571110	1603458571140	OK	 
REQUEST	1		request_67	1603458571140	1603458571170	OK	 
REQUEST	1		request_67	1603458571171	1603458571206	OK	 
REQUEST	1		request_67	1603458571207	1603458571232	OK	 
REQUEST	1		request_67	1603458571233	1603458571255	OK	 
REQUEST	1		request_67	1603458571256	1603458571289	OK	 
REQUEST	1		request_67	1603458571290	1603458571321	OK	 
REQUEST	1		request_67	1603458571322	1603458571355	OK	 
REQUEST	1		request_67	1603458571356	1603458571417	OK	 
REQUEST	1		request_67	1603458571418	1603458571444	OK	 
REQUEST	1		request_67	1603458571445	1603458571470	OK	 
REQUEST	1		request_67	1603458571471	1603458571509	OK	 
REQUEST	1		request_67	1603458571510	1603458571538	OK	 
REQUEST	1		request_67	1603458571539	1603458571568	OK	 
REQUEST	1		request_67	1603458571569	1603458571612	OK	 
REQUEST	1		request_67	1603458571614	1603458571637	OK	 
REQUEST	1		request_67	1603458571638	1603458571666	OK	 
REQUEST	1		request_67	1603458571668	1603458571709	OK	 
REQUEST	1		request_67	1603458571711	1603458571735	OK	 
REQUEST	1		request_67	1603458571735	1603458571760	OK	 
REQUEST	1		request_67	1603458571761	1603458571801	OK	 
REQUEST	1		request_67	1603458571803	1603458571826	OK	 
REQUEST	1		request_67	1603458571827	1603458571849	OK	 
REQUEST	1		request_67	1603458571851	1603458571892	OK	 
REQUEST	1		request_67	1603458571893	1603458571934	OK	 
REQUEST	1		request_67	1603458571935	1603458571968	OK	 
REQUEST	1		request_67	1603458571969	1603458572012	OK	 
REQUEST	1		request_67	1603458572012	1603458572041	OK	 
REQUEST	1		request_67	1603458572041	1603458572062	OK	 
REQUEST	1		request_67	1603458572063	1603458572102	OK	 
REQUEST	1		request_67	1603458572102	1603458572130	OK	 
REQUEST	1		request_67	1603458572131	1603458572151	OK	 
REQUEST	1		request_67	1603458572152	1603458572186	OK	 
REQUEST	1		request_67	1603458572187	1603458572217	OK	 
REQUEST	1		request_67	1603458572218	1603458572244	OK	 
REQUEST	1		request_67	1603458572245	1603458572279	OK	 
REQUEST	1		request_67	1603458572280	1603458572307	OK	 
REQUEST	1		request_67	1603458572308	1603458572328	OK	 
REQUEST	1		request_67	1603458572329	1603458572365	OK	 
REQUEST	1		request_67	1603458572366	1603458572395	OK	 
REQUEST	1		request_67	1603458572396	1603458572417	OK	 
REQUEST	1		request_67	1603458572418	1603458572454	OK	 
REQUEST	1		request_67	1603458572455	1603458572483	OK	 
REQUEST	1		request_67	1603458572484	1603458572506	OK	 
REQUEST	1		request_67	1603458572507	1603458572543	OK	 
REQUEST	1		request_67	1603458572544	1603458572577	OK	 
REQUEST	1		request_67	1603458572578	1603458572598	OK	 
REQUEST	1		request_67	1603458572600	1603458572633	OK	 
REQUEST	1		request_67	1603458572634	1603458572658	OK	 
REQUEST	1		request_67	1603458572659	1603458572680	OK	 
REQUEST	1		request_67	1603458572681	1603458572721	OK	 
REQUEST	1		request_67	1603458572722	1603458572748	OK	 
REQUEST	1		request_67	1603458572749	1603458572778	OK	 
REQUEST	1		request_67	1603458572779	1603458572820	OK	 
REQUEST	1		request_67	1603458572821	1603458572851	OK	 
REQUEST	1		request_67	1603458572851	1603458572874	OK	 
REQUEST	1		request_67	1603458572874	1603458572912	OK	 
REQUEST	1		request_67	1603458572913	1603458572941	OK	 
REQUEST	1		request_67	1603458572942	1603458572971	OK	 
REQUEST	1		request_67	1603458572971	1603458573007	OK	 
REQUEST	1		request_67	1603458573008	1603458573039	OK	 
REQUEST	1		request_67	1603458573040	1603458573067	OK	 
REQUEST	1		request_67	1603458573068	1603458573104	OK	 
REQUEST	1		request_67	1603458573104	1603458573125	OK	 
REQUEST	1		request_67	1603458573125	1603458573144	OK	 
REQUEST	1		request_67	1603458573145	1603458573186	OK	 
REQUEST	1		request_67	1603458573187	1603458573210	OK	 
REQUEST	1		request_67	1603458573211	1603458573235	OK	 
REQUEST	1		request_67	1603458573236	1603458573280	OK	 
REQUEST	1		request_67	1603458573281	1603458573309	OK	 
REQUEST	1		request_67	1603458573309	1603458573337	OK	 
REQUEST	1		request_67	1603458573338	1603458573378	OK	 
REQUEST	1		request_67	1603458573379	1603458573416	OK	 
REQUEST	1		request_67	1603458573417	1603458573437	OK	 
REQUEST	1		request_67	1603458573438	1603458573474	OK	 
REQUEST	1		request_67	1603458573475	1603458573503	OK	 
REQUEST	1		request_67	1603458573504	1603458573524	OK	 
REQUEST	1		request_67	1603458573525	1603458573568	OK	 
REQUEST	1		request_67	1603458573569	1603458573598	OK	 
REQUEST	1		request_67	1603458573599	1603458573628	OK	 
REQUEST	1		request_67	1603458573628	1603458573674	OK	 
REQUEST	1		request_67	1603458573674	1603458573701	OK	 
REQUEST	1		request_67	1603458573702	1603458573733	OK	 
REQUEST	1		request_67	1603458573734	1603458573780	OK	 
REQUEST	1		request_67	1603458573781	1603458573811	OK	 
REQUEST	1		request_67	1603458573811	1603458573840	OK	 
