RUN	basic.CadastrarAnuncio	cadastraranuncio	1603471279530	teste	3.0.2
USER	CadastrarAnuncio	1	START	1603471281791	1603471281791
REQUEST	1		Gerar Token	1603471281810	1603471287456	OK	 
REQUEST	1		request_0	1603471292479	1603471298063	OK	 
REQUEST	1		request_1	1603471298141	1603471298167	OK	 
REQUEST	1		request_2	1603471298142	1603471298170	OK	 
REQUEST	1		request_3	1603471298141	1603471298224	OK	 
REQUEST	1		request_4	1603471298142	1603471298226	OK	 
REQUEST	1		request_7	1603471298143	1603471298228	OK	 
REQUEST	1		request_8	1603471308237	1603471308258	OK	 
REQUEST	1		request_9	1603471308261	1603471313294	OK	 
REQUEST	1		request_11	1603471313288	1603471313433	OK	 
REQUEST	1		request_10	1603471308263	1603471313462	OK	 
REQUEST	1		request_13	1603471325457	1603471325507	OK	 
REQUEST	1		request_13 Redirect 1	1603471325515	1603471325557	OK	 
REQUEST	1		request_17	1603471325586	1603471330626	OK	 
REQUEST	1		request_14	1603471325582	1603471335660	OK	 
REQUEST	1		request_21	1603471325584	1603471335662	OK	 
REQUEST	1		request_18	1603471325583	1603471335664	OK	 
REQUEST	1		request_16	1603471325585	1603471335667	OK	 
REQUEST	1		request_26	1603471330621	1603471335669	OK	 
REQUEST	1		request_28	1603471330623	1603471335680	OK	 
REQUEST	1		request_26	1603471335670	1603471335708	OK	 
REQUEST	1		request_28	1603471335681	1603471335748	OK	 
REQUEST	1		request_23	1603471325585	1603471335749	OK	 
REQUEST	1		request_26	1603471335710	1603471335776	OK	 
REQUEST	1		request_17	1603471330628	1603471335786	OK	 
REQUEST	1		request_28	1603471335748	1603471335789	OK	 
REQUEST	1		request_19	1603471325587	1603471335789	OK	 
REQUEST	1		request_25	1603471330621	1603471335806	OK	 
REQUEST	1		request_19	1603471335790	1603471335815	OK	 
REQUEST	1		request_25	1603471335807	1603471335833	OK	 
REQUEST	1		request_63	1603471337826	1603471337847	OK	 
REQUEST	1		request_64	1603471337852	1603471337880	OK	 
REQUEST	1		request_65	1603471337853	1603471337881	OK	 
REQUEST	1		request_66	1603471337854	1603471337888	OK	 
REQUEST	1		request_67	1603471337856	1603471337891	OK	 
REQUEST	1		request_66	1603471337889	1603471337931	OK	 
REQUEST	1		request_67	1603471337893	1603471337934	OK	 
REQUEST	1		request_67	1603471337935	1603471337974	OK	 
REQUEST	1		request_66	1603471337932	1603471337989	OK	 
REQUEST	1		request_67	1603471337976	1603471338000	OK	 
REQUEST	1		request_67	1603471338002	1603471338038	OK	 
REQUEST	1		request_67	1603471338039	1603471338071	OK	 
REQUEST	1		request_67	1603471338072	1603471338100	OK	 
REQUEST	1		request_67	1603471338101	1603471338139	OK	 
REQUEST	1		request_67	1603471338140	1603471338169	OK	 
REQUEST	1		request_67	1603471338170	1603471338192	OK	 
REQUEST	1		request_67	1603471338193	1603471338234	OK	 
REQUEST	1		request_67	1603471338235	1603471338260	OK	 
REQUEST	1		request_67	1603471338261	1603471338280	OK	 
REQUEST	1		request_67	1603471338282	1603471338320	OK	 
REQUEST	1		request_67	1603471338321	1603471338345	OK	 
REQUEST	1		request_67	1603471338346	1603471338368	OK	 
REQUEST	1		request_67	1603471338370	1603471338407	OK	 
REQUEST	1		request_67	1603471338409	1603471338434	OK	 
REQUEST	1		request_67	1603471338435	1603471338458	OK	 
REQUEST	1		request_67	1603471338459	1603471338499	OK	 
REQUEST	1		request_67	1603471338501	1603471338527	OK	 
REQUEST	1		request_67	1603471338528	1603471338553	OK	 
REQUEST	1		request_67	1603471338554	1603471338596	OK	 
REQUEST	1		request_67	1603471338598	1603471338640	OK	 
REQUEST	1		request_67	1603471338641	1603471338687	OK	 
REQUEST	1		request_67	1603471338688	1603471338728	OK	 
REQUEST	1		request_67	1603471338730	1603471338755	OK	 
REQUEST	1		request_67	1603471338756	1603471338780	OK	 
REQUEST	1		request_67	1603471338781	1603471338815	OK	 
REQUEST	1		request_67	1603471338816	1603471338846	OK	 
REQUEST	1		request_67	1603471338847	1603471338891	OK	 
REQUEST	1		request_67	1603471338892	1603471338928	OK	 
REQUEST	1		request_67	1603471338929	1603471338953	OK	 
REQUEST	1		request_67	1603471338954	1603471338988	OK	 
REQUEST	1		request_67	1603471338990	1603471339033	OK	 
REQUEST	1		request_67	1603471339034	1603471339067	OK	 
REQUEST	1		request_67	1603471339068	1603471339100	OK	 
REQUEST	1		request_67	1603471339101	1603471339140	OK	 
REQUEST	1		request_67	1603471339140	1603471339167	OK	 
REQUEST	1		request_67	1603471339168	1603471339189	OK	 
REQUEST	1		request_67	1603471339191	1603471339232	OK	 
REQUEST	1		request_67	1603471339233	1603471339260	OK	 
REQUEST	1		request_67	1603471339261	1603471339291	OK	 
REQUEST	1		request_67	1603471339292	1603471339340	OK	 
REQUEST	1		request_67	1603471339341	1603471339367	OK	 
REQUEST	1		request_67	1603471339368	1603471339389	OK	 
REQUEST	1		request_67	1603471339390	1603471339427	OK	 
REQUEST	1		request_67	1603471339428	1603471339454	OK	 
REQUEST	1		request_67	1603471339455	1603471339482	OK	 
REQUEST	1		request_67	1603471339483	1603471339520	OK	 
REQUEST	1		request_67	1603471339522	1603471339548	OK	 
REQUEST	1		request_67	1603471339549	1603471339575	OK	 
REQUEST	1		request_67	1603471339577	1603471339612	OK	 
REQUEST	1		request_67	1603471339613	1603471339642	OK	 
REQUEST	1		request_67	1603471339643	1603471339670	OK	 
REQUEST	1		request_67	1603471339672	1603471339707	OK	 
REQUEST	1		request_67	1603471339708	1603471339734	OK	 
REQUEST	1		request_67	1603471339734	1603471339757	OK	 
REQUEST	1		request_67	1603471339758	1603471339798	OK	 
REQUEST	1		request_67	1603471339799	1603471339839	OK	 
REQUEST	1		request_67	1603471339840	1603471339867	OK	 
REQUEST	1		request_67	1603471339868	1603471339900	OK	 
REQUEST	1		request_67	1603471339900	1603471339926	OK	 
REQUEST	1		request_67	1603471339928	1603471339949	OK	 
REQUEST	1		request_67	1603471339950	1603471340000	OK	 
REQUEST	1		request_67	1603471340000	1603471340029	OK	 
REQUEST	1		request_67	1603471340029	1603471340050	OK	 
REQUEST	1		request_67	1603471340051	1603471340087	OK	 
REQUEST	1		request_67	1603471340088	1603471340114	OK	 
REQUEST	1		request_67	1603471340115	1603471340147	OK	 
REQUEST	1		request_67	1603471340148	1603471340191	OK	 
REQUEST	1		request_67	1603471340192	1603471340218	OK	 
REQUEST	1		request_67	1603471340218	1603471340240	OK	 
REQUEST	1		request_67	1603471340241	1603471340280	OK	 
REQUEST	1		request_67	1603471340281	1603471340306	OK	 
REQUEST	1		request_67	1603471340307	1603471340327	OK	 
REQUEST	1		request_67	1603471340329	1603471340360	OK	 
REQUEST	1		request_67	1603471340361	1603471340387	OK	 
REQUEST	1		request_67	1603471340389	1603471340409	OK	 
REQUEST	1		request_67	1603471340410	1603471340448	OK	 
REQUEST	1		request_67	1603471340449	1603471340478	OK	 
REQUEST	1		request_67	1603471340479	1603471340508	OK	 
REQUEST	1		request_67	1603471340510	1603471340545	OK	 
REQUEST	1		request_67	1603471340546	1603471340577	OK	 
REQUEST	1		request_67	1603471340578	1603471340606	OK	 
REQUEST	1		request_67	1603471340607	1603471340655	OK	 
REQUEST	1		request_67	1603471340656	1603471340690	OK	 
REQUEST	1		request_67	1603471340691	1603471340713	OK	 
REQUEST	1		request_67	1603471340715	1603471340754	OK	 
REQUEST	1		request_67	1603471340755	1603471340780	OK	 
REQUEST	1		request_67	1603471340781	1603471340800	OK	 
REQUEST	1		request_67	1603471340802	1603471340838	OK	 
REQUEST	1		request_67	1603471340840	1603471340866	OK	 
REQUEST	1		request_67	1603471340867	1603471340890	OK	 
REQUEST	1		request_67	1603471340892	1603471340936	OK	 
REQUEST	1		request_67	1603471340937	1603471340968	OK	 
REQUEST	1		request_67	1603471340969	1603471340991	OK	 
REQUEST	1		request_67	1603471340992	1603471341030	OK	 
REQUEST	1		request_67	1603471341030	1603471341059	OK	 
REQUEST	1		request_67	1603471341060	1603471341088	OK	 
REQUEST	1		request_67	1603471341089	1603471341120	OK	 
REQUEST	1		request_67	1603471341122	1603471341145	OK	 
REQUEST	1		request_67	1603471341146	1603471341167	OK	 
REQUEST	1		request_67	1603471341169	1603471341199	OK	 
REQUEST	1		request_67	1603471341200	1603471341229	OK	 
REQUEST	1		request_67	1603471341230	1603471341251	OK	 
REQUEST	1		request_67	1603471341252	1603471341288	OK	 
REQUEST	1		request_67	1603471341289	1603471341315	OK	 
REQUEST	1		request_67	1603471341316	1603471341336	OK	 
REQUEST	1		request_67	1603471341337	1603471341372	OK	 
REQUEST	1		request_67	1603471341373	1603471341400	OK	 
REQUEST	1		request_67	1603471341401	1603471341427	OK	 
REQUEST	1		request_67	1603471341428	1603471341460	OK	 
REQUEST	1		request_67	1603471341461	1603471341487	OK	 
REQUEST	1		request_67	1603471341488	1603471341508	OK	 
REQUEST	1		request_67	1603471341510	1603471341540	OK	 
REQUEST	1		request_67	1603471341540	1603471341567	OK	 
REQUEST	1		request_67	1603471341568	1603471341593	OK	 
REQUEST	1		request_67	1603471341594	1603471341630	OK	 
REQUEST	1		request_67	1603471341631	1603471341655	OK	 
REQUEST	1		request_67	1603471341656	1603471341678	OK	 
REQUEST	1		request_67	1603471341680	1603471341720	OK	 
REQUEST	1		request_67	1603471341721	1603471341747	OK	 
REQUEST	1		request_67	1603471341748	1603471341770	OK	 
REQUEST	1		request_67	1603471341771	1603471341800	OK	 
REQUEST	1		request_67	1603471341801	1603471341828	OK	 
REQUEST	1		request_67	1603471341829	1603471341860	OK	 
REQUEST	1		request_67	1603471341861	1603471341895	OK	 
REQUEST	1		request_67	1603471341896	1603471341920	OK	 
REQUEST	1		request_67	1603471341921	1603471341946	OK	 
REQUEST	1		request_67	1603471341947	1603471341988	OK	 
REQUEST	1		request_67	1603471341989	1603471342012	OK	 
REQUEST	1		request_67	1603471342013	1603471342035	OK	 
REQUEST	1		request_67	1603471342036	1603471342075	OK	 
REQUEST	1		request_67	1603471342076	1603471342100	OK	 
REQUEST	1		request_67	1603471342100	1603471342120	OK	 
REQUEST	1		request_67	1603471342122	1603471342157	OK	 
REQUEST	1		request_67	1603471342158	1603471342183	OK	 
REQUEST	1		request_67	1603471342184	1603471342209	OK	 
REQUEST	1		request_67	1603471342210	1603471342247	OK	 
REQUEST	1		request_67	1603471342247	1603471342272	OK	 
REQUEST	1		request_67	1603471342273	1603471342296	OK	 
REQUEST	1		request_67	1603471342297	1603471342336	OK	 
REQUEST	1		request_67	1603471342336	1603471342360	OK	 
REQUEST	1		request_67	1603471342360	1603471342391	OK	 
REQUEST	1		request_67	1603471342393	1603471342435	OK	 
REQUEST	1		request_67	1603471342436	1603471342461	OK	 
REQUEST	1		request_67	1603471342462	1603471342487	OK	 
REQUEST	1		request_67	1603471342488	1603471342526	OK	 
REQUEST	1		request_67	1603471342527	1603471342558	OK	 
REQUEST	1		request_67	1603471342559	1603471342589	OK	 
REQUEST	1		request_67	1603471342590	1603471342631	OK	 
REQUEST	1		request_67	1603471342632	1603471342657	OK	 
REQUEST	1		request_67	1603471342657	1603471342677	OK	 
REQUEST	1		request_67	1603471342678	1603471342715	OK	 
REQUEST	1		request_67	1603471342716	1603471342742	OK	 
REQUEST	1		request_67	1603471342743	1603471342762	OK	 
REQUEST	1		request_67	1603471342763	1603471342798	OK	 
REQUEST	1		request_67	1603471342799	1603471342827	OK	 
REQUEST	1		request_67	1603471342828	1603471342851	OK	 
REQUEST	1		request_67	1603471342852	1603471342886	OK	 
REQUEST	1		request_67	1603471342886	1603471342911	OK	 
REQUEST	1		request_67	1603471342912	1603471342939	OK	 
REQUEST	1		request_67	1603471342940	1603471342977	OK	 
REQUEST	1		request_67	1603471342978	1603471343006	OK	 
REQUEST	1		request_67	1603471343007	1603471343028	OK	 
REQUEST	1		request_67	1603471343028	1603471343060	OK	 
REQUEST	1		request_67	1603471343060	1603471343089	OK	 
REQUEST	1		request_67	1603471343089	1603471343109	OK	 
REQUEST	1		request_67	1603471343110	1603471343151	OK	 
REQUEST	1		request_67	1603471343152	1603471343174	OK	 
REQUEST	1		request_67	1603471343175	1603471343199	OK	 
REQUEST	1		request_67	1603471343200	1603471343234	OK	 
REQUEST	1		request_67	1603471343235	1603471343270	OK	 
REQUEST	1		request_67	1603471343270	1603471343299	OK	 
REQUEST	1		request_67	1603471343300	1603471343335	OK	 
REQUEST	1		request_67	1603471343336	1603471343360	OK	 
REQUEST	1		request_67	1603471343361	1603471343387	OK	 
REQUEST	1		request_67	1603471343389	1603471343427	OK	 
REQUEST	1		request_67	1603471343428	1603471343456	OK	 
REQUEST	1		request_67	1603471343457	1603471343488	OK	 
REQUEST	1		request_67	1603471343489	1603471343533	OK	 
REQUEST	1		request_67	1603471343534	1603471343573	OK	 
REQUEST	1		request_67	1603471343573	1603471343606	OK	 
REQUEST	1		request_67	1603471343607	1603471343639	OK	 
REQUEST	1		request_67	1603471343640	1603471343669	OK	 
REQUEST	1		request_67	1603471343670	1603471343695	OK	 
REQUEST	1		request_67	1603471343696	1603471343731	OK	 
REQUEST	1		request_67	1603471343732	1603471343759	OK	 
REQUEST	1		request_67	1603471343760	1603471343786	OK	 
REQUEST	1		request_67	1603471343787	1603471343820	OK	 
REQUEST	1		request_67	1603471343821	1603471343850	OK	 
REQUEST	1		request_67	1603471343851	1603471343871	OK	 
REQUEST	1		request_67	1603471343872	1603471343911	OK	 
REQUEST	1		request_67	1603471343912	1603471343943	OK	 
REQUEST	1		request_67	1603471343944	1603471343972	OK	 
REQUEST	1		request_67	1603471343973	1603471344007	OK	 
REQUEST	1		request_67	1603471344008	1603471344029	OK	 
REQUEST	1		request_67	1603471344030	1603471344049	OK	 
REQUEST	1		request_67	1603471344050	1603471344087	OK	 
REQUEST	1		request_67	1603471344088	1603471344114	OK	 
REQUEST	1		request_67	1603471344115	1603471344137	OK	 
REQUEST	1		request_67	1603471344138	1603471344179	OK	 
REQUEST	1		request_67	1603471344180	1603471344206	OK	 
REQUEST	1		request_67	1603471344207	1603471344227	OK	 
REQUEST	1		request_67	1603471344228	1603471344270	OK	 
REQUEST	1		request_67	1603471344271	1603471344296	OK	 
REQUEST	1		request_67	1603471344297	1603471344319	OK	 
REQUEST	1		request_67	1603471344320	1603471344358	OK	 
REQUEST	1		request_67	1603471344359	1603471344390	OK	 
REQUEST	1		request_67	1603471344391	1603471344411	OK	 
REQUEST	1		request_67	1603471344412	1603471344448	OK	 
REQUEST	1		request_67	1603471344448	1603471344474	OK	 
REQUEST	1		request_67	1603471344474	1603471344500	OK	 
REQUEST	1		request_67	1603471344501	1603471344550	OK	 
REQUEST	1		request_67	1603471344551	1603471344577	OK	 
REQUEST	1		request_67	1603471344578	1603471344600	OK	 
REQUEST	1		request_67	1603471344601	1603471344637	OK	 
REQUEST	1		request_67	1603471344638	1603471344665	OK	 
REQUEST	1		request_67	1603471344666	1603471344689	OK	 
REQUEST	1		request_67	1603471344690	1603471344729	OK	 
REQUEST	1		request_67	1603471344730	1603471344756	OK	 
REQUEST	1		request_67	1603471344756	1603471344786	OK	 
REQUEST	1		request_67	1603471344787	1603471344819	OK	 
REQUEST	1		request_67	1603471344820	1603471344851	OK	 
REQUEST	1		request_67	1603471344851	1603471344880	OK	 
REQUEST	1		request_67	1603471344880	1603471344926	OK	 
REQUEST	1		request_67	1603471344926	1603471344951	OK	 
REQUEST	1		request_67	1603471344951	1603471344974	OK	 
REQUEST	1		request_67	1603471344975	1603471345019	OK	 
REQUEST	1		request_67	1603471345020	1603471345046	OK	 
REQUEST	1		request_67	1603471345046	1603471345068	OK	 
REQUEST	1		request_67	1603471345069	1603471345100	OK	 
REQUEST	1		request_67	1603471345100	1603471345128	OK	 
REQUEST	1		request_67	1603471345129	1603471345149	OK	 
REQUEST	1		request_67	1603471345150	1603471345190	OK	 
REQUEST	1		request_67	1603471345191	1603471345216	OK	 
REQUEST	1		request_67	1603471345217	1603471345240	OK	 
REQUEST	1		request_67	1603471345241	1603471345279	OK	 
REQUEST	1		request_67	1603471345280	1603471345308	OK	 
REQUEST	1		request_67	1603471345309	1603471345331	OK	 
REQUEST	1		request_67	1603471345332	1603471345368	OK	 
REQUEST	1		request_67	1603471345368	1603471345394	OK	 
REQUEST	1		request_67	1603471345395	1603471345420	OK	 
REQUEST	1		request_67	1603471345421	1603471345456	OK	 
REQUEST	1		request_67	1603471345457	1603471345485	OK	 
REQUEST	1		request_67	1603471345486	1603471345513	OK	 
REQUEST	1		request_67	1603471345513	1603471345551	OK	 
REQUEST	1		request_67	1603471345552	1603471345578	OK	 
REQUEST	1		request_67	1603471345579	1603471345610	OK	 
REQUEST	1		request_67	1603471345611	1603471345656	OK	 
REQUEST	1		request_67	1603471345657	1603471345689	OK	 
REQUEST	1		request_67	1603471345689	1603471345711	OK	 
REQUEST	1		request_67	1603471345713	1603471345752	OK	 
REQUEST	1		request_67	1603471345753	1603471345776	OK	 
REQUEST	1		request_67	1603471345777	1603471345800	OK	 
REQUEST	1		request_67	1603471345801	1603471345838	OK	 
REQUEST	1		request_67	1603471345839	1603471345867	OK	 
REQUEST	1		request_67	1603471345868	1603471345888	OK	 
REQUEST	1		request_67	1603471345888	1603471345934	OK	 
REQUEST	1		request_67	1603471345935	1603471345958	OK	 
REQUEST	1		request_67	1603471345958	1603471345978	OK	 
REQUEST	1		request_67	1603471345978	1603471346015	OK	 
REQUEST	1		request_67	1603471346016	1603471346048	OK	 
REQUEST	1		request_67	1603471346048	1603471346069	OK	 
REQUEST	1		request_67	1603471346070	1603471346099	OK	 
REQUEST	1		request_67	1603471346100	1603471346127	OK	 
REQUEST	1		request_67	1603471346127	1603471346152	OK	 
REQUEST	1		request_67	1603471346153	1603471346195	OK	 
REQUEST	1		request_67	1603471346196	1603471346220	OK	 
REQUEST	1		request_67	1603471346220	1603471346246	OK	 
REQUEST	1		request_67	1603471346247	1603471346287	OK	 
REQUEST	1		request_67	1603471346288	1603471346309	OK	 
REQUEST	1		request_67	1603471346310	1603471346331	OK	 
REQUEST	1		request_67	1603471346332	1603471346375	OK	 
REQUEST	1		request_67	1603471346375	1603471346399	OK	 
REQUEST	1		request_67	1603471346399	1603471346420	OK	 
REQUEST	1		request_67	1603471346420	1603471346460	OK	 
REQUEST	1		request_67	1603471346461	1603471346489	OK	 
REQUEST	1		request_67	1603471346490	1603471346520	OK	 
REQUEST	1		request_67	1603471346520	1603471346560	OK	 
REQUEST	1		request_67	1603471346560	1603471346590	OK	 
REQUEST	1		request_67	1603471346591	1603471346611	OK	 
REQUEST	1		request_67	1603471346612	1603471346652	OK	 
REQUEST	1		request_67	1603471346653	1603471346677	OK	 
REQUEST	1		request_67	1603471346678	1603471346697	OK	 
REQUEST	1		request_67	1603471346698	1603471346738	OK	 
REQUEST	1		request_67	1603471346739	1603471346770	OK	 
REQUEST	1		request_67	1603471346770	1603471352309	OK	 
REQUEST	1		request_67	1603471352310	1603471352356	OK	 
REQUEST	1		request_67	1603471352357	1603471352386	OK	 
REQUEST	1		request_67	1603471352387	1603471352412	OK	 
REQUEST	1		request_67	1603471352413	1603471352451	OK	 
REQUEST	1		request_67	1603471352452	1603471352480	OK	 
REQUEST	1		request_67	1603471352480	1603471352507	OK	 
REQUEST	1		request_67	1603471352508	1603471352540	OK	 
REQUEST	1		request_67	1603471352540	1603471352566	OK	 
REQUEST	1		request_67	1603471352566	1603471352587	OK	 
REQUEST	1		request_67	1603471352588	1603471352620	OK	 
REQUEST	1		request_67	1603471352620	1603471352646	OK	 
REQUEST	1		request_67	1603471352647	1603471352667	OK	 
REQUEST	1		request_67	1603471352668	1603471352699	OK	 
REQUEST	1		request_67	1603471352700	1603471352727	OK	 
REQUEST	1		request_67	1603471352728	1603471352759	OK	 
REQUEST	1		request_67	1603471352760	1603471352795	OK	 
REQUEST	1		request_67	1603471352796	1603471352820	OK	 
REQUEST	1		request_67	1603471352820	1603471352840	OK	 
REQUEST	1		request_67	1603471352840	1603471352876	OK	 
REQUEST	1		request_67	1603471352877	1603471352907	OK	 
REQUEST	1		request_67	1603471352907	1603471352931	OK	 
REQUEST	1		request_67	1603471352932	1603471352971	OK	 
REQUEST	1		request_67	1603471352971	1603471353001	OK	 
REQUEST	1		request_67	1603471353002	1603471353028	OK	 
REQUEST	1		request_67	1603471353029	1603471353070	OK	 
REQUEST	1		request_67	1603471353071	1603471353099	OK	 
REQUEST	1		request_67	1603471353099	1603471353127	OK	 
REQUEST	1		request_67	1603471353127	1603471353172	OK	 
REQUEST	1		request_67	1603471353173	1603471353196	OK	 
REQUEST	1		request_67	1603471353197	1603471353226	OK	 
REQUEST	1		request_67	1603471353227	1603471353260	OK	 
REQUEST	1		request_67	1603471353260	1603471353286	OK	 
REQUEST	1		request_67	1603471353287	1603471353316	OK	 
REQUEST	1		request_67	1603471353317	1603471353360	OK	 
REQUEST	1		request_67	1603471353361	1603471353388	OK	 
REQUEST	1		request_67	1603471353389	1603471353409	OK	 
REQUEST	1		request_67	1603471353409	1603471353440	OK	 
REQUEST	1		request_67	1603471353440	1603471353470	OK	 
REQUEST	1		request_67	1603471353471	1603471353492	OK	 
REQUEST	1		request_67	1603471353493	1603471353533	OK	 
REQUEST	1		request_67	1603471353534	1603471353560	OK	 
REQUEST	1		request_67	1603471353560	1603471353587	OK	 
REQUEST	1		request_67	1603471353587	1603471353619	OK	 
REQUEST	1		request_67	1603471353620	1603471353646	OK	 
REQUEST	1		request_67	1603471353647	1603471353670	OK	 
REQUEST	1		request_67	1603471353670	1603471353706	OK	 
REQUEST	1		request_67	1603471353707	1603471353728	OK	 
REQUEST	1		request_67	1603471353729	1603471353750	OK	 
REQUEST	1		request_67	1603471353751	1603471353779	OK	 
REQUEST	1		request_67	1603471353780	1603471353805	OK	 
REQUEST	1		request_67	1603471353806	1603471353828	OK	 
REQUEST	1		request_67	1603471353828	1603471353871	OK	 
REQUEST	1		request_67	1603471353872	1603471353899	OK	 
REQUEST	1		request_67	1603471353899	1603471353926	OK	 
REQUEST	1		request_67	1603471353927	1603471353960	OK	 
REQUEST	1		request_67	1603471353961	1603471353987	OK	 
REQUEST	1		request_67	1603471353987	1603471354017	OK	 
REQUEST	1		request_67	1603471354017	1603471354054	OK	 
REQUEST	1		request_67	1603471354055	1603471354087	OK	 
REQUEST	1		request_67	1603471354088	1603471354108	OK	 
REQUEST	1		request_67	1603471354108	1603471354146	OK	 
REQUEST	1		request_67	1603471354146	1603471354177	OK	 
REQUEST	1		request_67	1603471354177	1603471354200	OK	 
REQUEST	1		request_67	1603471354200	1603471354239	OK	 
REQUEST	1		request_67	1603471354240	1603471354265	OK	 
REQUEST	1		request_67	1603471354266	1603471354288	OK	 
REQUEST	1		request_67	1603471354289	1603471354319	OK	 
REQUEST	1		request_67	1603471354320	1603471354345	OK	 
REQUEST	1		request_67	1603471354346	1603471354369	OK	 
REQUEST	1		request_67	1603471354370	1603471354414	OK	 
REQUEST	1		request_67	1603471354415	1603471354440	OK	 
REQUEST	1		request_67	1603471354440	1603471354459	OK	 
REQUEST	1		request_67	1603471354459	1603471354500	OK	 
REQUEST	1		request_67	1603471354500	1603471354531	OK	 
REQUEST	1		request_67	1603471354532	1603471354554	OK	 
REQUEST	1		request_67	1603471354555	1603471354593	OK	 
REQUEST	1		request_67	1603471354593	1603471354615	OK	 
REQUEST	1		request_67	1603471354616	1603471354637	OK	 
REQUEST	1		request_67	1603471354638	1603471354679	OK	 
REQUEST	1		request_67	1603471354680	1603471354705	OK	 
REQUEST	1		request_67	1603471354705	1603471354730	OK	 
REQUEST	1		request_67	1603471354730	1603471354775	OK	 
REQUEST	1		request_67	1603471354776	1603471354798	OK	 
REQUEST	1		request_67	1603471354799	1603471354826	OK	 
REQUEST	1		request_67	1603471354827	1603471354859	OK	 
REQUEST	1		request_67	1603471354860	1603471354890	OK	 
REQUEST	1		request_67	1603471354890	1603471354912	OK	 
REQUEST	1		request_67	1603471354913	1603471354954	OK	 
REQUEST	1		request_67	1603471354954	1603471354979	OK	 
REQUEST	1		request_67	1603471354979	1603471355008	OK	 
REQUEST	1		request_67	1603471355008	1603471355040	OK	 
REQUEST	1		request_67	1603471355040	1603471355068	OK	 
REQUEST	1		request_67	1603471355069	1603471355090	OK	 
REQUEST	1		request_67	1603471355091	1603471355130	OK	 
REQUEST	1		request_67	1603471355131	1603471355157	OK	 
REQUEST	1		request_67	1603471355157	1603471355180	OK	 
REQUEST	1		request_67	1603471355181	1603471355218	OK	 
REQUEST	1		request_67	1603471355218	1603471355245	OK	 
REQUEST	1		request_67	1603471355245	1603471355270	OK	 
REQUEST	1		request_67	1603471355270	1603471355309	OK	 
REQUEST	1		request_67	1603471355309	1603471355338	OK	 
REQUEST	1		request_67	1603471355338	1603471355359	OK	 
REQUEST	1		request_67	1603471355360	1603471355396	OK	 
REQUEST	1		request_67	1603471355397	1603471355420	OK	 
REQUEST	1		request_67	1603471355421	1603471355445	OK	 
REQUEST	1		request_67	1603471355445	1603471355480	OK	 
REQUEST	1		request_67	1603471355481	1603471355506	OK	 
REQUEST	1		request_67	1603471355507	1603471355540	OK	 
REQUEST	1		request_67	1603471355540	1603471355576	OK	 
REQUEST	1		request_67	1603471355576	1603471355609	OK	 
REQUEST	1		request_67	1603471355610	1603471355631	OK	 
REQUEST	1		request_67	1603471355632	1603471355667	OK	 
REQUEST	1		request_67	1603471355667	1603471355699	OK	 
REQUEST	1		request_67	1603471355699	1603471355720	OK	 
REQUEST	1		request_67	1603471355721	1603471355758	OK	 
REQUEST	1		request_67	1603471355758	1603471355788	OK	 
REQUEST	1		request_67	1603471355788	1603471355809	OK	 
REQUEST	1		request_67	1603471355810	1603471355858	OK	 
REQUEST	1		request_67	1603471355858	1603471355887	OK	 
