RUN	basic.CadastrarAnuncio	cadastraranuncio	1603458214955	teste	3.0.2
USER	CadastrarAnuncio	1	START	1603458217306	1603458217306
REQUEST	1		Gerar Token	1603458217338	1603458223061	OK	 
REQUEST	1		request_0	1603458228094	1603458233426	OK	 
REQUEST	1		request_1	1603458233583	1603458233606	OK	 
REQUEST	1		request_2	1603458233587	1603458233620	OK	 
REQUEST	1		request_3	1603458233585	1603458233676	OK	 
REQUEST	1		request_4	1603458233586	1603458233677	OK	 
REQUEST	1		request_7	1603458233589	1603458233684	OK	 
REQUEST	1		request_8	1603458243685	1603458243709	OK	 
REQUEST	1		request_9	1603458243717	1603458248760	OK	 
REQUEST	1		request_11	1603458248751	1603458248915	OK	 
REQUEST	1		request_10	1603458243719	1603458249059	OK	 
REQUEST	1		request_13	1603458261052	1603458261106	OK	 
REQUEST	1		request_13 Redirect 1	1603458261116	1603458261157	OK	 
REQUEST	1		request_17	1603458261180	1603458266220	OK	 
REQUEST	1		request_18	1603458261177	1603458271252	OK	 
REQUEST	1		request_14	1603458261176	1603458271254	OK	 
REQUEST	1		request_21	1603458261177	1603458271255	OK	 
REQUEST	1		request_16	1603458261179	1603458271259	OK	 
REQUEST	1		request_26	1603458266214	1603458271269	OK	 
REQUEST	1		request_28	1603458266216	1603458271272	OK	 
REQUEST	1		request_26	1603458271271	1603458271317	OK	 
REQUEST	1		request_23	1603458261178	1603458271319	OK	 
REQUEST	1		request_28	1603458271274	1603458271344	OK	 
REQUEST	1		request_19	1603458261180	1603458271375	OK	 
REQUEST	1		request_17	1603458266222	1603458271383	OK	 
REQUEST	1		request_25	1603458266212	1603458271384	KO	status.find.in(200,201,202,203,204,205,206,207,208,209,304), found 400
REQUEST	1		request_28	1603458271345	1603458271394	OK	 
REQUEST	1		request_26	1603458271318	1603458271396	OK	 
REQUEST	1		request_63	1603458273401	1603458273424	OK	 
REQUEST	1		request_64	1603458273430	1603458273455	OK	 
REQUEST	1		request_65	1603458273431	1603458273456	OK	 
REQUEST	1		request_66	1603458273433	1603458273458	OK	 
REQUEST	1		request_67	1603458273434	1603458273463	OK	 
REQUEST	1		request_66	1603458273461	1603458273521	OK	 
REQUEST	1		request_67	1603458273465	1603458273527	OK	 
REQUEST	1		request_67	1603458273529	1603458273573	OK	 
REQUEST	1		request_66	1603458273523	1603458273587	OK	 
REQUEST	1		request_67	1603458273575	1603458273600	OK	 
REQUEST	1		request_67	1603458273602	1603458273639	OK	 
REQUEST	1		request_67	1603458273642	1603458273674	OK	 
REQUEST	1		request_67	1603458273676	1603458273706	OK	 
REQUEST	1		request_67	1603458273708	1603458273750	OK	 
REQUEST	1		request_67	1603458273751	1603458273777	OK	 
REQUEST	1		request_67	1603458273778	1603458273798	OK	 
REQUEST	1		request_67	1603458273799	1603458273836	OK	 
REQUEST	1		request_67	1603458273837	1603458273865	OK	 
REQUEST	1		request_67	1603458273867	1603458273888	OK	 
REQUEST	1		request_67	1603458273890	1603458273930	OK	 
REQUEST	1		request_67	1603458273932	1603458273965	OK	 
REQUEST	1		request_67	1603458273967	1603458273997	OK	 
REQUEST	1		request_67	1603458273999	1603458274041	OK	 
REQUEST	1		request_67	1603458274042	1603458274074	OK	 
REQUEST	1		request_67	1603458274075	1603458274097	OK	 
REQUEST	1		request_67	1603458274099	1603458274138	OK	 
REQUEST	1		request_67	1603458274140	1603458274167	OK	 
REQUEST	1		request_67	1603458274168	1603458274189	OK	 
REQUEST	1		request_67	1603458274191	1603458274227	OK	 
REQUEST	1		request_67	1603458274228	1603458274252	OK	 
REQUEST	1		request_67	1603458274253	1603458274275	OK	 
REQUEST	1		request_67	1603458274277	1603458274314	OK	 
REQUEST	1		request_67	1603458274315	1603458274341	OK	 
REQUEST	1		request_67	1603458274342	1603458274369	OK	 
REQUEST	1		request_67	1603458274372	1603458274408	OK	 
REQUEST	1		request_67	1603458274410	1603458274434	OK	 
REQUEST	1		request_67	1603458274435	1603458274462	OK	 
REQUEST	1		request_67	1603458274463	1603458274508	OK	 
REQUEST	1		request_67	1603458274509	1603458274543	OK	 
REQUEST	1		request_67	1603458274544	1603458274565	OK	 
REQUEST	1		request_67	1603458274567	1603458274604	OK	 
REQUEST	1		request_67	1603458274606	1603458274635	OK	 
REQUEST	1		request_67	1603458274637	1603458274658	OK	 
REQUEST	1		request_67	1603458274661	1603458274698	OK	 
REQUEST	1		request_67	1603458274700	1603458274730	OK	 
REQUEST	1		request_67	1603458274731	1603458274751	OK	 
REQUEST	1		request_67	1603458274753	1603458274798	OK	 
REQUEST	1		request_67	1603458274800	1603458274823	OK	 
REQUEST	1		request_67	1603458274825	1603458274846	OK	 
REQUEST	1		request_67	1603458274848	1603458274886	OK	 
REQUEST	1		request_67	1603458274887	1603458274915	OK	 
REQUEST	1		request_67	1603458274916	1603458274939	OK	 
REQUEST	1		request_67	1603458274941	1603458274984	OK	 
REQUEST	1		request_67	1603458274985	1603458275014	OK	 
REQUEST	1		request_67	1603458275015	1603458275041	OK	 
REQUEST	1		request_67	1603458275042	1603458275084	OK	 
REQUEST	1		request_67	1603458275085	1603458275118	OK	 
REQUEST	1		request_67	1603458275119	1603458275142	OK	 
REQUEST	1		request_67	1603458275144	1603458275180	OK	 
REQUEST	1		request_67	1603458275181	1603458275205	OK	 
REQUEST	1		request_67	1603458275206	1603458275238	OK	 
REQUEST	1		request_67	1603458275240	1603458275284	OK	 
REQUEST	1		request_67	1603458275285	1603458275309	OK	 
REQUEST	1		request_67	1603458275311	1603458275337	OK	 
REQUEST	1		request_67	1603458275339	1603458275376	OK	 
REQUEST	1		request_67	1603458275378	1603458275401	OK	 
REQUEST	1		request_67	1603458275402	1603458275421	OK	 
REQUEST	1		request_67	1603458275422	1603458275460	OK	 
REQUEST	1		request_67	1603458275461	1603458275494	OK	 
REQUEST	1		request_67	1603458275495	1603458275522	OK	 
REQUEST	1		request_67	1603458275524	1603458275560	OK	 
REQUEST	1		request_67	1603458275562	1603458275587	OK	 
REQUEST	1		request_67	1603458275588	1603458275614	OK	 
REQUEST	1		request_67	1603458275616	1603458275654	OK	 
REQUEST	1		request_67	1603458275655	1603458275680	OK	 
REQUEST	1		request_67	1603458275681	1603458275704	OK	 
REQUEST	1		request_67	1603458275705	1603458275742	OK	 
REQUEST	1		request_67	1603458275744	1603458275769	OK	 
REQUEST	1		request_67	1603458275771	1603458275791	OK	 
REQUEST	1		request_67	1603458275794	1603458275833	OK	 
REQUEST	1		request_67	1603458275835	1603458275858	OK	 
REQUEST	1		request_67	1603458275859	1603458275881	OK	 
REQUEST	1		request_67	1603458275883	1603458275919	OK	 
REQUEST	1		request_67	1603458275921	1603458275957	OK	 
REQUEST	1		request_67	1603458275958	1603458275988	OK	 
REQUEST	1		request_67	1603458275990	1603458276028	OK	 
REQUEST	1		request_67	1603458276029	1603458276063	OK	 
REQUEST	1		request_67	1603458276064	1603458276085	OK	 
REQUEST	1		request_67	1603458276086	1603458276125	OK	 
REQUEST	1		request_67	1603458276127	1603458276152	OK	 
REQUEST	1		request_67	1603458276153	1603458276177	OK	 
REQUEST	1		request_67	1603458276179	1603458276212	OK	 
REQUEST	1		request_67	1603458276214	1603458276237	OK	 
REQUEST	1		request_67	1603458276238	1603458276269	OK	 
REQUEST	1		request_67	1603458276271	1603458276307	OK	 
REQUEST	1		request_67	1603458276309	1603458276337	OK	 
REQUEST	1		request_67	1603458276338	1603458276363	OK	 
REQUEST	1		request_67	1603458276365	1603458276410	OK	 
REQUEST	1		request_67	1603458276412	1603458276441	OK	 
REQUEST	1		request_67	1603458276442	1603458276470	OK	 
REQUEST	1		request_67	1603458276472	1603458276510	OK	 
REQUEST	1		request_67	1603458276511	1603458276538	OK	 
REQUEST	1		request_67	1603458276539	1603458276563	OK	 
REQUEST	1		request_67	1603458276565	1603458276610	OK	 
REQUEST	1		request_67	1603458276612	1603458276644	OK	 
REQUEST	1		request_67	1603458276645	1603458276670	OK	 
REQUEST	1		request_67	1603458276671	1603458276704	OK	 
REQUEST	1		request_67	1603458276705	1603458276735	OK	 
REQUEST	1		request_67	1603458276736	1603458276758	OK	 
REQUEST	1		request_67	1603458276760	1603458276796	OK	 
REQUEST	1		request_67	1603458276797	1603458276820	OK	 
REQUEST	1		request_67	1603458276821	1603458276843	OK	 
REQUEST	1		request_67	1603458276845	1603458276882	OK	 
REQUEST	1		request_67	1603458276884	1603458276911	OK	 
REQUEST	1		request_67	1603458276912	1603458276933	OK	 
REQUEST	1		request_67	1603458276934	1603458276977	OK	 
REQUEST	1		request_67	1603458276978	1603458277011	OK	 
REQUEST	1		request_67	1603458277012	1603458277039	OK	 
REQUEST	1		request_67	1603458277041	1603458277083	OK	 
REQUEST	1		request_67	1603458277085	1603458277107	OK	 
REQUEST	1		request_67	1603458277107	1603458277129	OK	 
REQUEST	1		request_67	1603458277131	1603458277168	OK	 
REQUEST	1		request_67	1603458277169	1603458277195	OK	 
REQUEST	1		request_67	1603458277195	1603458277228	OK	 
REQUEST	1		request_67	1603458277228	1603458277269	OK	 
REQUEST	1		request_67	1603458277269	1603458277311	OK	 
REQUEST	1		request_67	1603458277311	1603458277335	OK	 
REQUEST	1		request_67	1603458277337	1603458277374	OK	 
REQUEST	1		request_67	1603458277375	1603458277407	OK	 
REQUEST	1		request_67	1603458277408	1603458277431	OK	 
REQUEST	1		request_67	1603458277433	1603458277468	OK	 
REQUEST	1		request_67	1603458277470	1603458277494	OK	 
REQUEST	1		request_67	1603458277495	1603458277516	OK	 
REQUEST	1		request_67	1603458277517	1603458277556	OK	 
REQUEST	1		request_67	1603458277557	1603458277585	OK	 
REQUEST	1		request_67	1603458277586	1603458277608	OK	 
REQUEST	1		request_67	1603458277609	1603458277647	OK	 
REQUEST	1		request_67	1603458277648	1603458277673	OK	 
REQUEST	1		request_67	1603458277674	1603458277696	OK	 
REQUEST	1		request_67	1603458277697	1603458277733	OK	 
REQUEST	1		request_67	1603458277735	1603458277766	OK	 
REQUEST	1		request_67	1603458277767	1603458277798	OK	 
REQUEST	1		request_67	1603458277800	1603458277839	OK	 
REQUEST	1		request_67	1603458277840	1603458277869	OK	 
REQUEST	1		request_67	1603458277871	1603458277890	OK	 
REQUEST	1		request_67	1603458277892	1603458277932	OK	 
REQUEST	1		request_67	1603458277934	1603458277969	OK	 
REQUEST	1		request_67	1603458277970	1603458278002	OK	 
REQUEST	1		request_67	1603458278004	1603458278040	OK	 
REQUEST	1		request_67	1603458278041	1603458278073	OK	 
REQUEST	1		request_67	1603458278075	1603458278102	OK	 
REQUEST	1		request_67	1603458278103	1603458278152	OK	 
REQUEST	1		request_67	1603458278153	1603458278184	OK	 
REQUEST	1		request_67	1603458278185	1603458278207	OK	 
REQUEST	1		request_67	1603458278209	1603458278244	OK	 
REQUEST	1		request_67	1603458278245	1603458278277	OK	 
REQUEST	1		request_67	1603458278278	1603458278306	OK	 
REQUEST	1		request_67	1603458278308	1603458278344	OK	 
REQUEST	1		request_67	1603458278345	1603458278376	OK	 
REQUEST	1		request_67	1603458278377	1603458278402	OK	 
REQUEST	1		request_67	1603458278403	1603458278439	OK	 
REQUEST	1		request_67	1603458278440	1603458278463	OK	 
REQUEST	1		request_67	1603458278464	1603458278484	OK	 
REQUEST	1		request_67	1603458278486	1603458278520	OK	 
REQUEST	1		request_67	1603458278521	1603458278552	OK	 
REQUEST	1		request_67	1603458278553	1603458278585	OK	 
REQUEST	1		request_67	1603458278586	1603458278624	OK	 
REQUEST	1		request_67	1603458278625	1603458278656	OK	 
REQUEST	1		request_67	1603458278657	1603458278678	OK	 
REQUEST	1		request_67	1603458278679	1603458278714	OK	 
REQUEST	1		request_67	1603458278715	1603458278744	OK	 
REQUEST	1		request_67	1603458278745	1603458278775	OK	 
REQUEST	1		request_67	1603458278777	1603458278818	OK	 
REQUEST	1		request_67	1603458278819	1603458278853	OK	 
REQUEST	1		request_67	1603458278854	1603458278880	OK	 
REQUEST	1		request_67	1603458278881	1603458278916	OK	 
REQUEST	1		request_67	1603458278917	1603458278955	OK	 
REQUEST	1		request_67	1603458278956	1603458278983	OK	 
REQUEST	1		request_67	1603458278984	1603458279024	OK	 
REQUEST	1		request_67	1603458279025	1603458279054	OK	 
REQUEST	1		request_67	1603458279055	1603458279076	OK	 
REQUEST	1		request_67	1603458279077	1603458279112	OK	 
REQUEST	1		request_67	1603458279113	1603458279146	OK	 
REQUEST	1		request_67	1603458279147	1603458279168	OK	 
REQUEST	1		request_67	1603458279169	1603458279210	OK	 
REQUEST	1		request_67	1603458279210	1603458279241	OK	 
REQUEST	1		request_67	1603458279241	1603458279271	OK	 
REQUEST	1		request_67	1603458279272	1603458279306	OK	 
REQUEST	1		request_67	1603458279307	1603458279332	OK	 
REQUEST	1		request_67	1603458279333	1603458279356	OK	 
REQUEST	1		request_67	1603458279357	1603458279391	OK	 
REQUEST	1		request_67	1603458279392	1603458279422	OK	 
REQUEST	1		request_67	1603458279423	1603458279443	OK	 
REQUEST	1		request_67	1603458279444	1603458279484	OK	 
REQUEST	1		request_67	1603458279485	1603458279513	OK	 
REQUEST	1		request_67	1603458279514	1603458279535	OK	 
REQUEST	1		request_67	1603458279537	1603458279573	OK	 
REQUEST	1		request_67	1603458279574	1603458279602	OK	 
REQUEST	1		request_67	1603458279603	1603458279623	OK	 
REQUEST	1		request_67	1603458279624	1603458279659	OK	 
REQUEST	1		request_67	1603458279660	1603458279689	OK	 
REQUEST	1		request_67	1603458279690	1603458279711	OK	 
REQUEST	1		request_67	1603458279712	1603458279745	OK	 
REQUEST	1		request_67	1603458279746	1603458279775	OK	 
REQUEST	1		request_67	1603458279776	1603458279801	OK	 
REQUEST	1		request_67	1603458279802	1603458279838	OK	 
REQUEST	1		request_67	1603458279839	1603458279867	OK	 
REQUEST	1		request_67	1603458279868	1603458279889	OK	 
REQUEST	1		request_67	1603458279890	1603458279925	OK	 
REQUEST	1		request_67	1603458279926	1603458279951	OK	 
REQUEST	1		request_67	1603458279952	1603458279978	OK	 
REQUEST	1		request_67	1603458279979	1603458280012	OK	 
REQUEST	1		request_67	1603458280013	1603458280047	OK	 
REQUEST	1		request_67	1603458280048	1603458280069	OK	 
REQUEST	1		request_67	1603458280070	1603458280108	OK	 
REQUEST	1		request_67	1603458280109	1603458280144	OK	 
REQUEST	1		request_67	1603458280145	1603458280166	OK	 
REQUEST	1		request_67	1603458280167	1603458280214	OK	 
REQUEST	1		request_67	1603458280214	1603458280246	OK	 
REQUEST	1		request_67	1603458280247	1603458280271	OK	 
REQUEST	1		request_67	1603458280272	1603458280309	OK	 
REQUEST	1		request_67	1603458280310	1603458280341	OK	 
REQUEST	1		request_67	1603458280341	1603458280361	OK	 
REQUEST	1		request_67	1603458280362	1603458280405	OK	 
REQUEST	1		request_67	1603458280406	1603458280431	OK	 
REQUEST	1		request_67	1603458280432	1603458280453	OK	 
REQUEST	1		request_67	1603458280454	1603458280486	OK	 
REQUEST	1		request_67	1603458280487	1603458280515	OK	 
REQUEST	1		request_67	1603458280516	1603458280537	OK	 
REQUEST	1		request_67	1603458280538	1603458280575	OK	 
REQUEST	1		request_67	1603458280576	1603458280613	OK	 
REQUEST	1		request_67	1603458280614	1603458280643	OK	 
REQUEST	1		request_67	1603458280644	1603458280679	OK	 
REQUEST	1		request_67	1603458280680	1603458280708	OK	 
REQUEST	1		request_67	1603458280709	1603458280731	OK	 
REQUEST	1		request_67	1603458280732	1603458280770	OK	 
REQUEST	1		request_67	1603458280771	1603458280801	OK	 
REQUEST	1		request_67	1603458280802	1603458280824	OK	 
REQUEST	1		request_67	1603458280826	1603458280862	OK	 
REQUEST	1		request_67	1603458280863	1603458280888	OK	 
REQUEST	1		request_67	1603458280889	1603458280911	OK	 
REQUEST	1		request_67	1603458280912	1603458280956	OK	 
REQUEST	1		request_67	1603458280956	1603458280984	OK	 
REQUEST	1		request_67	1603458280985	1603458281014	OK	 
REQUEST	1		request_67	1603458281015	1603458281044	OK	 
REQUEST	1		request_67	1603458281045	1603458281074	OK	 
REQUEST	1		request_67	1603458281075	1603458281095	OK	 
REQUEST	1		request_67	1603458281097	1603458281132	OK	 
REQUEST	1		request_67	1603458281133	1603458281162	OK	 
REQUEST	1		request_67	1603458281163	1603458281184	OK	 
REQUEST	1		request_67	1603458281186	1603458281221	OK	 
REQUEST	1		request_67	1603458281222	1603458281250	OK	 
REQUEST	1		request_67	1603458281251	1603458281274	OK	 
REQUEST	1		request_67	1603458281275	1603458281311	OK	 
REQUEST	1		request_67	1603458281312	1603458281341	OK	 
REQUEST	1		request_67	1603458281342	1603458281369	OK	 
REQUEST	1		request_67	1603458281370	1603458281407	OK	 
REQUEST	1		request_67	1603458281408	1603458281441	OK	 
REQUEST	1		request_67	1603458281442	1603458281466	OK	 
REQUEST	1		request_67	1603458281467	1603458281500	OK	 
REQUEST	1		request_67	1603458281501	1603458281525	OK	 
REQUEST	1		request_67	1603458281526	1603458281551	OK	 
REQUEST	1		request_67	1603458281553	1603458281593	OK	 
REQUEST	1		request_67	1603458281594	1603458281617	OK	 
REQUEST	1		request_67	1603458281618	1603458281643	OK	 
REQUEST	1		request_67	1603458281645	1603458281679	OK	 
REQUEST	1		request_67	1603458281679	1603458281703	OK	 
REQUEST	1		request_67	1603458281704	1603458281735	OK	 
REQUEST	1		request_67	1603458281737	1603458281781	OK	 
REQUEST	1		request_67	1603458281783	1603458281812	OK	 
REQUEST	1		request_67	1603458281813	1603458281841	OK	 
REQUEST	1		request_67	1603458281842	1603458281872	OK	 
REQUEST	1		request_67	1603458281873	1603458281898	OK	 
REQUEST	1		request_67	1603458281899	1603458281919	OK	 
REQUEST	1		request_67	1603458281920	1603458281963	OK	 
REQUEST	1		request_67	1603458281964	1603458281993	OK	 
REQUEST	1		request_67	1603458281994	1603458282016	OK	 
REQUEST	1		request_67	1603458282018	1603458282052	OK	 
REQUEST	1		request_67	1603458282053	1603458282083	OK	 
REQUEST	1		request_67	1603458282084	1603458282105	OK	 
REQUEST	1		request_67	1603458282106	1603458282141	OK	 
REQUEST	1		request_67	1603458282142	1603458282175	OK	 
REQUEST	1		request_67	1603458282175	1603458282201	OK	 
REQUEST	1		request_67	1603458282202	1603458282242	OK	 
REQUEST	1		request_67	1603458282243	1603458282267	OK	 
REQUEST	1		request_67	1603458282268	1603458282288	OK	 
REQUEST	1		request_67	1603458282289	1603458282324	OK	 
REQUEST	1		request_67	1603458282325	1603458282351	OK	 
REQUEST	1		request_67	1603458282352	1603458282372	OK	 
REQUEST	1		request_67	1603458282373	1603458282409	OK	 
REQUEST	1		request_67	1603458282410	1603458282435	OK	 
REQUEST	1		request_67	1603458282436	1603458282457	OK	 
REQUEST	1		request_67	1603458282458	1603458282496	OK	 
REQUEST	1		request_67	1603458282497	1603458282522	OK	 
REQUEST	1		request_67	1603458282522	1603458287682	OK	 
REQUEST	1		request_67	1603458287683	1603458287729	OK	 
REQUEST	1		request_67	1603458287730	1603458287767	OK	 
REQUEST	1		request_67	1603458287768	1603458287788	OK	 
REQUEST	1		request_67	1603458287789	1603458287824	OK	 
REQUEST	1		request_67	1603458287825	1603458287854	OK	 
REQUEST	1		request_67	1603458287855	1603458287877	OK	 
REQUEST	1		request_67	1603458287878	1603458287916	OK	 
REQUEST	1		request_67	1603458287917	1603458287947	OK	 
REQUEST	1		request_67	1603458287948	1603458287972	OK	 
REQUEST	1		request_67	1603458287973	1603458288013	OK	 
REQUEST	1		request_67	1603458288014	1603458288043	OK	 
REQUEST	1		request_67	1603458288044	1603458288066	OK	 
REQUEST	1		request_67	1603458288067	1603458288104	OK	 
REQUEST	1		request_67	1603458288105	1603458288129	OK	 
REQUEST	1		request_67	1603458288130	1603458288155	OK	 
REQUEST	1		request_67	1603458288156	1603458288192	OK	 
REQUEST	1		request_67	1603458288193	1603458288219	OK	 
REQUEST	1		request_67	1603458288220	1603458288243	OK	 
REQUEST	1		request_67	1603458288245	1603458288282	OK	 
REQUEST	1		request_67	1603458288282	1603458288316	OK	 
REQUEST	1		request_67	1603458288316	1603458288349	OK	 
REQUEST	1		request_67	1603458288350	1603458288390	OK	 
REQUEST	1		request_67	1603458288390	1603458288422	OK	 
REQUEST	1		request_67	1603458288423	1603458288451	OK	 
REQUEST	1		request_67	1603458288452	1603458288488	OK	 
REQUEST	1		request_67	1603458288489	1603458288520	OK	 
REQUEST	1		request_67	1603458288521	1603458288553	OK	 
REQUEST	1		request_67	1603458288554	1603458288593	OK	 
REQUEST	1		request_67	1603458288594	1603458288618	OK	 
REQUEST	1		request_67	1603458288618	1603458288647	OK	 
REQUEST	1		request_67	1603458288648	1603458288687	OK	 
REQUEST	1		request_67	1603458288688	1603458288717	OK	 
REQUEST	1		request_67	1603458288718	1603458288744	OK	 
REQUEST	1		request_67	1603458288745	1603458288790	OK	 
REQUEST	1		request_67	1603458288790	1603458288817	OK	 
REQUEST	1		request_67	1603458288818	1603458288843	OK	 
REQUEST	1		request_67	1603458288844	1603458288886	OK	 
REQUEST	1		request_67	1603458288887	1603458288913	OK	 
REQUEST	1		request_67	1603458288914	1603458288938	OK	 
REQUEST	1		request_67	1603458288939	1603458288980	OK	 
REQUEST	1		request_67	1603458288981	1603458289011	OK	 
REQUEST	1		request_67	1603458289011	1603458289033	OK	 
REQUEST	1		request_67	1603458289035	1603458289070	OK	 
REQUEST	1		request_67	1603458289070	1603458289096	OK	 
REQUEST	1		request_67	1603458289096	1603458289118	OK	 
REQUEST	1		request_67	1603458289119	1603458289164	OK	 
REQUEST	1		request_67	1603458289165	1603458289194	OK	 
REQUEST	1		request_67	1603458289195	1603458289220	OK	 
REQUEST	1		request_67	1603458289221	1603458289263	OK	 
REQUEST	1		request_67	1603458289264	1603458289296	OK	 
REQUEST	1		request_67	1603458289297	1603458289322	OK	 
REQUEST	1		request_67	1603458289323	1603458289364	OK	 
REQUEST	1		request_67	1603458289364	1603458289402	OK	 
REQUEST	1		request_67	1603458289402	1603458289423	OK	 
REQUEST	1		request_67	1603458289425	1603458289469	OK	 
REQUEST	1		request_67	1603458289469	1603458289497	OK	 
REQUEST	1		request_67	1603458289497	1603458289522	OK	 
REQUEST	1		request_67	1603458289523	1603458289562	OK	 
REQUEST	1		request_67	1603458289563	1603458289594	OK	 
REQUEST	1		request_67	1603458289595	1603458289622	OK	 
REQUEST	1		request_67	1603458289623	1603458289659	OK	 
REQUEST	1		request_67	1603458289660	1603458289685	OK	 
REQUEST	1		request_67	1603458289686	1603458289708	OK	 
REQUEST	1		request_67	1603458289709	1603458289751	OK	 
REQUEST	1		request_67	1603458289752	1603458289777	OK	 
REQUEST	1		request_67	1603458289778	1603458289801	OK	 
REQUEST	1		request_67	1603458289802	1603458289848	OK	 
REQUEST	1		request_67	1603458289849	1603458289878	OK	 
REQUEST	1		request_67	1603458289879	1603458289908	OK	 
REQUEST	1		request_67	1603458289908	1603458289951	OK	 
REQUEST	1		request_67	1603458289952	1603458289978	OK	 
REQUEST	1		request_67	1603458289978	1603458289999	OK	 
REQUEST	1		request_67	1603458290000	1603458290037	OK	 
REQUEST	1		request_67	1603458290038	1603458290068	OK	 
REQUEST	1		request_67	1603458290068	1603458290095	OK	 
REQUEST	1		request_67	1603458290096	1603458290153	OK	 
REQUEST	1		request_67	1603458290153	1603458290180	OK	 
REQUEST	1		request_67	1603458290180	1603458290204	OK	 
REQUEST	1		request_67	1603458290205	1603458290239	OK	 
REQUEST	1		request_67	1603458290239	1603458290267	OK	 
REQUEST	1		request_67	1603458290267	1603458290286	OK	 
REQUEST	1		request_67	1603458290287	1603458290322	OK	 
REQUEST	1		request_67	1603458290322	1603458290341	OK	 
REQUEST	1		request_67	1603458290342	1603458290363	OK	 
REQUEST	1		request_67	1603458290363	1603458290405	OK	 
REQUEST	1		request_67	1603458290405	1603458290430	OK	 
REQUEST	1		request_67	1603458290431	1603458290460	OK	 
REQUEST	1		request_67	1603458290461	1603458290504	OK	 
REQUEST	1		request_67	1603458290505	1603458290535	OK	 
REQUEST	1		request_67	1603458290536	1603458290561	OK	 
REQUEST	1		request_67	1603458290563	1603458290605	OK	 
REQUEST	1		request_67	1603458290606	1603458290633	OK	 
REQUEST	1		request_67	1603458290634	1603458290663	OK	 
REQUEST	1		request_67	1603458290664	1603458290699	OK	 
REQUEST	1		request_67	1603458290700	1603458290730	OK	 
REQUEST	1		request_67	1603458290731	1603458290761	OK	 
REQUEST	1		request_67	1603458290762	1603458290800	OK	 
REQUEST	1		request_67	1603458290800	1603458290825	OK	 
REQUEST	1		request_67	1603458290826	1603458290855	OK	 
REQUEST	1		request_67	1603458290856	1603458290893	OK	 
REQUEST	1		request_67	1603458290893	1603458290921	OK	 
REQUEST	1		request_67	1603458290922	1603458290942	OK	 
REQUEST	1		request_67	1603458290943	1603458290978	OK	 
REQUEST	1		request_67	1603458290979	1603458291009	OK	 
REQUEST	1		request_67	1603458291009	1603458291030	OK	 
REQUEST	1		request_67	1603458291031	1603458291070	OK	 
REQUEST	1		request_67	1603458291071	1603458291100	OK	 
REQUEST	1		request_67	1603458291101	1603458291124	OK	 
REQUEST	1		request_67	1603458291124	1603458291160	OK	 
REQUEST	1		request_67	1603458291161	1603458291187	OK	 
REQUEST	1		request_67	1603458291188	1603458291208	OK	 
REQUEST	1		request_67	1603458291209	1603458291249	OK	 
REQUEST	1		request_67	1603458291249	1603458291275	OK	 
REQUEST	1		request_67	1603458291276	1603458291304	OK	 
REQUEST	1		request_67	1603458291305	1603458291345	OK	 
REQUEST	1		request_67	1603458291346	1603458291372	OK	 
REQUEST	1		request_67	1603458291372	1603458291402	OK	 
REQUEST	1		request_67	1603458291403	1603458291438	OK	 
REQUEST	1		request_67	1603458291439	1603458291471	OK	 
REQUEST	1		request_67	1603458291471	1603458291492	OK	 
REQUEST	1		request_67	1603458291493	1603458291527	OK	 
REQUEST	1		request_67	1603458291528	1603458291559	OK	 
REQUEST	1		request_67	1603458291559	1603458291579	OK	 
REQUEST	1		request_67	1603458291580	1603458291617	OK	 
REQUEST	1		request_67	1603458291617	1603458291643	OK	 
REQUEST	1		request_67	1603458291643	1603458291664	OK	 
REQUEST	1		request_67	1603458291665	1603458291714	OK	 
REQUEST	1		request_67	1603458291714	1603458291741	OK	 
REQUEST	1		request_67	1603458291741	1603458291769	OK	 
REQUEST	1		request_67	1603458291770	1603458291807	OK	 
REQUEST	1		request_67	1603458291808	1603458291832	OK	 
REQUEST	1		request_67	1603458291833	1603458291859	OK	 
REQUEST	1		request_67	1603458291859	1603458291901	OK	 
REQUEST	1		request_67	1603458291902	1603458291932	OK	 
REQUEST	1		request_67	1603458291933	1603458291960	OK	 
REQUEST	1		request_67	1603458291961	1603458292001	OK	 
REQUEST	1		request_67	1603458292002	1603458292036	OK	 
REQUEST	1		request_67	1603458292037	1603458292064	OK	 
REQUEST	1		request_67	1603458292065	1603458292105	OK	 
REQUEST	1		request_67	1603458292106	1603458292135	OK	 
REQUEST	1		request_67	1603458292136	1603458292163	OK	 
REQUEST	1		request_67	1603458292164	1603458292203	OK	 
REQUEST	1		request_67	1603458292203	1603458292230	OK	 
REQUEST	1		request_67	1603458292230	1603458292255	OK	 
REQUEST	1		request_67	1603458292256	1603458292293	OK	 
REQUEST	1		request_67	1603458292293	1603458292319	OK	 
REQUEST	1		request_67	1603458292319	1603458292340	OK	 
REQUEST	1		request_67	1603458292340	1603458292380	OK	 
REQUEST	1		request_67	1603458292381	1603458292406	OK	 
REQUEST	1		request_67	1603458292407	1603458292489	OK	 
REQUEST	1		request_67	1603458292489	1603458292532	OK	 
REQUEST	1		request_67	1603458292533	1603458292563	OK	 
REQUEST	1		request_67	1603458292564	1603458292591	OK	 
REQUEST	1		request_67	1603458292592	1603458292634	OK	 
REQUEST	1		request_67	1603458292634	1603458292661	OK	 
REQUEST	1		request_67	1603458292662	1603458292682	OK	 
REQUEST	1		request_67	1603458292683	1603458292721	OK	 
REQUEST	1		request_67	1603458292721	1603458292748	OK	 
REQUEST	1		request_67	1603458292749	1603458292769	OK	 
REQUEST	1		request_67	1603458292770	1603458292807	OK	 
REQUEST	1		request_67	1603458292808	1603458292838	OK	 
REQUEST	1		request_67	1603458292839	1603458292859	OK	 
REQUEST	1		request_67	1603458292860	1603458292895	OK	 
REQUEST	1		request_67	1603458292895	1603458292922	OK	 
REQUEST	1		request_67	1603458292923	1603458292945	OK	 
REQUEST	1		request_67	1603458292946	1603458292983	OK	 
REQUEST	1		request_67	1603458292983	1603458293009	OK	 
REQUEST	1		request_67	1603458293010	1603458293035	OK	 
REQUEST	1		request_67	1603458293035	1603458293070	OK	 
REQUEST	1		request_67	1603458293071	1603458293100	OK	 
REQUEST	1		request_67	1603458293101	1603458293121	OK	 
REQUEST	1		request_67	1603458293122	1603458293158	OK	 
REQUEST	1		request_67	1603458293159	1603458293184	OK	 
REQUEST	1		request_67	1603458293185	1603458293206	OK	 
REQUEST	1		request_67	1603458293207	1603458293242	OK	 
REQUEST	1		request_67	1603458293243	1603458293276	OK	 
REQUEST	1		request_67	1603458293277	1603458293297	OK	 
REQUEST	1		request_67	1603458293298	1603458293340	OK	 
REQUEST	1		request_67	1603458293341	1603458293371	OK	 
REQUEST	1		request_67	1603458293371	1603458293397	OK	 
REQUEST	1		request_67	1603458293398	1603458293436	OK	 
REQUEST	1		request_67	1603458293436	1603458293459	OK	 
REQUEST	1		request_67	1603458293459	1603458293496	OK	 
REQUEST	1		request_67	1603458293497	1603458293536	OK	 
REQUEST	1		request_67	1603458293536	1603458293566	OK	 
REQUEST	1		request_67	1603458293566	1603458293587	OK	 
REQUEST	1		request_67	1603458293588	1603458293656	OK	 
REQUEST	1		request_67	1603458293657	1603458293681	OK	 
REQUEST	1		request_67	1603458293682	1603458293709	OK	 
REQUEST	1		request_67	1603458293710	1603458293750	OK	 
REQUEST	1		request_67	1603458293751	1603458293779	OK	 
REQUEST	1		request_67	1603458293779	1603458293807	OK	 
REQUEST	1		request_67	1603458293808	1603458293846	OK	 
REQUEST	1		request_67	1603458293846	1603458293877	OK	 
REQUEST	1		request_67	1603458293877	1603458293898	OK	 
REQUEST	1		request_67	1603458293899	1603458293933	OK	 
REQUEST	1		request_67	1603458293933	1603458293964	OK	 
REQUEST	1		request_67	1603458293964	1603458293984	OK	 
REQUEST	1		request_67	1603458293986	1603458294021	OK	 
REQUEST	1		request_67	1603458294022	1603458294046	OK	 
REQUEST	1		request_67	1603458294047	1603458294067	OK	 
REQUEST	1		request_67	1603458294068	1603458294105	OK	 
REQUEST	1		request_67	1603458294106	1603458294131	OK	 
REQUEST	1		request_67	1603458294131	1603458294151	OK	 
REQUEST	1		request_67	1603458294152	1603458294187	OK	 
REQUEST	1		request_67	1603458294188	1603458294220	OK	 
REQUEST	1		request_67	1603458294220	1603458294249	OK	 
REQUEST	1		request_67	1603458294250	1603458294287	OK	 
REQUEST	1		request_67	1603458294288	1603458294314	OK	 
REQUEST	1		request_67	1603458294314	1603458294335	OK	 
REQUEST	1		request_67	1603458294335	1603458294369	OK	 
REQUEST	1		request_67	1603458294370	1603458294396	OK	 
REQUEST	1		request_67	1603458294396	1603458294417	OK	 
REQUEST	1		request_67	1603458294418	1603458294453	OK	 
REQUEST	1		request_67	1603458294454	1603458294488	OK	 
REQUEST	1		request_67	1603458294489	1603458294510	OK	 
REQUEST	1		request_67	1603458294510	1603458294545	OK	 
REQUEST	1		request_67	1603458294546	1603458294577	OK	 
REQUEST	1		request_67	1603458294577	1603458294604	OK	 
REQUEST	1		request_67	1603458294605	1603458294645	OK	 
REQUEST	1		request_67	1603458294646	1603458294671	OK	 
REQUEST	1		request_67	1603458294671	1603458294690	OK	 
REQUEST	1		request_67	1603458294691	1603458294729	OK	 
REQUEST	1		request_67	1603458294730	1603458294754	OK	 
REQUEST	1		request_67	1603458294755	1603458294805	OK	 
REQUEST	1		request_67	1603458294806	1603458294842	OK	 
REQUEST	1		request_67	1603458294843	1603458294873	OK	 
REQUEST	1		request_67	1603458294874	1603458294902	OK	 
REQUEST	1		request_67	1603458294903	1603458294939	OK	 
REQUEST	1		request_67	1603458294940	1603458294965	OK	 
REQUEST	1		request_67	1603458294965	1603458294986	OK	 
REQUEST	1		request_67	1603458294987	1603458295020	OK	 
REQUEST	1		request_67	1603458295021	1603458295050	OK	 
REQUEST	1		request_67	1603458295050	1603458295070	OK	 
REQUEST	1		request_67	1603458295070	1603458295105	OK	 
REQUEST	1		request_67	1603458295105	1603458295135	OK	 
REQUEST	1		request_67	1603458295136	1603458295157	OK	 
REQUEST	1		request_67	1603458295158	1603458295196	OK	 
REQUEST	1		request_67	1603458295197	1603458295230	OK	 
REQUEST	1		request_67	1603458295230	1603458295260	OK	 
REQUEST	1		request_67	1603458295260	1603458295298	OK	 
REQUEST	1		request_67	1603458295298	1603458295320	OK	 
REQUEST	1		request_67	1603458295320	1603458295340	OK	 
REQUEST	1		request_67	1603458295341	1603458295385	OK	 
REQUEST	1		request_67	1603458295386	1603458295412	OK	 
REQUEST	1		request_67	1603458295413	1603458295438	OK	 
REQUEST	1		request_67	1603458295438	1603458295473	OK	 
REQUEST	1		request_67	1603458295474	1603458295498	OK	 
REQUEST	1		request_67	1603458295499	1603458295522	OK	 
REQUEST	1		request_67	1603458295523	1603458295561	OK	 
REQUEST	1		request_67	1603458295562	1603458295593	OK	 
REQUEST	1		request_67	1603458295593	1603458295615	OK	 
REQUEST	1		request_67	1603458295616	1603458295660	OK	 
REQUEST	1		request_67	1603458295661	1603458295683	OK	 
REQUEST	1		request_67	1603458295684	1603458295710	OK	 
REQUEST	1		request_67	1603458295710	1603458295747	OK	 
REQUEST	1		request_67	1603458295747	1603458295773	OK	 
REQUEST	1		request_67	1603458295774	1603458295804	OK	 
REQUEST	1		request_67	1603458295805	1603458295841	OK	 
REQUEST	1		request_67	1603458295842	1603458295872	OK	 
REQUEST	1		request_67	1603458295872	1603458295892	OK	 
REQUEST	1		request_67	1603458295893	1603458295928	OK	 
REQUEST	1		request_67	1603458295929	1603458295955	OK	 
REQUEST	1		request_67	1603458295956	1603458295975	OK	 
REQUEST	1		request_67	1603458295976	1603458296013	OK	 
REQUEST	1		request_67	1603458296013	1603458296042	OK	 
REQUEST	1		request_67	1603458296043	1603458296066	OK	 
REQUEST	1		request_67	1603458296067	1603458296107	OK	 
REQUEST	1		request_67	1603458296107	1603458296136	OK	 
REQUEST	1		request_67	1603458296136	1603458296161	OK	 
REQUEST	1		request_67	1603458296162	1603458296215	OK	 
REQUEST	1		request_67	1603458296215	1603458296241	OK	 
REQUEST	1		request_67	1603458296241	1603458296271	OK	 
REQUEST	1		request_67	1603458296272	1603458296311	OK	 
REQUEST	1		request_67	1603458296312	1603458296341	OK	 
REQUEST	1		request_67	1603458296342	1603458296375	OK	 
REQUEST	1		request_67	1603458296376	1603458296418	OK	 
REQUEST	1		request_67	1603458296418	1603458296446	OK	 
REQUEST	1		request_67	1603458296447	1603458296473	OK	 
REQUEST	1		request_67	1603458296474	1603458296509	OK	 
REQUEST	1		request_67	1603458296510	1603458296539	OK	 
REQUEST	1		request_67	1603458296540	1603458296567	OK	 
REQUEST	1		request_67	1603458296568	1603458296612	OK	 
REQUEST	1		request_67	1603458296612	1603458296636	OK	 
REQUEST	1		request_67	1603458296636	1603458296661	OK	 
REQUEST	1		request_67	1603458296662	1603458296698	OK	 
REQUEST	1		request_67	1603458296699	1603458296726	OK	 
REQUEST	1		request_67	1603458296727	1603458296752	OK	 
REQUEST	1		request_67	1603458296753	1603458296789	OK	 
REQUEST	1		request_67	1603458296789	1603458296819	OK	 
REQUEST	1		request_67	1603458296820	1603458296854	OK	 
REQUEST	1		request_67	1603458296855	1603458296896	OK	 
REQUEST	1		request_67	1603458296896	1603458296920	OK	 
REQUEST	1		request_67	1603458296921	1603458296941	OK	 
REQUEST	1		request_67	1603458296942	1603458296980	OK	 
REQUEST	1		request_67	1603458296981	1603458297007	OK	 
REQUEST	1		request_67	1603458297008	1603458297033	OK	 
REQUEST	1		request_67	1603458297034	1603458297080	OK	 
REQUEST	1		request_67	1603458297081	1603458297113	OK	 
REQUEST	1		request_67	1603458297113	1603458297198	OK	 
REQUEST	1		request_67	1603458297199	1603458297240	OK	 
REQUEST	1		request_67	1603458297240	1603458297267	OK	 
REQUEST	1		request_67	1603458297267	1603458297296	OK	 
REQUEST	1		request_67	1603458297296	1603458297332	OK	 
REQUEST	1		request_67	1603458297333	1603458297364	OK	 
REQUEST	1		request_67	1603458297364	1603458297397	OK	 
REQUEST	1		request_67	1603458297398	1603458297436	OK	 
REQUEST	1		request_67	1603458297436	1603458297465	OK	 
REQUEST	1		request_67	1603458297466	1603458297487	OK	 
REQUEST	1		request_67	1603458297488	1603458297523	OK	 
REQUEST	1		request_67	1603458297524	1603458297549	OK	 
REQUEST	1		request_67	1603458297550	1603458297577	OK	 
REQUEST	1		request_67	1603458297578	1603458297631	OK	 
REQUEST	1		request_67	1603458297632	1603458297663	OK	 
REQUEST	1		request_67	1603458297664	1603458297691	OK	 
REQUEST	1		request_67	1603458297692	1603458297727	OK	 
REQUEST	1		request_67	1603458297727	1603458297752	OK	 
REQUEST	1		request_67	1603458297753	1603458297780	OK	 
REQUEST	1		request_67	1603458297781	1603458297816	OK	 
REQUEST	1		request_67	1603458297816	1603458297841	OK	 
REQUEST	1		request_67	1603458297842	1603458297862	OK	 
REQUEST	1		request_67	1603458297862	1603458297898	OK	 
REQUEST	1		request_67	1603458297898	1603458297926	OK	 
REQUEST	1		request_67	1603458297926	1603458297946	OK	 
REQUEST	1		request_67	1603458297946	1603458297991	OK	 
REQUEST	1		request_67	1603458297992	1603458298016	OK	 
REQUEST	1		request_67	1603458298017	1603458298039	OK	 
REQUEST	1		request_67	1603458298039	1603458298076	OK	 
REQUEST	1		request_67	1603458298077	1603458298104	OK	 
REQUEST	1		request_67	1603458298105	1603458298131	OK	 
REQUEST	1		request_67	1603458298131	1603458298175	OK	 
REQUEST	1		request_67	1603458298176	1603458298206	OK	 
REQUEST	1		request_67	1603458298206	1603458298239	OK	 
REQUEST	1		request_67	1603458298239	1603458298280	OK	 
REQUEST	1		request_67	1603458298280	1603458298310	OK	 
REQUEST	1		request_67	1603458298310	1603458298339	OK	 
REQUEST	1		request_67	1603458298339	1603458298376	OK	 
REQUEST	1		request_67	1603458298376	1603458298401	OK	 
REQUEST	1		request_67	1603458298401	1603458298426	OK	 
REQUEST	1		request_67	1603458298427	1603458298461	OK	 
REQUEST	1		request_67	1603458298462	1603458298491	OK	 
REQUEST	1		request_67	1603458298492	1603458298513	OK	 
REQUEST	1		request_67	1603458298514	1603458298552	OK	 
REQUEST	1		request_67	1603458298552	1603458298577	OK	 
REQUEST	1		request_67	1603458298577	1603458298607	OK	 
REQUEST	1		request_67	1603458298607	1603458298642	OK	 
REQUEST	1		request_67	1603458298643	1603458298671	OK	 
REQUEST	1		request_67	1603458298672	1603458298693	OK	 
REQUEST	1		request_67	1603458298694	1603458298729	OK	 
REQUEST	1		request_67	1603458298729	1603458298759	OK	 
REQUEST	1		request_67	1603458298760	1603458298779	OK	 
REQUEST	1		request_67	1603458298780	1603458298817	OK	 
REQUEST	1		request_67	1603458298817	1603458298846	OK	 
REQUEST	1		request_67	1603458298846	1603458298875	OK	 
REQUEST	1		request_67	1603458298875	1603458298911	OK	 
REQUEST	1		request_67	1603458298912	1603458298932	OK	 
REQUEST	1		request_67	1603458298932	1603458298953	OK	 
REQUEST	1		request_67	1603458298953	1603458298988	OK	 
REQUEST	1		request_67	1603458298988	1603458299018	OK	 
REQUEST	1		request_67	1603458299019	1603458299040	OK	 
REQUEST	1		request_67	1603458299040	1603458299077	OK	 
REQUEST	1		request_67	1603458299078	1603458299102	OK	 
REQUEST	1		request_67	1603458299103	1603458299123	OK	 
REQUEST	1		request_67	1603458299123	1603458299179	OK	 
REQUEST	1		request_67	1603458299179	1603458299206	OK	 
REQUEST	1		request_67	1603458299206	1603458299229	OK	 
REQUEST	1		request_67	1603458299229	1603458299267	OK	 
REQUEST	1		request_67	1603458299267	1603458299293	OK	 
REQUEST	1		request_67	1603458299293	1603458299322	OK	 
REQUEST	1		request_67	1603458299323	1603458299361	OK	 
REQUEST	1		request_67	1603458299361	1603458299381	OK	 
REQUEST	1		request_67	1603458299382	1603458299403	OK	 
REQUEST	1		request_67	1603458299404	1603458299436	OK	 
REQUEST	1		request_67	1603458299437	1603458299463	OK	 
REQUEST	1		request_67	1603458299463	1603458299484	OK	 
REQUEST	1		request_67	1603458299485	1603458299522	OK	 
REQUEST	1		request_67	1603458299522	1603458299551	OK	 
REQUEST	1		request_67	1603458299551	1603458299571	OK	 
REQUEST	1		request_67	1603458299572	1603458299606	OK	 
REQUEST	1		request_67	1603458299607	1603458299627	OK	 
REQUEST	1		request_67	1603458299627	1603458299647	OK	 
REQUEST	1		request_67	1603458299648	1603458299686	OK	 
REQUEST	1		request_67	1603458299686	1603458299714	OK	 
REQUEST	1		request_67	1603458299714	1603458299734	OK	 
REQUEST	1		request_67	1603458299735	1603458299772	OK	 
REQUEST	1		request_67	1603458299772	1603458299802	OK	 
REQUEST	1		request_67	1603458299803	1603458299823	OK	 
REQUEST	1		request_67	1603458299824	1603458299858	OK	 
REQUEST	1		request_67	1603458299858	1603458299887	OK	 
REQUEST	1		request_67	1603458299888	1603458299908	OK	 
REQUEST	1		request_67	1603458299909	1603458299953	OK	 
REQUEST	1		request_67	1603458299954	1603458299975	OK	 
REQUEST	1		request_67	1603458299976	1603458299998	OK	 
REQUEST	1		request_67	1603458299999	1603458300034	OK	 
REQUEST	1		request_67	1603458300035	1603458300056	OK	 
REQUEST	1		request_67	1603458300056	1603458300082	OK	 
REQUEST	1		request_67	1603458300082	1603458300118	OK	 
REQUEST	1		request_67	1603458300118	1603458300139	OK	 
REQUEST	1		request_67	1603458300139	1603458300160	OK	 
REQUEST	1		request_67	1603458300161	1603458300198	OK	 
REQUEST	1		request_67	1603458300198	1603458300225	OK	 
REQUEST	1		request_67	1603458300225	1603458300244	OK	 
REQUEST	1		request_67	1603458300245	1603458300285	OK	 
REQUEST	1		request_67	1603458300286	1603458300310	OK	 
REQUEST	1		request_67	1603458300311	1603458300332	OK	 
REQUEST	1		request_67	1603458300333	1603458300366	OK	 
REQUEST	1		request_67	1603458300366	1603458300391	OK	 
REQUEST	1		request_67	1603458300391	1603458300413	OK	 
REQUEST	1		request_67	1603458300414	1603458300451	OK	 
REQUEST	1		request_67	1603458300451	1603458300478	OK	 
REQUEST	1		request_67	1603458300478	1603458300498	OK	 
REQUEST	1		request_67	1603458300499	1603458300535	OK	 
REQUEST	1		request_67	1603458300535	1603458300569	OK	 
REQUEST	1		request_67	1603458300570	1603458300590	OK	 
REQUEST	1		request_67	1603458300591	1603458300625	OK	 
REQUEST	1		request_67	1603458300625	1603458300656	OK	 
REQUEST	1		request_67	1603458300656	1603458300676	OK	 
REQUEST	1		request_67	1603458300677	1603458300711	OK	 
REQUEST	1		request_67	1603458300712	1603458300744	OK	 
REQUEST	1		request_67	1603458300744	1603458300765	OK	 
REQUEST	1		request_67	1603458300765	1603458300806	OK	 
REQUEST	1		request_67	1603458300806	1603458300830	OK	 
REQUEST	1		request_67	1603458300831	1603458300860	OK	 
REQUEST	1		request_67	1603458300860	1603458300906	OK	 
REQUEST	1		request_67	1603458300906	1603458300929	OK	 
REQUEST	1		request_67	1603458300930	1603458300954	OK	 
REQUEST	1		request_67	1603458300955	1603458300995	OK	 
REQUEST	1		request_67	1603458300995	1603458301019	OK	 
REQUEST	1		request_67	1603458301020	1603458301042	OK	 
REQUEST	1		request_67	1603458301043	1603458301082	OK	 
REQUEST	1		request_67	1603458301082	1603458301101	OK	 
REQUEST	1		request_67	1603458301102	1603458301124	OK	 
REQUEST	1		request_67	1603458301124	1603458301161	OK	 
REQUEST	1		request_67	1603458301161	1603458301191	OK	 
REQUEST	1		request_67	1603458301191	1603458301213	OK	 
REQUEST	1		request_67	1603458301213	1603458301267	OK	 
REQUEST	1		request_67	1603458301267	1603458301296	OK	 
REQUEST	1		request_67	1603458301296	1603458301315	OK	 
REQUEST	1		request_67	1603458301316	1603458301352	OK	 
REQUEST	1		request_67	1603458301352	1603458301402	OK	 
REQUEST	1		request_67	1603458301403	1603458301424	OK	 
REQUEST	1		request_67	1603458301424	1603458301460	OK	 
REQUEST	1		request_67	1603458301460	1603458301486	OK	 
REQUEST	1		request_67	1603458301487	1603458301514	OK	 
REQUEST	1		request_67	1603458301515	1603458301550	OK	 
REQUEST	1		request_67	1603458301550	1603458301571	OK	 
REQUEST	1		request_67	1603458301572	1603458301592	OK	 
REQUEST	1		request_67	1603458301592	1603458301628	OK	 
REQUEST	1		request_67	1603458301628	1603458301648	OK	 
REQUEST	1		request_67	1603458301648	1603458301734	OK	 
REQUEST	1		request_67	1603458301735	1603458301780	OK	 
REQUEST	1		request_67	1603458301781	1603458301813	OK	 
REQUEST	1		request_67	1603458301814	1603458301843	OK	 
REQUEST	1		request_67	1603458301843	1603458301882	OK	 
REQUEST	1		request_67	1603458301882	1603458301901	OK	 
REQUEST	1		request_67	1603458301901	1603458301923	OK	 
REQUEST	1		request_67	1603458301923	1603458301961	OK	 
REQUEST	1		request_67	1603458301961	1603458301994	OK	 
REQUEST	1		request_67	1603458301994	1603458302021	OK	 
REQUEST	1		request_67	1603458302022	1603458302071	OK	 
REQUEST	1		request_67	1603458302072	1603458302108	OK	 
REQUEST	1		request_67	1603458302108	1603458302136	OK	 
REQUEST	1		request_67	1603458302136	1603458302176	OK	 
REQUEST	1		request_67	1603458302177	1603458302197	OK	 
REQUEST	1		request_67	1603458302197	1603458302220	OK	 
REQUEST	1		request_67	1603458302221	1603458302255	OK	 
REQUEST	1		request_67	1603458302255	1603458302280	OK	 
REQUEST	1		request_67	1603458302280	1603458302300	OK	 
REQUEST	1		request_67	1603458302301	1603458302336	OK	 
REQUEST	1		request_67	1603458302337	1603458302357	OK	 
REQUEST	1		request_67	1603458302357	1603458302377	OK	 
REQUEST	1		request_67	1603458302378	1603458302415	OK	 
REQUEST	1		request_67	1603458302415	1603458302443	OK	 
REQUEST	1		request_67	1603458302443	1603458302466	OK	 
REQUEST	1		request_67	1603458302466	1603458302499	OK	 
REQUEST	1		request_67	1603458302500	1603458302540	OK	 
REQUEST	1		request_67	1603458302540	1603458302561	OK	 
REQUEST	1		request_67	1603458302562	1603458302597	OK	 
REQUEST	1		request_67	1603458302597	1603458302625	OK	 
REQUEST	1		request_67	1603458302626	1603458302649	OK	 
REQUEST	1		request_67	1603458302650	1603458302695	OK	 
REQUEST	1		request_67	1603458302695	1603458302723	OK	 
REQUEST	1		request_67	1603458302724	1603458302752	OK	 
REQUEST	1		request_67	1603458302752	1603458302789	OK	 
REQUEST	1		request_67	1603458302789	1603458302810	OK	 
REQUEST	1		request_67	1603458302810	1603458302836	OK	 
REQUEST	1		request_67	1603458302837	1603458302873	OK	 
REQUEST	1		request_67	1603458302873	1603458302894	OK	 
REQUEST	1		request_67	1603458302894	1603458302922	OK	 
REQUEST	1		request_67	1603458302923	1603458302959	OK	 
REQUEST	1		request_67	1603458302959	1603458302996	OK	 
REQUEST	1		request_67	1603458302996	1603458303018	OK	 
REQUEST	1		request_67	1603458303019	1603458303056	OK	 
REQUEST	1		request_67	1603458303056	1603458303083	OK	 
REQUEST	1		request_67	1603458303084	1603458303103	OK	 
REQUEST	1		request_67	1603458303104	1603458303155	OK	 
REQUEST	1		request_67	1603458303156	1603458303181	OK	 
REQUEST	1		request_67	1603458303181	1603458303208	OK	 
REQUEST	1		request_67	1603458303209	1603458303245	OK	 
REQUEST	1		request_67	1603458303246	1603458303346	OK	 
REQUEST	1		request_67	1603458303346	1603458303375	OK	 
REQUEST	1		request_67	1603458303376	1603458303420	OK	 
REQUEST	1		request_67	1603458303420	1603458303439	OK	 
REQUEST	1		request_67	1603458303440	1603458303459	OK	 
REQUEST	1		request_67	1603458303460	1603458303498	OK	 
REQUEST	1		request_67	1603458303499	1603458303526	OK	 
REQUEST	1		request_67	1603458303526	1603458303548	OK	 
REQUEST	1		request_67	1603458303548	1603458303582	OK	 
REQUEST	1		request_67	1603458303582	1603458303612	OK	 
REQUEST	1		request_67	1603458303613	1603458303633	OK	 
REQUEST	1		request_67	1603458303633	1603458303672	OK	 
REQUEST	1		request_67	1603458303673	1603458303698	OK	 
REQUEST	1		request_67	1603458303698	1603458303718	OK	 
REQUEST	1		request_67	1603458303719	1603458303760	OK	 
REQUEST	1		request_67	1603458303761	1603458303798	OK	 
REQUEST	1		request_67	1603458303798	1603458303827	OK	 
REQUEST	1		request_67	1603458303827	1603458303862	OK	 
REQUEST	1		request_67	1603458303862	1603458303881	OK	 
REQUEST	1		request_67	1603458303882	1603458303907	OK	 
REQUEST	1		request_67	1603458303907	1603458303944	OK	 
REQUEST	1		request_67	1603458303944	1603458303971	OK	 
REQUEST	1		request_67	1603458303971	1603458303997	OK	 
REQUEST	1		request_67	1603458303998	1603458304035	OK	 
REQUEST	1		request_67	1603458304035	1603458304058	OK	 
REQUEST	1		request_67	1603458304059	1603458304079	OK	 
REQUEST	1		request_67	1603458304080	1603458304119	OK	 
REQUEST	1		request_67	1603458304119	1603458304138	OK	 
REQUEST	1		request_67	1603458304138	1603458304162	OK	 
REQUEST	1		request_67	1603458304162	1603458304196	OK	 
REQUEST	1		request_67	1603458304196	1603458304236	OK	 
REQUEST	1		request_67	1603458304237	1603458304258	OK	 
REQUEST	1		request_67	1603458304258	1603458304291	OK	 
REQUEST	1		request_67	1603458304291	1603458304310	OK	 
REQUEST	1		request_67	1603458304310	1603458304332	OK	 
REQUEST	1		request_67	1603458304332	1603458304366	OK	 
REQUEST	1		request_67	1603458304367	1603458304392	OK	 
REQUEST	1		request_67	1603458304393	1603458304412	OK	 
REQUEST	1		request_67	1603458304413	1603458304448	OK	 
REQUEST	1		request_67	1603458304449	1603458304478	OK	 
REQUEST	1		request_67	1603458304478	1603458304502	OK	 
REQUEST	1		request_67	1603458304503	1603458304537	OK	 
REQUEST	1		request_67	1603458304537	1603458304567	OK	 
REQUEST	1		request_67	1603458304567	1603458304588	OK	 
REQUEST	1		request_67	1603458304588	1603458304626	OK	 
REQUEST	1		request_67	1603458304626	1603458304649	OK	 
REQUEST	1		request_67	1603458304649	1603458304670	OK	 
REQUEST	1		request_67	1603458304670	1603458304713	OK	 
REQUEST	1		request_67	1603458304713	1603458304732	OK	 
REQUEST	1		request_67	1603458304733	1603458304751	OK	 
REQUEST	1		request_67	1603458304751	1603458304785	OK	 
REQUEST	1		request_67	1603458304785	1603458304811	OK	 
REQUEST	1		request_67	1603458304811	1603458304837	OK	 
REQUEST	1		request_67	1603458304837	1603458304874	OK	 
REQUEST	1		request_67	1603458304874	1603458304910	OK	 
REQUEST	1		request_67	1603458304910	1603458304930	OK	 
REQUEST	1		request_67	1603458304930	1603458304965	OK	 
REQUEST	1		request_67	1603458304965	1603458304991	OK	 
REQUEST	1		request_67	1603458304991	1603458305012	OK	 
REQUEST	1		request_67	1603458305012	1603458305046	OK	 
REQUEST	1		request_67	1603458305046	1603458305066	OK	 
REQUEST	1		request_67	1603458305066	1603458305086	OK	 
REQUEST	1		request_67	1603458305087	1603458305140	OK	 
REQUEST	1		request_67	1603458305140	1603458305159	OK	 
REQUEST	1		request_67	1603458305159	1603458305179	OK	 
REQUEST	1		request_67	1603458305180	1603458305215	OK	 
REQUEST	1		request_67	1603458305215	1603458305245	OK	 
REQUEST	