RUN	basic.SeapPesquisarReuniao	seappesquisarreuniao	1602164362603	teste	3.0.2
USER	SeapPesquisarReuniao	1	START	1602164364999	1602164364999
REQUEST	1		request_0	1602164365018	1602164370266	OK	 
REQUEST	1		request_6	1602164375388	1602164380573	OK	 
REQUEST	1		request_3	1602164375386	1602164380587	OK	 
REQUEST	1		request_4	1602164375387	1602164380592	KO	status.find.in(200,201,202,203,204,205,206,207,208,209,304), found 400
REQUEST	1		request_2	1602164370352	1602164380601	OK	 
REQUEST	1		icon?family=Material+Icons	1602164375388	1602164380727	OK	 
REQUEST	1		request_5	1602164375387	1602164380955	OK	 
REQUEST	1		request_7	1602164390982	1602164391024	KO	status.find.in(200,201,202,203,204,205,206,207,208,209,304), found 400
REQUEST	1		request_9	1602164396033	1602164401251	OK	 
REQUEST	1		request_10	1602164401262	1602164401299	OK	 
REQUEST	1		request_12	1602164401263	1602164401387	OK	 
REQUEST	1		request_15	1602164401266	1602164401393	OK	 
REQUEST	1		request_13	1602164401264	1602164401395	OK	 
REQUEST	1		request_19	1602164401267	1602164401396	OK	 
REQUEST	1		request_20	1602164403403	1602164408734	OK	 
REQUEST	1		request_21	1602164408737	1602164408798	OK	 
REQUEST	1		request_22	1602164412793	1602164412825	OK	 
ERROR	request_26: Failed to build request: Resource seap/seappesquisarreuniao/0026_request.json not found 	1602164412832
ERROR	request_29: Failed to build request: Resource seap/seappesquisarreuniao/0029_request.json not found 	1602164412834
REQUEST	1		request_23	1602164412836	1602164412862	OK	 
REQUEST	1		request_24	1602164412837	1602164412864	OK	 
REQUEST	1		request_28	1602164412838	1602164412868	OK	 
REQUEST	1		request_30	1602164418873	1602164418899	OK	 
ERROR	request_31: Failed to build request: Resource seap/seappesquisarreuniao/0031_request.json not found 	1602164418900
REQUEST	1		request_32	1602164444893	1602164444947	OK	 
REQUEST	1		request_33	1602164444949	1602164445005	OK	 
USER	SeapPesquisarReuniao	1	END	1602164364999	1602164445009
