RUN	basic.SeapPesquisarReuniao1	seappesquisarreuniao1	1602180935319	teste	3.0.2
USER	SeapPesquisarReuniao1	1	START	1602180937740	1602180937740
REQUEST	1		request_0	1602180937761	1602180943134	OK	 
REQUEST	1		request_1	1602180948162	1602180953303	OK	 
REQUEST	1		request_2	1602180953345	1602180958383	KO	status.find.in(200,201,202,203,204,205,206,207,208,209,304), found 401
REQUEST	1		request_5	1602180953347	1602180958492	OK	 
REQUEST	1		request_6	1602180953346	1602180958497	OK	 
REQUEST	1		request_4	1602180953346	1602180958754	OK	 
REQUEST	1		request_7	1602181061759	1602181066933	KO	status.find.in(200,201,202,203,204,205,206,207,208,209,304), found 400
REQUEST	1		request_8	1602181067932	1602181067971	KO	status.find.in(200,201,202,203,204,205,206,207,208,209,304), found 400
REQUEST	1		request_9	1602181072972	1602181078362	OK	 
REQUEST	1		request_10	1602181078368	1602181083403	OK	 
REQUEST	1		request_12	1602181078369	1602181083525	OK	 
REQUEST	1		request_17	1602181078371	1602181083526	OK	 
REQUEST	1		request_15	1602181078370	1602181083527	OK	 
REQUEST	1		request_13	1602181078370	1602181083527	OK	 
REQUEST	1		request_19	1602181078372	1602181087633	OK	 
REQUEST	1		request_21	1602181098632	1602181098663	OK	 
ERROR	request_26: Failed to build request: Resource seap/seappesquisarreuniao1/0026_request.json not found 	1602181098671
ERROR	request_28: Failed to build request: Resource seap/seappesquisarreuniao1/0028_request.json not found 	1602181098672
REQUEST	1		request_22	1602181098674	1602181098713	OK	 
REQUEST	1		request_25	1602181098677	1602181098713	OK	 
REQUEST	1		request_23	1602181098675	1602181098714	OK	 
REQUEST	1		request_29	1602181102722	1602181102750	OK	 
ERROR	request_30: Failed to build request: Resource seap/seappesquisarreuniao1/0030_request.json not found 	1602181102751
USER	SeapPesquisarReuniao1	1	END	1602180937740	1602181102760
