RUN	basic.ListarAnuncios2	listaranuncios2	1603217809988	teste	3.0.2
USER	ListarAnuncios2	1	START	1603217812354	1603217812354
REQUEST	1		Gerar Token	1603217812382	1603217818072	OK	 
REQUEST	1		request_0	1603217823108	1603217828394	OK	 
REQUEST	1		request_1	1603217843597	1603217843626	OK	 
REQUEST	1		Acesso_Pagina_login_1	1603217843601	1603217843634	OK	 
REQUEST	1		req_duvida_todos	1603217833536	1603217843742	KO	status.find.in(200,201,202,203,204,205,206,207,208,209,304), found 503
REQUEST	1		req_Listar_com_filhos_1	1603217838568	1603217843748	KO	status.find.in(200,201,202,203,204,205,206,207,208,209,304), found 503
REQUEST	1		request_7	1603217843603	1603217843762	OK	 
REQUEST	1		request_3	1603217843599	1603217843783	OK	 
REQUEST	1		request_4	1603217843600	1603217843807	OK	 
REQUEST	1		request_18	1603217843604	1603217843810	OK	 
REQUEST	1		css?family=Ubuntu:700,500,400,300,600&display=swap	1603217843593	1603217843915	OK	 
REQUEST	1		css?family=Cantarell:700,500,400,300,600&display=swap	1603217843595	1603217843927	OK	 
REQUEST	1		css?family=Montserrat:700,500,400,300,600&display=swap	1603217843594	1603217843933	OK	 
REQUEST	1		css?family=Roboto:700,500,400,300,600&display=swap	1603217838570	1603217843947	OK	 
REQUEST	1		request_14	1603217828502	1603217843953	OK	 
REQUEST	1		Autenticacao	1603217844946	1603217845004	OK	 
REQUEST	1		Autenticacao Redirect 1	1603217845013	1603217845086	OK	 
REQUEST	1		request_34	1603217845110	1603217845153	OK	 
REQUEST	1		req_Listar_com_filhos_2	1603217845113	1603217845165	KO	status.find.in(200,201,202,203,204,205,206,207,208,209,304), found 503
REQUEST	1		request_33	1603217845115	1603217845172	OK	 
REQUEST	1		request_29	1603217845115	1603217845173	OK	 
REQUEST	1		request_39	1603217845116	1603217845175	OK	 
REQUEST	1		request_43	1603217845112	1603217845175	KO	status.find.in(200,201,202,203,204,205,206,207,208,209,304), found 503
REQUEST	1		request_31	1603217845117	1603217845177	OK	 
REQUEST	1		request_32	1603217845118	1603217845178	OK	 
REQUEST	1		request_36	1603217845119	1603217845180	OK	 
REQUEST	1		icon?family=Material+Icons|Material+Icons+Outlined	1603217845114	1603217845214	OK	 
REQUEST	1		request_38	1603217845111	1603217845268	OK	 
REQUEST	1		request_40	1603217845116	1603217845389	OK	 
REQUEST	1		Autenticacao_Geracao_token_1	1603217845119	1603217845426	OK	 
REQUEST	1		Autenticacao_Geracao_token_1	1603217845427	1603217845480	OK	 
REQUEST	1		request_49	1603217852474	1603217852523	OK	 
REQUEST	1		request_51	1603217852532	1603217852552	OK	 
REQUEST	1		request_57	1603217852537	1603217852559	KO	status.find.in(200,201,202,203,204,205,206,207,208,209,304), found 503
REQUEST	1		request_56	1603217852535	1603217852560	KO	status.find.in(200,201,202,203,204,205,206,207,208,209,304), found 503
REQUEST	1		request_52	1603217852533	1603217852561	OK	 
REQUEST	1		request_50	1603217852534	1603217852586	OK	 
REQUEST	1		request_58	1603217852537	1603217852619	KO	status.find.in(200,201,202,203,204,205,206,207,208,209,304), found 503
REQUEST	1		req_Listar_com_filhos_6	1603217852538	1603217852655	KO	status.find.in(200,201,202,203,204,205,206,207,208,209,304), found 503
REQUEST	1		request_63	1603217854664	1603217854714	OK	 
REQUEST	1		request_64	1603217854719	1603217854740	OK	 
REQUEST	1		request_69	1603217854722	1603217854747	KO	status.find.in(200,201,202,203,204,205,206,207,208,209,304), found 503
REQUEST	1		req_Listar_com_filhos_7	1603217854721	1603217854748	KO	status.find.in(200,201,202,203,204,205,206,207,208,209,304), found 503
REQUEST	1		request_65	1603217854720	1603217854750	OK	 
REQUEST	1		request_71	1603217856745	1603217856796	OK	 
REQUEST	1		request_73	1603217856813	1603217856835	OK	 
REQUEST	1		request_74	1603217856814	1603217856836	OK	 
REQUEST	1		request_78	1603217856816	1603217856843	KO	status.find.in(200,201,202,203,204,205,206,207,208,209,304), found 503
REQUEST	1		request_79	1603217856817	1603217856845	KO	status.find.in(200,201,202,203,204,205,206,207,208,209,304), found 503
REQUEST	1		req_Listar_com_filhos_9	1603217856819	1603217856846	KO	status.find.in(200,201,202,203,204,205,206,207,208,209,304), found 503
REQUEST	1		request_80	1603217856818	1603217856848	KO	status.find.in(200,201,202,203,204,205,206,207,208,209,304), found 503
REQUEST	1		request_72	1603217856815	1603217856868	OK	 
REQUEST	1		request_98	1603217856844	1603217856869	KO	status.find.in(200,201,202,203,204,205,206,207,208,209,304), found 503
REQUEST	1		request_99	1603217856846	1603217856871	KO	status.find.in(200,201,202,203,204,205,206,207,208,209,304), found 503
REQUEST	1		request_101	1603217856849	1603217856883	KO	status.find.in(200,201,202,203,204,205,206,207,208,209,304), found 503
REQUEST	1		request_100	1603217856847	1603217856892	KO	status.find.in(200,201,202,203,204,205,206,207,208,209,304), found 503
REQUEST	1		request_102	1603217856870	1603217856894	KO	status.find.in(200,201,202,203,204,205,206,207,208,209,304), found 503
REQUEST	1		request_104	1603217856884	1603217856905	KO	status.find.in(200,201,202,203,204,205,206,207,208,209,304), found 503
REQUEST	1		request_105	1603217856893	1603217856919	KO	status.find.in(200,201,202,203,204,205,206,207,208,209,304), found 503
REQUEST	1		request_103	1603217856872	1603217856920	KO	status.find.in(200,201,202,203,204,205,206,207,208,209,304), found 503
REQUEST	1		request_97	1603217856820	1603217856946	KO	status.find.in(200,201,202,203,204,205,206,207,208,209,304), found 503
REQUEST	1		request_96	1603217856819	1603217856951	KO	status.find.in(200,201,202,203,204,205,206,207,208,209,304), found 503
REQUEST	1		request_121	1603217861954	1603217862005	OK	 
REQUEST	1		request_126	1603217862016	1603217862043	KO	status.find.in(200,201,202,203,204,205,206,207,208,209,304), found 502
REQUEST	1		request_127	1603217862017	1603217862046	KO	status.find.in(200,201,202,203,204,205,206,207,208,209,304), found 502
REQUEST	1		request_122	1603217862014	1603217862047	OK	 
REQUEST	1		request_123	1603217862015	1603217862048	OK	 
REQUEST	1		request_137	1603217862020	1603217862050	KO	status.find.in(200,201,202,203,204,205,206,207,208,209,304), found 502
REQUEST	1		request_136	1603217862019	1603217862051	KO	status.find.in(200,201,202,203,204,205,206,207,208,209,304), found 502
REQUEST	1		request_140	1603217862021	1603217862053	KO	status.find.in(200,201,202,203,204,205,206,207,208,209,304), found 502
REQUEST	1		req_Listar_com_filhos_10	1603217862018	1603217862054	KO	status.find.in(200,201,202,203,204,205,206,207,208,209,304), found 502
REQUEST	1		request_141	1603217862044	1603217862074	KO	status.find.in(200,201,202,203,204,205,206,207,208,209,304), found 502
REQUEST	1		request_147	1603217867084	1603217867135	OK	 
REQUEST	1		request_149	1603217867140	1603217867163	OK	 
REQUEST	1		request_148	1603217867139	1603217867164	OK	 
REQUEST	1		request_153	1603217867141	1603217867170	KO	status.find.in(200,201,202,203,204,205,206,207,208,209,304), found 502
REQUEST	1		req_Listar_com_filhos_12	1603217867141	1603217867172	KO	status.find.in(200,201,202,203,204,205,206,207,208,209,304), found 502
REQUEST	1		request_155	1603217870174	1603217870230	OK	 
REQUEST	1		request_156	1603217870234	1603217870256	OK	 
REQUEST	1		request_157	1603217870235	1603217870257	OK	 
REQUEST	1		req_Listar_com_filhos_14	1603217870237	1603217870266	KO	status.find.in(200,201,202,203,204,205,206,207,208,209,304), found 502
REQUEST	1		request_159	1603217870236	1603217870275	KO	status.find.in(200,201,202,203,204,205,206,207,208,209,304), found 502
REQUEST	1		request_167	1603217873274	1603217873323	OK	 
REQUEST	1		request_169	1603217873334	1603217873354	OK	 
REQUEST	1		request_168	1603217873333	1603217873356	OK	 
REQUEST	1		request_182	1603217873338	1603217873360	KO	status.find.in(200,201,202,203,204,205,206,207,208,209,304), found 502
REQUEST	1		request_174	1603217873337	1603217873363	KO	status.find.in(200,201,202,203,204,205,206,207,208,209,304), found 502
REQUEST	1		req_Listar_com_filhos_15	1603217873336	1603217873365	KO	status.find.in(200,201,202,203,204,205,206,207,208,209,304), found 502
REQUEST	1		request_172	1603217873335	1603217873369	KO	status.find.in(200,201,202,203,204,205,206,207,208,209,304), found 502
REQUEST	1		request_183	1603217873339	1603217873371	KO	status.find.in(200,201,202,203,204,205,206,207,208,209,304), found 502
REQUEST	1		request_184	1603217873340	1603217873373	KO	status.find.in(200,201,202,203,204,205,206,207,208,209,304), found 502
REQUEST	1		request_185	1603217873362	1603217873391	KO	status.find.in(200,201,202,203,204,205,206,207,208,209,304), found 502
REQUEST	1		request_192	1603217876394	1603217876415	OK	 
REQUEST	1		request_193	1603217876420	1603217876440	OK	 
REQUEST	1		req_Listar_com_filhos_15	1603217876424	1603217876449	KO	status.find.in(200,201,202,203,204,205,206,207,208,209,304), found 502
REQUEST	1		request_198	1603217876424	1603217876451	KO	status.find.in(200,201,202,203,204,205,206,207,208,209,304), found 502
REQUEST	1		request_194	1603217876422	1603217876453	OK	 
REQUEST	1		request_195	1603217876423	1603217876523	OK	 
REQUEST	1		request_201	1603217880534	1603217880582	OK	 
REQUEST	1		request_202	1603217880588	1603217880609	OK	 
REQUEST	1		request_210	1603217880594	1603217880617	KO	status.find.in(200,201,202,203,204,205,206,207,208,209,304), found 502
REQUEST	1		request_209	1603217880593	1603217880619	KO	status.find.in(200,201,202,203,204,205,206,207,208,209,304), found 502
REQUEST	1		req_Listar_com_filhos_16	1603217880591	1603217880620	KO	status.find.in(200,201,202,203,204,205,206,207,208,209,304), found 502
REQUEST	1		request_215	1603217880595	1603217880622	KO	status.find.in(200,201,202,203,204,205,206,207,208,209,304), found 502
REQUEST	1		request_203	1603217880590	1603217880647	OK	 
REQUEST	1		request_208	1603217880592	1603217880648	KO	status.find.in(200,201,202,203,204,205,206,207,208,209,304), found 502
REQUEST	1		request_217	1603217881644	1603217881695	OK	 
REQUEST	1		request_218	1603217881701	1603217881721	OK	 
REQUEST	1		request_223	1603217881704	1603217881729	KO	status.find.in(200,201,202,203,204,205,206,207,208,209,304), found 502
REQUEST	1		request_222	1603217881703	1603217881731	KO	status.find.in(200,201,202,203,204,205,206,207,208,209,304), found 502
REQUEST	1		request_219	1603217881702	1603217881733	OK	 
REQUEST	1		request_233	1603217881705	1603217881735	KO	status.find.in(200,201,202,203,204,205,206,207,208,209,304), found 502
REQUEST	1		req_Listar_com_filhos_17	1603217881704	1603217881737	KO	status.find.in(200,201,202,203,204,205,206,207,208,209,304), found 502
REQUEST	1		request_235	1603217881706	1603217881739	KO	status.find.in(200,201,202,203,204,205,206,207,208,209,304), found 502
REQUEST	1		request_234	1603217881706	1603217881745	KO	status.find.in(200,201,202,203,204,205,206,207,208,209,304), found 502
REQUEST	1		request_236	1603217881730	1603217881756	KO	status.find.in(200,201,202,203,204,205,206,207,208,209,304), found 502
USER	ListarAnuncios2	1	END	1603217812354	1603217881775
