RUN	basic.CadastrarAnuncio	cadastraranuncio	1603472000696	teste	3.0.2
USER	CadastrarAnuncio	1	START	1603472003063	1603472003063
REQUEST	1		Gerar Token	1603472003088	1603472008673	OK	 
REQUEST	1		request_0	1603472013697	1603472018854	OK	 
REQUEST	1		request_1	1603472018948	1603472018972	OK	 
REQUEST	1		request_2	1603472018950	1603472018984	OK	 
REQUEST	1		request_4	1603472018949	1603472019031	OK	 
REQUEST	1		request_3	1603472018949	1603472019032	OK	 
REQUEST	1		request_7	1603472018951	1603472019042	OK	 
REQUEST	1		request_8	1603472029035	1603472029060	OK	 
REQUEST	1		request_9	1603472029065	1603472034107	OK	 
REQUEST	1		request_11	1603472034099	1603472034246	OK	 
REQUEST	1		request_10	1603472029066	1603472034250	OK	 
REQUEST	1		request_13	1603472046256	1603472046303	OK	 
REQUEST	1		request_13 Redirect 1	1603472046312	1603472046356	OK	 
REQUEST	1		request_17	1603472046383	1603472051417	OK	 
REQUEST	1		request_21	1603472046380	1603472056451	OK	 
REQUEST	1		request_14	1603472046378	1603472056452	OK	 
REQUEST	1		request_18	1603472046379	1603472056455	OK	 
REQUEST	1		request_16	1603472046382	1603472056458	OK	 
REQUEST	1		request_26	1603472051412	1603472056463	OK	 
REQUEST	1		request_28	1603472051414	1603472056467	OK	 
REQUEST	1		request_26	1603472056464	1603472056502	OK	 
REQUEST	1		request_28	1603472056468	1603472056511	OK	 
REQUEST	1		request_23	1603472046381	1603472056513	OK	 
REQUEST	1		request_17	1603472051418	1603472056537	OK	 
REQUEST	1		request_28	1603472056512	1603472056554	OK	 
REQUEST	1		request_19	1603472046384	1603472056562	OK	 
REQUEST	1		request_26	1603472056503	1603472056575	OK	 
REQUEST	1		request_19	1603472056562	1603472056581	OK	 
REQUEST	1		request_25	1603472051411	1603472056593	OK	 
REQUEST	1		request_25	1603472056594	1603472056620	OK	 
REQUEST	1		request_63	1603472058624	1603472058650	OK	 
REQUEST	1		request_64	1603472058654	1603472058682	OK	 
REQUEST	1		request_65	1603472058655	1603472058684	OK	 
REQUEST	1		request_66	1603472058657	1603472058685	OK	 
REQUEST	1		request_67	1603472058658	1603472058688	OK	 
REQUEST	1		request_66	1603472058687	1603472058723	OK	 
REQUEST	1		request_67	1603472058690	1603472058736	OK	 
REQUEST	1		request_66	1603472058724	1603472058774	OK	 
REQUEST	1		request_67	1603472058737	1603472058775	OK	 
REQUEST	1		request_67	1603472058777	1603472058802	OK	 
REQUEST	1		request_67	1603472058804	1603472058839	OK	 
REQUEST	1		request_67	1603472058840	1603472058869	OK	 
REQUEST	1		request_67	1603472058870	1603472058895	OK	 
REQUEST	1		request_67	1603472058897	1603472058937	OK	 
REQUEST	1		request_67	1603472058939	1603472058972	OK	 
REQUEST	1		request_67	1603472058973	1603472058998	OK	 
REQUEST	1		request_67	1603472059000	1603472059039	OK	 
REQUEST	1		request_67	1603472059041	1603472059069	OK	 
REQUEST	1		request_67	1603472059070	1603472059093	OK	 
REQUEST	1		request_67	1603472059094	1603472059134	OK	 
REQUEST	1		request_67	1603472059135	1603472059166	OK	 
REQUEST	1		request_67	1603472059167	1603472059193	OK	 
REQUEST	1		request_67	1603472059195	1603472059236	OK	 
REQUEST	1		request_67	1603472059237	1603472059263	OK	 
REQUEST	1		request_67	1603472059264	1603472059291	OK	 
REQUEST	1		request_67	1603472059292	1603472059322	OK	 
REQUEST	1		request_67	1603472059323	1603472059352	OK	 
REQUEST	1		request_67	1603472059353	1603472059378	OK	 
REQUEST	1		request_67	1603472059379	1603472059414	OK	 
REQUEST	1		request_67	1603472059415	1603472059441	OK	 
REQUEST	1		request_67	1603472059442	1603472059474	OK	 
REQUEST	1		request_67	1603472059476	1603472059513	OK	 
REQUEST	1		request_67	1603472059514	1603472059542	OK	 
REQUEST	1		request_67	1603472059543	1603472059570	OK	 
REQUEST	1		request_67	1603472059571	1603472059602	OK	 
REQUEST	1		request_67	1603472059604	1603472059632	OK	 
REQUEST	1		request_67	1603472059633	1603472059654	OK	 
REQUEST	1		request_67	1603472059656	1603472059690	OK	 
REQUEST	1		request_67	1603472059691	1603472059720	OK	 
REQUEST	1		request_67	1603472059721	1603472059742	OK	 
REQUEST	1		request_67	1603472059743	1603472059777	OK	 
REQUEST	1		request_67	1603472059778	1603472059802	OK	 
REQUEST	1		request_67	1603472059803	1603472059823	OK	 
REQUEST	1		request_67	1603472059824	1603472059863	OK	 
REQUEST	1		request_67	1603472059864	1603472059890	OK	 
REQUEST	1		request_67	1603472059891	1603472059912	OK	 
REQUEST	1		request_67	1603472059913	1603472059949	OK	 
REQUEST	1		request_67	1603472059950	1603472059972	OK	 
REQUEST	1		request_67	1603472059973	1603472059999	OK	 
REQUEST	1		request_67	1603472060001	1603472060037	OK	 
REQUEST	1		request_67	1603472060038	1603472060065	OK	 
REQUEST	1		request_67	1603472060066	1603472060097	OK	 
REQUEST	1		request_67	1603472060098	1603472060139	OK	 
REQUEST	1		request_67	1603472060140	1603472060165	OK	 
REQUEST	1		request_67	1603472060166	1603472060189	OK	 
REQUEST	1		request_67	1603472060191	1603472060222	OK	 
REQUEST	1		request_67	1603472060223	1603472060248	OK	 
REQUEST	1		request_67	1603472060249	1603472060271	OK	 
REQUEST	1		request_67	1603472060272	1603472060309	OK	 
REQUEST	1		request_67	1603472060310	1603472060334	OK	 
REQUEST	1		request_67	1603472060335	1603472060357	OK	 
REQUEST	1		request_67	1603472060358	1603472060395	OK	 
REQUEST	1		request_67	1603472060396	1603472060417	OK	 
REQUEST	1		request_67	1603472060418	1603472060438	OK	 
REQUEST	1		request_67	1603472060440	1603472060479	OK	 
REQUEST	1		request_67	1603472060480	1603472060502	OK	 
REQUEST	1		request_67	1603472060503	1603472060523	OK	 
REQUEST	1		request_67	1603472060524	1603472060559	OK	 
REQUEST	1		request_67	1603472060560	1603472060593	OK	 
REQUEST	1		request_67	1603472060594	1603472060614	OK	 
REQUEST	1		request_67	1603472060615	1603472060658	OK	 
REQUEST	1		request_67	1603472060658	1603472060684	OK	 
REQUEST	1		request_67	1603472060685	1603472060712	OK	 
REQUEST	1		request_67	1603472060713	1603472060742	OK	 
REQUEST	1		request_67	1603472060743	1603472060773	OK	 
REQUEST	1		request_67	1603472060774	1603472060794	OK	 
REQUEST	1		request_67	1603472060795	1603472060834	OK	 
REQUEST	1		request_67	1603472060835	1603472060856	OK	 
REQUEST	1		request_67	1603472060857	1603472060878	OK	 
REQUEST	1		request_67	1603472060879	1603472060919	OK	 
REQUEST	1		request_67	1603472060919	1603472060943	OK	 
REQUEST	1		request_67	1603472060944	1603472060969	OK	 
REQUEST	1		request_67	1603472060970	1603472061002	OK	 
REQUEST	1		request_67	1603472061003	1603472061030	OK	 
REQUEST	1		request_67	1603472061031	1603472061051	OK	 
REQUEST	1		request_67	1603472061052	1603472061088	OK	 
REQUEST	1		request_67	1603472061089	1603472061113	OK	 
REQUEST	1		request_67	1603472061113	1603472061136	OK	 
REQUEST	1		request_67	1603472061138	1603472061176	OK	 
REQUEST	1		request_67	1603472061177	1603472061202	OK	 
REQUEST	1		request_67	1603472061203	1603472061223	OK	 
REQUEST	1		request_67	1603472061224	1603472061261	OK	 
REQUEST	1		request_67	1603472061261	1603472061291	OK	 
REQUEST	1		request_67	1603472061292	1603472061313	OK	 
REQUEST	1		request_67	1603472061314	1603472061358	OK	 
REQUEST	1		request_67	1603472061359	1603472061381	OK	 
REQUEST	1		request_67	1603472061382	1603472061411	OK	 
REQUEST	1		request_67	1603472061412	1603472061443	OK	 
REQUEST	1		request_67	1603472061444	1603472061477	OK	 
REQUEST	1		request_67	1603472061478	1603472061500	OK	 
REQUEST	1		request_67	1603472061501	1603472061541	OK	 
REQUEST	1		request_67	1603472061542	1603472061569	OK	 
REQUEST	1		request_67	1603472061570	1603472061595	OK	 
REQUEST	1		request_67	1603472061596	1603472061631	OK	 
REQUEST	1		request_67	1603472061632	1603472061667	OK	 
REQUEST	1		request_67	1603472061668	1603472061693	OK	 
REQUEST	1		request_67	1603472061694	1603472061729	OK	 
REQUEST	1		request_67	1603472061730	1603472061755	OK	 
REQUEST	1		request_67	1603472061756	1603472061777	OK	 
REQUEST	1		request_67	1603472061778	1603472061815	OK	 
REQUEST	1		request_67	1603472061816	1603472061842	OK	 
REQUEST	1		request_67	1603472061843	1603472061862	OK	 
REQUEST	1		request_67	1603472061863	1603472061894	OK	 
REQUEST	1		request_67	1603472061895	1603472061915	OK	 
REQUEST	1		request_67	1603472061916	1603472061940	OK	 
REQUEST	1		request_67	1603472061941	1603472061989	OK	 
REQUEST	1		request_67	1603472061990	1603472062015	OK	 
REQUEST	1		request_67	1603472062016	1603472062037	OK	 
REQUEST	1		request_67	1603472062038	1603472062074	OK	 
REQUEST	1		request_67	1603472062076	1603472062100	OK	 
REQUEST	1		request_67	1603472062101	1603472062129	OK	 
REQUEST	1		request_67	1603472062130	1603472062165	OK	 
REQUEST	1		request_67	1603472062166	1603472062189	OK	 
REQUEST	1		request_67	1603472062190	1603472062211	OK	 
REQUEST	1		request_67	1603472062213	1603472062242	OK	 
REQUEST	1		request_67	1603472062243	1603472062270	OK	 
REQUEST	1		request_67	1603472062271	1603472062292	OK	 
REQUEST	1		request_67	1603472062293	1603472062322	OK	 
REQUEST	1		request_67	1603472062323	1603472062358	OK	 
REQUEST	1		request_67	1603472062359	1603472062379	OK	 
REQUEST	1		request_67	1603472062381	1603472062415	OK	 
REQUEST	1		request_67	1603472062416	1603472062449	OK	 
REQUEST	1		request_67	1603472062449	1603472062471	OK	 
REQUEST	1		request_67	1603472062473	1603472062509	OK	 
REQUEST	1		request_67	1603472062510	1603472062537	OK	 
REQUEST	1		request_67	1603472062538	1603472062562	OK	 
REQUEST	1		request_67	1603472062563	1603472062598	OK	 
REQUEST	1		request_67	1603472062599	1603472062625	OK	 
REQUEST	1		request_67	1603472062626	1603472062652	OK	 
REQUEST	1		request_67	1603472062654	1603472062682	OK	 
REQUEST	1		request_67	1603472062683	1603472062714	OK	 
REQUEST	1		request_67	1603472062715	1603472062735	OK	 
REQUEST	1		request_67	1603472062736	1603472062781	OK	 
REQUEST	1		request_67	1603472062781	1603472062810	OK	 
REQUEST	1		request_67	1603472062811	1603472062831	OK	 
REQUEST	1		request_67	1603472062832	1603472062863	OK	 
REQUEST	1		request_67	1603472062863	1603472062893	OK	 
REQUEST	1		request_67	1603472062894	1603472062914	OK	 
REQUEST	1		request_67	1603472062915	1603472062944	OK	 
REQUEST	1		request_67	1603472062945	1603472062969	OK	 
REQUEST	1		request_67	1603472062970	1603472062994	OK	 
REQUEST	1		request_67	1603472062995	1603472063031	OK	 
REQUEST	1		request_67	1603472063031	1603472063056	OK	 
REQUEST	1		request_67	1603472063056	1603472063075	OK	 
REQUEST	1		request_67	1603472063076	1603472063112	OK	 
REQUEST	1		request_67	1603472063112	1603472063139	OK	 
REQUEST	1		request_67	1603472063139	1603472063162	OK	 
REQUEST	1		request_67	1603472063163	1603472063202	OK	 
REQUEST	1		request_67	1603472063202	1603472063227	OK	 
REQUEST	1		request_67	1603472063228	1603472063253	OK	 
REQUEST	1		request_67	1603472063253	1603472063289	OK	 
REQUEST	1		request_67	1603472063289	1603472063322	OK	 
REQUEST	1		request_67	1603472063322	1603472063353	OK	 
REQUEST	1		request_67	1603472063354	1603472063387	OK	 
REQUEST	1		request_67	1603472063388	1603472063420	OK	 
REQUEST	1		request_67	1603472063421	1603472063442	OK	 
REQUEST	1		request_67	1603472063443	1603472063482	OK	 
REQUEST	1		request_67	1603472063483	1603472063512	OK	 
REQUEST	1		request_67	1603472063513	1603472063532	OK	 
REQUEST	1		request_67	1603472063533	1603472063564	OK	 
REQUEST	1		request_67	1603472063565	1603472063590	OK	 
REQUEST	1		request_67	1603472063591	1603472063615	OK	 
REQUEST	1		request_67	1603472063616	1603472063660	OK	 
REQUEST	1		request_67	1603472063661	1603472063682	OK	 
REQUEST	1		request_67	1603472063683	1603472063702	OK	 
REQUEST	1		request_67	1603472063703	1603472063740	OK	 
REQUEST	1		request_67	1603472063741	1603472063769	OK	 
REQUEST	1		request_67	1603472063770	1603472063791	OK	 
REQUEST	1		request_67	1603472063792	1603472063822	OK	 
REQUEST	1		request_67	1603472063823	1603472063847	OK	 
REQUEST	1		request_67	1603472063848	1603472063869	OK	 
REQUEST	1		request_67	1603472063870	1603472063903	OK	 
REQUEST	1		request_67	1603472063903	1603472063929	OK	 
REQUEST	1		request_67	1603472063930	1603472063950	OK	 
REQUEST	1		request_67	1603472063951	1603472063982	OK	 
REQUEST	1		request_67	1603472063983	1603472064009	OK	 
REQUEST	1		request_67	1603472064010	1603472064031	OK	 
REQUEST	1		request_67	1603472064031	1603472064070	OK	 
REQUEST	1		request_67	1603472064070	1603472064097	OK	 
REQUEST	1		request_67	1603472064097	1603472064122	OK	 
REQUEST	1		request_67	1603472064122	1603472064156	OK	 
REQUEST	1		request_67	1603472064156	1603472064183	OK	 
REQUEST	1		request_67	1603472064183	1603472064210	OK	 
REQUEST	1		request_67	1603472064211	1603472064242	OK	 
REQUEST	1		request_67	1603472064243	1603472064271	OK	 
REQUEST	1		request_67	1603472064272	1603472064292	OK	 
REQUEST	1		request_67	1603472064293	1603472064329	OK	 
REQUEST	1		request_67	1603472064330	1603472064354	OK	 
REQUEST	1		request_67	1603472064354	1603472064375	OK	 
REQUEST	1		request_67	1603472064376	1603472064411	OK	 
REQUEST	1		request_67	1603472064412	1603472064438	OK	 
REQUEST	1		request_67	1603472064439	1603472064460	OK	 
REQUEST	1		request_67	1603472064461	1603472064496	OK	 
REQUEST	1		request_67	1603472064497	1603472064522	OK	 
REQUEST	1		request_67	1603472064522	1603472064543	OK	 
REQUEST	1		request_67	1603472064543	1603472064579	OK	 
REQUEST	1		request_67	1603472064579	1603472064605	OK	 
REQUEST	1		request_67	1603472064606	1603472064628	OK	 
REQUEST	1		request_67	1603472064630	1603472064662	OK	 
REQUEST	1		request_67	1603472064663	1603472064692	OK	 
REQUEST	1		request_67	1603472064693	1603472064722	OK	 
REQUEST	1		request_67	1603472064723	1603472064758	OK	 
REQUEST	1		request_67	1603472064759	1603472064790	OK	 
REQUEST	1		request_67	1603472064791	1603472064811	OK	 
REQUEST	1		request_67	1603472064812	1603472064842	OK	 
REQUEST	1		request_67	1603472064843	1603472064868	OK	 
REQUEST	1		request_67	1603472064869	1603472064898	OK	 
REQUEST	1		request_67	1603472064899	1603472064938	OK	 
REQUEST	1		request_67	1603472064939	1603472064962	OK	 
REQUEST	1		request_67	1603472064963	1603472064983	OK	 
REQUEST	1		request_67	1603472064983	1603472065023	OK	 
REQUEST	1		request_67	1603472065023	1603472065049	OK	 
REQUEST	1		request_67	1603472065050	1603472065073	OK	 
REQUEST	1		request_67	1603472065074	1603472065111	OK	 
REQUEST	1		request_67	1603472065112	1603472065134	OK	 
REQUEST	1		request_67	1603472065134	1603472065157	OK	 
REQUEST	1		request_67	1603472065158	1603472065194	OK	 
REQUEST	1		request_67	1603472065195	1603472065226	OK	 
REQUEST	1		request_67	1603472065226	1603472065252	OK	 
REQUEST	1		request_67	1603472065253	1603472065289	OK	 
REQUEST	1		request_67	1603472065290	1603472065329	OK	 
REQUEST	1		request_67	1603472065329	1603472065350	OK	 
REQUEST	1		request_67	1603472065351	1603472065391	OK	 
REQUEST	1		request_67	1603472065391	1603472065422	OK	 
REQUEST	1		request_67	1603472065422	1603472065449	OK	 
REQUEST	1		request_67	1603472065450	1603472065482	OK	 
REQUEST	1		request_67	1603472065482	1603472065510	OK	 
REQUEST	1		request_67	1603472065510	1603472065529	OK	 
REQUEST	1		request_67	1603472065530	1603472065569	OK	 
REQUEST	1		request_67	1603472065570	1603472065596	OK	 
REQUEST	1		request_67	1603472065596	1603472065622	OK	 
REQUEST	1		request_67	1603472065622	1603472065662	OK	 
REQUEST	1		request_67	1603472065662	1603472065697	OK	 
REQUEST	1		request_67	1603472065697	1603472065722	OK	 
REQUEST	1		request_67	1603472065722	1603472065758	OK	 
REQUEST	1		request_67	1603472065759	1603472065781	OK	 
REQUEST	1		request_67	1603472065782	1603472065811	OK	 
REQUEST	1		request_67	1603472065812	1603472065851	OK	 
REQUEST	1		request_67	1603472065851	1603472065883	OK	 
REQUEST	1		request_67	1603472065884	1603472065910	OK	 
REQUEST	1		request_67	1603472065911	1603472065953	OK	 
REQUEST	1		request_67	1603472065954	1603472065983	OK	 
REQUEST	1		request_67	1603472065984	1603472066011	OK	 
REQUEST	1		request_67	1603472066012	1603472066042	OK	 
REQUEST	1		request_67	1603472066043	1603472066069	OK	 
REQUEST	1		request_67	1603472066070	1603472066090	OK	 
REQUEST	1		request_67	1603472066091	1603472066140	OK	 
REQUEST	1		request_67	1603472066141	1603472066171	OK	 
REQUEST	1		request_67	1603472066172	1603472066198	OK	 
REQUEST	1		request_67	1603472066199	1603472066231	OK	 
REQUEST	1		request_67	1603472066231	1603472066262	OK	 
REQUEST	1		request_67	1603472066263	1603472066294	OK	 
REQUEST	1		request_67	1603472066295	1603472066329	OK	 
REQUEST	1		request_67	1603472066330	1603472066354	OK	 
REQUEST	1		request_67	1603472066354	1603472066374	OK	 
REQUEST	1		request_67	1603472066375	1603472066409	OK	 
REQUEST	1		request_67	1603472066409	1603472066434	OK	 
REQUEST	1		request_67	1603472066434	1603472066456	OK	 
REQUEST	1		request_67	1603472066457	1603472066492	OK	 
REQUEST	1		request_67	1603472066493	1603472066522	OK	 
REQUEST	1		request_67	1603472066523	1603472066543	OK	 
REQUEST	1		request_67	1603472066544	1603472066583	OK	 
REQUEST	1		request_67	1603472066583	1603472066615	OK	 
REQUEST	1		request_67	1603472066616	1603472066641	OK	 
REQUEST	1		request_67	1603472066642	1603472066675	OK	 
REQUEST	1		request_67	1603472066676	1603472066702	OK	 
REQUEST	1		request_67	1603472066703	1603472066723	OK	 
REQUEST	1		request_67	1603472066724	1603472066757	OK	 
REQUEST	1		request_67	1603472066758	1603472066782	OK	 
REQUEST	1		request_67	1603472066782	1603472066811	OK	 
REQUEST	1		request_67	1603472066812	1603472066842	OK	 
REQUEST	1		request_67	1603472066843	1603472066869	OK	 
REQUEST	1		request_67	1603472066869	1603472066900	OK	 
REQUEST	1		request_67	1603472066901	1603472066942	OK	 
REQUEST	1		request_67	1603472066942	1603472066971	OK	 
REQUEST	1		request_67	1603472066972	1603472066998	OK	 
REQUEST	1		request_67	1603472066999	1603472067046	OK	 
REQUEST	1		request_67	1603472067047	1603472067079	OK	 
REQUEST	1		request_67	1603472067079	1603472067098	OK	 
REQUEST	1		request_67	1603472067099	1603472067137	OK	 
REQUEST	1		request_67	1603472067138	1603472067164	OK	 
REQUEST	1		request_67	1603472067165	1603472067185	OK	 
REQUEST	1		request_67	1603472067186	1603472067219	OK	 
REQUEST	1		request_67	1603472067219	1603472067245	OK	 
REQUEST	1		request_67	1603472067246	1603472072397	OK	 
REQUEST	1		request_67	1603472072398	1603472072439	OK	 
REQUEST	1		request_67	1603472072440	1603472072471	OK	 
REQUEST	1		request_67	1603472072471	1603472072491	OK	 
REQUEST	1		request_67	1603472072492	1603472072523	OK	 
REQUEST	1		request_67	1603472072523	1603472072552	OK	 
REQUEST	1		request_67	1603472072553	1603472072577	OK	 
REQUEST	1		request_67	1603472072578	1603472072615	OK	 
REQUEST	1		request_67	1603472072615	1603472072640	OK	 
REQUEST	1		request_67	1603472072641	1603472072662	OK	 
REQUEST	1		request_67	1603472072663	1603472072701	OK	 
REQUEST	1		request_67	1603472072701	1603472072731	OK	 
REQUEST	1		request_67	1603472072732	1603472072752	OK	 
REQUEST	1		request_67	1603472072752	1603472072791	OK	 
REQUEST	1		request_67	1603472072792	1603472072812	OK	 
REQUEST	1		request_67	1603472072813	1603472072841	OK	 
REQUEST	1		request_67	1603472072842	1603472072882	OK	 
REQUEST	1		request_67	1603472072882	1603472072908	OK	 
REQUEST	1		request_67	1603472072909	1603472072934	OK	 
REQUEST	1		request_67	1603472072935	1603472072972	OK	 
REQUEST	1		request_67	1603472072972	1603472072997	OK	 
REQUEST	1		request_67	1603472072998	1603472073021	OK	 
REQUEST	1		request_67	1603472073022	1603472073060	OK	 
REQUEST	1		request_67	1603472073060	1603472073090	OK	 
REQUEST	1		request_67	1603472073091	1603472073110	OK	 
REQUEST	1		request_67	1603472073111	1603472073150	OK	 
REQUEST	1		request_67	1603472073150	1603472073178	OK	 
REQUEST	1		request_67	1603472073178	1603472073202	OK	 
REQUEST	1		request_67	1603472073203	1603472073240	OK	 
REQUEST	1		request_67	1603472073241	1603472073266	OK	 
REQUEST	1		request_67	1603472073266	1603472073290	OK	 
REQUEST	1		request_67	1603472073291	1603472073322	OK	 
REQUEST	1		request_67	1603472073323	1603472073351	OK	 
REQUEST	1		request_67	1603472073352	1603472073372	OK	 
REQUEST	1		request_67	1603472073373	1603472073410	OK	 
REQUEST	1		request_67	1603472073410	1603472073433	OK	 
REQUEST	1		request_67	1603472073433	1603472073452	OK	 
REQUEST	1		request_67	1603472073453	1603472073483	OK	 
REQUEST	1		request_67	1603472073483	1603472073510	OK	 
REQUEST	1		request_67	1603472073510	1603472073533	OK	 
REQUEST	1		request_67	1603472073534	1603472073570	OK	 
REQUEST	1		request_67	1603472073571	1603472073600	OK	 
REQUEST	1		request_67	1603472073601	1603472073621	OK	 
REQUEST	1		request_67	1603472073622	1603472073660	OK	 
REQUEST	1		request_67	1603472073661	1603472073690	OK	 
REQUEST	1		request_67	1603472073690	1603472073710	OK	 
REQUEST	1		request_67	1603472073711	1603472073752	OK	 
REQUEST	1		request_67	1603472073753	1603472073777	OK	 
REQUEST	1		request_67	1603472073777	1603472073801	OK	 
REQUEST	1		request_67	1603472073802	1603472073840	OK	 
REQUEST	1		request_67	1603472073841	1603472073869	OK	 
REQUEST	1		request_67	1603472073870	1603472073890	OK	 
REQUEST	1		request_67	1603472073891	1603472073924	OK	 
REQUEST	1		request_67	1603472073925	1603472073949	OK	 
REQUEST	1		request_67	1603472073950	1603472073974	OK	 
REQUEST	1		request_67	1603472073975	1603472074011	OK	 
REQUEST	1		request_67	1603472074011	1603472074041	OK	 
REQUEST	1		request_67	1603472074042	1603472074061	OK	 
REQUEST	1		request_67	1603472074061	1603472074100	OK	 
REQUEST	1		request_67	1603472074100	1603472074129	OK	 
REQUEST	1		request_67	1603472074130	1603472074151	OK	 
REQUEST	1		request_67	1603472074151	1603472074194	OK	 
REQUEST	1		request_67	1603472074195	1603472074223	OK	 
REQUEST	1		request_67	1603472074224	1603472074244	OK	 
REQUEST	1		request_67	1603472074245	1603472074281	OK	 
REQUEST	1		request_67	1603472074282	1603472074309	OK	 
REQUEST	1		request_67	1603472074310	1603472074330	OK	 
REQUEST	1		request_67	1603472074331	1603472074362	OK	 
REQUEST	1		request_67	1603472074363	1603472074392	OK	 
REQUEST	1		request_67	1603472074393	1603472074413	OK	 
REQUEST	1		request_67	1603472074414	1603472074443	OK	 
REQUEST	1		request_67	1603472074443	1603472074469	OK	 
REQUEST	1		request_67	1603472074469	1603472074490	OK	 
REQUEST	1		request_67	1603472074491	1603472074523	OK	 
REQUEST	1		request_67	1603472074523	1603472074553	OK	 
REQUEST	1		request_67	1603472074554	1603472074578	OK	 
REQUEST	1		request_67	1603472074579	1603472074617	OK	 
REQUEST	1		request_67	1603472074618	1603472074642	OK	 
REQUEST	1		request_67	1603472074643	1603472074663	OK	 
REQUEST	1		request_67	1603472074664	1603472074700	OK	 
REQUEST	1		request_67	1603472074701	1603472074731	OK	 
REQUEST	1		request_67	1603472074731	1603472074751	OK	 
REQUEST	1		request_67	1603472074751	1603472074782	OK	 
REQUEST	1		request_67	1603472074783	1603472074810	OK	 
REQUEST	1		request_67	1603472074811	1603472074832	OK	 
REQUEST	1		request_67	1603472074833	1603472074883	OK	 
REQUEST	1		request_67	1603472074883	1603472074910	OK	 
REQUEST	1		request_67	1603472074910	1603472074935	OK	 
REQUEST	1		request_67	1603472074936	1603472074974	OK	 
REQUEST	1		request_67	1603472074975	1603472074998	OK	 
REQUEST	1		request_67	1603472074999	1603472075018	OK	 
REQUEST	1		request_67	1603472075019	1603472075058	OK	 
REQUEST	1		request_67	1603472075059	1603472075083	OK	 
REQUEST	1		request_67	1603472075084	1603472075119	OK	 
REQUEST	1		request_67	1603472075120	1603472075160	OK	 
REQUEST	1		request_67	1603472075161	1603472075187	OK	 
REQUEST	1		request_67	1603472075188	1603472075212	OK	 
REQUEST	1		request_67	1603472075213	1603472075251	OK	 
REQUEST	1		request_67	1603472075251	1603472075284	OK	 
REQUEST	1		request_67	1603472075285	1603472075311	OK	 
REQUEST	1		request_67	1603472075312	1603472075343	OK	 
REQUEST	1		request_67	1603472075343	1603472075369	OK	 
REQUEST	1		request_67	1603472075369	1603472075389	OK	 
REQUEST	1		request_67	1603472075390	1603472075422	OK	 
REQUEST	1		request_67	1603472075423	1603472075449	OK	 
REQUEST	1		request_67	1603472075449	1603472075471	OK	 
REQUEST	1		request_67	1603472075472	1603472075503	OK	 
REQUEST	1		request_67	1603472075503	1603472075529	OK	 
REQUEST	1		request_67	1603472075529	1603472075554	OK	 
REQUEST	1		request_67	1603472075554	1603472075589	OK	 
REQUEST	1		request_67	1603472075589	1603472075623	OK	 
REQUEST	1		request_67	1603472075623	1603472075643	OK	 
REQUEST	1		request_67	1603472075643	1603472075678	OK	 
REQUEST	1		request_67	1603472075679	1603472075708	OK	 
REQUEST	1		request_67	1603472075708	1603472075731	OK	 
REQUEST	1		request_67	1603472075732	1603472075767	OK	 
REQUEST	1		request_67	1603472075767	1603472075792	OK	 
REQUEST	1		request_67	1603472075792	1603472075812	OK	 
REQUEST	1		request_67	1603472075813	1603472075846	OK	 
REQUEST	1		request_67	1603472075847	1603472075866	OK	 
REQUEST	1		request_67	1603472075867	1603472075893	OK	 
REQUEST	1		request_67	1603472075893	1603472075922	OK	 
REQUEST	1		request_67	1603472075922	1603472075943	OK	 
REQUEST	1		request_67	1603472075943	1603472075963	OK	 
REQUEST	1		request_67	1603472075963	1603472075996	OK	 
REQUEST	1		request_67	1603472075996	1603472076014	OK	 
REQUEST	1		request_67	1603472076015	1603472076034	OK	 
REQUEST	1		request_67	1603472076034	1603472076063	OK	 
REQUEST	1		request_67	1603472076063	1603472076093	OK	 
REQUEST	1		request_67	1603472076093	1603472076113	OK	 
REQUEST	1		request_67	1603472076113	1603472076142	OK	 
REQUEST	1		request_67	1603472076143	1603472076178	OK	 
REQUEST	1		request_67	1603472076179	1603472076200	OK	 
REQUEST	1		request_67	1603472076200	1603472076234	OK	 
REQUEST	1		request_67	1603472076234	1603472076262	OK	 
REQUEST	1		request_67	1603472076263	1603472076283	OK	 
REQUEST	1		request_67	1603472076284	1603472076317	OK	 
REQUEST	1		request_67	1603472076318	1603472076346	OK	 
REQUEST	1		request_67	1603472076346	1603472076369	OK	 
REQUEST	1		request_67	1603472076370	1603472076403	OK	 
REQUEST	1		request_67	1603472076403	1603472076430	OK	 
REQUEST	1		request_67	1603472076431	1603472076451	OK	 
REQUEST	1		request_67	1603472076452	1603472076487	OK	 
REQUEST	1		request_67	1603472076487	1603472076510	OK	 
REQUEST	1		request_67	1603472076510	1603472076529	OK	 
REQUEST	1		request_67	1603472076530	1603472076570	OK	 
REQUEST	1		request_67	1603472076571	1603472076594	OK	 
REQUEST	1		request_67	1603472076594	1603472076619	OK	 
REQUEST	1		request_67	1603472076620	1603472076657	OK	 
REQUEST	1		request_67	1603472076657	1603472076683	OK	 
REQUEST	1		request_67	1603472076683	1603472076768	OK	 
REQUEST	1		request_67	1603472076769	1603472076809	OK	 
REQUEST	1		request_67	1603472076809	1603472076840	OK	 
REQUEST	1		request_67	1603472076840	1603472076865	OK	 
REQUEST	1		request_67	1603472076866	1603472076903	OK	 
REQUEST	1		request_67	1603472076903	1603472076932	OK	 
REQUEST	1		request_67	1603472076933	1603472076953	OK	 
REQUEST	1		request_67	1603472076953	1603472076990	OK	 
REQUEST	1		request_67	1603472076991	1603472077019	OK	 
REQUEST	1		request_67	1603472077020	1603472077050	OK	 
REQUEST	1		request_67	1603472077050	1603472077082	OK	 
REQUEST	1		request_67	1603472077083	1603472077113	OK	 
REQUEST	1		request_67	1603472077113	1603472077138	OK	 
REQUEST	1		request_67	1603472077139	1603472077176	OK	 
REQUEST	1		request_67	1603472077177	1603472077202	OK	 
REQUEST	1		request_67	1603472077203	1603472077226	OK	 
REQUEST	1		request_67	1603472077227	1603472077262	OK	 
REQUEST	1		request_67	1603472077262	1603472077289	OK	 
REQUEST	1		request_67	1603472077289	1603472077314	OK	 
REQUEST	1		request_67	1603472077314	1603472077350	OK	 
REQUEST	1		request_67	1603472077350	1603472077376	OK	 
REQUEST	1		request_67	1603472077376	1603472077400	OK	 
REQUEST	1		request_67	1603472077401	1603472077436	OK	 
REQUEST	1		request_67	1603472077437	1603472077462	OK	 
REQUEST	1		request_67	1603472077462	1603472077483	OK	 
REQUEST	1		request_67	1603472077484	1603472077518	OK	 
REQUEST	1		request_67	1603472077518	1603472077543	OK	 
REQUEST	1		request_67	1603472077543	1603472077569	OK	 
REQUEST	1		request_67	1603472077570	1603472077616	OK	 
REQUEST	1		request_67	1603472077616	1603472077639	OK	 
REQUEST	1		request_67	1603472077639	1603472077669	OK	 
REQUEST	1		request_67	1603472077670	1603472077702	OK	 
REQUEST	1		request_67	1603472077702	1603472077730	OK	 
REQUEST	1		request_67	1603472077730	1603472077750	OK	 
REQUEST	1		request_67	1603472077751	1603472077783	OK	 
REQUEST	1		request_67	1603472077783	1603472077812	OK	 
REQUEST	1		request_67	1603472077812	1603472077834	OK	 
REQUEST	1		request_67	1603472077835	1603472077872	OK	 
REQUEST	1		request_67	1603472077872	1603472077898	OK	 
REQUEST	1		request_67	1603472077899	1603472077920	OK	 
REQUEST	1		request_67	1603472077920	1603472077960	OK	 
REQUEST	1		request_67	1603472077961	1603472077995	OK	 
REQUEST	1		request_67	1603472077995	1603472078016	OK	 
REQUEST	1		request_67	1603472078016	1603472078055	OK	 
REQUEST	1		request_67	1603472078056	1603472078089	OK	 
REQUEST	1		request_67	1603472078090	1603472078110	OK	 
REQUEST	1		request_67	1603472078110	1603472078143	OK	 
REQUEST	1		request_67	1603472078143	1603472078164	OK	 
REQUEST	1		request_67	1603472078164	1603472078190	OK	 
REQUEST	1		request_67	1603472078191	1603472078234	OK	 
REQUEST	1		request_67	1603472078234	1603472078258	OK	 
REQUEST	1		request_67	1603472078258	1603472078283	OK	 
REQUEST	1		request_67	1603472078283	1603472078318	OK	 
REQUEST	1		request_67	1603472078318	1603472078338	OK	 
REQUEST	1		request_67	1603472078339	1603472078361	OK	 
REQUEST	1		request_67	1603472078362	1603472078397	OK	 
REQUEST	1		request_67	1603472078397	1603472078418	OK	 
REQUEST	1		request_67	1603472078419	1603472078443	OK	 
REQUEST	1		request_67	1603472078444	1603472078484	OK	 
REQUEST	1		request_67	1603472078484	1603472078514	OK	 
REQUEST	1		request_67	1603472078515	1603472078551	OK	 
REQUEST	1		request_67	1603472078552	1603472078589	OK	 
REQUEST	1		request_67	1603472078589	1603472078609	OK	 
REQUEST	1		request_67	1603472078610	1603472078629	OK	 
REQUEST	1		request_67	1603472078630	1603472078663	OK	 
REQUEST	1		request_67	1603472078663	1603472078692	OK	 
REQUEST	1		request_67	1603472078693	1603472078712	OK	 
REQUEST	1		request_67	1603472078713	1603472078752	OK	 
REQUEST	1		request_67	1603472078752	1603472078780	OK	 
REQUEST	1		request_67	1603472078780	1603472078802	OK	 
REQUEST	1		request_67	1603472078803	1603472078839	OK	 
REQUEST	1		request_67	1603472078840	1603472078860	OK	 
REQUEST	1		request_67	1603472078860	1603472078883	OK	 
REQUEST	1		request_67	1603472078884	1603472078924	OK	 
REQUEST	1		request_67	1603472078924	1603472078954	OK	 
REQUEST	1		request_67	1603472078954	1603472078974	OK	 
REQUEST	1		request_67	1603472078974	1603472079013	OK	 
REQUEST	1		request_67	1603472079013	1603472079037	OK	 
REQUEST	1		request_67	1603472079038	1603472079062	OK	 
REQUEST	1		request_67	1603472079063	1603472079098	OK	 
REQUEST	1		request_67	1603472079098	1603472079122	OK	 
REQUEST	1		request_67	1603472079123	1603472079143	OK	 
REQUEST	1		request_67	1603472079144	1603472079178	OK	 
REQUEST	1		request_67	1603472079178	1603472079217	OK	 
REQUEST	1		request_67	1603472079218	1603472079237	OK	 
REQUEST	1		request_67	1603472079238	1603472079274	OK	 
REQUEST	1		request_67	1603472079274	1603472079300	OK	 
REQUEST	1		request_67	1603472079301	1603472079329	OK	 
REQUEST	1		request_67	1603472079330	1603472079363	OK	 
REQUEST	1		request_67	1603472079363	1603472079390	OK	 
REQUEST	1		request_67	1603472079391	1603472079413	OK	 
REQUEST	1		request_67	1603472079414	1603472079450	OK	 
REQUEST	1		request_67	1603472079450	1603472079477	OK	 
REQUEST	1		request_67	1603472079477	1603472079497	OK	 
REQUEST	1		request_67	1603472079498	1603472079536	OK	 
REQUEST	1		request_67	1603472079536	1603472079555	OK	 
REQUEST	1		request_67	1603472079556	1603472079578	OK	 
REQUEST	1		request_67	1603472079578	1603472079616	OK	 
REQUEST	1		request_67	1603472079616	1603472079642	OK	 
REQUEST	1		request_67	1603472079642	1603472079671	OK	 
REQUEST	1		request_67	1603472079672	1603472079703	OK	 
REQUEST	1		request_67	1603472079703	1603472079729	OK	 
REQUEST	1		request_67	1603472079730	1603472079751	OK	 
REQUEST	1		request_67	1603472079752	1603472079793	OK	 
REQUEST	1		request_67	1603472079793	1603472079819	OK	 
REQUEST	1		request_67	1603472079820	1603472079850	OK	 
REQUEST	1		request_67	1603472079850	1603472079883	OK	 
REQUEST	1		request_67	1603472079884	1603472079908	OK	 
REQUEST	1		request_67	1603472079908	1603472079932	OK	 
REQUEST	1		request_67	1603472079933	1603472079963	OK	 
REQUEST	1		request_67	1603472079963	1603472079992	OK	 
REQUEST	1		request_67	1603472079993	1603472080012	OK	 
REQUEST	1		request_67	1603472080013	1603472080043	OK	 
REQUEST	1		request_67	1603472080043	1603472080063	OK	 
REQUEST	1		request_67	1603472080064	1603472080091	OK	 
REQUEST	1		request_67	1603472080092	1603472080123	OK	 
REQUEST	1		request_67	1603472080123	1603472080150	OK	 
REQUEST	1		request_67	1603472080150	1603472080170	OK	 
REQUEST	1		request_67	1603472080170	1603472080207	