RUN	basic.CadastrarAnuncio1	cadastraranuncio1	1603498078745	teste	3.0.2
USER	CadastrarAnuncio	1	START	1603498081105	1603498081105
USER	CadastrarAnuncio	2	START	1603498081141	1603498081141
REQUEST	1		Gerar Token	1603498081137	1603498086785	OK	 
REQUEST	2		Gerar Token	1603498081142	1603498086833	OK	 
REQUEST	2		Post_Empresa	1603498091852	1603498096985	OK	 
REQUEST	1		Post_Empresa	1603498091818	1603498096985	OK	 
REQUEST	2		Post_Empresa Redirect 1	1603498096992	1603498097034	OK	 
REQUEST	1		Post_Empresa Redirect 1	1603498096992	1603498097040	OK	 
REQUEST	2		Post_Empresa Redirect 2	1603498097035	1603498097068	OK	 
REQUEST	1		Post_Empresa Redirect 2	1603498097041	1603498097068	OK	 
REQUEST	1		Post_Empresa Redirect 3	1603498097069	1603498097095	OK	 
REQUEST	2		Post_Empresa Redirect 3	1603498097069	1603498097095	OK	 
REQUEST	1		Post_Empresa Redirect 4	1603498097097	1603498097136	OK	 
REQUEST	2		Post_Empresa Redirect 4	1603498097097	1603498097144	OK	 
REQUEST	2		Post_Empresa Redirect 5	1603498097144	1603498097164	OK	 
REQUEST	1		Post_Empresa Redirect 5	1603498097137	1603498097164	OK	 
REQUEST	2		Post_Empresa Redirect 6	1603498097165	1603498097186	OK	 
REQUEST	1		Post_Empresa Redirect 6	1603498097165	1603498097194	OK	 
REQUEST	2		Post_Empresa Redirect 7	1603498097186	1603498097228	OK	 
REQUEST	1		Post_Empresa Redirect 7	1603498097195	1603498097234	OK	 
REQUEST	2		Post_Empresa Redirect 8	1603498097229	1603498097253	OK	 
REQUEST	1		Post_Empresa Redirect 8	1603498097235	1603498097260	OK	 
REQUEST	1		Post_Empresa Redirect 9	1603498097261	1603498097282	OK	 
REQUEST	2		Post_Empresa Redirect 9	1603498097254	1603498097282	OK	 
REQUEST	2		Post_Empresa Redirect 10	1603498097283	1603498097327	OK	 
REQUEST	1		Post_Empresa Redirect 10	1603498097283	1603498097327	OK	 
REQUEST	2		Post_Empresa Redirect 11	1603498097328	1603498097354	OK	 
REQUEST	1		Post_Empresa Redirect 11	1603498097328	1603498097354	OK	 
REQUEST	1		Post_Empresa Redirect 12	1603498097355	1603498097383	OK	 
REQUEST	2		Post_Empresa Redirect 12	1603498097355	1603498097383	OK	 
REQUEST	2		Post_Empresa Redirect 13	1603498097385	1603498097425	OK	 
REQUEST	1		Post_Empresa Redirect 13	1603498097385	1603498097425	OK	 
REQUEST	2		Post_Empresa Redirect 14	1603498097426	1603498097456	OK	 
REQUEST	1		Post_Empresa Redirect 14	1603498097426	1603498097456	OK	 
REQUEST	1		Post_Empresa Redirect 15	1603498097457	1603498097485	OK	 
REQUEST	2		Post_Empresa Redirect 15	1603498097457	1603498097485	OK	 
REQUEST	1		Post_Empresa Redirect 16	1603498097486	1603498097526	OK	 
REQUEST	2		Post_Empresa Redirect 16	1603498097486	1603498097536	OK	 
REQUEST	1		Post_Empresa Redirect 17	1603498097527	1603498097560	OK	 
REQUEST	2		Post_Empresa Redirect 17	1603498097538	1603498097560	OK	 
REQUEST	1		Post_Empresa Redirect 18	1603498097561	1603498097586	OK	 
REQUEST	2		Post_Empresa Redirect 18	1603498097561	1603498097586	OK	 
REQUEST	1		Post_Empresa Redirect 19	1603498097587	1603498097632	OK	 
REQUEST	2		Post_Empresa Redirect 19	1603498097587	1603498097633	OK	 
REQUEST	2		Post_Empresa Redirect 20	1603498097634	1603498097658	KO	Too many redirects, max is 20
REQUEST	1		Post_Empresa Redirect 20	1603498097633	1603498097658	KO	Too many redirects, max is 20
USER	CadastrarAnuncio	1	END	1603498081105	1603498097679
USER	CadastrarAnuncio	2	END	1603498081141	1603498097679
