RUN	basic.ListarAnuncios2	listaranuncios2	1603217265377	teste	3.0.2
USER	ListarAnuncios2	1	START	1603217267741	1603217267741
REQUEST	1		Gerar Token	1603217267766	1603217273377	OK	 
REQUEST	1		request_0	1603217278404	1603217283577	OK	 
REQUEST	1		request_1	1603217299347	1603217299374	OK	 
REQUEST	1		Acesso_Pagina_login_1	1603217299352	1603217299383	OK	 
REQUEST	1		request_3	1603217299349	1603217299464	OK	 
REQUEST	1		request_7	1603217299354	1603217299466	OK	 
REQUEST	1		request_4	1603217299351	1603217299508	OK	 
REQUEST	1		req_duvida_todos	1603217288955	1603217299548	OK	 
REQUEST	1		req_Listar_com_filhos_1	1603217293990	1603217299550	OK	 
REQUEST	1		request_18	1603217299355	1603217299580	OK	 
REQUEST	1		css?family=Roboto:700,500,400,300,600&display=swap	1603217293991	1603217299682	OK	 
REQUEST	1		css?family=Ubuntu:700,500,400,300,600&display=swap	1603217299344	1603217299700	OK	 
REQUEST	1		css?family=Montserrat:700,500,400,300,600&display=swap	1603217299345	1603217299717	OK	 
REQUEST	1		css?family=Cantarell:700,500,400,300,600&display=swap	1603217299346	1603217299724	OK	 
REQUEST	1		Autenticacao	1603217300721	1603217300773	OK	 
REQUEST	1		Autenticacao Redirect 1	1603217300781	1603217300830	OK	 
REQUEST	1		request_29	1603217300862	1603217300886	OK	 
REQUEST	1		req_Listar_com_filhos_2	1603217300860	1603217300887	OK	 
REQUEST	1		request_33	1603217300863	1603217300888	OK	 
REQUEST	1		request_43	1603217300860	1603217300888	OK	 
REQUEST	1		request_39	1603217300863	1603217300891	OK	 
REQUEST	1		request_34	1603217300858	1603217300898	OK	 
REQUEST	1		request_31	1603217300865	1603217300899	OK	 
REQUEST	1		request_32	1603217300866	1603217300905	OK	 
REQUEST	1		request_36	1603217300866	1603217300916	OK	 
REQUEST	1		icon?family=Material+Icons|Material+Icons+Outlined	1603217300861	1603217300958	OK	 
REQUEST	1		request_40	1603217300864	1603217300973	OK	 
REQUEST	1		request_38	1603217300859	1603217301017	OK	 
REQUEST	1		Autenticacao_Geracao_token_1	1603217300867	1603217301027	OK	 
REQUEST	1		Autenticacao_Geracao_token_1	1603217301028	1603217301058	OK	 
REQUEST	1		request_49	1603217308070	1603217308117	OK	 
REQUEST	1		request_52	1603217308128	1603217308159	OK	 
REQUEST	1		request_57	1603217308131	1603217308163	OK	 
REQUEST	1		request_56	1603217308130	1603217308166	OK	 
REQUEST	1		request_51	1603217308126	1603217308167	OK	 
REQUEST	1		request_50	1603217308129	1603217308184	OK	 
REQUEST	1		request_58	1603217308132	1603217308267	OK	 
REQUEST	1		req_Listar_com_filhos_6	1603217308133	1603217308274	KO	status.find.in(200,201,202,203,204,205,206,207,208,209,304), found 401
REQUEST	1		request_63	1603217310280	1603217310329	OK	 
REQUEST	1		request_64	1603217310334	1603217310363	OK	 
REQUEST	1		request_65	1603217310336	1603217310364	OK	 
REQUEST	1		req_Listar_com_filhos_7	1603217310337	1603217310370	KO	status.find.in(200,201,202,203,204,205,206,207,208,209,304), found 401
REQUEST	1		request_69	1603217310339	1603217310380	KO	status.find.in(200,201,202,203,204,205,206,207,208,209,304), found 401
REQUEST	1		request_71	1603217312379	1603217312429	OK	 
REQUEST	1		request_73	1603217312443	1603217312478	OK	 
REQUEST	1		request_78	1603217312447	1603217312479	OK	 
REQUEST	1		request_80	1603217312448	1603217312480	OK	 
REQUEST	1		request_79	1603217312447	1603217312484	OK	 
REQUEST	1		request_72	1603217312446	1603217312501	OK	 
REQUEST	1		request_98	1603217312479	1603217312502	OK	 
REQUEST	1		request_99	1603217312481	1603217312509	OK	 
REQUEST	1		request_100	1603217312485	1603217312512	OK	 
REQUEST	1		request_74	1603217312444	1603217312530	OK	 
REQUEST	1		request_101	1603217312503	1603217312530	OK	 
REQUEST	1		req_Listar_com_filhos_9	1603217312449	1603217312536	KO	status.find.in(200,201,202,203,204,205,206,207,208,209,304), found 401
REQUEST	1		request_102	1603217312510	1603217312538	OK	 
REQUEST	1		request_103	1603217312512	1603217312542	OK	 
REQUEST	1		request_104	1603217312531	1603217312556	OK	 
REQUEST	1		request_105	1603217312537	1603217312561	OK	 
REQUEST	1		request_97	1603217312451	1603217312584	OK	 
REQUEST	1		request_96	1603217312450	1603217312593	OK	 
REQUEST	1		request_121	1603217317589	1603217317639	OK	 
REQUEST	1		request_122	1603217317644	1603217317667	OK	 
REQUEST	1		request_126	1603217317646	1603217317674	OK	 
REQUEST	1		request_123	1603217317645	1603217317675	OK	 
REQUEST	1		request_136	1603217317647	1603217317676	OK	 
REQUEST	1		request_127	1603217317646	1603217317676	OK	 
REQUEST	1		req_Listar_com_filhos_10	1603217317647	1603217317681	KO	status.find.in(200,201,202,203,204,205,206,207,208,209,304), found 401
REQUEST	1		request_140	1603217317648	1603217317692	OK	 
REQUEST	1		request_137	1603217317648	1603217317693	OK	 
REQUEST	1		request_141	1603217317674	1603217317700	OK	 
REQUEST	1		request_147	1603217322709	1603217322757	OK	 
REQUEST	1		request_148	1603217322759	1603217322783	OK	 
REQUEST	1		request_149	1603217322760	1603217322789	OK	 
REQUEST	1		req_Listar_com_filhos_12	1603217322761	1603217322797	KO	status.find.in(200,201,202,203,204,205,206,207,208,209,304), found 401
REQUEST	1		request_153	1603217322762	1603217322810	KO	status.find.in(200,201,202,203,204,205,206,207,208,209,304), found 401
REQUEST	1		request_155	1603217325810	1603217325860	OK	 
REQUEST	1		request_156	1603217325864	1603217325886	OK	 
REQUEST	1		request_157	1603217325865	1603217325893	OK	 
REQUEST	1		request_159	1603217325867	1603217325894	OK	 
REQUEST	1		req_Listar_com_filhos_14	1603217325867	1603217325899	KO	status.find.in(200,201,202,203,204,205,206,207,208,209,304), found 401
REQUEST	1		request_167	1603217328900	1603217328945	OK	 
REQUEST	1		request_168	1603217328954	1603217328985	OK	 
REQUEST	1		request_169	1603217328955	1603217328986	OK	 
REQUEST	1		request_172	1603217328956	1603217328987	OK	 
REQUEST	1		request_174	1603217328958	1603217328991	OK	 
REQUEST	1		req_Listar_com_filhos_15	1603217328957	1603217328992	KO	status.find.in(200,201,202,203,204,205,206,207,208,209,304), found 401
REQUEST	1		request_182	1603217328959	1603217329000	OK	 
REQUEST	1		request_184	1603217328961	1603217329001	OK	 
REQUEST	1		request_183	1603217328960	1603217329007	OK	 
REQUEST	1		request_185	1603217328988	1603217329014	OK	 
REQUEST	1		request_192	1603217332009	1603217332038	OK	 
REQUEST	1		request_193	1603217332040	1603217332067	OK	 
REQUEST	1		request_194	1603217332041	1603217332067	OK	 
REQUEST	1		req_Listar_com_filhos_15	1603217332043	1603217332079	KO	status.find.in(200,201,202,203,204,205,206,207,208,209,304), found 401
REQUEST	1		request_198	1603217332043	1603217332080	KO	status.find.in(200,201,202,203,204,205,206,207,208,209,304), found 401
REQUEST	1		request_195	1603217332042	1603217332143	OK	 
REQUEST	1		request_201	1603217336139	1603217336187	OK	 
REQUEST	1		request_203	1603217336194	1603217336221	OK	 
REQUEST	1		request_202	1603217336193	1603217336227	OK	 
REQUEST	1		request_208	1603217336197	1603217336228	OK	 
REQUEST	1		request_210	1603217336198	1603217336229	OK	 
REQUEST	1		request_209	1603217336198	1603217336230	OK	 
REQUEST	1		req_Listar_com_filhos_16	1603217336196	1603217336231	KO	status.find.in(200,201,202,203,204,205,206,207,208,209,304), found 401
REQUEST	1		request_215	1603217336199	1603217336246	OK	 
REQUEST	1		request_217	1603217337249	1603217337300	OK	 
REQUEST	1		request_218	1603217337306	1603217337328	OK	 
REQUEST	1		request_219	1603217337306	1603217337334	OK	 
REQUEST	1		request_223	1603217337307	1603217337335	OK	 
REQUEST	1		request_222	1603217337307	1603217337337	OK	 
REQUEST	1		request_233	1603217337308	1603217337337	OK	 
REQUEST	1		request_234	1603217337308	1603217337338	OK	 
REQUEST	1		req_Listar_com_filhos_17	1603217337307	1603217337341	KO	status.find.in(200,201,202,203,204,205,206,207,208,209,304), found 401
REQUEST	1		request_235	1603217337308	1603217337350	OK	 
REQUEST	1		request_236	1603217337336	1603217337359	OK	 
USER	ListarAnuncios2	1	END	1603217267741	1603217337376
