RUN	basic.ListarAnuncios2	listaranuncios2	1603215386574	teste	3.0.2
USER	ListarAnuncios2	1	START	1603215388869	1603215388869
REQUEST	1		request_0	1603215388893	1603215394116	OK	 
REQUEST	1		request_1	1603215409309	1603215414352	OK	 
REQUEST	1		request_3	1603215409311	1603215414459	OK	 
REQUEST	1		request_4	1603215409312	1603215414474	OK	 
REQUEST	1		request_7	1603215414344	1603215414479	OK	 
REQUEST	1		req_duvida_todos	1603215399237	1603215414488	OK	 
REQUEST	1		Acesso_Pagina_login_1	1603215409313	1603215414501	OK	 
REQUEST	1		request_18	1603215414345	1603215414575	OK	 
REQUEST	1		req_Listar_com_filhos_1	1603215404274	1603215414602	OK	 
REQUEST	1		css?family=Ubuntu:700,500,400,300,600&display=swap	1603215409306	1603215414655	OK	 
REQUEST	1		request_14	1603215394202	1603215414680	OK	 
REQUEST	1		css?family=Roboto:700,500,400,300,600&display=swap	1603215404275	1603215414685	OK	 
REQUEST	1		css?family=Cantarell:700,500,400,300,600&display=swap	1603215409308	1603215414691	OK	 
REQUEST	1		css?family=Montserrat:700,500,400,300,600&display=swap	1603215409307	1603215414696	OK	 
REQUEST	1		Autenticacao	1603215415728	1603215415784	OK	 
REQUEST	1		Autenticacao Redirect 1	1603215415794	1603215415840	OK	 
REQUEST	1		request_29	1603215415874	1603215415900	OK	 
REQUEST	1		request_43	1603215415872	1603215415902	OK	 
REQUEST	1		req_Listar_com_filhos_2	1603215415873	1603215415904	OK	 
REQUEST	1		request_39	1603215415875	1603215415904	OK	 
REQUEST	1		request_33	1603215415874	1603215415906	OK	 
REQUEST	1		request_31	1603215415876	1603215415911	OK	 
REQUEST	1		request_34	1603215415870	1603215415920	OK	 
REQUEST	1		request_36	1603215415878	1603215415928	OK	 
REQUEST	1		request_32	1603215415877	1603215415934	OK	 
REQUEST	1		icon?family=Material+Icons|Material+Icons+Outlined	1603215415873	1603215415980	OK	 
REQUEST	1		request_40	1603215415876	1603215416028	OK	 
REQUEST	1		request_38	1603215415871	1603215416036	OK	 
REQUEST	1		Autenticacao_Geracao_token_1	1603215415879	1603215416049	OK	 
REQUEST	1		Autenticacao_Geracao_token_1	1603215416051	1603215416078	OK	 
REQUEST	1		request_49	1603215423086	1603215423137	OK	 
REQUEST	1		request_52	1603215423141	1603215423179	OK	 
REQUEST	1		request_57	1603215423143	1603215423180	OK	 
REQUEST	1		request_56	1603215423142	1603215423180	OK	 
REQUEST	1		request_51	1603215423140	1603215423181	OK	 
REQUEST	1		request_50	1603215423142	1603215423194	OK	 
REQUEST	1		request_58	1603215423143	1603215423259	OK	 
REQUEST	1		req_Listar_com_filhos_6	1603215423144	1603215423284	KO	status.find.in(200,201,202,203,204,205,206,207,208,209,304), found 401
REQUEST	1		request_63	1603215425295	1603215425345	OK	 
REQUEST	1		request_64	1603215425350	1603215425377	OK	 
REQUEST	1		req_Listar_com_filhos_7	1603215425353	1603215425386	KO	status.find.in(200,201,202,203,204,205,206,207,208,209,304), found 401
REQUEST	1		request_65	1603215425351	1603215425387	OK	 
REQUEST	1		request_69	1603215425355	1603215425397	KO	status.find.in(200,201,202,203,204,205,206,207,208,209,304), found 401
REQUEST	1		request_71	1603215427394	1603215427444	OK	 
REQUEST	1		request_73	1603215427455	1603215427485	OK	 
REQUEST	1		request_74	1603215427456	1603215427485	OK	 
REQUEST	1		request_78	1603215427458	1603215427486	OK	 
REQUEST	1		request_79	1603215427459	1603215427488	OK	 
REQUEST	1		request_80	1603215427459	1603215427491	OK	 
REQUEST	1		req_Listar_com_filhos_9	1603215427460	1603215427495	KO	status.find.in(200,201,202,203,204,205,206,207,208,209,304), found 401
REQUEST	1		request_72	1603215427457	1603215427512	OK	 
REQUEST	1		request_99	1603215427489	1603215427519	OK	 
REQUEST	1		request_100	1603215427491	1603215427524	OK	 
REQUEST	1		request_101	1603215427495	1603215427527	OK	 
REQUEST	1		request_98	1603215427487	1603215427530	OK	 
REQUEST	1		request_102	1603215427520	1603215427551	OK	 
REQUEST	1		request_104	1603215427528	1603215427552	OK	 
REQUEST	1		request_103	1603215427525	1603215427552	OK	 
REQUEST	1		request_105	1603215427532	1603215427559	OK	 
REQUEST	1		request_96	1603215427461	1603215427580	OK	 
REQUEST	1		request_97	1603215427462	1603215427593	OK	 
REQUEST	1		request_121	1603215432604	1603215432654	OK	 
REQUEST	1		request_122	1603215432662	1603215432688	OK	 
REQUEST	1		request_123	1603215432663	1603215432695	OK	 
REQUEST	1		request_127	1603215432665	1603215432696	OK	 
REQUEST	1		request_126	1603215432664	1603215432698	OK	 
REQUEST	1		request_136	1603215432666	1603215432699	OK	 
REQUEST	1		req_Listar_com_filhos_10	1603215432666	1603215432700	KO	status.find.in(200,201,202,203,204,205,206,207,208,209,304), found 401
REQUEST	1		request_137	1603215432667	1603215432709	OK	 
REQUEST	1		request_140	1603215432668	1603215432710	OK	 
REQUEST	1		request_141	1603215432697	1603215432724	OK	 
REQUEST	1		request_147	1603215437724	1603215437779	OK	 
REQUEST	1		request_148	1603215437780	1603215437804	OK	 
REQUEST	1		request_149	1603215437781	1603215437810	OK	 
REQUEST	1		req_Listar_com_filhos_12	1603215437782	1603215437818	KO	status.find.in(200,201,202,203,204,205,206,207,208,209,304), found 401
REQUEST	1		request_153	1603215437782	1603215437827	KO	status.find.in(200,201,202,203,204,205,206,207,208,209,304), found 401
REQUEST	1		request_155	1603215440824	1603215440874	OK	 
REQUEST	1		request_156	1603215440877	1603215440901	OK	 
REQUEST	1		request_159	1603215440879	1603215440908	OK	 
REQUEST	1		request_157	1603215440878	1603215440909	OK	 
REQUEST	1		req_Listar_com_filhos_14	1603215440880	1603215440910	KO	status.find.in(200,201,202,203,204,205,206,207,208,209,304), found 401
REQUEST	1		request_167	1603215443904	1603215443954	OK	 
REQUEST	1		request_174	1603215443966	1603215443990	OK	 
REQUEST	1		request_182	1603215443967	1603215443992	OK	 
REQUEST	1		req_Listar_com_filhos_15	1603215443965	1603215443992	KO	status.find.in(200,201,202,203,204,205,206,207,208,209,304), found 401
REQUEST	1		request_172	1603215443964	1603215443997	OK	 
REQUEST	1		request_168	1603215443962	1603215443998	OK	 
REQUEST	1		request_169	1603215443963	1603215443999	OK	 
REQUEST	1		request_184	1603215443969	1603215444005	OK	 
REQUEST	1		request_183	1603215443968	1603215444006	OK	 
REQUEST	1		request_185	1603215443991	1603215444024	OK	 
REQUEST	1		request_192	1603215447034	1603215447061	OK	 
REQUEST	1		request_193	1603215447066	1603215447093	OK	 
REQUEST	1		request_194	1603215447068	1603215447094	OK	 
REQUEST	1		req_Listar_com_filhos_15	1603215447070	1603215447100	KO	status.find.in(200,201,202,203,204,205,206,207,208,209,304), found 401
REQUEST	1		request_198	1603215447071	1603215447117	KO	status.find.in(200,201,202,203,204,205,206,207,208,209,304), found 401
REQUEST	1		request_195	1603215447069	1603215447169	OK	 
REQUEST	1		request_201	1603215451164	1603215451214	OK	 
REQUEST	1		request_202	1603215451217	1603215451242	OK	 
REQUEST	1		request_203	1603215451218	1603215451248	OK	 
REQUEST	1		request_210	1603215451220	1603215451249	OK	 
REQUEST	1		request_209	1603215451219	1603215451250	OK	 
REQUEST	1		request_215	1603215451220	1603215451250	OK	 
REQUEST	1		request_208	1603215451219	1603215451255	OK	 
REQUEST	1		req_Listar_com_filhos_16	1603215451219	1603215451256	KO	status.find.in(200,201,202,203,204,205,206,207,208,209,304), found 401
REQUEST	1		request_217	1603215452253	1603215452301	OK	 
REQUEST	1		request_218	1603215452306	1603215452336	OK	 
REQUEST	1		request_223	1603215452308	1603215452337	OK	 
REQUEST	1		request_219	1603215452307	1603215452338	OK	 
REQUEST	1		request_222	1603215452307	1603215452339	OK	 
REQUEST	1		request_233	1603215452309	1603215452340	OK	 
REQUEST	1		req_Listar_com_filhos_17	1603215452308	1603215452342	KO	status.find.in(200,201,202,203,204,205,206,207,208,209,304), found 401
REQUEST	1		request_234	1603215452310	1603215452349	OK	 
REQUEST	1		request_235	1603215452310	1603215452349	OK	 
REQUEST	1		request_236	1603215452337	1603215452360	OK	 
USER	ListarAnuncios2	1	END	1603215388869	1603215452370
