RUN	basic.EmContaServicosContabeis	emcontaservicoscontabeis	1602093087932	teste	3.0.2
USER	EmContaServicosContabeis	1	START	1602093090545	1602093090545
REQUEST	1		request_0	1602093090573	1602093095753	OK	 
REQUEST	1		request_1	1602093095866	1602093101067	OK	 
REQUEST	1		css?family=Roboto:100,300,400,500,700,900	1602093095867	1602093101358	OK	 
REQUEST	1		request_3	1602093103390	1602093103412	OK	 
REQUEST	1		request_5	1602093103416	1602093118720	OK	 
REQUEST	1		request_8	1602093113481	1602093118849	OK	 
REQUEST	1		request_7	1602093113480	1602093118898	OK	 
REQUEST	1		request_6	1602093108445	1602093118984	OK	 
REQUEST	1		request_4	1602093113482	1602093119010	OK	 
REQUEST	1		request_9	1602093121020	1602093121117	OK	 
REQUEST	1		request_10	1602093121119	1602093121247	OK	 
REQUEST	1		request_11	1602093122240	1602093122334	OK	 
REQUEST	1		request_12	1602093122338	1602093127562	OK	 
REQUEST	1		request_13	1602093127363	1602093127702	OK	 
REQUEST	1		request_14	1602093141721	1602093141781	OK	 
REQUEST	1		request_14 Redirect 1	1602093141789	1602093141835	KO	jsonPath($.access_token).find.exists preparation crashed: Jodd failed to parse into a valid AST: j.j.JsonException: Syntax error! Invalid char: < offset: 1 near: " <!-- Googl..."
REQUEST	1		request_38	1602093142834	1602093147952	OK	 
REQUEST	1		request_39	1602093142834	1602093147954	OK	 
REQUEST	1		request_40	1602093142834	1602093147955	OK	 
REQUEST	1		request_41	1602093142834	1602093148194	OK	 
REQUEST	1		request_37	1602093142835	1602093148633	OK	 
REQUEST	1		request_42	1602093151641	1602093151686	OK	 
REQUEST	1		request_43	1602093152680	1602093152700	OK	 
ERROR	request_65: Failed to build request: Resource /emcontaservicoscontabeis/0065_request.txt not found 	1602093152711
REQUEST	1		request_54	1602093152715	1602093167902	OK	 
REQUEST	1		request_64	1602093152714	1602093167903	OK	 
REQUEST	1		request_51	1602093152713	1602093167904	OK	 
REQUEST	1		request_44	1602093162824	1602093167904	KO	status.find.in(200,201,202,203,204,205,206,207,208,209,304), found 401
REQUEST	1		request_45	1602093167901	1602093167932	KO	status.find.in(200,201,202,203,204,205,206,207,208,209,304), found 401
REQUEST	1		request_57	1602093152715	1602093168139	OK	 
REQUEST	1		request_53	1602093162825	1602093168474	OK	 
REQUEST	1		request_52	1602093157746	1602093168644	OK	 
REQUEST	1		request_66	1602093169650	1602093169682	KO	status.find.in(200,201,202,203,204,205,206,207,208,209,304), found 401
REQUEST	1		request_67	1602093171690	1602093171726	KO	status.find.in(200,201,202,203,204,205,206,207,208,209,304), found 401
REQUEST	1		request_69	1602093173720	1602093173757	KO	status.find.in(200,201,202,203,204,205,206,207,208,209,304), found 401
REQUEST	1		request_70	1602093174760	1602093174781	OK	 
REQUEST	1		request_71	1602093175791	1602093175829	KO	status.find.in(200,201,202,203,204,205,206,207,208,209,304), found 401
REQUEST	1		request_73	1602093176830	1602093176863	KO	status.find.in(200,201,202,203,204,205,206,207,208,209,304), found 401
REQUEST	1		request_79	1602093177860	1602093177897	KO	status.find.in(200,201,202,203,204,205,206,207,208,209,304), found 401
REQUEST	1		request_85	1602093178890	1602093178926	KO	status.find.in(200,201,202,203,204,205,206,207,208,209,304), found 401
REQUEST	1		request_87	1602093180930	1602093180961	KO	status.find.in(200,201,202,203,204,205,206,207,208,209,304), found 401
REQUEST	1		request_88	1602093182969	1602093182998	KO	status.find.in(200,201,202,203,204,205,206,207,208,209,304), found 401
REQUEST	1		request_89	1602093184990	1602093185020	KO	status.find.in(200,201,202,203,204,205,206,207,208,209,304), found 401
REQUEST	1		request_90	1602093187030	1602093187081	KO	status.find.in(200,201,202,203,204,205,206,207,208,209,304), found 401
REQUEST	1		request_91	1602093189080	1602093189109	KO	status.find.in(200,201,202,203,204,205,206,207,208,209,304), found 401
REQUEST	1		request_92	1602093191110	1602093191147	KO	status.find.in(200,201,202,203,204,205,206,207,208,209,304), found 401
REQUEST	1		request_93	1602093193140	1602093193172	KO	status.find.in(200,201,202,203,204,205,206,207,208,209,304), found 401
REQUEST	1		request_94	1602093195180	1602093195210	KO	status.find.in(200,201,202,203,204,205,206,207,208,209,304), found 401
REQUEST	1		request_95	1602093197209	1602093197248	KO	status.find.in(200,201,202,203,204,205,206,207,208,209,304), found 401
REQUEST	1		request_96	1602093199240	1602093199269	KO	status.find.in(200,201,202,203,204,205,206,207,208,209,304), found 401
REQUEST	1		request_97	1602093201279	1602093201310	KO	status.find.in(200,201,202,203,204,205,206,207,208,209,304), found 401
REQUEST	1		request_98	1602093203311	1602093203346	KO	status.find.in(200,201,202,203,204,205,206,207,208,209,304), found 401
REQUEST	1		request_99	1602093205340	1602093205382	KO	status.find.in(200,201,202,203,204,205,206,207,208,209,304), found 401
REQUEST	1		request_100	1602093207390	1602093207423	KO	status.find.in(200,201,202,203,204,205,206,207,208,209,304), found 401
REQUEST	1		request_113	1602093212420	1602093212467	OK	 
ERROR	request_118: Failed to build request: Resource /emcontaservicoscontabeis/0118_request.json not found 	1602093212470
ERROR	request_123: Failed to build request: Resource /emcontaservicoscontabeis/0123_request.txt not found 	1602093212471
ERROR	request_127: Failed to build request: Resource /emcontaservicoscontabeis/0127_request.json not found 	1602093212472
REQUEST	1		request_115	1602093212476	1602093227567	KO	status.find.in(200,201,202,203,204,205,206,207,208,209,304), found 401
REQUEST	1		request_126	1602093212474	1602093227567	OK	 
REQUEST	1		request_114	1602093217507	1602093227568	OK	 
REQUEST	1		request_117	1602093217508	1602093227669	OK	 
REQUEST	1		request_119	1602093222543	1602093227670	KO	status.find.in(200,201,202,203,204,205,206,207,208,209,304), found 401
REQUEST	1		request_128	1602093222543	1602093227926	OK	 
REQUEST	1		request_129	1602093212477	1602093227927	OK	 
USER	EmContaServicosContabeis	1	END	1602093090545	1602093227936
