RUN	basic.SeapPesquisarReuniao1	seappesquisarreuniao1	1602262960140	teste	3.0.2
USER	SeapPesquisarReuniao1	1	START	1602262962605	1602262962605
USER	SeapPesquisarReuniao1	2	START	1602262962631	1602262962631
USER	SeapPesquisarReuniao1	3	START	1602262962633	1602262962633
USER	SeapPesquisarReuniao1	4	START	1602262962633	1602262962633
USER	SeapPesquisarReuniao1	5	START	1602262962634	1602262962634
USER	SeapPesquisarReuniao1	6	START	1602262962636	1602262962636
USER	SeapPesquisarReuniao1	7	START	1602262962637	1602262962637
USER	SeapPesquisarReuniao1	8	START	1602262962637	1602262962637
USER	SeapPesquisarReuniao1	9	START	1602262962638	1602262962638
USER	SeapPesquisarReuniao1	10	START	1602262962639	1602262962639
USER	SeapPesquisarReuniao1	11	START	1602262962640	1602262962640
USER	SeapPesquisarReuniao1	12	START	1602262962641	1602262962641
USER	SeapPesquisarReuniao1	13	START	1602262962643	1602262962643
USER	SeapPesquisarReuniao1	14	START	1602262962645	1602262962645
USER	SeapPesquisarReuniao1	15	START	1602262962646	1602262962646
USER	SeapPesquisarReuniao1	16	START	1602262962650	1602262962650
USER	SeapPesquisarReuniao1	17	START	1602262962651	1602262962651
USER	SeapPesquisarReuniao1	18	START	1602262962652	1602262962652
USER	SeapPesquisarReuniao1	19	START	1602262962653	1602262962653
USER	SeapPesquisarReuniao1	20	START	1602262962654	1602262962654
USER	SeapPesquisarReuniao1	21	START	1602262962655	1602262962655
USER	SeapPesquisarReuniao1	22	START	1602262962656	1602262962656
USER	SeapPesquisarReuniao1	23	START	1602262962657	1602262962657
USER	SeapPesquisarReuniao1	24	START	1602262962657	1602262962657
USER	SeapPesquisarReuniao1	25	START	1602262962658	1602262962658
USER	SeapPesquisarReuniao1	26	START	1602262962659	1602262962659
USER	SeapPesquisarReuniao1	27	START	1602262962659	1602262962659
USER	SeapPesquisarReuniao1	28	START	1602262962660	1602262962660
USER	SeapPesquisarReuniao1	29	START	1602262962661	1602262962661
USER	SeapPesquisarReuniao1	30	START	1602262962662	1602262962662
USER	SeapPesquisarReuniao1	31	START	1602262962662	1602262962662
USER	SeapPesquisarReuniao1	32	START	1602262962663	1602262962663
USER	SeapPesquisarReuniao1	33	START	1602262962663	1602262962663
USER	SeapPesquisarReuniao1	34	START	1602262962664	1602262962664
USER	SeapPesquisarReuniao1	35	START	1602262962665	1602262962665
USER	SeapPesquisarReuniao1	36	START	1602262962665	1602262962665
USER	SeapPesquisarReuniao1	37	START	1602262962666	1602262962666
USER	SeapPesquisarReuniao1	38	START	1602262962667	1602262962667
USER	SeapPesquisarReuniao1	39	START	1602262962667	1602262962667
USER	SeapPesquisarReuniao1	40	START	1602262962668	1602262962668
USER	SeapPesquisarReuniao1	41	START	1602262962669	1602262962669
USER	SeapPesquisarReuniao1	42	START	1602262962669	1602262962669
USER	SeapPesquisarReuniao1	43	START	1602262962670	1602262962670
USER	SeapPesquisarReuniao1	44	START	1602262962671	1602262962671
USER	SeapPesquisarReuniao1	45	START	1602262962671	1602262962671
USER	SeapPesquisarReuniao1	46	START	1602262962672	1602262962672
USER	SeapPesquisarReuniao1	47	START	1602262962672	1602262962672
USER	SeapPesquisarReuniao1	48	START	1602262962673	1602262962673
USER	SeapPesquisarReuniao1	49	START	1602262962674	1602262962674
USER	SeapPesquisarReuniao1	50	START	1602262962675	1602262962675
USER	SeapPesquisarReuniao1	51	START	1602262962676	1602262962676
USER	SeapPesquisarReuniao1	52	START	1602262962677	1602262962677
USER	SeapPesquisarReuniao1	53	START	1602262962678	1602262962678
USER	SeapPesquisarReuniao1	54	START	1602262962679	1602262962679
USER	SeapPesquisarReuniao1	55	START	1602262962680	1602262962680
USER	SeapPesquisarReuniao1	56	START	1602262962681	1602262962681
USER	SeapPesquisarReuniao1	57	START	1602262962682	1602262962682
USER	SeapPesquisarReuniao1	58	START	1602262962683	1602262962683
USER	SeapPesquisarReuniao1	59	START	1602262962684	1602262962684
USER	SeapPesquisarReuniao1	60	START	1602262962684	1602262962684
USER	SeapPesquisarReuniao1	61	START	1602262962685	1602262962685
USER	SeapPesquisarReuniao1	62	START	1602262962686	1602262962686
USER	SeapPesquisarReuniao1	63	START	1602262962687	1602262962687
USER	SeapPesquisarReuniao1	64	START	1602262962688	1602262962688
USER	SeapPesquisarReuniao1	65	START	1602262962689	1602262962689
USER	SeapPesquisarReuniao1	66	START	1602262962690	1602262962690
USER	SeapPesquisarReuniao1	67	START	1602262962691	1602262962691
USER	SeapPesquisarReuniao1	68	START	1602262962692	1602262962692
USER	SeapPesquisarReuniao1	69	START	1602262962693	1602262962693
USER	SeapPesquisarReuniao1	70	START	1602262962694	1602262962694
USER	SeapPesquisarReuniao1	71	START	1602262962695	1602262962695
USER	SeapPesquisarReuniao1	72	START	1602262962696	1602262962696
USER	SeapPesquisarReuniao1	73	START	1602262962697	1602262962697
USER	SeapPesquisarReuniao1	74	START	1602262962697	1602262962697
USER	SeapPesquisarReuniao1	75	START	1602262962698	1602262962698
USER	SeapPesquisarReuniao1	76	START	1602262962699	1602262962699
USER	SeapPesquisarReuniao1	77	START	1602262962700	1602262962700
USER	SeapPesquisarReuniao1	78	START	1602262962701	1602262962701
USER	SeapPesquisarReuniao1	79	START	1602262962702	1602262962702
USER	SeapPesquisarReuniao1	80	START	1602262962703	1602262962703
USER	SeapPesquisarReuniao1	81	START	1602262962704	1602262962704
USER	SeapPesquisarReuniao1	82	START	1602262962705	1602262962705
USER	SeapPesquisarReuniao1	83	START	1602262962705	1602262962705
USER	SeapPesquisarReuniao1	84	START	1602262962706	1602262962706
USER	SeapPesquisarReuniao1	85	START	1602262962707	1602262962707
USER	SeapPesquisarReuniao1	86	START	1602262962707	1602262962707
USER	SeapPesquisarReuniao1	87	START	1602262962708	1602262962708
USER	SeapPesquisarReuniao1	88	START	1602262962709	1602262962709
USER	SeapPesquisarReuniao1	89	START	1602262962709	1602262962709
USER	SeapPesquisarReuniao1	90	START	1602262962710	1602262962710
USER	SeapPesquisarReuniao1	91	START	1602262962711	1602262962711
USER	SeapPesquisarReuniao1	92	START	1602262962712	1602262962712
USER	SeapPesquisarReuniao1	93	START	1602262962712	1602262962712
USER	SeapPesquisarReuniao1	94	START	1602262962713	1602262962713
USER	SeapPesquisarReuniao1	95	START	1602262962713	1602262962713
USER	SeapPesquisarReuniao1	96	START	1602262962714	1602262962714
USER	SeapPesquisarReuniao1	97	START	1602262962715	1602262962715
USER	SeapPesquisarReuniao1	98	START	1602262962715	1602262962715
USER	SeapPesquisarReuniao1	99	START	1602262962716	1602262962716
USER	SeapPesquisarReuniao1	100	START	1602262962717	1602262962717
REQUEST	13		request_8	1602262962644	1602262968616	OK	 
REQUEST	11		request_8	1602262962641	1602262968616	OK	 
REQUEST	10		request_8	1602262962640	1602262968616	OK	 
REQUEST	51		request_8	1602262962677	1602262968616	OK	 
REQUEST	64		request_8	1602262962689	1602262968644	OK	 
REQUEST	5		request_8	1602262962635	1602262968616	OK	 
REQUEST	25		request_8	1602262962659	1602262968616	OK	 
REQUEST	34		request_8	1602262962664	1602262968619	OK	 
REQUEST	1		request_8	1602262962629	1602262968644	OK	 
REQUEST	19		request_8	1602262962654	1602262968725	OK	 
REQUEST	55		request_8	1602262962680	1602262968825	OK	 
REQUEST	85		request_8	1602262962707	1602262968825	OK	 
REQUEST	30		request_8	1602262962662	1602262968825	OK	 
REQUEST	67		request_8	1602262962692	1602262968825	OK	 
REQUEST	65		request_8	1602262962690	1602262968825	OK	 
REQUEST	12		request_8	1602262962642	1602262968829	OK	 
REQUEST	9		request_8	1602262962639	1602262968825	OK	 
REQUEST	48		request_8	1602262962674	1602262968828	OK	 
REQUEST	97		request_8	1602262962715	1602262968832	OK	 
REQUEST	14		request_8	1602262962646	1602262968831	OK	 
REQUEST	73		request_8	1602262962697	1602262968832	OK	 
REQUEST	6		request_8	1602262962636	1602262968833	OK	 
REQUEST	36		request_8	1602262962666	1602262968836	OK	 
REQUEST	76		request_8	1602262962700	1602262968837	OK	 
REQUEST	60		request_8	1602262962685	1602262968840	OK	 
REQUEST	28		request_8	1602262962661	1602262968842	OK	 
REQUEST	49		request_8	1602262962675	1602262968851	OK	 
REQUEST	56		request_8	1602262962681	1602262968852	OK	 
REQUEST	23		request_8	1602262962657	1602262968937	OK	 
REQUEST	79		request_8	1602262962703	1602262968962	OK	 
REQUEST	26		request_8	1602262962659	1602262968966	OK	 
REQUEST	96		request_8	1602262962714	1602262968967	OK	 
REQUEST	35		request_8	1602262962665	1602262968967	OK	 
REQUEST	98		request_8	1602262962716	1602262968974	OK	 
REQUEST	69		request_8	1602262962694	1602262969019	OK	 
REQUEST	2		request_8	1602262962632	1602262969019	OK	 
REQUEST	77		request_8	1602262962701	1602262969020	OK	 
REQUEST	4		request_8	1602262962634	1602262969034	OK	 
REQUEST	43		request_8	1602262962670	1602262969034	OK	 
REQUEST	95		request_8	1602262962714	1602262969034	OK	 
REQUEST	78		request_8	1602262962702	1602262969034	OK	 
REQUEST	89		request_8	1602262962710	1602262969034	OK	 
REQUEST	18		request_8	1602262962653	1602262969034	OK	 
REQUEST	75		request_8	1602262962699	1602262969039	OK	 
REQUEST	99		request_8	1602262962717	1602262969059	OK	 
REQUEST	59		request_8	1602262962684	1602262969059	OK	 
REQUEST	92		request_8	1602262962712	1602262969059	OK	 
REQUEST	63		request_8	1602262962688	1602262969060	OK	 
REQUEST	37		request_8	1602262962666	1602262969060	OK	 
REQUEST	94		request_8	1602262962713	1602262969060	OK	 
REQUEST	61		request_8	1602262962686	1602262969065	OK	 
REQUEST	50		request_8	1602262962676	1602262969065	OK	 
REQUEST	58		request_8	1602262962683	1602262969085	OK	 
REQUEST	100		request_8	1602262962717	1602262969085	OK	 
REQUEST	21		request_8	1602262962656	1602262969085	OK	 
REQUEST	93		request_8	1602262962713	1602262969086	OK	 
REQUEST	66		request_8	1602262962691	1602262969085	OK	 
REQUEST	17		request_8	1602262962652	1602262969114	OK	 
REQUEST	41		request_8	1602262962669	1602262969143	OK	 
REQUEST	40		request_8	1602262962668	1602262969189	OK	 
REQUEST	52		request_8	1602262962678	1602262969200	OK	 
REQUEST	31		request_8	1602262962663	1602262969217	OK	 
REQUEST	33		request_8	1602262962664	1602262969217	OK	 
REQUEST	44		request_8	1602262962671	1602262969223	OK	 
REQUEST	88		request_8	1602262962709	1602262969236	OK	 
REQUEST	15		request_8	1602262962647	1602262969236	OK	 
REQUEST	32		request_8	1602262962663	1602262969236	OK	 
REQUEST	81		request_8	1602262962704	1602262969242	OK	 
REQUEST	8		request_8	1602262962638	1602262969243	OK	 
REQUEST	24		request_8	1602262962658	1602262969899	OK	 
REQUEST	80		request_8	1602262962704	1602262970298	OK	 
REQUEST	82		request_8	1602262962705	1602262970344	OK	 
REQUEST	16		request_8	1602262962651	1602262970357	OK	 
REQUEST	91		request_8	1602262962711	1602262970362	OK	 
REQUEST	90		request_8	1602262962711	1602262970362	OK	 
REQUEST	86		request_8	1602262962708	1602262970376	OK	 
REQUEST	3		request_8	1602262962633	1602262970598	OK	 
REQUEST	45		request_8	1602262962672	1602262970611	OK	 
REQUEST	72		request_8	1602262962696	1602262970611	OK	 
REQUEST	57		request_8	1602262962682	1602262970611	OK	 
REQUEST	53		request_8	1602262962678	1602262970651	OK	 
REQUEST	87		request_8	1602262962708	1602262970666	OK	 
REQUEST	46		request_8	1602262962672	1602262970690	OK	 
REQUEST	39		request_8	1602262962668	1602262970772	OK	 
REQUEST	42		request_8	1602262962670	1602262970797	OK	 
REQUEST	70		request_8	1602262962695	1602262970797	OK	 
REQUEST	7		request_8	1602262962637	1602262970811	OK	 
REQUEST	22		request_8	1602262962657	1602262970835	OK	 
REQUEST	83		request_8	1602262962706	1602262971491	OK	 
REQUEST	74		request_8	1602262962698	1602262971503	OK	 
REQUEST	27		request_8	1602262962660	1602262971503	OK	 
REQUEST	38		request_8	1602262962667	1602262971524	OK	 
REQUEST	29		request_8	1602262962661	1602262971524	OK	 
REQUEST	47		request_8	1602262962673	1602262971524	OK	 
REQUEST	71		request_8	1602262962696	1602262978696	KO	j.n.s.SSLException: handshake timed out
REQUEST	62		request_8	1602262962687	1602262978700	KO	j.n.s.SSLException: handshake timed out
REQUEST	84		request_8	1602262962707	1602262978698	KO	j.n.s.SSLException: handshake timed out
REQUEST	54		request_8	1602262962679	1602262978696	KO	j.n.s.SSLException: handshake timed out
REQUEST	68		request_8	1602262962693	1602262978713	KO	j.n.s.SSLException: handshake timed out
REQUEST	20		request_8	1602262962655	1602262978714	KO	j.n.s.SSLException: handshake timed out
REQUEST	40		request_9	1602262974208	1602262979225	OK	 
REQUEST	60		request_9	1602262973858	1602262979246	OK	 
REQUEST	15		request_9	1602262974258	1602262979246	OK	 
REQUEST	86		request_9	1602262975388	1602262979265	OK	 
REQUEST	1		request_9	1602262973668	1602262979334	OK	 
REQUEST	51		request_9	1602262973656	1602262979428	OK	 
REQUEST	7		request_9	1602262975828	1602262979472	OK	 
REQUEST	78		request_9	1602262974058	1602262979492	OK	 
REQUEST	18		request_9	1602262974058	1602262979493	OK	 
REQUEST	52		request_9	1602262974218	1602262979617	OK	 
REQUEST	77		request_9	1602262974039	1602262979906	OK	 
REQUEST	9		request_9	1602262973849	1602262979907	OK	 
REQUEST	32		request_9	1602262974259	1602262979936	OK	 
REQUEST	10		request_9	1602262973656	1602262979937	OK	 
REQUEST	53		request_9	1602262975669	1602262979937	OK	 
REQUEST	59		request_9	1602262974079	1602262979984	OK	 
REQUEST	77		request_10	1602262979911	1602262984311	OK	 
REQUEST	10		request_10	1602262979941	1602262984311	OK	 
REQUEST	5		request_9	1602262973657	1602262984311	OK	 
REQUEST	59		request_10	1602262979988	1602262984312	OK	 
REQUEST	40		request_10	1602262979276	1602262984315	OK	 
REQUEST	9		request_10	1602262979911	1602262984315	OK	 
REQUEST	18		request_10	1602262979497	1602262984316	OK	 
REQUEST	52		request_10	1602262979622	1602262984316	OK	 
REQUEST	78		request_10	1602262979497	1602262984316	OK	 
REQUEST	51		request_10	1602262979432	1602262984317	OK	 
REQUEST	32		request_10	1602262979940	1602262984311	OK	 
REQUEST	60		request_10	1602262979276	1602262984319	OK	 
REQUEST	15		request_10	1602262979276	1602262984319	OK	 
REQUEST	97		request_9	1602262973860	1602262984319	OK	 
REQUEST	86		request_10	1602262979276	1602262984320	OK	 
REQUEST	48		request_9	1602262973850	1602262984320	OK	 
REQUEST	70		request_9	1602262975819	1602262984323	OK	 
REQUEST	76		request_9	1602262973859	1602262984325	OK	 
REQUEST	93		request_9	1602262974108	1602262984325	OK	 
REQUEST	26		request_9	1602262973989	1602262984326	OK	 
REQUEST	7		request_10	1602262979478	1602262984326	OK	 
REQUEST	34		request_9	1602262973656	1602262984327	OK	 
REQUEST	85		request_9	1602262973849	1602262984329	OK	 
REQUEST	87		request_9	1602262975679	1602262984331	OK	 
REQUEST	57		request_9	1602262975628	1602262984335	OK	 
REQUEST	8		request_9	1602262974259	1602262984336	OK	 
REQUEST	58		request_9	1602262974098	1602262984336	OK	 
REQUEST	64		request_9	1602262973678	1602262984337	OK	 
REQUEST	12		request_9	1602262973848	1602262984338	OK	 
REQUEST	11		request_9	1602262973656	1602262984338	OK	 
REQUEST	61		request_9	1602262974079	1602262984342	OK	 
REQUEST	21		request_9	1602262974108	1602262984344	OK	 
REQUEST	98		request_9	1602262973989	1602262984346	OK	 
REQUEST	1		request_10	1602262979338	1602262984344	OK	 
REQUEST	65		request_9	1602262973848	1602262984348	OK	 
REQUEST	41		request_9	1602262974158	1602262984348	OK	 
REQUEST	80		request_9	1602262975318	1602262984349	OK	 
REQUEST	42		request_9	1602262975819	1602262984350	OK	 
REQUEST	37		request_9	1602262974079	1602262984351	OK	 
REQUEST	28		request_9	1602262973861	1602262984352	OK	 
REQUEST	25		request_9	1602262973656	1602262984354	OK	 
REQUEST	50		request_9	1602262974079	1602262984354	OK	 
REQUEST	24		request_9	1602262974919	1602262984354	OK	 
REQUEST	74		request_9	1602262976518	1602262984357	OK	 
REQUEST	69		request_9	1602262974039	1602262984358	OK	 
REQUEST	73		request_9	1602262973859	1602262984361	OK	 
REQUEST	75		request_9	1602262974058	1602262984361	OK	 
REQUEST	96		request_9	1602262973989	1602262984362	OK	 
REQUEST	90		request_9	1602262975378	1602262984363	OK	 
REQUEST	89		request_9	1602262974058	1602262984367	OK	 
REQUEST	66		request_9	1602262974108	1602262984368	OK	 
REQUEST	53		request_10	1602262979941	1602262984369	OK	 
REQUEST	16		request_9	1602262975368	1602262984369	OK	 
REQUEST	43		request_9	1602262974048	1602262984372	OK	 
REQUEST	29		request_9	1602262976538	1602262984372	OK	 
REQUEST	82		request_9	1602262975358	1602262984375	OK	 
REQUEST	45		request_9	1602262975628	1602262984378	OK	 
REQUEST	91		request_9	1602262975378	1602262984379	OK	 
REQUEST	76		request_10	1602262984331	1602262984384	OK	 
REQUEST	13		request_9	1602262973656	1602262984385	OK	 
REQUEST	27		request_9	1602262976518	1602262984385	OK	 
REQUEST	12		request_10	1602262984342	1602262984391	OK	 
REQUEST	70		request_10	1602262984328	1602262984391	OK	 
REQUEST	93		request_10	1602262984329	1602262984398	OK	 
REQUEST	97		request_10	1602262984324	1602262984398	OK	 
REQUEST	48		request_10	1602262984332	1602262984398	OK	 
REQUEST	5		request_10	1602262984322	1602262984441	OK	 
REQUEST	26		request_10	1602262984330	1602262984441	OK	 
REQUEST	57		request_10	1602262984339	1602262984615	OK	 
REQUEST	34		request_10	1602262984332	1602262984713	OK	 
REQUEST	37		request_10	1602262984353	1602262984714	OK	 
REQUEST	42		request_10	1602262984353	1602262984716	OK	 
REQUEST	8		request_10	1602262984348	1602262984815	OK	 
REQUEST	64		request_10	1602262984345	1602262984815	OK	 
REQUEST	98		request_10	1602262984351	1602262984815	OK	 
REQUEST	30		request_9	1602262973849	1602262984816	OK	 
REQUEST	87		request_10	1602262984357	1602262984817	OK	 
REQUEST	94		request_9	1602262974079	1602262984965	OK	 
REQUEST	85		request_10	1602262984334	1602262984968	OK	 
REQUEST	99		request_9	1602262974079	1602262985006	OK	 
REQUEST	23		request_9	1602262973959	1602262985359	OK	 
REQUEST	4		request_9	1602262974048	1602262985365	OK	 
REQUEST	88		request_9	1602262974258	1602262985365	OK	 
REQUEST	100		request_9	1602262974108	1602262985377	OK	 
REQUEST	2		request_9	1602262974039	1602262985377	OK	 
REQUEST	39		request_9	1602262975788	1602262985415	OK	 
REQUEST	56		request_9	1602262973869	1602262985415	OK	 
REQUEST	36		request_9	1602262973860	1602262985435	OK	 
REQUEST	82		request_10	1602262984378	1602262985478	OK	 
REQUEST	92		request_9	1602262974079	1602262985508	OK	 
REQUEST	13		request_10	1602262984387	1602262985551	OK	 
REQUEST	73		request_10	1602262984364	1602262985551	OK	 
REQUEST	25		request_10	1602262984357	1602262985551	OK	 
REQUEST	72		request_9	1602262975628	1602262985552	OK	 
REQUEST	38		request_9	1602262976538	1602262985598	OK	 
REQUEST	41		request_10	1602262984351	1602262985643	OK	 
REQUEST	29		request_10	1602262984374	1602262985643	OK	 
REQUEST	6		request_9	1602262973860	1602262985644	OK	 
REQUEST	31		request_9	1602262974239	1602262985644	OK	 
REQUEST	61		request_10	1602262984368	1602262985644	OK	 
REQUEST	66		request_10	1602262984371	1602262985663	OK	 
REQUEST	45		request_10	1602262984381	1602262985663	OK	 
REQUEST	55		request_9	1602262973848	1602262985663	OK	 
REQUEST	27		request_10	1602262984387	1602262985702	OK	 
REQUEST	91		request_10	1602262984381	1602262985702	OK	 
REQUEST	74		request_10	1602262984360	1602262985722	OK	 
REQUEST	22		request_9	1602262975848	1602262985722	OK	 
REQUEST	96		request_10	1602262984365	1602262985727	OK	 
REQUEST	43		request_10	1602262984374	1602262985750	OK	 
REQUEST	50		request_10	1602262984360	1602262985763	OK	 
REQUEST	24		request_10	1602262984363	1602262985769	OK	 
REQUEST	80		request_10	1602262984351	1602262985769	OK	 
REQUEST	47		request_9	1602262976538	1602262985769	OK	 
REQUEST	16		request_10	1602262984371	1602262985779	OK	 
REQUEST	72		request_10	1602262985554	1602262985792	OK	 
REQUEST	89		request_10	1602262984370	1602262986186	OK	 
REQUEST	35		request_9	1602262973989	1602262986187	OK	 
REQUEST	67		request_9	1602262973850	1602262986241	OK	 
REQUEST	38		request_10	1602262985600	1602262986285	OK	 
REQUEST	7		request_15	1602262979481	1602262986286	OK	 
REQUEST	83		request_9	1602262976509	1602262986306	OK	 
REQUEST	52		request_15	1602262979624	1602262986323	OK	 
REQUEST	55		request_10	1602262985666	1602262986323	OK	 
REQUEST	78		request_17	1602262979500	1602262986323	OK	 
REQUEST	28		request_15	1602262984356	1602262986324	OK	 
REQUEST	78		request_12	1602262979497	1602262986324	OK	 
REQUEST	87		request_12	1602262984357	1602262986324	OK	 
REQUEST	52		request_13	1602262979623	1602262986324	OK	 
REQUEST	15		request_13	1602262979277	1602262986323	OK	 
REQUEST	22		request_10	1602262985725	1602262986324	OK	 
REQUEST	60		request_13	1602262979277	1602262986324	OK	 
REQUEST	100		request_10	1602262985379	1602262986324	OK	 
REQUEST	51		request_13	1602262979434	1602262986324	OK	 
REQUEST	31		request_10	1602262985648	1602262986324	OK	 
REQUEST	1		request_13	1602262979340	1602262986325	OK	 
REQUEST	4		request_10	1602262985367	1602262986325	OK	 
REQUEST	53		request_15	1602262979944	1602262986325	OK	 
REQUEST	88		request_10	1602262985367	1602262986325	OK	 
REQUEST	47		request_10	1602262985771	1602262986325	OK	 
REQUEST	6		request_10	1602262985648	1602262986326	OK	 
REQUEST	26		request_15	1602262984333	1602262986327	OK	 
REQUEST	10		request_13	1602262979943	1602262986327	OK	 
REQUEST	26		request_12	1602262984331	1602262986328	OK	 
REQUEST	58		request_15	1602262984348	1602262986329	OK	 
REQUEST	52		request_12	1602262979622	1602262986343	OK	 
REQUEST	53		request_17	1602262979944	1602262986343	OK	 
REQUEST	7		request_12	1602262979479	1602262986343	OK	 
REQUEST	60		request_12	1602262979276	1602262986343	OK	 
REQUEST	97		request_13	1602262984340	1602262986343	OK	 
REQUEST	21		request_17	1602262984350	1602262986344	OK	 
REQUEST	7		request_17	1602262979482	1602262986344	OK	 
REQUEST	78		request_15	1602262979499	1602262986344	OK	 
REQUEST	76		request_17	1602262984334	1602262986344	OK	 
REQUEST	65		request_12	1602262984357	1602262986344	OK	 
REQUEST	53		request_12	1602262979942	1602262986344	OK	 
REQUEST	86		request_12	1602262979276	1602262986343	OK	 
REQUEST	26		request_13	1602262984332	1602262986344	OK	 
REQUEST	62		request_9	1602262983729	1602262986345	OK	 
REQUEST	3		request_9	1602262975619	1602262986346	OK	 
REQUEST	51		request_12	1602262979433	1602262986352	OK	 
REQUEST	19		request_9	1602262973739	1602262986364	OK	 
REQUEST	77		request_12	1602262979912	1602262986390	OK	 
REQUEST	12		request_13	1602262984343	1602262986436	OK	 
REQUEST	20		request_9	1602262983729	1602262986438	OK	 
REQUEST	92		request_10	1602262985511	1602262986456	OK	 
REQUEST	69		request_12	1602262984361	1602262986802	OK	 
REQUEST	89		request_15	1602262984374	1602262986802	OK	 
REQUEST	30		request_12	1602262984822	1602262986802	OK	 
REQUEST	28		request_13	1602262984355	1602262986802	OK	 
REQUEST	72		request_15	1602262985556	1602262986802	OK	 
REQUEST	96		request_13	1602262984366	1602262986803	OK	 
REQUEST	69		request_13	1602262984362	1602262986803	OK	 
REQUEST	85		request_13	1602262984340	1602262986803	OK	 
REQUEST	12		request_12	1602262984342	1602262986922	OK	 
REQUEST	93		request_13	1602262984338	1602262986922	OK	 
REQUEST	97		request_15	1602262984340	1602262986922	OK	 
REQUEST	27		request_12	1602262984388	1602262986922	OK	 
REQUEST	60		request_15	1602262979277	1602262986941	OK	 
REQUEST	19		request_10	1602262986367	1602262986941	OK	 
REQUEST	97		request_17	1602262984341	1602262986941	OK	 
REQUEST	40		request_12	1602262979276	1602262986942	OK	 
REQUEST	86		request_13	1602262979277	1602262987007	OK	 
REQUEST	30		request_15	1602262984824	1602262987008	OK	 
REQUEST	3		request_10	1602262986348	1602262987009	OK	 
REQUEST	37		request_13	1602262984354	1602262987030	OK	 
REQUEST	55		request_15	1602262985667	1602262987031	OK	 
REQUEST	58		request_17	1602262984348	1602262987031	OK	 
REQUEST	51		request_15	1602262979435	1602262987031	OK	 
REQUEST	69		request_15	1602262984362	1602262987031	OK	 
REQUEST	56		request_12	1602262985417	1602262987031	OK	 
REQUEST	12		request_15	1602262984343	1602262987031	OK	 
REQUEST	42		request_12	1602262984353	1602262987032	OK	 
REQUEST	99		request_15	1602262985011	1602262987032	OK	 
REQUEST	62		request_10	1602262986347	1602262987030	OK	 
REQUEST	21		request_12	1602262984348	1602262987032	OK	 
REQUEST	45		request_13	1602262984382	1602262987032	OK	 
REQUEST	83		request_10	1602262986308	1602262987032	OK	 
REQUEST	69		request_17	1602262984363	1602262987033	OK	 
REQUEST	66		request_13	1602262984372	1602262987033	OK	 
REQUEST	45		request_12	1602262984381	1602262987033	OK	 
REQUEST	65		request_15	1602262984360	1602262987033	OK	 
REQUEST	45		request_17	1602262984383	1602262987033	OK	 
REQUEST	9		request_12	1602262979912	1602262987034	OK	 
REQUEST	80		request_17	1602262984360	1602262987033	OK	 
REQUEST	48		request_12	1602262984332	1602262987034	OK	 
REQUEST	30		request_13	1602262984823	1602262987033	OK	 
REQUEST	5		request_13	1602262984324	1602262987076	OK	 
REQUEST	27		request_13	1602262984388	1602262987076	OK	 
REQUEST	77		request_17	1602262979914	1602262987076	OK	 
REQUEST	55		request_12	1602262985666	1602262987076	OK	 
REQUEST	28		request_17	1602262984356	1602262987076	OK	 
REQUEST	31		request_15	1602262985650	1602262987077	OK	 
REQUEST	23		request_15	1602262985362	1602262987077	OK	 
REQUEST	11		request_13	1602262984359	1602262987077	OK	 
REQUEST	77		request_13	1602262979913	1602262987077	OK	 
REQUEST	6		request_17	1602262985650	1602262987078	OK	 
REQUEST	52		request_17	1602262979624	1602262987078	OK	 
REQUEST	40		request_13	1602262979277	1602262987076	OK	 
REQUEST	87		request_13	1602262984358	1602262987078	OK	 
REQUEST	91		request_15	1602262984383	1602262987078	OK	 
REQUEST	57		request_17	1602262984342	1602262987078	OK	 
REQUEST	35		request_10	1602262986190	1602262987078	OK	 
REQUEST	86		request_17	1602262979277	1602262987078	OK	 
REQUEST	40		request_17	1602262979277	1602262987078	OK	 
REQUEST	48		request_13	1602262984333	1602262987078	OK	 
REQUEST	90		request_12	1602262984367	1602262987078	OK	 
REQUEST	91		request_17	1602262984383	1602262987078	OK	 
REQUEST	9		request_15	1602262979914	1602262987078	OK	 
REQUEST	22		request_17	1602262985728	1602262987079	OK	 
REQUEST	8		request_15	1602262984352	1602262987079	OK	 
REQUEST	89		request_13	1602262984371	1602262987079	OK	 
REQUEST	26		request_17	1602262984333	1602262987079	OK	 
REQUEST	22		request_13	1602262985726	1602262987080	OK	 
REQUEST	10		request_12	1602262979942	1602262987136	OK	 
REQUEST	85		request_17	1602262984341	1602262987136	OK	 
REQUEST	96		request_17	1602262984367	1602262987136	OK	 
REQUEST	98		request_13	1602262984352	1602262987136	OK	 
REQUEST	15		request_17	1602262979277	1602262987136	OK	 
REQUEST	42		request_13	1602262984354	1602262987137	OK	 
REQUEST	57		request_13	1602262984341	1602262987137	OK	 
REQUEST	64		request_12	1602262984346	1602262987137	OK	 
REQUEST	71		request_9	1602262983720	1602262987137	OK	 
REQUEST	84		request_9	1602262983720	1602262987137	OK	 
REQUEST	54		request_9	1602262983720	1602262987137	OK	 
REQUEST	67		request_10	1602262986243	1602262987137	OK	 
REQUEST	78		request_13	1602262979498	1602262987138	OK	 
REQUEST	59		request_15	1602262979990	1602262987139	OK	 
REQUEST	86		request_15	1602262979277	1602262987145	OK	 
REQUEST	23		request_17	1602262985362	1602262987145	OK	 
REQUEST	63		request_9	1602262974079	1602262987218	OK	 
REQUEST	38		request_13	1602262985602	1602262987232	OK	 
REQUEST	95		request_9	1602262974048	1602262987252	OK	 
REQUEST	24		request_15	1602262984365	1602262987272	OK	 
REQUEST	46		request_9	1602262975708	1602262987345	OK	 
REQUEST	99		request_10	1602262985009	1602262987365	OK	 
REQUEST	8		request_17	1602262984352	1602262987366	OK	 
REQUEST	89		request_17	1602262984375	1602262987366	OK	 
REQUEST	53		request_13	1602262979943	1602262987366	OK	 
REQUEST	13		request_12	1602262984388	1602262987386	OK	 
REQUEST	21		request_13	1602262984349	1602262987413	OK	 
REQUEST	75		request_10	1602262984364	1602262987414	OK	 
REQUEST	72		request_17	1602262985556	1602262987414	OK	 
REQUEST	44		request_9	1602262974239	1602262987415	OK	 
REQUEST	99		request_12	1602262985010	1602262987421	OK	 
REQUEST	94		request_13	1602262984972	1602262987422	OK	 
REQUEST	20		request_10	1602262986440	1602262987433	OK	 
REQUEST	38		request_17	1602262985603	1602262987433	OK	 
REQUEST	2		request_10	1602262985379	1602262987433	OK	 
REQUEST	24		request_17	1602262984365	1602262987579	OK	 
REQUEST	35		request_17	1602262986192	1602262987580	OK	 
REQUEST	47		request_13	1602262985773	1602262987580	OK	 
REQUEST	11		request_10	1602262984358	1602262987582	OK	 
REQUEST	14		request_9	1602262973859	1602262987608	OK	 
REQUEST	62		request_17	1602262986350	1602262987701	OK	 
REQUEST	95		request_10	1602262987253	1602262987701	OK	 
REQUEST	35		request_12	1602262986190	1602262987701	OK	 
REQUEST	77		request_15	1602262979913	1602262987701	OK	 
REQUEST	2		request_12	1602262985379	1602262987701	OK	 
REQUEST	27		request_15	1602262984388	1602262987702	OK	 
REQUEST	6		request_12	1602262985648	1602262987702	OK	 
REQUEST	84		request_10	1602262987140	1602262987702	OK	 
REQUEST	71		request_10	1602262987141	1602262987702	OK	 
REQUEST	94		request_12	1602262984971	1602262987702	OK	 
REQUEST	76		request_15	1602262984333	1602262987721	OK	 
REQUEST	99		request_13	1602262985010	1602262987721	OK	 
REQUEST	88		request_17	1602262985369	1602262987721	OK	 
REQUEST	2		request_15	1602262985380	1602262987721	OK	 
REQUEST	94		request_17	1602262984973	1602262987747	OK	 
REQUEST	47		request_12	1602262985772	1602262987748	OK	 
REQUEST	98		request_17	1602262984353	1602262987748	OK	 
REQUEST	27		request_17	1602262984389	1602262987748	OK	 
REQUEST	55		request_17	1602262985668	1602262987748	OK	 
REQUEST	31		request_17	1602262985650	1602262987748	OK	 
REQUEST	94		request_15	1602262984973	1602262987774	OK	 
REQUEST	37		request_17	1602262984355	1602262987774	OK	 
REQUEST	46		request_10	1602262987347	1602262987797	OK	 
REQUEST	28		request_12	1602262984355	1602262987797	OK	 
REQUEST	91		request_13	1602262984382	1602262987797	OK	 
REQUEST	19		request_17	1602262986369	1602262987797	OK	 
REQUEST	4		request_12	1602262985367	1602262987797	OK	 
REQUEST	8		request_12	1602262984351	1602262987798	OK	 
REQUEST	35		request_13	1602262986191	1602262987798	OK	 
REQUEST	62		request_13	1602262986349	1602262987798	OK	 
REQUEST	100		request_12	1602262985379	1602262987798	OK	 
REQUEST	19		request_15	1602262986368	1602262987798	OK	 
REQUEST	88		request_12	1602262985367	1602262987798	OK	 
REQUEST	97		request_12	1602262984325	1602262987798	OK	 
REQUEST	67		request_12	1602262986243	1602262987799	OK	 
REQUEST	43		request_12	1602262984375	1602262987799	OK	 
REQUEST	65		request_13	1602262984357	1602262987799	OK	 
REQUEST	6		request_13	1602262985649	1602262987815	OK	 
REQUEST	75		request_15	1602262984365	1602262987815	OK	 
REQUEST	35		request_15	1602262986191	1602262987815	OK	 
REQUEST	31		request_13	1602262985649	1602262987815	OK	 
REQUEST	76		request_13	1602262984332	1602262987815	OK	 
REQUEST	2		request_13	1602262985380	1602262987815	OK	 
REQUEST	38		request_15	1602262985602	1602262987815	OK	 
REQUEST	75		request_17	1602262984369	1602262987815	OK	 
REQUEST	83		request_12	1602262986309	1602262987815	OK	 
REQUEST	90		request_17	1602262984369	1602262987816	OK	 
REQUEST	55		request_13	1602262985667	1602262987816	OK	 
REQUEST	59		request_17	1602262979991	1602262987816	OK	 
REQUEST	54		request_10	1602262987141	1602262987816	OK	 
REQUEST	83		request_13	1602262986310	1602262987816	OK	 
REQUEST	62		request_12	1602262986348	1602262987815	OK	 
REQUEST	56		request_17	1602262985418	1602262987816	OK	 
REQUEST	6		request_15	1602262985650	1602262987816	OK	 
REQUEST	23		request_12	1602262985361	1602262987842	OK	 
REQUEST	44		request_10	1602262987417	1602262987842	OK	 
REQUEST	63		request_10	1602262987220	1602262987842	OK	 
REQUEST	83		request_17	1602262986311	1602262987842	OK	 
REQUEST	2		request_17	1602262985381	1602262987842	OK	 
REQUEST	76		request_12	1602262984331	1602262987843	OK	 
REQUEST	3		request_12	1602262986349	1602262987843	OK	 
REQUEST	69		request_10	1602262984360	1602262987860	OK	 
REQUEST	58		request_10	1602262984346	1602262987860	OK	 
REQUEST	90		request_10	1602262984367	1602262987862	OK	 
REQUEST	17		request_9	1602262974128	1602262987862	OK	 
REQUEST	94		request_10	1602262984970	1602262987862	OK	 
REQUEST	81		request_9	1602262974259	1602262987868	OK	 
REQUEST	33		request_9	1602262974239	1602262987872	OK	 
REQUEST	79		request_9	1602262973978	1602262987883	OK	 
REQUEST	56		request_10	1602262985417	1602262987929	OK	 
REQUEST	39		request_17	1602262985418	1602262987947	OK	 
REQUEST	72		request_12	1602262985555	1602262987947	OK	 
REQUEST	80		request_13	1602262984359	1602262987948	OK	 
REQUEST	100		request_15	1602262985380	1602262987947	OK	 
REQUEST	72		request_13	1602262985555	1602262987948	OK	 
REQUEST	100		request_17	1602262985381	1602262987948	OK	 
REQUEST	49		request_9	1602262973869	1602262987948	OK	 
REQUEST	30		request_10	1602262984821	1602262987949	OK	 
REQUEST	65		request_17	1602262984361	1602262987953	OK	 
REQUEST	36		request_10	1602262985437	1602262987954	OK	 
REQUEST	39		request_10	1602262985417	1602262987954	OK	 
REQUEST	80		request_12	1602262984359	1602262987954	OK	 
REQUEST	28		request_10	1602262984355	1602262987954	OK	 
REQUEST	65		request_10	1602262984356	1602262987964	OK	 
REQUEST	14		request_10	1602262987609	1602262987972	OK	 
REQUEST	3		request_15	1602262986350	1602262987980	OK	 
REQUEST	21		request_10	1602262984347	1602262987997	OK	 
REQUEST	64		request_15	1602262984347	1602262987997	OK	 
REQUEST	83		request_15	1602262986310	1602262987997	OK	 
REQUEST	23		request_10	1602262985361	1602262988013	OK	 
REQUEST	16		request_17	1602262984373	1602262988021	OK	 
REQUEST	74		request_17	1602262984362	1602262988022	OK	 
REQUEST	25		request_13	1602262984359	1602262988022	OK	 
REQUEST	96		request_15	1602262984367	1602262988031	OK	 
REQUEST	48		request_15	1602262984334	1602262988031	OK	 
REQUEST	43		request_13	1602262984375	1602262988041	OK	 
REQUEST	60		request_17	1602262979277	1602262988041	OK	 
REQUEST	29		request_13	1602262984375	1602262988042	OK	 
REQUEST	73		request_12	1602262984365	1602262988042	OK	 
REQUEST	91		request_12	1602262984382	1602262988042	OK	 
REQUEST	58		request_13	1602262984347	1602262988042	OK	 
REQUEST	100		request_13	1602262985380	1602262988042	OK	 
REQUEST	33		request_10	1602262987873	1602262988043	OK	 
REQUEST	61		request_12	1602262984369	1602262988048	OK	 
REQUEST	4		request_15	1602262985368	1602262988048	OK	 
REQUEST	67		request_15	1602262986244	1602262988048	OK	 
REQUEST	29		request_17	1602262984376	1602262988048	OK	 
REQUEST	19		request_13	1602262986368	1602262988048	OK	 
REQUEST	88		request_13	1602262985368	1602262988048	OK	 
REQUEST	38		request_12	1602262985601	1602262988048	OK	 
REQUEST	42		request_15	1602262984354	1602262988048	OK	 
REQUEST	29		request_12	1602262984375	1602262988048	OK	 
REQUEST	4		request_17	1602262985369	1602262988048	OK	 
REQUEST	64		request_13	1602262984346	1602262988048	OK	 
REQUEST	93		request_15	1602262984339	1602262988048	OK	 
REQUEST	64		request_17	1602262984347	1602262988049	OK	 
REQUEST	5		request_12	1602262984323	1602262988049	OK	 
REQUEST	17		request_10	1602262987864	1602262988049	OK	 
REQUEST	67		request_13	1602262986244	1602262988049	OK	 
REQUEST	3		request_17	1602262986351	1602262988049	OK	 
REQUEST	67		request_17	1602262986245	1602262988066	OK	 
REQUEST	81		request_10	1602262987869	1602262988066	OK	 
REQUEST	93		request_12	1602262984337	1602262988066	OK	 
REQUEST	82		request_15	1602262984380	1602262988066	OK	 
REQUEST	62		request_15	1602262986349	1602262988066	OK	 
REQUEST	29		request_15	1602262984376	1602262988066	OK	 
REQUEST	31		request_12	1602262985648	1602262988066	OK	 
REQUEST	79		request_10	1602262987885	1602262988066	OK	 
REQUEST	89		request_12	1602262984371	1602262988072	OK	 
REQUEST	61		request_17	1602262984370	1602262988207	OK	 
REQUEST	82		request_17	1602262984381	1602262988207	OK	 
REQUEST	75		request_13	1602262984365	1602262988208	OK	 
REQUEST	49		request_10	1602262987950	1602262988208	OK	 
REQUEST	13		request_13	1602262984388	1602262988208	OK	 
REQUEST	82		request_13	1602262984379	1602262988208	OK	 
REQUEST	93		request_17	1602262984340	1602262988208	OK	 
REQUEST	22		request_15	1602262985727	1602262988210	OK	 
REQUEST	23		request_13	1602262985361	1602262988210	OK	 
REQUEST	43		request_15	1602262984376	1602262988210	OK	 
REQUEST	20		request_15	1602262986442	1602262988210	OK	 
REQUEST	95		request_15	1602262987255	1602262988210	OK	 
REQUEST	71		request_15	1602262987143	1602262988210	OK	 
REQUEST	54		request_17	1602262987143	1602262988210	OK	 
REQUEST	84		request_15	1602262987142	1602262988210	OK	 
REQUEST	63		request_12	1602262987220	1602262988210	OK	 
REQUEST	71		request_13	1602262987142	1602262988211	OK	 
REQUEST	46		request_15	1602262987349	1602262988211	OK	 
REQUEST	19		request_12	1602262986367	1602262988235	OK	 
REQUEST	61		request_13	1602262984369	1602262988235	OK	 
REQUEST	95		request_13	1602262987254	1602262988235	OK	 
REQUEST	11		request_17	1602262984360	1602262988235	OK	 
REQUEST	8		request_13	1602262984351	1602262988236	OK	 
REQUEST	46		request_12	1602262987347	1602262988236	OK	 
REQUEST	37		request_12	1602262984354	1602262988236	OK	 
REQUEST	61		request_15	1602262984370	1602262988236	OK	 
REQUEST	54		request_13	1602262987142	1602262988236	OK	 
REQUEST	11		request_15	1602262984359	1602262988236	OK	 
REQUEST	84		request_13	1602262987142	1602262988236	OK	 
REQUEST	13		request_17	1602262984389	1602262988236	OK	 
REQUEST	54		request_12	1602262987141	1602262988236	OK	 
REQUEST	71		request_17	1602262987144	1602262988236	OK	 
REQUEST	44		request_13	1602262987418	1602262988236	OK	 
REQUEST	95		request_12	1602262987254	1602262988236	OK	 
REQUEST	4		request_13	1602262985368	1602262988236	OK	 
REQUEST	13		request_15	1602262984389	1602262988236	OK	 
REQUEST	44		request_12	1602262987417	1602262988236	OK	 
REQUEST	63		request_13	1602262987221	1602262988237	OK	 
REQUEST	46		request_13	1602262987348	1602262988237	OK	 
REQUEST	20		request_17	1602262986443	1602262988253	OK	 
REQUEST	88		request_15	1602262985368	1602262988253	OK	 
REQUEST	3		request_13	1602262986349	1602262988253	OK	 
REQUEST	63		request_15	1602262987221	1602262988253	OK	 
REQUEST	14		request_17	1602262987611	1602262988253	OK	 
REQUEST	95		request_17	1602262987255	1602262988254	OK	 
REQUEST	1		request_15	1602262979340	1602262988261	OK	 
REQUEST	71		request_12	1602262987141	1602262988261	OK	 
REQUEST	84		request_17	1602262987143	1602262988261	OK	 
REQUEST	99		request_17	1602262985011	1602262988261	OK	 
REQUEST	46		request_17	1602262987349	1602262988261	OK	 
REQUEST	54		request_15	1602262987143	1602262988261	OK	 
REQUEST	63		request_17	1602262987222	1602262988261	OK	 
REQUEST	84		request_12	1602262987141	1602262988261	OK	 
REQUEST	22		request_12	1602262985726	1602262988261	OK	 
REQUEST	45		request_15	1602262984382	1602262988280	OK	 
REQUEST	21		request_15	1602262984349	1602262988280	OK	 
REQUEST	34		request_12	1602262984332	1602262988280	OK	 
REQUEST	20		request_13	1602262986442	1602262988280	OK	 
REQUEST	34		request_17	1602262984343	1602262988280	OK	 
REQUEST	20		request_12	1602262986441	1602262988280	OK	 
REQUEST	17		request_12	1602262987865	1602262988281	OK	 
REQUEST	34		request_15	1602262984342	1602262988308	OK	 
REQUEST	44		request_17	1602262987420	1602262988308	OK	 
REQUEST	14		request_12	1602262987610	1602262988308	OK	 
REQUEST	44		request_15	1602262987419	1602262988308	OK	 
REQUEST	14		request_13	1602262987610	1602262988308	OK	 
REQUEST	17		request_17	1602262987866	1602262988309	OK	 
REQUEST	14		request_15	1602262987611	1602262988309	OK	 
REQUEST	17		request_13	1602262987865	1602262988309	OK	 
REQUEST	79		request_12	1602262987885	1602262988309	OK	 
REQUEST	33		request_17	1602262987875	1602262988310	OK	 
REQUEST	81		request_15	1602262987870	1602262988315	OK	 
REQUEST	79		request_15	1602262987886	1602262988315	OK	 
REQUEST	33		request_15	1602262987874	1602262988316	OK	 
REQUEST	79		request_13	1602262987886	1602262988316	OK	 
REQUEST	49		request_15	1602262987951	1602262988327	OK	 
REQUEST	30		request_17	1602262984824	1602262988328	OK	 
REQUEST	80		request_15	1602262984360	1602262988347	OK	 
REQUEST	49		request_12	1602262987950	1602262988347	OK	 
REQUEST	81		request_12	1602262987869	1602262988382	OK	 
REQUEST	96		request_12	1602262984366	1602262988383	OK	 
REQUEST	17		request_15	1602262987866	1602262988383	OK	 
REQUEST	34		request_13	1602262984333	1602262988383	OK	 
REQUEST	33		request_12	1602262987873	1602262988383	OK	 
REQUEST	49		request_17	1602262987952	1602262988383	OK	 
REQUEST	49		request_13	1602262987951	1602262988383	OK	 
REQUEST	79		request_17	1602262987887	1602262988390	OK	 
REQUEST	81		request_17	1602262987870	1602262988390	OK	 
REQUEST	81		request_13	1602262987870	1602262988390	OK	 
REQUEST	33		request_13	1602262987874	1602262988391	OK	 
REQUEST	66		request_12	1602262984371	1602262988416	OK	 
REQUEST	98		request_15	1602262984352	1602262988417	OK	 
REQUEST	50		request_12	1602262984365	1602262988422	OK	 
REQUEST	66		request_15	1602262984373	1602262988423	OK	 
REQUEST	41		request_15	1602262984352	1602262988460	OK	 
REQUEST	98		request_12	1602262984352	1602262988514	OK	 
REQUEST	66		request_17	1602262984373	1602262988520	OK	 
REQUEST	39		request_12	1602262985417	1602262988634	OK	 
REQUEST	56		request_15	1602262985418	1602262988634	OK	 
REQUEST	11		request_12	1602262984358	1602262988639	OK	 
REQUEST	50		request_15	1602262984366	1602262988639	OK	 
REQUEST	36		request_13	1602262985438	1602262988646	OK	 
REQUEST	39		request_13	1602262985417	1602262988646	OK	 
REQUEST	50		request_17	1602262984366	1602262988654	OK	 
REQUEST	36		request_17	1602262985438	1602262988654	OK	 
REQUEST	50		request_13	1602262984365	1602262988654	OK	 
REQUEST	36		request_15	1602262985438	1602262988673	OK	 
REQUEST	90		request_15	1602262984368	1602262988673	OK	 
REQUEST	75		request_12	1602262984364	1602262988673	OK	 
REQUEST	92		request_12	1602262985511	1602262988763	OK	 
REQUEST	82		request_12	1602262984378	1602262988763	OK	 
REQUEST	39		request_15	1602262985418	1602262988763	OK	 
REQUEST	43		request_17	1602262984377	1602262988763	OK	 
REQUEST	36		request_12	1602262985437	1602262988763	OK	 
REQUEST	92		request_13	1602262985512	1602262988763	OK	 
REQUEST	92		request_17	1602262985513	1602262988764	OK	 
REQUEST	92		request_15	1602262985512	1602262988764	OK	 
REQUEST	56		request_13	1602262985417	1602262988783	OK	 
REQUEST	47		request_17	1602262985774	1602262988866	OK	 
REQUEST	7		request_13	1602262979480	1602262989041	OK	 
REQUEST	47		request_15	1602262985773	1602262989130	OK	 
REQUEST	15		request_12	1602262979276	1602262989295	OK	 
REQUEST	74		request_15	1602262984361	1602262989431	OK	 
REQUEST	16		request_13	1602262984372	1602262989431	OK	 
REQUEST	48		request_17	1602262984334	1602262989432	OK	 
REQUEST	16		request_15	1602262984373	1602262989432	OK	 
REQUEST	87		request_15	1602262984358	1602262989461	OK	 
REQUEST	5		request_15	1602262984325	1602262989462	OK	 
REQUEST	5		request_17	1602262984326	1602262989462	OK	 
REQUEST	74		request_12	1602262984360	1602262989462	OK	 
REQUEST	42		request_17	1602262984355	1602262989462	OK	 
REQUEST	32		request_12	1602262979941	1602262989489	OK	 
REQUEST	15		request_15	1602262979277	1602262989489	OK	 
REQUEST	87		request_17	1602262984359	1602262989489	OK	 
REQUEST	74		request_13	1602262984361	1602262989489	OK	 
REQUEST	32		request_13	1602262979942	1602262989489	OK	 
REQUEST	32		request_17	1602262979944	1602262989489	OK	 
REQUEST	12		request_17	1602262984344	1602262989489	OK	 
REQUEST	25		request_17	1602262984360	1602262989490	OK	 
REQUEST	9		request_17	1602262979914	1602262989490	OK	 
REQUEST	41		request_12	1602262984351	1602262989495	OK	 
REQUEST	25		request_15	1602262984359	1602262989517	OK	 
REQUEST	51		request_17	1602262979435	1602262989517	OK	 
REQUEST	25		request_12	1602262984358	1602262989517	OK	 
REQUEST	40		request_15	1602262979277	1602262989537	OK	 
REQUEST	10		request_17	1602262979944	1602262989537	OK	 
REQUEST	16		request_12	1602262984371	1602262989537	OK	 
REQUEST	70		request_15	1602262984330	1602262989537	OK	 
REQUEST	10		request_15	1602262979944	1602262989537	OK	 
REQUEST	41		request_17	1602262984353	1602262989537	OK	 
REQUEST	18		request_13	1602262979498	1602262989537	OK	 
REQUEST	32		request_15	1602262979943	1602262989537	OK	 
REQUEST	70		request_13	1602262984329	1602262989537	OK	 
REQUEST	58		request_12	1602262984347	1602262989543	OK	 
REQUEST	59		request_13	1602262979989	1602262989543	OK	 
REQUEST	18		request_12	1602262979497	1602262989543	OK	 
REQUEST	41		request_13	1602262984352	1602262989543	OK	 
REQUEST	1		request_12	1602262979339	1602262989543	OK	 
REQUEST	59		request_12	1602262979988	1602262989543	OK	 
REQUEST	9		request_13	1602262979913	1602262989543	OK	 
REQUEST	68		request_9	1602262983729	1602262989550	OK	 
REQUEST	57		request_15	1602262984341	1602262989559	OK	 
REQUEST	37		request_15	1602262984355	1602262989559	OK	 
REQUEST	1		request_17	1602262979341	1602262989559	OK	 
REQUEST	90		request_13	1602262984368	1602262989559	OK	 
REQUEST	70		request_12	1602262984329	1602262989559	OK	 
REQUEST	73		request_15	1602262984366	1602262989559	OK	 
REQUEST	85		request_12	1602262984335	1602262989559	OK	 
REQUEST	70		request_17	1602262984331	1602262989567	OK	 
REQUEST	73		request_13	1602262984365	1602262989567	OK	 
REQUEST	18		request_17	1602262979500	1602262989567	OK	 
REQUEST	18		request_15	1602262979499	1602262989567	OK	 
REQUEST	73		request_17	1602262984366	1602262989573	OK	 
REQUEST	68		request_10	1602262989551	1602262989581	OK	 
REQUEST	7		request_19	1602262979483	1602262989585	OK	 
REQUEST	86		request_19	1602262979278	1602262989585	OK	 
REQUEST	51		request_19	1602262979436	1602262989585	OK	 
REQUEST	68		request_12	1602262989551	1602262989687	OK	 
REQUEST	24		request_12	1602262984363	1602262989694	OK	 
REQUEST	68		request_15	1602262989552	1602262989695	OK	 
REQUEST	24		request_13	1602262984364	1602262989695	OK	 
REQUEST	68		request_13	1602262989552	1602262989695	OK	 
REQUEST	68		request_17	1602262989552	1602262989695	OK	 
REQUEST	85		request_15	1602262984341	1602262989717	OK	 
REQUEST	57		request_12	1602262984340	1602262989762	OK	 
REQUEST	60		request_19	1602262979278	1602262989910	OK	 
REQUEST	18		request_19	1602262979500	1602262989923	OK	 
REQUEST	52		request_19	1602262979625	1602262989943	OK	 
REQUEST	32		request_19	1602262979945	1602262989943	OK	 
REQUEST	40		request_19	1602262979278	1602262989986	OK	 
REQUEST	10		request_19	1602262979945	1602262989994	OK	 
REQUEST	9		request_19	1602262979915	1602262989994	OK	 
REQUEST	78		request_19	1602262979500	1602262990043	OK	 
REQUEST	15		request_19	1602262979278	1602262990044	OK	 
REQUEST	1		request_19	1602262979342	1602262990044	OK	 
REQUEST	16		request_19	1602262984374	1602262990523	OK	 
REQUEST	89		request_19	1602262984376	1602262990523	OK	 
REQUEST	91		request_19	1602262984384	1602262990523	OK	 
REQUEST	66		request_19	1602262984374	1602262990524	OK	 
REQUEST	28		request_19	1602262984357	1602262990532	OK	 
REQUEST	53		request_19	1602262979945	1602262990532	OK	 
REQUEST	12		request_19	1602262984351	1602262990563	OK	 
REQUEST	58		request_19	1602262984349	1602262990563	OK	 
REQUEST	21		request_19	1602262984350	1602262990563	OK	 
REQUEST	87		request_19	1602262984359	1602262990563	OK	 
REQUEST	48		request_19	1602262984335	1602262990563	OK	 
REQUEST	45		request_19	1602262984383	1602262990563	OK	 
REQUEST	61		request_19	1602262984370	1602262990564	OK	 
REQUEST	97		request_19	1602262984342	1602262990569	OK	 
REQUEST	27		request_19	1602262984389	1602262990582	OK	 
REQUEST	69		request_19	1602262984365	1602262990582	OK	 
REQUEST	42		request_19	1602262984355	1602262990587	OK	 
REQUEST	24		request_19	1602262984366	1602262990600	OK	 
REQUEST	77		request_19	1602262979915	1602262990620	OK	 
REQUEST	59		request_19	1602262979991	1602262990620	OK	 
REQUEST	72		request_19	1602262985557	1602262990627	OK	 
REQUEST	55		request_19	1602262985668	1602262990856	OK	 
REQUEST	22		request_19	1602262985729	1602262990856	OK	 
REQUEST	47		request_19	1602262985774	1602262990856	OK	 
REQUEST	6		request_19	1602262985651	1602262990857	OK	 
REQUEST	31		request_19	1602262985651	1602262990938	OK	 
REQUEST	39		request_19	1602262985418	1602262991506	OK	 
REQUEST	2		request_19	1602262985381	1602262991506	OK	 
REQUEST	29		request_19	1602262984377	1602262991506	OK	 
REQUEST	100		request_19	1602262985381	1602262991506	OK	 
REQUEST	76		request_19	1602262984335	1602262991506	OK	 
REQUEST	90		request_19	1602262984370	1602262991565	OK	 
REQUEST	70		request_19	1602262984332	1602262991565	OK	 
REQUEST	41		request_19	1602262984353	1602262991565	OK	 
REQUEST	93		request_19	1602262984340	1602262991565	OK	 
REQUEST	37		request_19	1602262984356	1602262991565	OK	 
REQUEST	65		request_19	1602262984361	1602262991565	OK	 
REQUEST	13		request_19	1602262984390	1602262991566	OK	 
REQUEST	73		request_19	1602262984367	1602262991566	OK	 
REQUEST	35		request_19	1602262986192	1602262991621	OK	 
REQUEST	88		request_19	1602262985370	1602262991729	OK	 
REQUEST	4		request_19	1602262985370	1602262991729	OK	 
REQUEST	67		request_19	1602262986245	1602262991832	OK	 
REQUEST	25		request_19	1602262984360	1602262992151	OK	 
REQUEST	85		request_19	1602262984343	1602262992151	OK	 
REQUEST	62		request_19	1602262986351	1602262992151	OK	 
REQUEST	56		request_19	1602262985418	1602262992151	OK	 
REQUEST	3		request_19	1602262986351	1602262992151	OK	 
REQUEST	44		request_19	1602262987420	1602262992162	OK	 
REQUEST	98		request_19	1602262984353	1602262992162	OK	 
REQUEST	38		request_19	1602262985603	1602262992163	OK	 
REQUEST	46		request_19	1602262987350	1602262992163	OK	 
REQUEST	95		request_19	1602262987256	1602262992163	OK	 
REQUEST	71		request_19	1602262987144	1602262992163	OK	 
REQUEST	11		request_19	1602262984360	1602262992163	OK	 
REQUEST	82		request_19	1602262984381	1602262992165	OK	 
REQUEST	63		request_19	1602262987222	1602262992172	OK	 
REQUEST	84		request_19	1602262987144	1602262992172	OK	 
REQUEST	54		request_19	1602262987144	1602262992172	OK	 
REQUEST	50		request_19	1602262984367	1602262992172	OK	 
REQUEST	43		request_19	1602262984378	1602262992172	OK	 
REQUEST	20		request_19	1602262986444	1602262992173	OK	 
REQUEST	64		request_19	1602262984348	1602262992181	OK	 
REQUEST	19		request_19	1602262986369	1602262992189	OK	 
REQUEST	83		request_19	1602262986311	1602262992189	OK	 
REQUEST	75		request_19	1602262984369	1602262992221	OK	 
REQUEST	14		request_19	1602262987612	1602262992231	OK	 
REQUEST	17		request_19	1602262987867	1602262992273	OK	 
REQUEST	8		request_19	1602262984352	1602262992273	OK	 
REQUEST	81		request_19	1602262987871	1602262992292	OK	 
REQUEST	79		request_19	1602262987887	1602262992292	OK	 
REQUEST	5		request_19	1602262984327	1602262992305	OK	 
REQUEST	33		request_19	1602262987875	1602262992315	OK	 
REQUEST	74		request_19	1602262984362	1602262992323	OK	 
REQUEST	49		request_19	1602262987952	1602262992383	OK	 
REQUEST	26		request_19	1602262984334	1602262992442	OK	 
REQUEST	96		request_19	1602262984368	1602262992442	OK	 
REQUEST	57		request_19	1602262984347	1602262992442	OK	 
REQUEST	80		request_19	1602262984361	1602262992443	OK	 
REQUEST	34		request_19	1602262984344	1602262992524	OK	 
REQUEST	99		request_19	1602262985012	1602262992716	OK	 
REQUEST	30		request_19	1602262984825	1602262992716	OK	 
REQUEST	94		request_19	1602262984974	1602262992727	OK	 
REQUEST	36		request_19	1602262985439	1602262992737	OK	 
REQUEST	23		request_19	1602262985363	1602262992737	OK	 
REQUEST	92		request_19	1602262985513	1602262992824	OK	 
REQUEST	68		request_19	1602262989553	1602262993788	OK	 
REQUEST	51		request_21	1602263000578	1602263000607	OK	 
REQUEST	7		request_21	1602263000598	1602263000617	OK	 
REQUEST	86		request_21	1602263000598	1602263000623	OK	 
REQUEST	51		request_22	1602263000608	1602263000632	OK	 
REQUEST	51		request_23	1602263000609	1602263000632	OK	 
REQUEST	51		request_25	1602263000609	1602263000639	OK	 
REQUEST	86		request_23	1602263000625	1602263000647	OK	 
REQUEST	7		request_22	1602263000618	1602263000647	OK	 
REQUEST	7		request_25	1602263000619	1602263000647	OK	 
REQUEST	86		request_22	1602263000624	1602263000647	OK	 
REQUEST	7		request_23	1602263000619	1602263000648	OK	 
REQUEST	86		request_25	1602263000625	1602263000656	OK	 
REQUEST	18		request_21	1602263000918	1602263000938	OK	 
REQUEST	60		request_21	1602263000918	1602263000948	OK	 
REQUEST	32		request_21	1602263000938	1602263000971	OK	 
REQUEST	18		request_25	1602263000939	1602263000971	OK	 
REQUEST	52		request_21	1602263000947	1602263000971	OK	 
REQUEST	18		request_22	1602263000939	1602263000971	OK	 
REQUEST	18		request_23	1602263000939	1602263000972	OK	 
REQUEST	60		request_25	1602263000950	1602263000980	OK	 
REQUEST	60		request_23	1602263000950	1602263000980	OK	 
REQUEST	60		request_22	1602263000949	1602263000980	OK	 
REQUEST	32		request_22	1602263000972	1602263001004	OK	 
REQUEST	52		request_25	1602263000973	1602263001004	OK	 
REQUEST	32		request_23	1602263000972	1602263001004	OK	 
REQUEST	10		request_21	1602263000978	1602263001004	OK	 
REQUEST	52		request_23	1602263000972	1602263001004	OK	 
REQUEST	32		request_25	1602263000973	1602263001004	OK	 
REQUEST	52		request_22	1602263000972	1602263001004	OK	 
REQUEST	40		request_21	1602263000988	1602263001014	OK	 
REQUEST	9		request_21	1602263000988	1602263001014	OK	 
REQUEST	10		request_25	1602263001005	1602263001028	OK	 
REQUEST	10		request_22	1602263001005	1602263001029	OK	 
REQUEST	10		request_23	1602263001005	1602263001029	OK	 
REQUEST	9		request_22	1602263001015	1602263001041	OK	 
REQUEST	40		request_22	1602263001015	1602263001041	OK	 
REQUEST	9		request_25	1602263001015	1602263001041	OK	 
REQUEST	40		request_23	1602263001015	1602263001041	OK	 
REQUEST	9		request_23	1602263001015	1602263001042	OK	 
REQUEST	40		request_25	1602263001015	1602263001042	OK	 
REQUEST	15		request_21	1602263001038	1602263001058	OK	 
REQUEST	78		request_21	1602263001038	1602263001065	OK	 
REQUEST	1		request_21	1602263001038	1602263001065	OK	 
REQUEST	15		request_23	1602263001059	1602263001087	OK	 
REQUEST	15		request_22	1602263001059	1602263001087	OK	 
REQUEST	15		request_25	1602263001059	1602263001087	OK	 
REQUEST	78		request_23	1602263001066	1602263001094	OK	 
REQUEST	1		request_25	1602263001066	1602263001094	OK	 
REQUEST	78		request_25	1602263001066	1602263001095	OK	 
REQUEST	1		request_22	1602263001066	1602263001095	OK	 
REQUEST	78		request_22	1602263001066	1602263001095	OK	 
REQUEST	1		request_23	1602263001066	1602263001095	OK	 
REQUEST	66		request_21	1602263001518	1602263001545	OK	 
REQUEST	89		request_21	1602263001518	1602263001567	OK	 
REQUEST	91		request_21	1602263001528	1602263001578	OK	 
REQUEST	16		request_21	1602263001528	1602263001578	OK	 
REQUEST	28		request_21	1602263001538	1602263001578	OK	 
REQUEST	66		request_22	1602263001545	1602263001578	OK	 
REQUEST	53		request_21	1602263001538	1602263001578	OK	 
REQUEST	66		request_23	1602263001546	1602263001579	OK	 
REQUEST	66		request_25	1602263001546	1602263001579	OK	 
REQUEST	21		request_21	1602263001558	1602263001581	OK	 
REQUEST	12		request_21	1602263001568	1602263001602	OK	 
REQUEST	89		request_22	1602263001568	1602263001602	OK	 
REQUEST	48		request_21	1602263001568	1602263001602	OK	 
REQUEST	97		request_21	1602263001568	1602263001602	OK	 
REQUEST	87		request_21	1602263001568	1602263001602	OK	 
REQUEST	89		request_23	1602263001569	1602263001602	OK	 
REQUEST	61		request_21	1602263001568	1602263001602	OK	 
REQUEST	58		request_21	1602263001568	1602263001602	OK	 
REQUEST	89		request_25	1602263001569	1602263001602	OK	 
REQUEST	45		request_21	1602263001568	1602263001604	OK	 
REQUEST	16		request_22	1602263001580	1602263001611	OK	 
REQUEST	28		request_22	1602263001580	1602263001611	OK	 
REQUEST	91		request_22	1602263001580	1602263001611	OK	 
REQUEST	16		request_23	1602263001580	1602263001611	OK	 
REQUEST	53		request_22	1602263001580	1602263001611	OK	 
REQUEST	16		request_25	1602263001580	1602263001611	OK	 
REQUEST	91		request_23	1602263001580	1602263001611	OK	 
REQUEST	53		request_23	1602263001580	1602263001611	OK	 
REQUEST	28		request_23	1602263001580	1602263001611	OK	 
REQUEST	91		request_25	1602263001580	1602263001611	OK	 
REQUEST	53		request_25	1602263001580	1602263001611	OK	 
REQUEST	21		request_25	1602263001582	1602263001624	OK	 
REQUEST	42		request_21	1602263001587	1602263001624	OK	 
REQUEST	28		request_25	1602263001580	1602263001625	OK	 
REQUEST	21		request_22	1602263001581	1602263001625	OK	 
REQUEST	87		request_22	1602263001603	1602263001625	OK	 
REQUEST	27		request_21	1602263001587	1602263001625	OK	 
REQUEST	21		request_23	1602263001582	1602263001625	OK	 
REQUEST	69		request_21	1602263001587	1602263001625	OK	 
REQUEST	58		request_22	1602263001603	1602263001626	OK	 
REQUEST	45		request_25	1602263001606	1602263001640	OK	 
REQUEST	97		request_23	1602263001603	1602263001640	OK	 
REQUEST	48		request_23	1602263001603	1602263001641	OK	 
REQUEST	45		request_22	1602263001605	1602263001641	OK	 
REQUEST	58		request_23	1602263001603	1602263001641	OK	 
REQUEST	48		request_25	1602263001604	1602263001641	OK	 
REQUEST	87		request_25	1602263001604	1602263001641	OK	 
REQUEST	97		request_22	1602263001603	1602263001641	OK	 
REQUEST	61		request_22	1602263001603	1602263001641	OK	 
REQUEST	58		request_25	1602263001604	1602263001641	OK	 
REQUEST	12		request_25	1602263001604	1602263001641	OK	 
REQUEST	48		request_22	1602263001603	1602263001641	OK	 
REQUEST	61		request_23	1602263001603	1602263001641	OK	 
REQUEST	12		request_23	1602263001603	1602263001641	OK	 
REQUEST	45		request_23	1602263001605	1602263001641	OK	 
REQUEST	24		request_21	1602263001608	1602263001641	OK	 
REQUEST	87		request_23	1602263001603	1602263001641	OK	 
REQUEST	97		request_25	1602263001604	1602263001641	OK	 
REQUEST	12		request_22	1602263001603	1602263001641	OK	 
REQUEST	61		request_25	1602263001604	1602263001641	OK	 
REQUEST	42		request_23	1602263001626	1602263001658	OK	 
REQUEST	27		request_23	1602263001626	1602263001658	OK	 
REQUEST	42		request_22	1602263001626	1602263001658	OK	 
REQUEST	27		request_25	1602263001626	1602263001658	OK	 
REQUEST	77		request_21	1602263001628	1602263001658	OK	 
REQUEST	27		request_22	1602263001626	1602263001658	OK	 
REQUEST	42		request_25	1602263001626	1602263001658	OK	 
REQUEST	69		request_25	1602263001627	1602263001658	OK	 
REQUEST	69		request_23	1602263001627	1602263001658	OK	 
REQUEST	59		request_21	1602263001628	1602263001659	OK	 
REQUEST	69		request_22	1602263001626	1602263001659	OK	 
REQUEST	24		request_22	1602263001642	1602263001665	OK	 
REQUEST	24		request_25	1602263001643	1602263001665	OK	 
REQUEST	72		request_21	1602263001637	1602263001666	OK	 
REQUEST	24		request_23	1602263001642	1602263001667	OK	 
REQUEST	77		request_22	1602263001659	1602263001683	OK	 
REQUEST	59		request_22	1602263001659	1602263001683	OK	 
REQUEST	77		request_23	1602263001659	1602263001684	OK	 
REQUEST	77		request_25	1602263001660	1602263001684	OK	 
REQUEST	72		request_22	1602263001666	1602263001691	OK	 
REQUEST	59		request_25	1602263001660	1602263001691	OK	 
REQUEST	72		request_23	1602263001667	1602263001691	OK	 
REQUEST	59		request_23	1602263001660	1602263001691	OK	 
REQUEST	72		request_25	1602263001667	1602263001692	OK	 
REQUEST	55		request_21	1602263001848	1602263001870	OK	 
REQUEST	6		request_21	1602263001858	1602263001879	OK	 
REQUEST	47		request_21	1602263001858	1602263001879	OK	 
REQUEST	22		request_21	1602263001858	1602263001886	OK	 
REQUEST	55		request_22	1602263001871	1602263001895	OK	 
REQUEST	55		request_23	1602263001872	1602263001896	OK	 
REQUEST	55		request_25	1602263001872	1602263001896	OK	 
REQUEST	6		request_22	1602263001880	1602263001905	OK	 
REQUEST	47		request_22	1602263001880	1602263001905	OK	 
REQUEST	22		request_23	1602263001887	1602263001915	OK	 
REQUEST	47		request_25	1602263001881	1602263001915	OK	 
REQUEST	22		request_22	1602263001887	1602263001915	OK	 
REQUEST	47		request_23	1602263001880	1602263001915	OK	 
REQUEST	6		request_23	1602263001880	1602263001916	OK	 
REQUEST	6		request_25	1602263001881	1602263001916	OK	 
REQUEST	22		request_25	1602263001887	1602263001916	OK	 
REQUEST	31		request_21	1602263001938	1602263001959	OK	 
REQUEST	31		request_23	1602263001960	1602263001989	OK	 
REQUEST	31		request_22	1602263001960	1602263001989	OK	 
REQUEST	31		request_25	1602263001960	1602263001990	OK	 
REQUEST	100		request_21	1602263002498	1602263002517	OK	 
REQUEST	76		request_21	1602263002498	1602263002526	OK	 
REQUEST	29		request_21	1602263002508	1602263002535	OK	 
REQUEST	2		request_21	1602263002508	1602263002535	OK	 
REQUEST	39		request_21	1602263002508	1602263002535	OK	 
REQUEST	100		request_22	1602263002518	1602263002543	OK	 
REQUEST	100		request_23	1602263002518	1602263002543	OK	 
REQUEST	100		request_25	1602263002518	1602263002543	OK	 
REQUEST	76		request_25	1602263002528	1602263002554	OK	 
REQUEST	76		request_22	1602263002528	1602263002554	OK	 
REQUEST	76		request_23	1602263002528	1602263002561	OK	 
REQUEST	39		request_22	1602263002536	1602263002561	OK	 
REQUEST	39		request_23	1602263002536	1602263002567	OK	 
REQUEST	29		request_23	1602263002536	1602263002568	OK	 
REQUEST	2		request_22	1602263002536	1602263002568	OK	 
REQUEST	39		request_25	1602263002536	1602263002568	OK	 
REQUEST	29		request_22	1602263002536	1602263002568	OK	 
REQUEST	2		request_25	1602263002537	1602263002568	OK	 
REQUEST	29		request_25	1602263002536	1602263002568	OK	 
REQUEST	2		request_23	1602263002536	1602263002568	OK	 
REQUEST	13		request_21	1602263002547	1602263002574	OK	 
REQUEST	93		request_21	1602263002558	1602263002581	OK	 
REQUEST	73		request_21	1602263002558	1602263002581	OK	 
REQUEST	70		request_21	1602263002558	1602263002581	OK	 
REQUEST	65		request_21	1602263002558	1602263002581	OK	 
REQUEST	90		request_21	1602263002568	1602263002594	OK	 
REQUEST	41		request_21	1602263002568	1602263002594	OK	 
REQUEST	37		request_21	1602263002568	1602263002594	OK	 
REQUEST	13		request_23	1602263002575	1602263002603	OK	 
REQUEST	13		request_22	1602263002575	1602263002603	OK	 
REQUEST	73		request_23	1602263002582	1602263002621	OK	 
REQUEST	93		request_25	1602263002583	1602263002621	OK	 
REQUEST	70		request_23	1602263002582	1602263002621	OK	 
REQUEST	65		request_22	1602263002582	1602263002621	OK	 
REQUEST	73		request_22	1602263002582	1602263002621	OK	 
REQUEST	13		request_25	1602263002575	1602263002621	OK	 
REQUEST	65		request_23	1602263002582	1602263002621	OK	 
REQUEST	73		request_25	1602263002583	1602263002622	OK	 
REQUEST	70		request_25	1602263002583	1602263002622	OK	 
REQUEST	70		request_22	1602263002582	1602263002622	OK	 
REQUEST	65		request_25	1602263002583	1602263002622	OK	 
REQUEST	93		request_23	1602263002583	1602263002622	OK	 
REQUEST	93		request_22	1602263002582	1602263002622	OK	 
REQUEST	90		request_22	1602263002595	1602263002631	OK	 
REQUEST	37		request_23	1602263002595	1602263002631	OK	 
REQUEST	41		request_23	1602263002595	1602263002631	OK	 
REQUEST	90		request_25	1602263002595	1602263002631	OK	 
REQUEST	37		request_22	1602263002595	1602263002631	OK	 
REQUEST	90		request_23	1602263002595	1602263002631	OK	 
REQUEST	41		request_22	1602263002595	1602263002631	OK	 
REQUEST	37		request_25	1602263002595	1602263002631	OK	 
REQUEST	41		request_25	1602263002595	1602263002631	OK	 
REQUEST	35		request_21	1602263002618	1602263002650	OK	 
REQUEST	35		request_25	1602263002651	1602263002676	OK	 
REQUEST	35		request_22	1602263002651	1602263002676	OK	 
REQUEST	35		request_23	1602263002651	1602263002676	OK	 
REQUEST	88		request_21	1602263002728	1602263002757	OK	 
REQUEST	4		request_21	1602263002738	1602263002770	OK	 
REQUEST	88		request_23	1602263002758	1602263002782	OK	 
REQUEST	88		request_25	1602263002758	1602263002782	OK	 
REQUEST	88		request_22	1602263002758	1602263002783	OK	 
REQUEST	4		request_23	1602263002771	1602263002800	OK	 
REQUEST	4		request_25	1602263002771	1602263002800	OK	 
REQUEST	4		request_22	1602263002771	1602263002800	OK	 
REQUEST	67		request_21	1602263002828	1602263002847	OK	 
REQUEST	67		request_25	1602263002848	1602263002870	OK	 
REQUEST	67		request_23	1602263002848	1602263002871	OK	 
REQUEST	67		request_22	1602263002848	1602263002871	OK	 
REQUEST	25		request_21	1602263003138	1602263003158	OK	 
REQUEST	85		request_21	1602263003148	1602263003175	OK	 
REQUEST	62		request_21	1602263003148	1602263003175	OK	 
REQUEST	3		request_21	1602263003148	1602263003181	OK	 
REQUEST	11		request_21	1602263003148	1602263003181	OK	 
REQUEST	71		request_21	1602263003158	1602263003181	OK	 
REQUEST	25		request_23	1602263003159	1602263003189	OK	 
REQUEST	56		request_21	1602263003158	1602263003189	OK	 
REQUEST	25		request_22	1602263003158	1602263003189	OK	 
REQUEST	25		request_25	1602263003159	1602263003190	OK	 
REQUEST	95		request_21	1602263003168	1602263003200	OK	 
REQUEST	84		request_21	1602263003168	1602263003200	OK	 
REQUEST	82		request_21	1602263003168	1602263003200	OK	 
REQUEST	38		request_21	1602263003168	1602263003200	OK	 
REQUEST	44		request_21	1602263003168	1602263003200	OK	 
REQUEST	63		request_21	1602263003178	1602263003202	OK	 
REQUEST	54		request_21	1602263003168	1602263003207	OK	 
REQUEST	3		request_22	1602263003182	1602263003215	OK	 
REQUEST	85		request_23	1602263003176	1602263003215	OK	 
REQUEST	20		request_21	1602263003178	1602263003215	OK	 
REQUEST	43		request_21	1602263003178	1602263003215	OK	 
REQUEST	62		request_25	1602263003176	1602263003215	OK	 
REQUEST	3		request_23	1602263003182	1602263003215	OK	 
REQUEST	85		request_22	1602263003176	1602263003215	OK	 
REQUEST	71		request_22	1602263003182	1602263003221	OK	 
REQUEST	85		request_25	1602263003176	1602263003221	OK	 
REQUEST	98		request_21	1602263003168	1602263003221	OK	 
REQUEST	46		request_21	1602263003168	1602263003221	OK	 
REQUEST	64		request_21	1602263003168	1602263003221	OK	 
REQUEST	11		request_22	1602263003182	1602263003221	OK	 
REQUEST	71		request_23	1602263003182	1602263003221	OK	 
REQUEST	56		request_22	1602263003190	1602263003221	OK	 
REQUEST	71		request_25	1602263003183	1602263003222	OK	 
REQUEST	56		request_23	1602263003191	1602263003222	OK	 
REQUEST	11		request_23	1602263003182	1602263003222	OK	 
REQUEST	11		request_25	1602263003182	1602263003222	OK	 
REQUEST	62		request_23	1602263003176	1602263003223	OK	 
REQUEST	62		request_22	1602263003176	1602263003223	OK	 
REQUEST	56		request_25	1602263003191	1602263003227	OK	 
REQUEST	83		request_21	1602263003198	1602263003228	OK	 
REQUEST	50		request_21	1602263003178	1602263003228	OK	 
REQUEST	3		request_25	1602263003182	1602263003229	OK	 
REQUEST	95		request_22	1602263003201	1602263003238	OK	 
REQUEST	19		request_21	1602263003198	1602263003238	OK	 
REQUEST	84		request_22	1602263003201	1602263003238	OK	 
REQUEST	44		request_25	1602263003202	1602263003238	OK	 
REQUEST	84		request_23	1602263003202	1602263003239	OK	 
REQUEST	44		request_23	1602263003202	1602263003239	OK	 
REQUEST	82		request_22	1602263003201	1602263003246	OK	 
REQUEST	95		request_25	1602263003202	1602263003246	OK	 
REQUEST	44		request_22	1602263003201	1602263003246	OK	 
REQUEST	38		request_22	1602263003202	1602263003246	OK	 
REQUEST	38		request_25	1602263003203	1602263003246	OK	 
REQUEST	82		request_25	1602263003202	1602263003246	OK	 
REQUEST	84		request_25	1602263003202	1602263003246	OK	 
REQUEST	63		request_22	1602263003203	1602263003246	OK	 
REQUEST	38		request_23	1602263003202	1602263003246	OK	 
REQUEST	82		request_23	1602263003202	1602263003246	OK	 
REQUEST	54		request_22	1602263003208	1602263003247	OK	 
REQUEST	63		request_25	1602263003203	1602263003247	OK	 
REQUEST	95		request_23	1602263003202	1602263003247	OK	 
REQUEST	63		request_23	1602263003203	1602263003247	OK	 
REQUEST	43		request_22	1602263003215	1602263003258	OK	 
REQUEST	20		request_23	1602263003215	1602263003258	OK	 
REQUEST	54		request_25	1602263003208	1602263003258	OK	 
REQUEST	43		request_23	1602263003215	1602263003258	OK	 
REQUEST	20		request_25	1602263003215	1602263003258	OK	 
REQUEST	43		request_25	1602263003215	1602263003258	OK	 
REQUEST	54		request_23	1602263003208	1602263003258	OK	 
REQUEST	98		request_22	1602263003222	1602263003258	OK	 
REQUEST	20		request_22	1602263003215	1602263003258	OK	 
REQUEST	46		request_22	1602263003222	1602263003266	OK	 
REQUEST	98		request_23	1602263003222	1602263003266	OK	 
REQUEST	64		request_22	1602263003222	1602263003266	OK	 
REQUEST	75		request_21	1602263003227	1602263003266	OK	 
REQUEST	64		request_23	1602263003222	1602263003266	OK	 
REQUEST	50		request_22	1602263003228	1602263003266	OK	 
REQUEST	46		request_23	1602263003222	1602263003266	OK	 
REQUEST	46		request_25	1602263003222	1602263003267	OK	 
REQUEST	50		request_23	1602263003229	1602263003267	OK	 
REQUEST	64		request_25	1602263003222	1602263003267	OK	 
REQUEST	50		request_25	1602263003229	1602263003267	OK	 
REQUEST	14		request_21	1602263003227	1602263003267	OK	 
REQUEST	83		request_25	1602263003229	1602263003267	OK	 
REQUEST	98		request_25	1602263003222	1602263003267	OK	 
REQUEST	83		request_22	1602263003228	1602263003267	OK	 
REQUEST	83		request_23	1602263003229	1602263003267	OK	 
REQUEST	19		request_23	1602263003239	1602263003272	OK	 
REQUEST	19		request_22	1602263003239	1602263003272	OK	 
REQUEST	19		request_25	1602263003239	1602263003272	OK	 
REQUEST	17		request_21	1602263003277	1602263003303	OK	 
REQUEST	14		request_23	1602263003268	1602263003303	OK	 
REQUEST	75		request_25	1602263003267	1602263003303	OK	 
REQUEST	75		request_23	1602263003267	1602263003303	OK	 
REQUEST	75		request_22	1602263003267	1602263003303	OK	 
REQUEST	8		request_21	1602263003277	1602263003310	OK	 
REQUEST	14		request_22	1602263003268	1602263003310	OK	 
REQUEST	5		request_21	1602263003287	1602263003310	OK	 
REQUEST	14		request_25	1602263003268	1602263003310	OK	 
REQUEST	79		request_21	1602263003297	1602263003317	OK	 
REQUEST	17		request_23	1602263003303	1602263003327	OK	 
REQUEST	17		request_22	1602263003303	1602263003328	OK	 
REQUEST	81		request_21	1602263003297	1602263003328	OK	 
REQUEST	8		request_22	1602263003310	1602263003338	OK	 
REQUEST	17		request_25	1602263003303	1602263003338	OK	 
REQUEST	5		request_22	1602263003310	1602263003338	OK	 
REQUEST	8		request_25	1602263003310	1602263003338	OK	 
REQUEST	33		request_21	1602263003308	1602263003338	OK	 
REQUEST	5		request_23	1602263003310	1602263003338	OK	 
REQUEST	5		request_25	1602263003310	1602263003338	OK	 
REQUEST	8		request_23	1602263003310	1602263003338	OK	 
REQUEST	79		request_23	1602263003318	1602263003344	OK	 
REQUEST	79		request_25	1602263003318	1602263003344	OK	 
REQUEST	79		request_22	1602263003318	1602263003344	OK	 
REQUEST	81		request_23	1602263003328	1602263003352	OK	 
REQUEST	74		request_21	1602263003328	1602263003352	OK	 
REQUEST	81		request_25	1602263003328	1602263003352	OK	 
REQUEST	81		request_22	1602263003328	1602263003352	OK	 
REQUEST	33		request_23	1602263003338	1602263003363	OK	 
REQUEST	33		request_22	1602263003338	1602263003363	OK	 
REQUEST	33		request_25	1602263003338	1602263003363	OK	 
REQUEST	74		request_25	1602263003353	1602263003376	OK	 
REQUEST	74		request_22	1602263003352	1602263003376	OK	 
REQUEST	74		request_23	1602263003352	1602263003376	OK	 
REQUEST	49		request_21	1602263003388	1602263003407	OK	 
REQUEST	49		request_23	1602263003408	1602263003445	OK	 
REQUEST	49		request_25	1602263003408	1602263003446	OK	 
REQUEST	49		request_22	1602263003408	1602263003446	OK	 
REQUEST	96		request_21	1602263003438	1602263003459	OK	 
REQUEST	26		request_21	1602263003438	1602263003459	OK	 
REQUEST	80		request_21	1602263003438	1602263003461	OK	 
REQUEST	57		request_21	1602263003448	1602263003471	OK	 
REQUEST	26		request_22	1602263003460	1602263003496	OK	 
REQUEST	80		request_22	1602263003461	1602263003496	OK	 
REQUEST	26		request_25	1602263003460	1602263003496	OK	 
REQUEST	80		request_23	1602263003461	1602263003496	OK	 
REQUEST	57		request_23	1602263003472	1602263003496	OK	 
REQUEST	96		request_22	1602263003460	1602263003496	OK	 
REQUEST	26		request_23	1602263003460	1602263003496	OK	 
REQUEST	57		request_22	1602263003471	1602263003496	OK	 
REQUEST	96		request_23	1602263003460	1602263003497	OK	 
REQUEST	96		request_25	1602263003460	1602263003497	OK	 
REQUEST	80		request_25	1602263003461	1602263003497	OK	 
REQUEST	57		request_25	1602263003472	1602263003502	OK	 
REQUEST	34		request_21	1602263003518	1602263003548	OK	 
REQUEST	34		request_22	1602263003549	1602263003575	OK	 
REQUEST	34		request_25	1602263003549	1602263003581	OK	 
REQUEST	34		request_23	1602263003549	1602263003582	OK	 
REQUEST	30		request_21	1602263003708	1602263003737	OK	 
REQUEST	99		request_21	1602263003718	1602263003746	OK	 
REQUEST	99		request_23	1602263003747	1602263003775	OK	 
REQUEST	30		request_22	1602263003738	1602263003775	OK	 
REQUEST	23		request_21	1602263003738	1602263003775	OK	 
REQUEST	36		request_21	1602263003738	1602263003775	OK	 
REQUEST	94		request_21	1602263003738	1602263003775	OK	 
REQUEST	99		request_22	1602263003746	1602263003775	OK	 
REQUEST	99		request_25	1602263003747	1602263003776	OK	 
REQUEST	30		request_23	1602263003738	1602263003777	OK	 
REQUEST	30		request_25	1602263003738	1602263003777	OK	 
REQUEST	36		request_23	1602263003776	1602263003809	OK	 
REQUEST	23		request_25	1602263003777	1602263003810	OK	 
REQUEST	23		request_23	1602263003776	1602263003810	OK	 
REQUEST	36		request_25	1602263003777	1602263003810	OK	 
REQUEST	94		request_25	1602263003777	1602263003810	OK	 
REQUEST	23		request_22	1602263003776	1602263003810	OK	 
REQUEST	36		request_22	1602263003776	1602263003810	OK	 
REQUEST	94		request_22	1602263003776	1602263003810	OK	 
REQUEST	94		request_23	1602263003776	1602263003815	OK	 
REQUEST	92		request_21	1602263003828	1602263003849	OK	 
REQUEST	92		request_22	1602263003850	1602263003884	OK	 
REQUEST	92		request_25	1602263003851	1602263003884	OK	 
REQUEST	92		request_23	1602263003850	1602263003885	OK	 
USER	SeapPesquisarReuniao1	7	END	1602262962637	1602263004651
USER	SeapPesquisarReuniao1	51	END	1602262962676	1602263004651
USER	SeapPesquisarReuniao1	86	END	1602262962707	1602263004657
REQUEST	68		request_21	1602263004798	1602263004819	OK	 
REQUEST	68		request_23	1602263004820	1602263004854	OK	 
REQUEST	68		request_22	1602263004820	1602263004854	OK	 
REQUEST	68		request_25	1602263004821	1602263004855	OK	 
USER	SeapPesquisarReuniao1	18	END	1602262962652	1602263004978
USER	SeapPesquisarReuniao1	60	END	1602262962684	1602263004978
USER	SeapPesquisarReuniao1	52	END	1602262962677	1602263004998
USER	SeapPesquisarReuniao1	32	END	1602262962663	1602263005008
USER	SeapPesquisarReuniao1	10	END	1602262962639	1602263005038
USER	SeapPesquisarReuniao1	9	END	1602262962638	1602263005048
USER	SeapPesquisarReuniao1	40	END	1602262962668	1602263005048
USER	SeapPesquisarReuniao1	15	END	1602262962646	1602263005097
USER	SeapPesquisarReuniao1	78	END	1602262962701	1602263005097
USER	SeapPesquisarReuniao1	1	END	1602262962605	1602263005097
USER	SeapPesquisarReuniao1	66	END	1602262962690	1602263005588
USER	SeapPesquisarReuniao1	53	END	1602262962678	1602263005608
USER	SeapPesquisarReuniao1	89	END	1602262962709	1602263005608
USER	SeapPesquisarReuniao1	16	END	1602262962650	1602263005617
USER	SeapPesquisarReuniao1	91	END	1602262962711	1602263005617
USER	SeapPesquisarReuniao1	28	END	1602262962660	1602263005617
USER	SeapPesquisarReuniao1	21	END	1602262962655	1602263005627
USER	SeapPesquisarReuniao1	45	END	1602262962671	1602263005638
USER	SeapPesquisarReuniao1	48	END	1602262962673	1602263005638
USER	SeapPesquisarReuniao1	97	END	1602262962715	1602263005638
USER	SeapPesquisarReuniao1	12	END	1602262962641	1602263005638
USER	SeapPesquisarReuniao1	58	END	1602262962683	1602263005648
USER	SeapPesquisarReuniao1	87	END	1602262962708	1602263005648
USER	SeapPesquisarReuniao1	61	END	1602262962685	1602263005648
USER	SeapPesquisarReuniao1	69	END	1602262962693	1602263005658
USER	SeapPesquisarReuniao1	42	END	1602262962669	1602263005658
USER	SeapPesquisarReuniao1	24	END	1602262962657	1602263005658
USER	SeapPesquisarReuniao1	27	END	1602262962659	1602263005667
USER	SeapPesquisarReuniao1	77	END	1602262962700	1602263005677
USER	SeapPesquisarReuniao1	59	END	1602262962684	1602263005688
USER	SeapPesquisarReuniao1	72	END	1602262962696	1602263005688
USER	SeapPesquisarReuniao1	55	END	1602262962680	1602263005898
USER	SeapPesquisarReuniao1	6	END	1602262962636	1602263005908
USER	SeapPesquisarReuniao1	47	END	1602262962672	1602263005917
USER	SeapPesquisarReuniao1	22	END	1602262962656	1602263005917
USER	SeapPesquisarReuniao1	31	END	1602262962662	1602263005988
USER	SeapPesquisarReuniao1	100	END	1602262962717	1602263006548
USER	SeapPesquisarReuniao1	76	END	1602262962699	1602263006567
USER	SeapPesquisarReuniao1	2	END	1602262962631	1602263006567
USER	SeapPesquisarReuniao1	29	END	1602262962661	1602263006578
USER	SeapPesquisarReuniao1	39	END	1602262962667	1602263006578
USER	SeapPesquisarReuniao1	13	END	1602262962643	1602263006627
USER	SeapPesquisarReuniao1	73	END	1602262962697	1602263006627
USER	SeapPesquisarReuniao1	65	END	1602262962689	1602263006627
USER	SeapPesquisarReuniao1	37	END	1602262962666	1602263006628
USER	SeapPesquisarReuniao1	93	END	1602262962712	1602263006628
USER	SeapPesquisarReuniao1	70	END	1602262962694	1602263006628
USER	SeapPesquisarReuniao1	90	END	1602262962710	1602263006638
USER	SeapPesquisarReuniao1	41	END	1602262962669	1602263006638
USER	SeapPesquisarReuniao1	35	END	1602262962665	1602263006677
USER	SeapPesquisarReuniao1	88	END	1602262962709	1602263006778
USER	SeapPesquisarReuniao1	4	END	1602262962633	1602263006798
USER	SeapPesquisarReuniao1	67	END	1602262962691	1602263006878
USER	SeapPesquisarReuniao1	25	END	1602262962658	1602263007197
USER	SeapPesquisarReuniao1	62	END	1602262962686	1602263007218
USER	SeapPesquisarReuniao1	11	END	1602262962640	1602263007228
USER	SeapPesquisarReuniao1	85	END	1602262962707	1602263007228
USER	SeapPesquisarReuniao1	71	END	1602262962695	1602263007228
USER	SeapPesquisarReuniao1	56	END	1602262962681	1602263007228
USER	SeapPesquisarReuniao1	3	END	1602262962633	1602263007238
USER	SeapPesquisarReuniao1	63	END	1602262962687	1602263007238
USER	SeapPesquisarReuniao1	95	END	1602262962713	1602263007247
USER	SeapPesquisarReuniao1	82	END	1602262962705	1602263007247
USER	SeapPesquisarReuniao1	84	END	1602262962706	1602263007247
USER	SeapPesquisarReuniao1	44	END	1602262962671	1602263007247
USER	SeapPesquisarReuniao1	38	END	1602262962667	1602263007247
USER	SeapPesquisarReuniao1	64	END	1602262962688	1602263007257
USER	SeapPesquisarReuniao1	83	END	1602262962705	1602263007257
USER	SeapPesquisarReuniao1	54	END	1602262962679	1602263007268
USER	SeapPesquisarReuniao1	20	END	1602262962654	1602263007268
USER	SeapPesquisarReuniao1	43	END	1602262962670	1602263007268
USER	SeapPesquisarReuniao1	98	END	1602262962715	1602263007268
USER	SeapPesquisarReuniao1	46	END	1602262962672	1602263007268
USER	SeapPesquisarReuniao1	50	END	1602262962675	1602263007268
USER	SeapPesquisarReuniao1	19	END	1602262962653	1602263007268
USER	SeapPesquisarReuniao1	75	END	1602262962698	1602263007298
USER	SeapPesquisarReuniao1	14	END	1602262962645	1602263007307
USER	SeapPesquisarReuniao1	5	END	1602262962634	1602263007347
USER	SeapPesquisarReuniao1	17	END	1602262962651	1602263007347
USER	SeapPesquisarReuniao1	8	END	1602262962637	1602263007347
USER	SeapPesquisarReuniao1	79	END	1602262962702	1602263007347
USER	SeapPesquisarReuniao1	81	END	1602262962704	1602263007357
USER	SeapPesquisarReuniao1	33	END	1602262962663	1602263007368
USER	SeapPesquisarReuniao1	74	END	1602262962697	1602263007378
USER	SeapPesquisarReuniao1	49	END	1602262962674	1602263007437
USER	SeapPesquisarReuniao1	80	END	1602262962703	1602263007497
USER	SeapPesquisarReuniao1	96	END	1602262962714	1602263007497
USER	SeapPesquisarReuniao1	26	END	1602262962659	1602263007497
USER	SeapPesquisarReuniao1	57	END	1602262962682	1602263007497
USER	SeapPesquisarReuniao1	34	END	1602262962664	1602263007578
USER	SeapPesquisarReuniao1	99	END	1602262962716	1602263007769
USER	SeapPesquisarReuniao1	30	END	1602262962662	1602263007778
USER	SeapPesquisarReuniao1	23	END	1602262962657	1602263007807
USER	SeapPesquisarReuniao1	36	END	1602262962665	1602263007807
USER	SeapPesquisarReuniao1	94	END	1602262962713	1602263007807
USER	SeapPesquisarReuniao1	92	END	1602262962712	1602263007877
USER	SeapPesquisarReuniao1	68	END	1602262962692	1602263008848
