RUN	basic.ListarAnuncios2	listaranuncios2	1603216198283	teste	3.0.2
USER	ListarAnuncios2	1	START	1603216200687	1603216200687
REQUEST	1		Gerar Token	1603216200707	1603216206390	OK	 
REQUEST	1		request_0	1603216211418	1603216216617	OK	 
REQUEST	1		request_1	1603216231933	1603216231965	OK	 
REQUEST	1		Acesso_Pagina_login_1	1603216231937	1603216231972	OK	 
REQUEST	1		request_3	1603216231935	1603216232084	OK	 
REQUEST	1		request_4	1603216231936	1603216232157	OK	 
REQUEST	1		req_duvida_todos	1603216221767	1603216232165	OK	 
REQUEST	1		request_18	1603216231940	1603216232169	OK	 
REQUEST	1		req_Listar_com_filhos_1	1603216226802	1603216232178	OK	 
REQUEST	1		request_7	1603216231939	1603216232189	OK	 
REQUEST	1		css?family=Ubuntu:700,500,400,300,600&display=swap	1603216231929	1603216232280	OK	 
REQUEST	1		css?family=Roboto:700,500,400,300,600&display=swap	1603216226804	1603216232295	OK	 
REQUEST	1		css?family=Cantarell:700,500,400,300,600&display=swap	1603216231931	1603216232303	OK	 
REQUEST	1		css?family=Montserrat:700,500,400,300,600&display=swap	1603216231930	1603216232308	OK	 
REQUEST	1		Autenticacao	1603216233303	1603216233365	OK	 
REQUEST	1		Autenticacao Redirect 1	1603216233374	1603216233421	OK	 
REQUEST	1		request_29	1603216233455	1603216233479	OK	 
REQUEST	1		req_Listar_com_filhos_2	1603216233453	1603216233480	OK	 
REQUEST	1		request_43	1603216233453	1603216233480	OK	 
REQUEST	1		request_39	1603216233457	1603216233486	OK	 
REQUEST	1		request_33	1603216233456	1603216233487	OK	 
REQUEST	1		request_34	1603216233451	1603216233493	OK	 
REQUEST	1		request_31	1603216233459	1603216233494	OK	 
REQUEST	1		request_32	1603216233460	1603216233507	OK	 
REQUEST	1		request_36	1603216233460	1603216233508	OK	 
REQUEST	1		icon?family=Material+Icons|Material+Icons+Outlined	1603216233454	1603216233548	OK	 
REQUEST	1		request_40	1603216233458	1603216233603	OK	 
REQUEST	1		request_38	1603216233452	1603216233612	OK	 
REQUEST	1		Autenticacao_Geracao_token_1	1603216233461	1603216233630	OK	 
REQUEST	1		Autenticacao_Geracao_token_1	1603216233632	1603216233658	OK	 
REQUEST	1		request_49	1603216240663	1603216240713	OK	 
REQUEST	1		request_51	1603216240721	1603216240750	OK	 
REQUEST	1		request_57	1603216240725	1603216240751	OK	 
REQUEST	1		request_56	1603216240724	1603216240752	OK	 
REQUEST	1		request_52	1603216240722	1603216240753	OK	 
REQUEST	1		request_50	1603216240723	1603216240778	OK	 
REQUEST	1		request_58	1603216240726	1603216240856	OK	 
REQUEST	1		req_Listar_com_filhos_6	1603216240727	1603216240874	KO	status.find.in(200,201,202,203,204,205,206,207,208,209,304), found 401
REQUEST	1		request_63	1603216242893	1603216242950	OK	 
REQUEST	1		request_64	1603216242956	1603216242988	OK	 
REQUEST	1		request_65	1603216242958	1603216242989	OK	 
REQUEST	1		req_Listar_com_filhos_7	1603216242960	1603216242994	KO	status.find.in(200,201,202,203,204,205,206,207,208,209,304), found 401
REQUEST	1		request_69	1603216242962	1603216243005	KO	status.find.in(200,201,202,203,204,205,206,207,208,209,304), found 401
REQUEST	1		request_71	1603216245003	1603216245053	OK	 
REQUEST	1		request_73	1603216245070	1603216245105	OK	 
REQUEST	1		request_74	1603216245071	1603216245106	OK	 
REQUEST	1		request_79	1603216245072	1603216245107	OK	 
REQUEST	1		request_80	1603216245072	1603216245110	OK	 
REQUEST	1		request_78	1603216245072	1603216245112	OK	 
REQUEST	1		req_Listar_com_filhos_9	1603216245073	1603216245114	KO	status.find.in(200,201,202,203,204,205,206,207,208,209,304), found 401
REQUEST	1		request_72	1603216245071	1603216245121	OK	 
REQUEST	1		request_98	1603216245108	1603216245131	OK	 
REQUEST	1		request_99	1603216245110	1603216245137	OK	 
REQUEST	1		request_100	1603216245112	1603216245147	OK	 
REQUEST	1		request_101	1603216245115	1603216245149	OK	 
REQUEST	1		request_102	1603216245132	1603216245156	OK	 
REQUEST	1		request_103	1603216245138	1603216245162	OK	 
REQUEST	1		request_105	1603216245150	1603216245180	OK	 
REQUEST	1		request_104	1603216245148	1603216245181	OK	 
REQUEST	1		request_96	1603216245073	1603216245182	OK	 
REQUEST	1		request_97	1603216245074	1603216245233	OK	 
REQUEST	1		request_121	1603216250243	1603216250293	OK	 
REQUEST	1		request_122	1603216250306	1603216250330	OK	 
REQUEST	1		request_123	1603216250308	1603216250337	OK	 
REQUEST	1		request_126	1603216250309	1603216250338	OK	 
REQUEST	1		request_127	1603216250311	1603216250341	OK	 
REQUEST	1		request_136	1603216250313	1603216250353	OK	 
REQUEST	1		req_Listar_com_filhos_10	1603216250312	1603216250354	KO	status.find.in(200,201,202,203,204,205,206,207,208,209,304), found 401
REQUEST	1		request_137	1603216250314	1603216250356	OK	 
REQUEST	1		request_140	1603216250315	1603216250356	OK	 
REQUEST	1		request_141	1603216250339	1603216250360	OK	 
REQUEST	1		request_147	1603216255352	1603216255402	OK	 
REQUEST	1		request_148	1603216255406	1603216255431	OK	 
REQUEST	1		request_149	1603216255407	1603216255437	OK	 
REQUEST	1		req_Listar_com_filhos_12	1603216255409	1603216255444	KO	status.find.in(200,201,202,203,204,205,206,207,208,209,304), found 401
REQUEST	1		request_153	1603216255410	1603216255462	KO	status.find.in(200,201,202,203,204,205,206,207,208,209,304), found 401
REQUEST	1		request_155	1603216258472	1603216258525	OK	 
REQUEST	1		request_156	1603216258529	1603216258553	OK	 
REQUEST	1		request_157	1603216258530	1603216258559	OK	 
REQUEST	1		request_159	1603216258532	1603216258561	OK	 
REQUEST	1		req_Listar_com_filhos_14	1603216258533	1603216258569	KO	status.find.in(200,201,202,203,204,205,206,207,208,209,304), found 401
REQUEST	1		request_167	1603216261563	1603216261613	OK	 
REQUEST	1		request_168	1603216261622	1603216261652	OK	 
REQUEST	1		request_169	1603216261623	1603216261653	OK	 
REQUEST	1		request_174	1603216261626	1603216261654	OK	 
REQUEST	1		request_172	1603216261624	1603216261656	OK	 
REQUEST	1		request_182	1603216261627	1603216261657	OK	 
REQUEST	1		req_Listar_com_filhos_15	1603216261625	1603216261658	KO	status.find.in(200,201,202,203,204,205,206,207,208,209,304), found 401
REQUEST	1		request_184	1603216261628	1603216261666	OK	 
REQUEST	1		request_183	1603216261627	1603216261667	OK	 
REQUEST	1		request_185	1603216261655	1603216261677	OK	 
REQUEST	1		request_192	1603216264682	1603216264705	OK	 
REQUEST	1		request_193	1603216264709	1603216264734	OK	 
REQUEST	1		request_194	1603216264710	1603216264740	OK	 
REQUEST	1		req_Listar_com_filhos_15	1603216264712	1603216264747	KO	status.find.in(200,201,202,203,204,205,206,207,208,209,304), found 401
REQUEST	1		request_198	1603216264713	1603216264760	KO	status.find.in(200,201,202,203,204,205,206,207,208,209,304), found 401
REQUEST	1		request_195	1603216264711	1603216264814	OK	 
REQUEST	1		request_201	1603216268813	1603216268861	OK	 
REQUEST	1		request_202	1603216268868	1603216268892	OK	 
REQUEST	1		request_208	1603216268871	1603216268899	OK	 
REQUEST	1		request_209	1603216268872	1603216268900	OK	 
REQUEST	1		request_203	1603216268869	1603216268901	OK	 
REQUEST	1		req_Listar_com_filhos_16	1603216268870	1603216268905	KO	status.find.in(200,201,202,203,204,205,206,207,208,209,304), found 401
REQUEST	1		request_210	1603216268872	1603216268926	OK	 
REQUEST	1		request_215	1603216268873	1603216268927	OK	 
REQUEST	1		request_217	1603216269933	1603216269984	OK	 
REQUEST	1		request_218	1603216269991	1603216270021	OK	 
REQUEST	1		request_219	1603216269992	1603216270022	OK	 
REQUEST	1		request_222	1603216269993	1603216270023	OK	 
REQUEST	1		request_223	1603216269994	1603216270025	OK	 
REQUEST	1		req_Listar_com_filhos_17	1603216269995	1603216270026	KO	status.find.in(200,201,202,203,204,205,206,207,208,209,304), found 401
REQUEST	1		request_233	1603216269996	1603216270028	OK	 
REQUEST	1		request_234	1603216269997	1603216270041	OK	 
REQUEST	1		request_235	1603216269998	1603216270042	OK	 
REQUEST	1		request_236	1603216270024	1603216270048	OK	 
USER	ListarAnuncios2	1	END	1603216200687	1603216270068
