RUN	basic.CadastrarAnuncio	cadastraranuncio	1603482128901	teste	3.0.2
USER	CadastrarAnuncio	1	START	1603482131175	1603482131175
REQUEST	1		Gerar Token	1603482131195	1603482136939	OK	 
REQUEST	1		request_0	1603482141964	1603482147134	OK	 
REQUEST	1		request_1	1603482147213	1603482147237	OK	 
REQUEST	1		request_2	1603482147215	1603482147247	OK	 
REQUEST	1		request_4	1603482147214	1603482147293	OK	 
REQUEST	1		request_3	1603482147214	1603482147301	OK	 
REQUEST	1		request_7	1603482147216	1603482147307	OK	 
REQUEST	1		request_8	1603482157310	1603482157334	OK	 
REQUEST	1		request_9	1603482157340	1603482162387	OK	 
REQUEST	1		request_10	1603482157342	1603482162551	OK	 
REQUEST	1		request_11	1603482162379	1603482162567	OK	 
REQUEST	1		request_13	1603482174562	1603482174641	OK	 
REQUEST	1		request_13 Redirect 1	1603482174654	1603482174694	OK	 
REQUEST	1		request_17	1603482174717	1603482179754	OK	 
REQUEST	1		request_18	1603482174714	1603482184789	OK	 
REQUEST	1		request_14	1603482174714	1603482184792	OK	 
REQUEST	1		request_21	1603482174715	1603482184793	OK	 
REQUEST	1		request_16	1603482174716	1603482184796	OK	 
REQUEST	1		request_28	1603482179751	1603482184805	OK	 
REQUEST	1		request_26	1603482179749	1603482184807	OK	 
REQUEST	1		request_26	1603482184808	1603482184857	OK	 
REQUEST	1		request_28	1603482184806	1603482184859	OK	 
REQUEST	1		request_23	1603482174716	1603482184860	OK	 
REQUEST	1		request_17	1603482179756	1603482184902	OK	 
REQUEST	1		request_28	1603482184859	1603482184910	OK	 
REQUEST	1		request_26	1603482184858	1603482184921	OK	 
REQUEST	1		request_19	1603482174717	1603482184922	OK	 
REQUEST	1		request_25	1603482179748	1603482184936	OK	 
REQUEST	1		request_19	1603482184923	1603482184957	OK	 
REQUEST	1		request_25	1603482184936	1603482184965	OK	 
REQUEST	1		request_63	1603482186971	1603482186997	OK	 
REQUEST	1		request_64	1603482187000	1603482187021	OK	 
REQUEST	1		request_65	1603482187001	1603482187028	OK	 
REQUEST	1		request_66	1603482187003	1603482187037	OK	 
REQUEST	1		request_66	1603482187038	1603482187080	OK	 
REQUEST	1		request_66	1603482187081	1603482187147	OK	 
REQUEST	1		request_68	1603482199150	1603482199175	OK	 
REQUEST	1		request_69	1603482199178	1603482199203	OK	 
REQUEST	1		request_70	1603482199178	1603482199204	OK	 
REQUEST	1		request_71	1603482199179	1603482199209	OK	 
REQUEST	1		request_71	1603482199210	1603482199257	OK	 
REQUEST	1		request_71	1603482199258	1603482199295	OK	 
REQUEST	1		request_71	1603482199298	1603482199329	OK	 
REQUEST	1		request_71	1603482199330	1603482199369	OK	 
REQUEST	1		request_71	1603482199371	1603482199403	OK	 
REQUEST	1		request_71	1603482199405	1603482199433	OK	 
REQUEST	1		request_71	1603482199434	1603482199480	OK	 
REQUEST	1		request_71	1603482199481	1603482199515	OK	 
REQUEST	1		request_71	1603482199516	1603482199556	OK	 
REQUEST	1		request_71	1603482199558	1603482199607	OK	 
REQUEST	1		request_71	1603482199609	1603482199641	OK	 
REQUEST	1		request_71	1603482199642	1603482199665	OK	 
REQUEST	1		request_71	1603482199667	1603482199712	OK	 
REQUEST	1		request_71	1603482199714	1603482199752	OK	 
REQUEST	1		request_71	1603482199753	1603482199785	OK	 
REQUEST	1		request_71	1603482199787	1603482199825	OK	 
REQUEST	1		request_71	1603482199827	1603482199906	OK	 
REQUEST	1		request_71	1603482199907	1603482199932	OK	 
REQUEST	1		request_71	1603482199933	1603482199976	OK	 
REQUEST	1		request_71	1603482199978	1603482200013	OK	 
REQUEST	1		request_71	1603482200014	1603482200038	OK	 
REQUEST	1		request_71	1603482200040	1603482200082	OK	 
REQUEST	1		request_71	1603482200084	1603482200117	OK	 
REQUEST	1		request_71	1603482200119	1603482200149	OK	 
REQUEST	1		request_71	1603482200150	1603482200192	OK	 
REQUEST	1		request_71	1603482200194	1603482200225	OK	 
REQUEST	1		request_71	1603482200226	1603482200249	OK	 
REQUEST	1		request_71	1603482200252	1603482200288	OK	 
REQUEST	1		request_71	1603482200289	1603482200319	OK	 
REQUEST	1		request_71	1603482200320	1603482200351	OK	 
REQUEST	1		request_71	1603482200353	1603482200391	OK	 
REQUEST	1		request_71	1603482200392	1603482200422	OK	 
REQUEST	1		request_71	1603482200423	1603482200445	OK	 
REQUEST	1		request_71	1603482200446	1603482200483	OK	 
REQUEST	1		request_71	1603482200485	1603482200516	OK	 
REQUEST	1		request_71	1603482200517	1603482200545	OK	 
REQUEST	1		request_71	1603482200547	1603482200585	OK	 
REQUEST	1		request_71	1603482200587	1603482200616	OK	 
REQUEST	1		request_71	1603482200618	1603482200655	OK	 
REQUEST	1		request_71	1603482200656	1603482200694	OK	 
REQUEST	1		request_71	1603482200695	1603482200725	OK	 
REQUEST	1		request_71	1603482200726	1603482200750	OK	 
REQUEST	1		request_71	1603482200752	1603482200789	OK	 
REQUEST	1		request_71	1603482200790	1603482200820	OK	 
REQUEST	1		request_71	1603482200822	1603482200845	OK	 
REQUEST	1		request_71	1603482200847	1603482200885	OK	 
REQUEST	1		request_71	1603482200886	1603482200917	OK	 
REQUEST	1		request_71	1603482200918	1603482200939	OK	 
REQUEST	1		request_71	1603482200941	1603482200978	OK	 
REQUEST	1		request_71	1603482200979	1603482201014	OK	 
REQUEST	1		request_71	1603482201015	1603482201038	OK	 
REQUEST	1		request_71	1603482201040	1603482201077	OK	 
REQUEST	1		request_71	1603482201077	1603482201113	OK	 
REQUEST	1		request_71	1603482201113	1603482201135	OK	 
REQUEST	1		request_71	1603482201136	1603482201173	OK	 
REQUEST	1		request_71	1603482201173	1603482201206	OK	 
REQUEST	1		request_71	1603482201207	1603482201226	OK	 
REQUEST	1		request_71	1603482201227	1603482201263	OK	 
REQUEST	1		request_71	1603482201263	1603482201299	OK	 
REQUEST	1		request_71	1603482201299	1603482201320	OK	 
REQUEST	1		request_71	1603482201320	1603482201360	OK	 
REQUEST	1		request_71	1603482201361	1603482201395	OK	 
REQUEST	1		request_71	1603482201395	1603482201421	OK	 
REQUEST	1		request_71	1603482201421	1603482201455	OK	 
REQUEST	1		request_71	1603482201455	1603482201505	OK	 
REQUEST	1		request_71	1603482201506	1603482201527	OK	 
REQUEST	1		request_71	1603482201528	1603482201565	OK	 
REQUEST	1		request_71	1603482201566	1603482201598	OK	 
REQUEST	1		request_71	1603482201598	1603482201637	OK	 
REQUEST	1		request_71	1603482201639	1603482201678	OK	 
REQUEST	1		request_71	1603482201679	1603482201712	OK	 
REQUEST	1		request_71	1603482201713	1603482201744	OK	 
REQUEST	1		request_71	1603482201745	1603482201781	OK	 
REQUEST	1		request_71	1603482201782	1603482201811	OK	 
REQUEST	1		request_71	1603482201812	1603482201835	OK	 
REQUEST	1		request_71	1603482201836	1603482201874	OK	 
REQUEST	1		request_71	1603482201875	1603482201903	OK	 
REQUEST	1		request_71	1603482201904	1603482201934	OK	 
REQUEST	1		request_71	1603482201935	1603482201976	OK	 
REQUEST	1		request_71	1603482201977	1603482202011	OK	 
REQUEST	1		request_71	1603482202012	1603482202039	OK	 
REQUEST	1		request_71	1603482202040	1603482202080	OK	 
REQUEST	1		request_71	1603482202081	1603482202118	OK	 
REQUEST	1		request_71	1603482202119	1603482202141	OK	 
REQUEST	1		request_71	1603482202142	1603482202199	OK	 
REQUEST	1		request_71	1603482202200	1603482202246	OK	 
REQUEST	1		request_71	1603482202247	1603482202267	OK	 
REQUEST	1		request_71	1603482202269	1603482202307	OK	 
REQUEST	1		request_71	1603482202309	1603482202339	OK	 
REQUEST	1		request_71	1603482202340	1603482202363	OK	 
REQUEST	1		request_71	1603482202364	1603482202403	OK	 
REQUEST	1		request_71	1603482202404	1603482202438	OK	 
REQUEST	1		request_71	1603482202440	1603482202461	OK	 
REQUEST	1		request_71	1603482202462	1603482202498	OK	 
REQUEST	1		request_71	1603482202499	1603482202533	OK	 
REQUEST	1		request_71	1603482202534	1603482202554	OK	 
REQUEST	1		request_71	1603482202555	1603482202593	OK	 
REQUEST	1		request_71	1603482202594	1603482202623	OK	 
REQUEST	1		request_71	1603482202623	1603482202645	OK	 
REQUEST	1		request_71	1603482202646	1603482202682	OK	 
REQUEST	1		request_71	1603482202683	1603482202722	OK	 
REQUEST	1		request_71	1603482202723	1603482202752	OK	 
REQUEST	1		request_71	1603482202753	1603482202789	OK	 
REQUEST	1		request_71	1603482202790	1603482202822	OK	 
REQUEST	1		request_71	1603482202824	1603482202845	OK	 
REQUEST	1		request_71	1603482202846	1603482202882	OK	 
REQUEST	1		request_71	1603482202883	1603482202912	OK	 
REQUEST	1		request_71	1603482202913	1603482202933	OK	 
REQUEST	1		request_71	1603482202934	1603482202970	OK	 
REQUEST	1		request_71	1603482202971	1603482203006	OK	 
REQUEST	1		request_71	1603482203007	1603482203027	OK	 
REQUEST	1		request_71	1603482203028	1603482203064	OK	 
REQUEST	1		request_71	1603482203065	1603482203097	OK	 
REQUEST	1		request_71	1603482203098	1603482203118	OK	 
REQUEST	1		request_71	1603482203119	1603482203155	OK	 
REQUEST	1		request_71	1603482203156	1603482203188	OK	 
REQUEST	1		request_71	1603482203189	1603482203209	OK	 
REQUEST	1		request_71	1603482203210	1603482203252	OK	 
REQUEST	1		request_71	1603482203253	1603482203285	OK	 
REQUEST	1		request_71	1603482203286	1603482203313	OK	 
REQUEST	1		request_71	1603482203314	1603482203348	OK	 
REQUEST	1		request_71	1603482203349	1603482203387	OK	 
REQUEST	1		request_71	1603482203388	1603482203410	OK	 
REQUEST	1		request_71	1603482203411	1603482203448	OK	 
REQUEST	1		request_71	1603482203449	1603482203481	OK	 
REQUEST	1		request_71	1603482203482	1603482203522	OK	 
REQUEST	1		request_71	1603482203523	1603482203569	OK	 
REQUEST	1		request_71	1603482203570	1603482203597	OK	 
REQUEST	1		request_71	1603482203598	1603482203624	OK	 
REQUEST	1		request_71	1603482203625	1603482203658	OK	 
REQUEST	1		request_71	1603482203659	1603482203692	OK	 
REQUEST	1		request_71	1603482203693	1603482203715	OK	 
REQUEST	1		request_71	1603482203716	1603482203751	OK	 
REQUEST	1		request_71	1603482203752	1603482203798	OK	 
REQUEST	1		request_71	1603482203798	1603482203826	OK	 
REQUEST	1		request_71	1603482203827	1603482203866	OK	 
REQUEST	1		request_71	1603482203867	1603482203891	OK	 
REQUEST	1		request_71	1603482203892	1603482203926	OK	 
REQUEST	1		request_71	1603482203927	1603482203976	OK	 
REQUEST	1		request_71	1603482203978	1603482204012	OK	 
REQUEST	1		request_71	1603482204013	1603482204039	OK	 
REQUEST	1		request_71	1603482204041	1603482204076	OK	 
REQUEST	1		request_71	1603482204077	1603482204109	OK	 
REQUEST	1		request_71	1603482204110	1603482204138	OK	 
REQUEST	1		request_71	1603482204139	1603482204184	OK	 
REQUEST	1		request_71	1603482204184	1603482204216	OK	 
REQUEST	1		request_71	1603482204217	1603482204243	OK	 
REQUEST	1		request_71	1603482204244	1603482204280	OK	 
REQUEST	1		request_71	1603482204281	1603482204314	OK	 
REQUEST	1		request_71	1603482204315	1603482204342	OK	 
REQUEST	1		request_71	1603482204343	1603482204390	OK	 
REQUEST	1		request_71	1603482204391	1603482204425	OK	 
REQUEST	1		request_71	1603482204426	1603482204448	OK	 
REQUEST	1		request_71	1603482204450	1603482204488	OK	 
REQUEST	1		request_71	1603482204489	1603482204517	OK	 
REQUEST	1		request_71	1603482204518	1603482204541	OK	 
REQUEST	1		request_71	1603482204542	1603482204578	OK	 
REQUEST	1		request_71	1603482204579	1603482204615	OK	 
REQUEST	1		request_71	1603482204616	1603482204636	OK	 
REQUEST	1		request_71	1603482204638	1603482204673	OK	 
REQUEST	1		request_71	1603482204674	1603482204706	OK	 
REQUEST	1		request_71	1603482204707	1603482204731	OK	 
REQUEST	1		request_71	1603482204732	1603482204777	OK	 
REQUEST	1		request_71	1603482204778	1603482204812	OK	 
REQUEST	1		request_71	1603482204813	1603482204837	OK	 
REQUEST	1		request_71	1603482204838	1603482204879	OK	 
REQUEST	1		request_71	1603482204880	1603482204917	OK	 
REQUEST	1		request_71	1603482204918	1603482204938	OK	 
REQUEST	1		request_71	1603482204939	1603482204978	OK	 
REQUEST	1		request_71	1603482204979	1603482205008	OK	 
REQUEST	1		request_71	1603482205008	1603482205029	OK	 
REQUEST	1		request_71	1603482205029	1603482205067	OK	 
REQUEST	1		request_71	1603482205067	1603482205098	OK	 
REQUEST	1		request_71	1603482205099	1603482205121	OK	 
REQUEST	1		request_71	1603482205122	1603482205159	OK	 
REQUEST	1		request_71	1603482205160	1603482205194	OK	 
REQUEST	1		request_71	1603482205195	1603482205216	OK	 
REQUEST	1		request_71	1603482205218	1603482205255	OK	 
REQUEST	1		request_71	1603482205256	1603482205284	OK	 
REQUEST	1		request_71	1603482205285	1603482205304	OK	 
REQUEST	1		request_71	1603482205304	1603482205342	OK	 
REQUEST	1		request_71	1603482205343	1603482205374	OK	 
REQUEST	1		request_71	1603482205375	1603482205399	OK	 
REQUEST	1		request_71	1603482205401	1603482205447	OK	 
REQUEST	1		request_71	1603482205448	1603482205487	OK	 
REQUEST	1		request_71	1603482205488	1603482205509	OK	 
REQUEST	1		request_71	1603482205511	1603482205551	OK	 
REQUEST	1		request_71	1603482205552	1603482205585	OK	 
REQUEST	1		request_71	1603482205586	1603482205615	OK	 
REQUEST	1		request_71	1603482205616	1603482205652	OK	 
REQUEST	1		request_71	1603482205653	1603482205687	OK	 
REQUEST	1		request_71	1603482205688	1603482205708	OK	 
REQUEST	1		request_71	1603482205709	1603482205765	OK	 
REQUEST	1		request_71	1603482205766	1603482205799	OK	 
REQUEST	1		request_71	1603482205800	1603482205830	OK	 
REQUEST	1		request_71	1603482205831	1603482205868	OK	 
REQUEST	1		request_71	1603482205869	1603482205900	OK	 
REQUEST	1		request_71	1603482205901	1603482205923	OK	 
REQUEST	1		request_71	1603482205925	1603482205962	OK	 
REQUEST	1		request_71	1603482205963	1603482205996	OK	 
REQUEST	1		request_71	1603482205996	1603482206029	OK	 
REQUEST	1		request_71	1603482206029	1603482206066	OK	 
REQUEST	1		request_71	1603482206067	1603482206106	OK	 
REQUEST	1		request_71	1603482206107	1603482206127	OK	 
REQUEST	1		request_71	1603482206128	1603482206167	OK	 
REQUEST	1		request_71	1603482206167	1603482206196	OK	 
REQUEST	1		request_71	1603482206196	1603482206216	OK	 
REQUEST	1		request_71	1603482206217	1603482206252	OK	 
REQUEST	1		request_71	1603482206252	1603482206280	OK	 
REQUEST	1		request_71	1603482206281	1603482206303	OK	 
REQUEST	1		request_71	1603482206304	1603482206340	OK	 
REQUEST	1		request_71	1603482206341	1603482206368	OK	 
REQUEST	1		request_71	1603482206369	1603482206391	OK	 
REQUEST	1		request_71	1603482206392	1603482206430	OK	 
REQUEST	1		request_71	1603482206430	1603482206465	OK	 
REQUEST	1		request_71	1603482206466	1603482206487	OK	 
REQUEST	1		request_71	1603482206488	1603482206528	OK	 
REQUEST	1		request_71	1603482206529	1603482206560	OK	 
REQUEST	1		request_71	1603482206561	1603482206582	OK	 
REQUEST	1		request_71	1603482206583	1603482206619	OK	 
REQUEST	1		request_71	1603482206620	1603482206653	OK	 
REQUEST	1		request_71	1603482206653	1603482206674	OK	 
REQUEST	1		request_71	1603482206675	1603482206711	OK	 
REQUEST	1		request_71	1603482206712	1603482206743	OK	 
REQUEST	1		request_71	1603482206744	1603482206764	OK	 
REQUEST	1		request_71	1603482206765	1603482206802	OK	 
REQUEST	1		request_71	1603482206803	1603482206834	OK	 
REQUEST	1		request_71	1603482206835	1603482206856	OK	 
REQUEST	1		request_71	1603482206857	1603482206894	OK	 
REQUEST	1		request_71	1603482206895	1603482206929	OK	 
REQUEST	1		request_71	1603482206930	1603482206953	OK	 
REQUEST	1		request_71	1603482206954	1603482206991	OK	 
REQUEST	1		request_71	1603482206992	1603482207025	OK	 
REQUEST	1		request_71	1603482207026	1603482207047	OK	 
REQUEST	1		request_71	1603482207048	1603482207087	OK	 
REQUEST	1		request_71	1603482207087	1603482207120	OK	 
REQUEST	1		request_71	1603482207120	1603482207142	OK	 
REQUEST	1		request_71	1603482207142	1603482207180	OK	 
REQUEST	1		request_71	1603482207181	1603482207215	OK	 
REQUEST	1		request_71	1603482207216	1603482207239	OK	 
REQUEST	1		request_71	1603482207240	1603482207276	OK	 
REQUEST	1		request_71	1603482207277	1603482207310	OK	 
REQUEST	1		request_71	1603482207311	1603482207333	OK	 
REQUEST	1		request_71	1603482207334	1603482207371	OK	 
REQUEST	1		request_71	1603482207372	1603482207404	OK	 
REQUEST	1		request_71	1603482207405	1603482207425	OK	 
REQUEST	1		request_71	1603482207426	1603482207462	OK	 
REQUEST	1		request_71	1603482207463	1603482207491	OK	 
REQUEST	1		request_71	1603482207492	1603482207523	OK	 
REQUEST	1		request_71	1603482207524	1603482207557	OK	 
REQUEST	1		request_71	1603482207558	1603482207596	OK	 
REQUEST	1		request_71	1603482207597	1603482207618	OK	 
REQUEST	1		request_71	1603482207619	1603482207658	OK	 
REQUEST	1		request_71	1603482207659	1603482207689	OK	 
REQUEST	1		request_71	1603482207690	1603482207721	OK	 
REQUEST	1		request_71	1603482207723	1603482207758	OK	 
REQUEST	1		request_71	1603482207759	1603482207791	OK	 
REQUEST	1		request_71	1603482207792	1603482207813	OK	 
REQUEST	1		request_71	1603482207814	1603482207850	OK	 
REQUEST	1		request_71	1603482207851	1603482207886	OK	 
REQUEST	1		request_71	1603482207887	1603482207909	OK	 
REQUEST	1		request_71	1603482207910	1603482207945	OK	 
REQUEST	1		request_71	1603482207945	1603482207978	OK	 
REQUEST	1		request_71	1603482207979	1603482207999	OK	 
REQUEST	1		request_71	1603482208000	1603482208040	OK	 
REQUEST	1		request_71	1603482208040	1603482208075	OK	 
REQUEST	1		request_71	1603482208075	1603482208096	OK	 
REQUEST	1		request_71	1603482208097	1603482208132	OK	 
REQUEST	1		request_71	1603482208133	1603482208166	OK	 
REQUEST	1		request_71	1603482208167	1603482208188	OK	 
REQUEST	1		request_71	1603482208189	1603482208225	OK	 
REQUEST	1		request_71	1603482208225	1603482208260	OK	 
REQUEST	1		request_71	1603482208261	1603482208281	OK	 
REQUEST	1		request_71	1603482208282	1603482208317	OK	 
REQUEST	1		request_71	1603482208317	1603482208353	OK	 
REQUEST	1		request_71	1603482208354	1603482208375	OK	 
REQUEST	1		request_71	1603482208376	1603482208412	OK	 
REQUEST	1		request_71	1603482208413	1603482208441	OK	 
REQUEST	1		request_71	1603482208442	1603482208482	OK	 
REQUEST	1		request_71	1603482208483	1603482208521	OK	 
REQUEST	1		request_71	1603482208522	1603482208559	OK	 
REQUEST	1		request_71	1603482208560	1603482208580	OK	 
REQUEST	1		request_71	1603482208581	1603482208616	OK	 
REQUEST	1		request_71	1603482208617	1603482208653	OK	 
REQUEST	1		request_71	1603482208654	1603482208680	OK	 
REQUEST	1		request_71	1603482208681	1603482208722	OK	 
REQUEST	1		request_71	1603482208723	1603482213885	OK	 
REQUEST	1		request_71	1603482213886	1603482213918	OK	 
REQUEST	1		request_71	1603482213919	1603482213960	OK	 
REQUEST	1		request_71	1603482213960	1603482213991	OK	 
REQUEST	1		request_71	1603482213992	1603482214012	OK	 
REQUEST	1		request_71	1603482214013	1603482214053	OK	 
REQUEST	1		request_71	1603482214053	1603482214091	OK	 
REQUEST	1		request_71	1603482214091	1603482214117	OK	 
REQUEST	1		request_71	1603482214117	1603482214151	OK	 
REQUEST	1		request_71	1603482214151	1603482214179	OK	 
REQUEST	1		request_71	1603482214179	1603482214199	OK	 
REQUEST	1		request_71	1603482214199	1603482214235	OK	 
REQUEST	1		request_71	1603482214236	1603482214269	OK	 
REQUEST	1		request_71	1603482214269	1603482214291	OK	 
REQUEST	1		request_71	1603482214292	1603482214333	OK	 
REQUEST	1		request_71	1603482214333	1603482214366	OK	 
REQUEST	1		request_71	1603482214367	1603482214393	OK	 
REQUEST	1		request_71	1603482214394	1603482214435	OK	 
REQUEST	1		request_71	1603482214435	1603482214469	OK	 
REQUEST	1		request_71	1603482214469	1603482214497	OK	 
REQUEST	1		request_71	1603482214498	1603482214536	OK	 
REQUEST	1		request_71	1603482214536	1603482214568	OK	 
REQUEST	1		request_71	1603482214569	1603482214590	OK	 
REQUEST	1		request_71	1603482214591	1603482214626	OK	 
REQUEST	1		request_71	1603482214627	1603482214657	OK	 
REQUEST	1		request_71	1603482214658	1603482214687	OK	 
REQUEST	1		request_71	1603482214688	1603482214724	OK	 
REQUEST	1		request_71	1603482214724	1603482214755	OK	 
REQUEST	1		request_71	1603482214756	1603482214793	OK	 
REQUEST	1		request_71	1603482214794	1603482214831	OK	 
REQUEST	1		request_71	1603482214832	1603482214865	OK	 
REQUEST	1		request_71	1603482214865	1603482214905	OK	 
REQUEST	1		request_71	1603482214906	1603482214942	OK	 
REQUEST	1		request_71	1603482214943	1603482214978	OK	 
REQUEST	1		request_71	1603482214979	1603482214999	OK	 
REQUEST	1		request_71	1603482215000	1603482215042	OK	 
REQUEST	1		request_71	1603482215043	1603482215076	OK	 
REQUEST	1		request_71	1603482215077	1603482215103	OK	 
REQUEST	1		request_71	1603482215104	1603482215143	OK	 
REQUEST	1		request_71	1603482215143	1603482215178	OK	 
REQUEST	1		request_71	1603482215179	1603482215211	OK	 
REQUEST	1		request_71	1603482215212	1603482215251	OK	 
REQUEST	1		request_71	1603482215252	1603482215286	OK	 
REQUEST	1		request_71	1603482215287	1603482215308	OK	 
REQUEST	1		request_71	1603482215309	1603482215345	OK	 
REQUEST	1		request_71	1603482215345	1603482215378	OK	 
REQUEST	1		request_71	1603482215378	1603482215403	OK	 
REQUEST	1		request_71	1603482215404	1603482215446	OK	 
REQUEST	1		request_71	1603482215447	1603482215479	OK	 
REQUEST	1		request_71	1603482215480	1603482215506	OK	 
REQUEST	1		request_71	1603482215507	1603482215557	OK	 
REQUEST	1		request_71	1603482215558	1603482215592	OK	 
REQUEST	1		request_71	1603482215593	1603482215624	OK	 
REQUEST	1		request_71	1603482215626	1603482215666	OK	 
REQUEST	1		request_71	1603482215667	1603482215700	OK	 
REQUEST	1		request_71	1603482215700	1603482215721	OK	 
REQUEST	1		request_71	1603482215722	1603482215759	OK	 
REQUEST	1		request_71	1603482215760	1603482215791	OK	 
REQUEST	1		request_71	1603482215792	1603482215822	OK	 
REQUEST	1		request_71	1603482215822	1603482215861	OK	 
REQUEST	1		request_71	1603482215861	1603482215895	OK	 
REQUEST	1		request_71	1603482215896	1603482215918	OK	 
REQUEST	1		request_71	1603482215919	1603482215956	OK	 
REQUEST	1		request_71	1603482215956	1603482215989	OK	 
REQUEST	1		request_71	1603482215990	1603482216023	OK	 
REQUEST	1		request_71	1603482216024	1603482216071	OK	 
REQUEST	1		request_71	1603482216072	1603482216103	OK	 
REQUEST	1		request_71	1603482216104	1603482216131	OK	 
REQUEST	1		request_71	1603482216132	1603482216169	OK	 
REQUEST	1		request_71	1603482216169	1603482216194	OK	 
REQUEST	1		request_71	1603482216194	1603482216213	OK	 
REQUEST	1		request_71	1603482216214	1603482216251	OK	 
REQUEST	1		request_71	1603482216251	1603482216283	OK	 
REQUEST	1		request_71	1603482216284	1603482216305	OK	 
REQUEST	1		request_71	1603482216306	1603482216341	OK	 
REQUEST	1		request_71	1603482216342	1603482216372	OK	 
REQUEST	1		request_71	1603482216373	1603482216393	OK	 
REQUEST	1		request_71	1603482216394	1603482216429	OK	 
REQUEST	1		request_71	1603482216429	1603482216460	OK	 
REQUEST	1		request_71	1603482216461	1603482216483	OK	 
REQUEST	1		request_71	1603482216483	1603482216520	OK	 
REQUEST	1		request_71	1603482216521	1603482216555	OK	 
REQUEST	1		request_71	1603482216555	1603482216582	OK	 
REQUEST	1		request_71	1603482216583	1603482216618	OK	 
REQUEST	1		request_71	1603482216618	1603482216649	OK	 
REQUEST	1		request_71	1603482216649	1603482216669	OK	 
REQUEST	1		request_71	1603482216670	1603482216704	OK	 
REQUEST	1		request_71	1603482216705	1603482216735	OK	 
REQUEST	1		request_71	1603482216736	1603482216760	OK	 
REQUEST	1		request_71	1603482216761	1603482216803	OK	 
REQUEST	1		request_71	1603482216803	1603482216837	OK	 
REQUEST	1		request_71	1603482216838	1603482216857	OK	 
REQUEST	1		request_71	1603482216858	1603482216897	OK	 
REQUEST	1		request_71	1603482216897	1603482216932	OK	 
REQUEST	1		request_71	1603482216932	1603482216955	OK	 
REQUEST	1		request_71	1603482216956	1603482216991	OK	 
REQUEST	1		request_71	1603482216992	1603482217024	OK	 
REQUEST	1		request_71	1603482217025	1603482217045	OK	 
REQUEST	1		request_71	1603482217045	1603482217082	OK	 
REQUEST	1		request_71	1603482217082	1603482217116	OK	 
REQUEST	1		request_71	1603482217116	1603482217137	OK	 
REQUEST	1		request_71	1603482217138	1603482217175	OK	 
REQUEST	1		request_71	1603482217176	1603482217208	OK	 
REQUEST	1		request_71	1603482217208	1603482217230	OK	 
REQUEST	1		request_71	1603482217231	1603482217268	OK	 
REQUEST	1		request_71	1603482217268	1603482217304	OK	 
REQUEST	1		request_71	1603482217304	1603482217325	OK	 
REQUEST	1		request_71	1603482217326	1603482217364	OK	 
REQUEST	1		request_71	1603482217364	1603482217398	OK	 
REQUEST	1		request_71	1603482217399	1603482217430	OK	 
REQUEST	1		request_71	1603482217431	1603482217468	OK	 
REQUEST	1		request_71	1603482217469	1603482217504	OK	 
REQUEST	1		request_71	1603482217505	1603482217526	OK	 
REQUEST	1		request_71	1603482217527	1603482217562	OK	 
REQUEST	1		request_71	1603482217563	1603482217598	OK	 
REQUEST	1		request_71	1603482217598	1603482217629	OK	 
REQUEST	1		request_71	1603482217630	1603482217666	OK	 
REQUEST	1		request_71	1603482217667	1603482217700	OK	 
REQUEST	1		request_71	1603482217700	1603482217720	OK	 
REQUEST	1		request_71	1603482217721	1603482217770	OK	 
REQUEST	1		request_71	1603482217771	1603482217804	OK	 
REQUEST	1		request_71	1603482217805	1603482217836	OK	 
REQUEST	1		request_71	1603482217837	1603482217881	OK	 
REQUEST	1		request_71	1603482217881	1603482217914	OK	 
REQUEST	1		request_71	1603482217915	1603482217944	OK	 
REQUEST	1		request_71	1603482217945	1603482217996	OK	 
REQUEST	1		request_71	1603482217996	1603482218023	OK	 
REQUEST	1		request_71	1603482218023	1603482218049	OK	 
REQUEST	1		request_71	1603482218050	1603482218092	OK	 
REQUEST	1		request_71	1603482218092	1603482218123	OK	 
REQUEST	1		request_71	1603482218123	1603482218148	OK	 
REQUEST	1		request_71	1603482218149	1603482218187	OK	 
REQUEST	1		request_71	1603482218188	1603482218218	OK	 
REQUEST	1		request_71	1603482218218	1603482218239	OK	 
REQUEST	1		request_71	1603482218240	1603482218275	OK	 
REQUEST	1		request_71	1603482218276	1603482218308	OK	 
REQUEST	1		request_71	1603482218308	1603482218328	OK	 
REQUEST	1		request_71	1603482218329	1603482218367	OK	 
REQUEST	1		request_71	1603482218367	1603482218393	OK	 
REQUEST	1		request_71	1603482218394	1603482218423	OK	 
REQUEST	1		request_71	1603482218423	1603482218460	OK	 
REQUEST	1		request_71	1603482218460	1603482218494	OK	 
REQUEST	1		request_71	1603482218494	1603482218516	OK	 
REQUEST	1		request_71	1603482218517	1603482218564	OK	 
REQUEST	1		request_71	1603482218565	1603482218595	OK	 
REQUEST	1		request_71	1603482218596	1603482218629	OK	 
REQUEST	1		request_71	1603482218629	1603482218668	OK	 
REQUEST	1		request_71	1603482218668	1603482218701	OK	 
REQUEST	1		request_71	1603482218701	1603482218730	OK	 
REQUEST	1		request_71	1603482218731	1603482218774	OK	 
REQUEST	1		request_71	1603482218775	1603482218859	OK	 
REQUEST	1		request_71	1603482218860	1603482218891	OK	 
REQUEST	1		request_71	1603482218891	1603482218941	OK	 
REQUEST	1		request_71	1603482218942	1603482218972	OK	 
REQUEST	1		request_71	1603482218973	1603482218992	OK	 
REQUEST	1		request_71	1603482218992	1603482219029	OK	 
REQUEST	1		request_71	1603482219029	1603482219056	OK	 
REQUEST	1		request_71	1603482219056	1603482219075	OK	 
REQUEST	1		request_71	1603482219075	1603482219113	OK	 
REQUEST	1		request_71	1603482219113	1603482219145	OK	 
REQUEST	1		request_71	1603482219145	1603482219165	OK	 
REQUEST	1		request_71	1603482219165	1603482219204	OK	 
REQUEST	1		request_71	1603482219205	1603482219232	OK	 
REQUEST	1		request_71	1603482219233	1603482219261	OK	 
REQUEST	1		request_71	1603482219261	1603482219304	OK	 
REQUEST	1		request_71	1603482219305	1603482219340	OK	 
REQUEST	1		request_71	1603482219340	1603482219367	OK	 
REQUEST	1		request_71	1603482219368	1603482219406	OK	 
REQUEST	1		request_71	1603482219406	1603482219439	OK	 
REQUEST	1		request_71	1603482219440	1603482219466	OK	 
REQUEST	1		request_71	1603482219467	1603482219503	OK	 
REQUEST	1		request_71	1603482219504	1603482219524	OK	 
REQUEST	1		request_71	1603482219524	1603482219544	OK	 
REQUEST	1		request_71	1603482219545	1603482219583	OK	 
REQUEST	1		request_71	1603482219583	1603482219615	OK	 
REQUEST	1		request_71	1603482219616	1603482219637	OK	 
REQUEST	1		request_71	1603482219638	1603482219676	OK	 
REQUEST	1		request_71	1603482219677	1603482219708	OK	 
REQUEST	1		request_71	1603482219709	1603482219730	OK	 
REQUEST	1		request_71	1603482219731	1603482219767	OK	 
REQUEST	1		request_71	1603482219768	1603482219819	OK	 
REQUEST	1		request_71	1603482219819	1603482219839	OK	 
REQUEST	1		request_71	1603482219839	1603482219883	OK	 
REQUEST	1		request_71	1603482219883	1603482219918	OK	 
REQUEST	1		request_71	1603482219918	1603482219943	OK	 
REQUEST	1		request_71	1603482219945	1603482219984	OK	 
REQUEST	1		request_71	1603482219985	1603482220017	OK	 
REQUEST	1		request_71	1603482220018	1603482220037	OK	 
REQUEST	1		request_71	1603482220038	1603482220074	OK	 
REQUEST	1		request_71	1603482220074	1603482220110	OK	 
REQUEST	1		request_71	1603482220111	1603482220132	OK	 
REQUEST	1		request_71	1603482220133	1603482220170	OK	 
REQUEST	1		request_71	1603482220171	1603482220198	OK	 
REQUEST	1		request_71	1603482220199	1603482220220	OK	 
REQUEST	1		request_71	1603482220221	1603482220257	OK	 
REQUEST	1		request_71	1603482220258	1603482220287	OK	 
REQUEST	1		request_71	1603482220288	1603482220309	OK	 
REQUEST	1		request_71	1603482220309	1603482220347	OK	 
REQUEST	1		request_71	1603482220348	1603482220379	OK	 
REQUEST	1		request_71	1603482220379	1603482220399	OK	 
REQUEST	1		request_71	1603482220399	1603482220436	OK	 
REQUEST	1		request_71	1603482220436	1603482220470	OK	 
REQUEST	1		request_71	1603482220470	1603482220491	OK	 
REQUEST	1		request_71	1603482220491	1603482220525	OK	 
REQUEST	1		request_71	1603482220525	1603482220558	OK	 
REQUEST	1		request_71	1603482220558	1603482220578	OK	 
REQUEST	1		request_71	1603482220579	1603482220614	OK	 
REQUEST	1		request_71	1603482220614	1603482220641	OK	 
REQUEST	1		request_71	1603482220642	1603482220663	OK	 
REQUEST	1		request_71	1603482220664	1603482220704	OK	 
REQUEST	1		request_71	1603482220704	1603482220737	OK	 
REQUEST	1		request_71	1603482220738	1603482220759	OK	 
REQUEST	1		request_71	1603482220759	1603482220798	OK	 
REQUEST	1		request_71	1603482220799	1603482220835	OK	 
REQUEST	1		request_71	1603482220836	1603482220864	OK	 
REQUEST	1		request_71	1603482220865	1603482220903	OK	 
REQUEST	1		request_71	1603482220904	1603482220942	OK	 
REQUEST	1		request_71	1603482220943	1603482220962	OK	 
REQUEST	1		request_71	1603482220963	1603482221000	OK	 
REQUEST	1		request_71	1603482221000	1603482221034	OK	 
REQUEST	1		request_71	1603482221034	1603482221066	OK	 
REQUEST	1		request_71	1603482221066	1603482221104	OK	 
REQUEST	1		request_71	1603482221104	1603482221131	OK	 
REQUEST	1		request_71	1603482221131	1603482221158	OK	 
REQUEST	1		request_71	1603482221158	1603482221193	OK	 
REQUEST	1		request_71	1603482221193	1603482221240	OK	 
REQUEST	1		request_71	1603482221241	1603482221269	OK	 
REQUEST	1		request_71	1603482221269	1603482221305	OK	 
REQUEST	1		request_71	1603482221305	1603482221337	OK	 
REQUEST	1		request_71	1603482221338	1603482221359	OK	 
REQUEST	1		request_71	1603482221359	1603482221398	OK	 
REQUEST	1		request_71	1603482221398	1603482221426	OK	 
REQUEST	1		request_71	1603482221426	1603482221453	OK	 
REQUEST	1		request_71	1603482221453	1603482221491	OK	 
REQUEST	1		request_71	1603482221492	1603482221525	OK	 
REQUEST	1		request_71	1603482221525	1603482221553	OK	 
REQUEST	1		request_71	1603482221553	1603482221592	OK	 
REQUEST	1		request_71	1603482221592	1603482221622	OK	 
REQUEST	1		request_71	1603482221622	1603482221642	OK	 
REQUEST	1		request_71	1603482221643	1603482221679	OK	 
REQUEST	1		request_71	1603482221679	1603482221712	OK	 
REQUEST	1		request_71	1603482221712	1603482221744	OK	 
REQUEST	1		request_71	1603482221744	1603482221780	OK	 
REQUEST	1		request_71	1603482221780	1603482221817	OK	 
REQUEST	1		request_71	1603482221817	1603482221844	OK	 
REQUEST	1		request_71	1603482221845	1603482221891	OK	 
REQUEST	1		request_71	1603482221891	1603482221920	OK	 
REQUEST	1		request_71	1603482221921	1603482221942	OK	 
REQUEST	1		request_71	1603482221942	1603482221979	OK	 
REQUEST	1		request_71	1603482221980	1603482222008	OK	 
REQUEST	1		request_71	1603482222008	1603482222027	OK	 
REQUEST	1		request_71	1603482222028	1603482222066	OK	 
REQUEST	1		request_71	1603482222066	1603482222098	OK	 
REQUEST	1		request_71	1603482222099	1603482222125	OK	 
REQUEST	1		request_71	1603482222126	1603482222161	OK	 
REQUEST	1		request_71	1603482222161	1603482222194	OK	 
REQUEST	1		request_71	1603482222194	1603482222217	OK	 
REQUEST	1		request_71	1603482222218	1603482222255	OK	 
REQUEST	1		request_71	1603482222256	1603482222285	OK	 
REQUEST	1		request_71	1603482222286	1603482222307	OK	 
REQUEST	1		request_71	1603482222308	1603482222345	OK	 
REQUEST	1		request_71	1603482222346	1603482222380	OK	 
REQUEST	1		request_71	1603482222380	1603482222401	OK	 
REQUEST	1		request_71	1603482222402	1603482222436	OK	 
REQUEST	1		request_71	1603482222436	1603482222473	OK	 
REQUEST	1		request_71	1603482222473	1603482222494	OK	 
REQUEST	1		request_71	1603482222495	1603482222533	OK	 
REQUEST	1		request_71	1603482222534	1603482222566	OK	 
REQUEST	1		request_71	1603482222566	1603482222588	OK	 
REQUEST	1		request_71	1603482222589	1603482222636	OK	 
REQUEST	1		request_71	1603482222636	1603482222668	OK	 
REQUEST	1		request_71	1603482222669	1603482222703	OK	 
REQUEST	1		request_71	1603482222703	1603482222742	OK	 
REQUEST	1		request_71	1603482222743	1603482222775	OK	 
REQUEST	1		request_71	1603482222776	1603482222801	OK	 
REQUEST	1		request_71	1603482222801	1603482222837	OK	 
REQUEST	1		request_71	1603482222838	1603482222868	OK	 
REQUEST	1		request_71	1603482222869	1603482222890	OK	 
REQUEST	1		request_71	1603482222891	1603482222924	OK	 
REQUEST	1		request_71	1603482222924	1603482222959	OK	 
REQUEST	1		request_71	1603482222959	1603482222988	OK	 
REQUEST	1		request_71	1603482222988	1603482223024	OK	 
REQUEST	1		request_71	1603482223024	1603482223057	OK	 
REQUEST	1		request_71	1603482223057	1603482223079	OK	 
REQUEST	1		request_71	1603482223080	1603482223115	OK	 
REQUEST	1		request_71	1603482223115	1603482223147	OK	 
REQUEST	1		request_71	1603482223148	1603482223168	OK	 
REQUEST	1		request_71	1603482223169	1603482223208	OK	 
REQUEST	1		request_71	1603482223208	1603482223244	OK	 
REQUEST	1		request_71	1603482223244	1603482223275	OK	 
REQUEST	1		request_71	1603482223275	1603482223321	OK	 
REQUEST	1		request_71	1603482223321	1603482223351	OK	 
REQUEST	1		request_71	1603482223352	1603482223387	OK	 
REQUEST	1		request_71	1603482223387	1603482223422	OK	 
REQUEST	1		request_71	1603482223423	1603482223458	OK	 
REQUEST	1		request_71	1603482223459	1603482223528	OK	 
REQUEST	1		request_71	1603482223528	1603482223572	OK	 
REQUEST	1		request_71	1603482223573	1603482223608	OK	 
REQUEST	1		request_71	1603482223609	1603482223634	OK	 
REQUEST	1		request_71	1603482223635	1603482223676	OK	 
REQUEST	1		request_71	1603482223676	1603482223752	OK	 
REQUEST	1		request_71	1603482223753	1603482223781	OK	 
REQUEST	1		request_71	1603482223781	1603482223828	OK	 
REQUEST	1		request_71	1603482223829	1603482223862	OK	 
REQUEST	1		request_71	1603482223862	1603482223884	OK	 
REQUEST	1		request_71	1603482223885	1603482223928	OK	 
REQUEST	1		request_71	1603482223928	1603482223957	OK	 
REQUEST	1		request_71	1603482223958	1603482223983	OK	 
REQUEST	1		request_71	1603482223983	1603482224020	OK	 
REQUEST	1		request_71	1603482224021	1603482224049	OK	 
REQUEST	1		request_71	1603482224050	1603482224071	OK	 
REQUEST	1		request_71	1603482224072	1603482224108	OK	 
REQUEST	1		request_71	1603482224108	1603482224143	OK	 
REQUEST	1		request_71	1603482224143	1603482224172	OK	 
REQUEST	1		request_71	1603482224172	1603482224209	OK	 
REQUEST	1		request_71	1603482224209	1603482224235	OK	 
REQUEST	1		request_71	1603482224236	1603482224257	OK	 
REQUEST	1		request_71	1603482224257	1603482224301	OK	 
REQUEST	1		request_71	1603482224302	1603482224329	OK	 
REQUEST	1		request_71	1603482224329	1603482224347	OK	 
REQUEST	1		request_71	1603482224348	1603482224387	OK	 
REQUEST	1		request_71	1603482224387	1603482224418	OK	 
REQUEST	1		request_71	1603482224418	1603482224438	OK	 
REQUEST	1		request_71	1603482224439	1603482224490	OK	 
REQUEST	1		request_71	1603482224490	1603482224518	OK	 
REQUEST	1		request_71	1603482224518	1603482224538	OK	 
REQUEST	1		request_71	1603482224538	1603482224572	OK	 
REQUEST	1		request_71	1603482224573	1603482224610	OK	 
REQUEST	1		request_71	1603482224610	1603482224632	OK	 
REQUEST	1		request_71	1603482224632	1603482224668	OK	 
REQUEST	1		request_71	1603482224669	1603482224699	OK	 
REQUEST	1		request_71	1603482224700	1603482224736	OK	 
REQUEST	1		request_71	1603482224736	1603482224774	OK	 
REQUEST	1		request_71	1603482224774	1603482224803	OK	 
REQUEST	1		request_71	1603482224803	1603482224824	OK	 
REQUEST	1		request_71	1603482224824	1603482224860	OK	 
REQUEST	1		request_71	1603482224860	1603482224881	OK	 
REQUEST	1		request_71	1603482224881	1603482224901	OK	 
REQUEST	1		request_71	1603482224901	1603482224939	OK	 
REQUEST	1		request_71	1603482224939	1603482224960	OK	 
REQUEST	1		request_71	1603482224961	1603482224982	OK	 
REQUEST	1		request_71	1603482224982	1603482225025	OK	 
REQUEST	1		request_71	1603482225025	1603482225052	OK	 
REQUEST	1		request_71	1603482225052	1603482225082	OK	 
REQUEST	1		request_71	1603482225082	1603482225121	OK	 
REQUEST	1		request_71	1603482225121	1603482225155	OK	 
REQUEST	1		request_71	1603482225155	1603482225176	OK	 
REQUEST	1		request_71	1603482225176	1603482225211	OK	 
REQUEST	1		request_71	1603482225211	1603482225237	OK	 
REQUEST	1		request_71	1603482225237	1603482225256	OK	 
REQUEST	1		request_71	1603482225257	1603482225296	OK	 
REQUEST	1		request_71	1603482225296	1603482225333	OK	 
REQUEST	1		request_71	1603482225333	1603482225353	OK	 
REQUEST	1		request_71	1603482225354	1603482225388	OK	 
REQUEST	1		request_71	1603482225388	1603482225414	OK	 
REQUEST	1		request_71	1603482225414	1603482225433	OK	 
REQUEST	1		request_71	1603482225433	1603482225471	OK	 
REQUEST	1		request_71	1603482225471	1603482225497	OK	 
REQUEST	1		request_71	1603482225497	1603482225530	OK	 
REQUEST	1		request_71	1603482225530	1603482225566	OK	 
REQUEST	1		request_71	1603482225567	1603482225596	OK	 
REQUEST	1		request_71	1603482225596	1603482225617	OK	 
REQUEST	1		request_71	1603482225617	1603482225654	OK	 
REQUEST	1		request_71	1603482225655	1603482225687	OK	 
REQUEST	1		request_71	1603482225687	1603482225715	OK	 
REQUEST	1		request_71	1603482225716	1603482225759	OK	 
REQUEST	1		request_71	1603482225760	1603482225788	OK	 
REQUEST	1		request_71	1603482225788	1603482225814	OK	 
REQUEST	1		request_71	1603482225815	1603482225848	OK	 
REQUEST	1		request_71	1603482225849	1603482225876	OK	 
REQUEST	1		request_71	1603482225876	1603482225902	OK	 
REQUEST	1		request_71	1603482225903	1603482225939	OK	 
REQUEST	1		request_71	1603482225939	1603482225972	OK	 
REQUEST	1		request_71	1603482225972	1603482226000	OK	 
REQUEST	1		request_71	1603482226000	1603482226043	OK	 
REQUEST	1		request_71	1603482226044	1603482226072	OK	 
REQUEST	1		request_71	1603482226072	1603482226101	OK	 
REQUEST	1		request_71	1603482226101	1603482226135	OK	 
REQUEST	1		request_71	1603482226135	1603482226165	OK	 
REQUEST	1		request_71	1603482226165	1603482226194	OK	 
REQUEST	1		request_71	1603482226194	1603482226228	OK	 
REQUEST	1		request_71	1603482226228	1603482226260	OK	 
REQUEST	1		request_71	1603482226261	1603482226280	OK	 
REQUEST	1		request_71	1603482226280	1603482226317	OK	 
REQUEST	1		request_71	1603482226317	1603482226342	OK	 
REQUEST	1		request_71	1603482226342	1603482226369	OK	 
REQUEST	1		request_71	1603482226369	1603482226410	OK	 
REQUEST	1		request_71	1603482226410	1603482226439	OK	 
REQUEST	1		request_71	1603482226439	1603482226461	OK	 
REQUEST	1		request_71	1603482226461	1603482226498	OK	 
REQUEST	1		request_71	1603482226498	1603482226519	OK	 
REQUEST	1		request_71	1603482226519	1603482226542	OK	 
REQUEST	1		request_71	1603482226543	1603482226575	OK	 
REQUEST	1		request_71	1603482226575	1603482226602	OK	 
REQUEST	1		request_71	1603482226602	1603482226629	OK	 
REQUEST	1		request_71	1603482226629	1603482226668	OK	 
REQUEST	1		request_71	1603482226669	1603482226706	OK	 
REQUEST	1		request_71	1603482226706	1603482226733	OK	 
REQUEST	1		request_71	1603482226734	1603482226785	OK	 
REQUEST	1		request_71	1603482226785	1603482226812	OK	 
REQUEST	1		request_71	1603482226812	1603482226831	OK	 
REQUEST	1		request_71	1603482226832	1603482226865	OK	 
REQUEST	1		request_71	1603482226865	1603482226901	OK	 
REQUEST	1		request_71	1603482226902	1603482226922	OK	 
REQUEST	1		request_71	1603482226922	1603482226964	OK	 
REQUEST	1		request_71	1603482226965	1603482226996	OK	 
REQUEST	1		request_71	1603482226997	1603482227016	OK	 
REQUEST	1		request_71	1603482227017	1603482227055	OK	 
REQUEST	1		request_71	1603482227055	1603482227083	OK	 
REQUEST	1		request_71	1603482227084	1603482227103	OK	 
REQUEST	1		request_71	1603482227104	1603482227150	OK	 
REQUEST	1		request_71	1603482227150	1603482227175	OK	 
REQUEST	1		request_71	1603482227175	1603482227196	OK	 
REQUEST	1		request_71	1603482227197	1603482227230	OK	 
REQUEST	1		request_71	1603482227230	1603482227262	OK	 
REQUEST	1		request_71	1603482227262	1603482227283	OK	 
REQUEST	1		request_71	1603482227283	1603482227322	OK	 
REQUEST	1		request_71	1603482227322	1603482227357	OK	 
REQUEST	1		request_71	1603482227357	1603482227377	OK	 
REQUEST	1		request_71	1603482227378	1603482227414	OK	 
REQUEST	1		request_71	1603482227414	1603482227447	OK	 
REQUEST	1		request_71	1603482227448	1603482227467	OK	 
REQUEST	1		request_71	1603482227468	1603482227510	OK	 
REQUEST	1		request_71	1603482227510	1603482227547	OK	 
REQUEST	1		request_71	1603482227547	1603482227579	OK	 
REQUEST	1		request_71	1603482227579	1603482227617	OK	 
REQUEST	1		request_71	1603482227617	1603482227656	OK	 
REQUEST	1		request_71	1603482227656	1603482227686	OK	 
REQUEST	1		request_71	1603482227687	1603482227724	OK	 
REQUEST	1		request_71	1603482227724	1603482227751	OK	 
REQUEST	1		request_71	1603482227752	1603482227773	OK	 
REQUEST	1		request_71	1603482227773	1603482227807	OK	 
REQUEST	1		request_71	1603482227807	1603482227834	OK	 
REQUEST	1		request_71	1603482227834	1603482227854	OK	 
REQUEST	1		request_71	1603482227854	1603482227905	OK	 
REQUEST	1		request_71	1603482227905	1603482227939	OK	 
REQUEST	1		request_71	1603482227939	1603482227960	OK	 
REQUEST	1		request_71	1603482227960	1603482227994	OK	 
REQUEST	1		request_71	1603482227995	1603482228023	OK	 
REQUEST	1		request_71	1603482228023	1603482228055	OK	 
REQUEST	1		request_71	1603482228056	1603482228090	OK	 
REQUEST	1		request_71	1603482228090	1603482228130	OK	 
REQUEST	1		request_71	1603482228130	1603482228150	OK	 
REQUEST	1		request_71	1603482228150	1603482228190	OK	 
REQUEST	1		request_71	1603482228190	1603482228216	OK	 
REQUEST	1		request_71	1603482228216	1603482228245	OK	 
REQUEST	1		request_71	1603482228245	1603482228290	OK	 
REQUEST	1		request_71	1603482228291	1603482228321	OK	 
REQUEST	1		request_71	1603482228321	1603482228348	OK	 
REQUEST	1		request_71	1603482228348	1603482228382	OK	 
REQUEST	1		request_71	1603482228382	1603482228473	OK	 
REQUEST	1		request_71	1603482228474	1603482228505	OK	 
REQUEST	1		request_71	1603482228506	1603482228550	OK	 
REQUEST	1		request_71	1603482228551	1603482228583	OK	 
REQUEST	1		request_71	1603482228583	1603482228608	OK	 
REQUEST	1		request_71	1603482228609	1603482228650	OK	 
REQUEST	1		request_71	1603482228650	1603482228678	OK	 
REQUEST	1		request_71	1603482228678	1603482228704	OK	 
REQUEST	1		request_71	1603482228704	1603482228741	OK	 
REQUEST	1		request_71	1603482228741	1603482228770	OK	 
REQUEST	1		request_71	1603482228770	1603482228808	OK	 
REQUEST	1		request_71	1603482228809	1603482228851	OK	 
REQUEST	1		request_71	1603482228851	1603482228877	OK	 
REQUEST	1		request_71	1603482228877	1603482228896	OK	 
REQUEST	1		request_71	1603482228897	1603482228935	OK	 
REQUEST	1		request_71	1603482228936	1603482228967	OK	 
REQUEST	1		request_71	1603482228967	1603482228996	OK	 
REQUEST	1		request_71	1603482228996	1603482229033	OK	 
REQUEST	1		request_71	1603482229033	1603482229063	OK	 
REQUEST	1		request_71	1603482229064	1603482229084	OK	 
REQUEST	1		request_71	1603482229085	1603482229120	OK	 
REQUEST	1		request_71	1603482229120	1603482229156	OK	 
REQUEST	1		request_71	1603482229156	1603482229177	OK	 
REQUEST	1		request_71	1603482229178	1603482229224	OK	 
REQUEST	1		request_71	1603482229224	1603482229252	OK	 
REQUEST	1		request_71	1603482229252	1603482229279	OK	 
REQUEST	1		request_71	1603482229280	1603482229318	OK	 
REQUEST	1		request_71	1603482229318	1603482229367	OK	 
REQUEST	1		request_71	1603482229367	1603482229393	OK	 
REQUEST	1		request_71	1603482229394	1603482229430	OK	 
REQUEST	1		request_71	1603482229430	1603482229465	OK	 
REQUEST	1		request_71	1603482229465	1603482229486	OK	 
REQUEST	1		request_71	1603482229486	1603482229522	OK	 
REQUEST	1		request_71	1603482229523	1603482229549	OK	 
REQUEST	1		request_71	1603482229549	1603482229570	OK	 
REQUEST	1		request_71	1603482229571	1603482229612	OK	 
REQUEST	1		request_71	1603482229612	1603482229644	OK	 
REQUEST	1		request_71	1603482229644	1603482229663	OK	 
REQUEST	1		request_71	1603482229663	1603482229701	OK	 
REQUEST	1		request_71	1603482229701	1603482229732	OK	 
REQUEST	1		request_71	1603482229733	1603482229758	OK	 
REQUEST	1		request_71	1603482229759	1603482229805	OK	 
REQUEST	1		request_71	1603482229805	1603482229826	OK	 
REQUEST	1		request_71	1603482229827	1603482229848	OK	 
REQUEST	1		request_71	1603482229848	1603482229891	OK	 
REQUEST	1		request_71	1603482229891	1603482229913	OK	 
REQUEST	1		request_71	1603482229913	1603482229935	OK	 
REQUEST	1		request_71	1603482229935	1603482229976	OK	 
REQUEST	1		request_71	1603482229977	1603482230005	OK	 
REQUEST	1		request_71	1603482230005	1603482230025	OK	 
REQUEST	1		request_71	1603482230025	1603482230061	OK	 
REQUEST	1		request_71	1603482230062	1603482230100	OK	 
REQUEST	1		request_71	1603482230100	1603482230129	OK	 
REQUEST	1		request_71	1603482230129	1603482230167	OK	 
REQUEST	1		request_71	1603482230167	1603482230202	OK	 
REQUEST	1		request_71	1603482230203	1603482230226	OK	 
REQUEST	1		request_71	1603482230226	1603482230262	OK	 
REQUEST	1		request_71	1603482230263	1603482230290	OK	 
REQUEST	1		request_71	1603482230291	1603482230310	OK	 
REQUEST	1		request_71	1603482230311	1603482230348	OK	 
REQUEST	1		request_71	1603482230348	1603482230375	OK	 
REQUEST	1		request_71	1603482230375	1603482230402	OK	 
REQUEST	1		request_71	1603482230403	1603482230448	OK	 
REQUEST	1		request_71	1603482230449	1603482230477	OK	 
REQUEST	1		request_71	1603482230477	1603482230517	OK	 
REQUEST	1		request_71	1603482230517	1603482230562	OK	 
REQUEST	1		request_71	1603482230562	1603482230589	OK	 
REQUEST	1		request_71	1603482230589	1603482230608	OK	 
REQUEST	1		request_71	1603482230609	1603482230649	OK	 
REQUEST	1		request_71	1603482230649	1603482230675	OK	 
REQUEST	1		request_71	1603482230675	1603482230695	OK	 
REQUEST	1		request_71	1603482230695	1603482230734	OK	 
REQUEST	1		request_71	1603482230734	1603482230765	OK	 
REQUEST	1		request_71	1603482230766	1603482230786	OK	 
REQUEST	1		request_71	1603482230787	1603482230824	OK	 
REQUEST	1		request_71	1603482230824	1603482230851	OK	 
REQUEST	1		request_71	1603482230851	1603482230880	OK	 
REQUEST	1		request_71	1603482230880	1603482230926	OK	 
REQUEST	1		request_71	1603482230926	1603482230957	OK	 
REQUEST	1		request_71	1603482230957	1603482230981	OK	 
REQUEST	1		request_71	1603482230982	1603482231015	OK	 
REQUEST	1		request_71	1603482231015	1603482231041	OK	 
REQUEST	1		request_71	1603482231041	1603482231068	OK	 
REQUEST	1		request_71	1603482231069	1603482231110	OK	 
REQUEST	1		request_71	1603482231110	1603482231140	OK	 
REQUEST	1		request_71	1603482231140	1603482231161	OK	 
REQUEST	1		request_71	1603482231161	1603482231198	OK	 
REQUEST	1		request_71	1603482231198	1603482231226	OK	 
REQUEST	1		request_71	1603482231226	1603482231245	OK	 
REQUEST	1		request_71	1603482231245	1603482231280	OK	 
REQUEST	1		request_71	1603482231280	1603482231310	OK	 
REQUEST	1		request_71	1603482231310	1603482231338	OK	 
REQUEST	1		request_71	1603482231338	1603482231372	OK	 
REQUEST	1		request_71	1603482231372	1603482231394	OK	 
REQUEST	1		request_71	1603482231394	1603482231416	OK	 
REQUEST	1		request_71	1603482231416	1603482231451	OK	 
REQUEST	1		request_71	1603482231451	1603482231482	OK	 
REQUEST	1		request_71	1603482231482	1603482231504	OK	 
REQUEST	1		request_71	1603482231504	1603482231539	OK	 
REQUEST	1		request_71	1603482231540	1603482231569	OK	 
REQUEST	1		request_71	1603482231569	1603482231590	OK	 
REQUEST	1		request_71	1603482231590	1603482231626	OK	 
REQUEST	1		request_71	1603482231627	1603482231647	OK	 
REQUEST	1		request_71	1603482231647	1603482231668	OK	 
REQUEST	1		request_71	1603482231669	1603482231707	OK	 
REQUEST	1		request_71	1603482231708	1603482231732	OK	 
REQUEST	1		request_71	1603482231733	1603482231753	OK	 
REQUEST	1		request_71	1603482231754	1603482231788	OK	 
REQUEST	1		request_71	1603482231788	1603482231821	OK	 
REQUEST	1		request_71	1603482231821	1603482231843	OK	 
REQUEST	1		request_71	1603482231844	1603482231883	OK	 
REQUEST	1		request_71	1603482231884	1603482231902	OK	 
REQUEST	1		request_71	1603482231903	1603482231923	OK	 
REQUEST	1		request_71	1603482231923	1603482231959	OK	 
REQUEST	1		request_71	1603482231960	1603482231980	OK	 
REQUEST	1		request_71	1603482231981	1603482232001	OK	 
REQUEST	1		request_71	1603482232001	1603482232053	OK	 
REQUEST	1		request_71	1603482232053	1603482232084	OK	 
REQUEST	1		request_71	1603482232085	1603482232104	OK	 
REQUEST	1		request_71	1603482232105	1603482232142	OK	 
REQUEST	1		request_71	1603482232142	1603482232168	OK	 
REQUEST	1		request_71	1603482232168	1603482232190	OK	 
REQUEST	1		request_71	1603482232191	1603482232227	OK	 
REQUEST	1		request_71	1603482232227	1603482232248	OK	 
REQUEST	1		request_71	1603482232249	1603482232273	OK	 
REQUEST	1		request_71	1603482232273	1603482232309	OK	 
REQUEST	1		request_71	1603482232309	1603482232333	OK	 
REQUEST	1		request_71	1603482232333	1603482232353	OK	 
REQUEST	1		request_71	1603482232354	1603482232390	OK	 
REQUEST	1		request_71	1603482232391	1603482232425	OK	 
REQUEST	1		request_71	1603482232426	1603482232446	OK	 
REQUEST	1		request_71	1603482232446	1603482232483	OK	 
REQUEST	1		request_71	1603482232484	1603482232505	OK	 
REQUEST	1		request_71	1603482232505	1603482232526	OK	 
REQUEST	1		request_71	1603482232527	1603482232563	OK	 
REQUEST	1		request_71	1603482232564	1603482232590	OK	 
REQUEST	1		request_71	1603482232590	1603482232612	OK	 
REQUEST	1		request_71	1603482232612	1603482232654	OK	 
REQUEST	1		request_71	1603482232655	1603482232686	OK	 
REQUEST	1		request_71	1603482232686	1603482232705	OK	 
REQUEST	1		request_71	1603482232705	1603482232739	OK	 
REQUEST	1		request_71	1603482232739	1603482232765	OK	 
REQUEST	1		request_71	1603482232765	1603482232784	OK	 
REQUEST	1		request_71	1603482232785	1603482232825	OK	 
REQUEST	1		request_71	1603482232825	1603482232846	OK	 
REQUEST	1		request_71	1603482232847	1603482232877	OK	 
REQUEST	1		request_71	1603482232877	1603482232915	OK	 
REQUEST	1		request_71	1603482232915	1603482232935	OK	 
REQUEST	1		request_71	1603482232935	1603482232956	OK	 
REQUEST	1		request_71	1603482232956	1603482232990	OK	 
REQUEST	1		request_71	1603482232990	1603482233076	OK	 
REQUEST	1		request_71	1603482233076	1603482233105	OK	 
REQUEST	1		request_71	1603482233106	1603482233146	OK	 
REQUEST	1		request_71	1603482233146	1603482233167	OK	 
REQUEST	1		request_71	1603482233167	1603482233187	OK	 
REQUEST	1		request_71	1603482233187	1603482233225	OK	 
REQUEST	1		request_71	1603482233225	1603482233255	OK	 
REQUEST	1		request_71	1603482233256	1603482233284	OK	 
REQUEST	1		request_71	1603482233285	1603482233318	OK	 
REQUEST	1		request_71	1603482233318	1603482233343	OK	 
REQUEST	1		request_71	1603482233343	1603482233363	OK	 
REQUEST	1		request_71	1603482233364	1603482233404	OK	 
REQUEST	1		request_71	1603482233405	1603482233429	OK	 
REQUEST	1		request_71	1603482233429	1603482233449	OK	 
REQUEST	1		request_71	1603482233449	1603482233491	OK	 
REQUEST	1		request_71	1603482233492	1603482233516	OK	 
REQUEST	1		request_71	1603482233516	1603482233536	OK	 
REQUEST	1		request_71	1603482233536	1603482233577	OK	 
REQUEST	1		request_71	1603482233577	1603482233608	OK	 
REQUEST	1		request_71	1603482233608	1603482233628	OK	 
REQUEST	1		request_71	1603482233629	1603482233667	OK	 
REQUEST	1		request_71	1603482233667	1603482233696	OK	 
REQUEST	1		request_71	1603482233697	1603482233718	OK	 
REQUEST	1		request_71	1603482233718	1603482233754	OK	 
REQUEST	1		request_71	1603482233754	1603482233773	OK	 
REQUEST	1		request_71	1603482233773	1603482233793	OK	 
REQUEST	1		request_71	1603482233793	1603482233845	OK	 
REQUEST	1		request_71	1603482233845	1603482233876	OK	 
REQUEST	1		request_71	1603482233876	1603482233905	OK	 
REQUEST	1		request_71	1603482233906	1603482233942	OK	 
REQUEST	1		request_71	1603482233943	1603482233981	OK	 
REQUEST	1		request_71	1603482233982	1603482234001	OK	 
REQUEST	1		request_71	1603482234002	1603482234039	OK	 
REQUEST	1		request_71	1603482234039	1603482234064	OK	 
REQUEST	1		request_71	1603482234064	1603482234087	OK	 
REQUEST	1		request_71	1603482234088	1603482234123	OK	 
REQUEST	1		request_71	1603482234123	1603482234148	OK	 
REQUEST	1		request_71	1603482234149	1603482234169	OK	 
REQUEST	1		request_71	1603482234169	1603482234214	OK	 
REQUEST	1		request_71	1603482234214	1603482234238	OK	 
REQUEST	1		request_71	1603482234239	1603482234264	OK	 
REQUEST	1		request_71	1603482234265	1603482234306	OK	 
REQUEST	1		request_71	1603482234306	1603482234331	OK	 
REQUEST	1		request_71	1603482234331	1603482234351	OK	 
REQUEST	1		request_71	1603482234352	1603482234394	OK	 
REQUEST	1		request_71	1603482234395	1603482234424	OK	 
REQUEST	1		request_71	1603482234425	1603482234443	OK	 
REQUEST	1		request_71	1603482234443	1603482234489	OK	 
REQUEST	1		request_71	1603482234489	1603482234509	OK	 
REQUEST	1		request_71	1603482234509	1603482234539	OK	 
REQUEST	1		request_71	1603482234539	1603482234573	OK	 
REQUEST	1		request_71	1603482234573	1603482234599	OK	 
REQUEST	1		request_71	1603482234599	1603482234619	OK	 
REQUEST	1		request_71	1603482234620	1603482234658	OK	 
REQUEST	1		request_71	1603482234658	1603482234688	OK	 
REQUEST	1		request_71	1603482234688	1603482234709	OK	 
REQUEST	1		request_71	1603482234709	1603482234750	OK	 
REQUEST	1		request_71	1603482234750	1603482234770	OK	 
REQUEST	1		request_71	1603482234770	1603482234805	OK	 
REQUEST	1		request_71	1603482234806	1603482234842	OK	 
REQUEST	1		request_71	1603482234842	1603482234870	OK	 
REQUEST	1		request_71	1603482234871	1603482234891	OK	 
REQUEST	1		request_71	1603482234892	1603482234926	OK	 
REQUEST	1		request_71	1603482234926	1603482234952	OK	 
REQUEST	1		request_71	1603482234952	1603482234979	OK	 
REQUEST	1		request_71	1603482234979	1603482235022	OK	 
REQUEST	1		request_71	1603482235022	1603482235058	OK	 
REQUEST	1		request_71	1603482235058	1603482235077	OK	 
REQUEST	1		request_71	1603482235077	1603482235113	OK	 
REQUEST	1		request_71	1603482235113	1603482235149	OK	 
REQUEST	1		request_71	1603482235150	1603482235169	OK	 
REQUEST	1		request_71	1603482235169	1603482235211	OK	 
REQUEST	1		request_71	1603482235211	1603482235245	OK	 
REQUEST	1		request_71	1603482235246	1603482235267	OK	 
REQUEST	1		request_71	1603482235267	1603482235304	OK	 
REQUEST	1		request_71	1603482235304	1603482235338	OK	 
REQUEST	1		request_71	1603482235338	1603482235358	OK	 
REQUEST	1		request_71	1603482235359	1603482235394	OK	 
REQUEST	1		request_71	1603482235394	1603482235422	OK	 
REQUEST	1		request_71	1603482235422	1603482235442	OK	 
REQUEST	1		request_71	1603482235443	1603482235483	OK	 
REQUEST	1		request_71	1603482235484	1603482235516	OK	 
REQUEST	1		request_71	1603482235516	1603482235552	OK	 
REQUEST	1		request_71	1603482235553	1603482235590	OK	 
REQUEST	1		request_71	1603482235591	1603482235616	OK	 
REQUEST	1		request_71	1603482235616	1603482235636	OK	 
REQUEST	1		request_71	1603482235636	1603482235672	OK	 
REQUEST	1		request_71	1603482235673	1603482235701	OK	 
REQUEST	1		request_71	1603482235701	1603482235723	OK	 
REQUEST	1		request_71	1603482235724	1603482235758	OK	 
REQUEST	1		request_71	1603482235758	1603482235778	OK	 
REQUEST	1		request_71	1603482235778	1603482235798	OK	 
REQUEST	1		request_71	1603482235799	1603482235834	OK	 
REQUEST	1		request_71	1603482235835	1603482235867	OK	 
REQUEST	1		request_71	1603482235867	1603482235887	OK	 
REQUEST	1		request_71	1603482235888	1603482235922	OK	 
REQUEST	1		request_71	1603482235923	1603482235949	OK	 
REQUEST	1		request_71	1603482235949	1603482235971	OK	 
REQUEST	1		request_71	1603482235972	1603482236008	OK	 
REQUEST	1		request_71	1603482236009	1603482236029	OK	 
REQUEST	1		request_71	1603482236030	1603482236057	OK	 
REQUEST	1		request_71	1603482236058	1603482236100	OK	 
REQUEST	1		request_71	1603482236100	1603482236134	OK	 
REQUEST	1		request_71	1603482236134	1603482236163	OK	 
REQUEST	1		request_71	1603482236163	1603482236198	OK	 
REQUEST	1		request_71	1603482236198	1603482236234	OK	 
REQUEST	1		request_71	1603482236234	1603482236253	OK	 
REQUEST	1		request_71	1603482236254	1603482236295	OK	 
REQUEST	1		request_71	1603482236295	1603482236315	OK	 
REQUEST	1		request_71	1603482236315	1603482236335	OK	 
REQUEST	1		request_71	1603482236336	1603482236371	OK	 
REQUEST	1		request_71	1603482236371	1603482236398	OK	 
REQUEST	1		request_71	1603482236398	1603482236425	OK	 
REQUEST	1		request_71	1603482236426	1603482236464	OK	 
REQUEST	1		request_71	1603482236464	1603482236510	OK	 
REQUEST	1		request_71	1603482236510	1603482236531	OK	 
REQUEST	1		request_71	1603482236531	1603482236568	OK	 
REQUEST	1		request_71	1603482236568	1603482236602	OK	 
REQUEST	1		request_71	1603482236602	1603482236629	OK	 
REQUEST	1		request_71	1603482236630	1603482236667	OK	 
REQUEST	1		request_71	1603482236667	1603482236709	OK	 
REQUEST	1		request_71	1603482236710	1603482236744	OK	 
REQUEST	1		request_71	1603482236745	1603482236793	OK	 
REQUEST	1		request_71	1603482236793	1603482236833	OK	 
REQUEST	1		request_71	1603482236833	1603482236860	OK	 
REQUEST	1		request_71	1603482236861	1603482236898	OK	 
REQUEST	1		request_71	1603482236898	1603482236925	OK	 
REQUEST	1		request_71	1603482236925	1603482236952	OK	 
REQUEST	1		request_71	1603482236952	1603482236996	OK	 
REQUEST	1		request_71	1603482236996	1603482237028	OK	 
REQUEST	1		request_71	1603482237028	1603482237048	OK	 
REQUEST	1		request_71	1603482237048	1603482237092	OK	 
REQUEST	1		request_71	1603482237092	1603482237127	OK	 
REQUEST	1		request_71	1603482237128	1603482237161	OK	 
REQUEST	1		request_71	1603482237161	1603482237197	OK	 
REQUEST	1		request_71	1603482237197	1603482237218	OK	 
REQUEST	1		request_71	1603482237218	1603482237238	OK	 
REQUEST	1		request_71	1603482237238	1603482237272	OK	 
REQUEST	1		request_71	1603482237273	1603482237300	OK	 
REQUEST	1		request_71	1603482237300	1603482237329	OK	 
REQUEST	1		request_71	1603482237329	1603482237367	OK	 
REQUEST	1		request_71	1603482237367	1603482237391	OK	 
REQUEST	1		request_71	1603482237391	1603482237412	OK	 
REQUEST	1		request_71	1603482237413	1603482237446	OK	 
REQUEST	1		request_71	1603482237447	1603482237466	OK	 
REQUEST	1		request_71	1603482237466	1603482237495	OK	 
REQUEST	1		request_71	1603482237495	1603482237532	OK	 
REQUEST	1		request_71	1603482237532	1603482237566	OK	 
REQUEST	1		request_71	1603482237566	1603482237588	OK	 
REQUEST	1		request_71	1603482237589	1603482237628	OK	 
REQUEST	1		request_71	1603482237629	1603482237714	OK	 
REQUEST	1		request_71	1603482237714	1603482237745	OK	 
REQUEST	1		request_71	1603482237746	1603482237783	OK	 
REQUEST	1		request_71	1603482237783	1603482237813	OK	 
REQUEST	1		request_71	1603482237813	1603482237834	OK	 
REQUEST	1		request_71	1603482237834	1603482237869	OK	 
REQUEST	1		request_71	1603482237869	1603482237894	OK	 
REQUEST	1		request_71	1603482237894	1603482237913	OK	 
REQUEST	1		request_71	1603482237914	1603482237954	OK	 
REQUEST	1		request_71	1603482237954	1603482237980	OK	 
REQUEST	1		request_71	1603482237980	1603482238000	OK	 
REQUEST	1		request_71	1603482238000	1603482238038	OK	 
REQUEST	1		request_71	1603482238038	1603482238063	OK	 
REQUEST	1		request_71	1603482238064	1603482238083	OK	 
REQUEST	1		request_71	1603482238084	1603482238119	OK	 
REQUEST	1		request_71	1603482238120	1603482238146	OK	 
REQUEST	1		request_71	1603482238147	1603482238167	OK	 
REQUEST	1		request_71	1603482238167	1603482238210	OK	 
REQUEST	1		request_71	1603482238210	1603482238247	OK	 
REQUEST	1		request_71	1603482238247	1603482238272	OK	 
REQUEST	1		request_71	1603482238272	1603482238334	OK	 
REQUEST	1		request_71	1603482238334	1603482238362	OK	 
REQUEST	1		request_71	1603482238362	1603482238381	OK	 
REQUEST	1		request_71	1603482238382	1603482238417	OK	 
REQUEST	1		request_71	1603482238417	1603482238442	OK	 
REQUEST	1		request_71	1603482238442	1603482238461	OK	 
REQUEST	1		request_71	1603482238462	1603482238509	OK	 
REQUEST	1		request_71	1603482238510	1603482238532	OK	 
REQUEST	1		request_71	1603482238533	1603482238561	OK	 
REQUEST	1		request_71	1603482238561	1603482238599	OK	 
REQUEST	1		request_71	1603482238599	1603482238625	OK	 
REQUEST	1		request_71	1603482238626	1603482238652	OK	 
REQUEST	1		request_71	1603482238653	1603482238689	OK	 
REQUEST	1		request_71	1603482238690	1603482238709	OK	 
REQUEST	1		request_71	1603482238709	1603482238730	OK	 
REQUEST	1		request_71	1603482238730	1603482238782	OK	 
REQUEST	1		request_71	1603482238783	1603482238813	OK	 
REQUEST	1		request_71	1603482238813	1603482238834	OK	 
REQUEST	1		request_71	1603482238835	1603482238872	OK	 
REQUEST	1		request_71	1603482238873	1603482238908	OK	 
REQUEST	1		request_71	1603482238908	1603482238930	OK	 
REQUEST	1		request_71	1603482238930	1603482238968	OK	 
REQUEST	1		request_71	1603482238968	1603482238994	OK	 
REQUEST	1		request_71	1603482238994	1603482239013	OK	 
REQUEST	1		request_71	1603482239014	1603482239051	OK	 
REQUEST	1		request_71	1603482239051	1603482239078	OK	 
REQUEST	1		request_71	1603482239078	1603482239100	OK	 
REQUEST	1		request_71	1603482239101	1603482239137	OK	 
REQUEST	1		request_71	1603482239137	1603482239158	OK	 
REQUEST	1		request_71	1603482239158	1603482239179	OK	 
REQUEST	1		request_71	1603482239179	1603482239215	OK	 
REQUEST	1		request_71	1603482239215	1603482239246	OK	 
REQUEST	1		request_71	1603482239246	1603482239266	OK	 
REQUEST	1		request_71	1603482239266	1603482239304	OK	 
REQUEST	1		request_71	1603482239304	1603482239336	OK	 
REQUEST	1		request_71	1603482239336	1603482239355	OK	 
REQUEST	1		request_71	1603482239356	1603482239394	OK	 
REQUEST	1		request_71	1603482239394	1603482239427	OK	 
REQUEST	1		request_71	1603482239427	1603482239458	OK	 
REQUEST	1		request_71	1603482239458	1603482239493	OK	 
REQUEST	1		request_71	1603482239493	1603482239519	OK	 
REQUEST	1		request_71	1603482239519	1603482239539	OK	 
REQUEST	1		request_71	1603482239540	1603482239576	OK	 
REQUEST	1		request_71	1603482239576	1603482239604	OK	 
REQUEST	1		request_71	1603482239604	1603482239625	OK	 
REQUEST	1		request_71	1603482239625	1603482239675	OK	 
REQUEST	1		request_71	1603482239675	1603482239704	OK	 
REQUEST	1		request_71	1603482239704	1603482239725	OK	 
REQUEST	1		request_71	1603482239726	1603482239761	OK	 
REQUEST	1		request_71	1603482239762	1603482239792	OK	 
REQUEST	1		request_71	1603482239792	1603482239820	OK	 
REQUEST	1		request_71	1603482239820	1603482239867	OK	 
REQUEST	1		request_71	1603482239867	1603482239898	OK	 
REQUEST	1		request_71	1603482239899	1603482239926	OK	 
REQUEST	1		request_71	1603482239927	1603482239972	OK	 
REQUEST	1		request_71	1603482239972	1603482240008	OK	 
REQUEST	1		request_71	1603482240008	1603482240037	OK	 
REQUEST	1		request_71	1603482240038	1603482240088	OK	 
REQUEST	1		request_71	1603482240088	1603482240111	OK	 
REQUEST	1		request_71	1603482240111	1603482240132	OK	 
REQUEST	1		request_71	1603482240132	1603482240167	OK	 
REQUEST	1		request_71	1603482240167	1603482240189	OK	 
REQUEST	1		request_71	1603482240189	1603482240215	OK	 
REQUEST	1		request_71	1603482240216	1603482240263	OK	 
REQUEST	1		request_71	1603482240263	1603482240296	OK	 
REQUEST	1		request_71	1603482240296	1603482240316	OK	 
REQUEST	1		request_71	1603482240316	1603482240352	OK	 
REQUEST	1		request_71	1603482240352	1603482240376	OK	 
REQUEST	1		request_71	1603482240376	1603482240402	OK	 
REQUEST	1		request_71	1603482240403	1603482240439	OK	 
REQUEST	1		request_71	1603482240439	1603482240468	OK	 
REQUEST	1		request_71	1603482240468	1603482240488	OK	 
REQUEST	1		request_71	1603482240488	1603482240523	OK	 
REQUEST	1		request_71	1603482240523	1603482240550	OK	 
REQUEST	1		request_71	1603482240550	1603482240570	OK	 
REQUEST	1		request_71	1603482240570	1603482240606	OK	 
REQUEST	1		request_71	1603482240606	1603482240642	OK	 
REQUEST	1		request_71	1603482240642	1603482240664	OK	 
REQUEST	1		request_71	1603482240664	1603482240703	OK	 
REQUEST	1		request_71	1603482240703	1603482240736	OK	 
REQUEST	1		request_71	1603482240737	1603482240762	OK	 
REQUEST	1		request_71	1603482240763	1603482240801	OK	 
REQUEST	1		request_71	1603482240801	1603482240829	OK	 
REQUEST	1		request_71	1603482240830	1603482240851	OK	 
REQUEST	1		request_71	1603482240852	1603482240891	OK	 
REQUEST	1		request_71	1603482240891	1603482240919	OK	 
REQUEST	1		request_71	1603482240919	1603482240944	OK	 
REQUEST	1		request_71	1603482240944	1603482240979	OK	 
REQUEST	1		request_71	1603482240979	1603482241006	OK	 
REQUEST	1		request_71	1603482241007	1603482241033	OK	 
REQUEST	1		request_71	1603482241034	1603482241062	OK	 
REQUEST	1		request_71	1603482241062	1603482241089	