RUN	basic.SeapPesquisarReuniao1	seappesquisarreuniao1	1602180317194	teste	3.0.2
USER	SeapPesquisarReuniao1	1	START	1602180319618	1602180319618
REQUEST	1		request_0	1602180319639	1602180325121	OK	 
REQUEST	1		request_1	1602180330148	1602180335301	OK	 
REQUEST	1		request_2	1602180335333	1602180340372	OK	 
REQUEST	1		request_6	1602180335336	1602180340489	OK	 
REQUEST	1		request_5	1602180335336	1602180340497	OK	 
REQUEST	1		request_3	1602180335334	1602180340519	KO	status.find.in(200,201,202,203,204,205,206,207,208,209,304), found 400
REQUEST	1		request_4	1602180335335	1602180340760	OK	 
REQUEST	1		request_7	1602180443765	1602180448907	OK	 
REQUEST	1		request_7 Redirect 1	1602180448916	1602180448961	KO	status.find.in(200,201,202,203,204,205,206,207,208,209,304), found 401
REQUEST	1		request_8	1602180449960	1602180450005	KO	status.find.in(200,201,202,203,204,205,206,207,208,209,304), found 400
REQUEST	1		request_9	1602180454998	1602180460541	OK	 
REQUEST	1		request_10	1602180460548	1602180465586	OK	 
REQUEST	1		request_13	1602180460550	1602180465700	OK	 
REQUEST	1		request_12	1602180460548	1602180465701	OK	 
REQUEST	1		request_17	1602180460551	1602180465706	OK	 
REQUEST	1		request_15	1602180460551	1602180465707	OK	 
REQUEST	1		request_19	1602180460552	1602180469816	OK	 
REQUEST	1		request_21	1602180480828	1602180480860	OK	 
ERROR	request_26: Failed to build request: Resource seap/seappesquisarreuniao1/0026_request.json not found 	1602180480866
ERROR	request_28: Failed to build request: Resource seap/seappesquisarreuniao1/0028_request.json not found 	1602180480868
REQUEST	1		request_22	1602180480869	1602180480897	OK	 
REQUEST	1		request_23	1602180480873	1602180480906	OK	 
REQUEST	1		request_25	1602180480874	1602180480908	OK	 
REQUEST	1		request_29	1602180484909	1602180484938	OK	 
ERROR	request_30: Failed to build request: Resource seap/seappesquisarreuniao1/0030_request.json not found 	1602180484939
USER	SeapPesquisarReuniao1	1	END	1602180319618	1602180484947
