RUN	basic.ListarAnuncios2	listaranuncios2	1603204514041	teste	3.0.2
USER	ListarAnuncios2	1	START	1603204516417	1603204516417
USER	ListarAnuncios2	2	START	1603204516452	1603204516452
USER	ListarAnuncios2	3	START	1603204516453	1603204516453
USER	ListarAnuncios2	4	START	1603204516453	1603204516453
USER	ListarAnuncios2	5	START	1603204516454	1603204516454
USER	ListarAnuncios2	6	START	1603204516455	1603204516455
USER	ListarAnuncios2	7	START	1603204516458	1603204516458
USER	ListarAnuncios2	8	START	1603204516459	1603204516459
USER	ListarAnuncios2	9	START	1603204516460	1603204516460
USER	ListarAnuncios2	10	START	1603204516460	1603204516460
USER	ListarAnuncios2	11	START	1603204516463	1603204516463
USER	ListarAnuncios2	12	START	1603204516463	1603204516463
USER	ListarAnuncios2	13	START	1603204516464	1603204516464
USER	ListarAnuncios2	14	START	1603204516465	1603204516465
USER	ListarAnuncios2	15	START	1603204516466	1603204516466
USER	ListarAnuncios2	16	START	1603204516470	1603204516470
USER	ListarAnuncios2	17	START	1603204516471	1603204516471
USER	ListarAnuncios2	18	START	1603204516471	1603204516471
USER	ListarAnuncios2	19	START	1603204516471	1603204516471
USER	ListarAnuncios2	20	START	1603204516472	1603204516472
USER	ListarAnuncios2	21	START	1603204516472	1603204516472
USER	ListarAnuncios2	22	START	1603204516473	1603204516473
USER	ListarAnuncios2	23	START	1603204516473	1603204516473
USER	ListarAnuncios2	24	START	1603204516474	1603204516474
USER	ListarAnuncios2	25	START	1603204516474	1603204516474
USER	ListarAnuncios2	26	START	1603204516475	1603204516475
USER	ListarAnuncios2	27	START	1603204516475	1603204516475
USER	ListarAnuncios2	28	START	1603204516476	1603204516476
USER	ListarAnuncios2	29	START	1603204516476	1603204516476
USER	ListarAnuncios2	30	START	1603204516476	1603204516476
USER	ListarAnuncios2	31	START	1603204516477	1603204516477
USER	ListarAnuncios2	32	START	1603204516477	1603204516477
USER	ListarAnuncios2	33	START	1603204516478	1603204516478
USER	ListarAnuncios2	34	START	1603204516478	1603204516478
USER	ListarAnuncios2	35	START	1603204516479	1603204516479
USER	ListarAnuncios2	36	START	1603204516479	1603204516479
USER	ListarAnuncios2	37	START	1603204516480	1603204516480
USER	ListarAnuncios2	38	START	1603204516480	1603204516480
USER	ListarAnuncios2	39	START	1603204516481	1603204516481
USER	ListarAnuncios2	40	START	1603204516481	1603204516481
USER	ListarAnuncios2	41	START	1603204516482	1603204516482
USER	ListarAnuncios2	42	START	1603204516482	1603204516482
USER	ListarAnuncios2	43	START	1603204516483	1603204516483
USER	ListarAnuncios2	44	START	1603204516483	1603204516483
USER	ListarAnuncios2	45	START	1603204516484	1603204516484
USER	ListarAnuncios2	46	START	1603204516484	1603204516484
USER	ListarAnuncios2	47	START	1603204516485	1603204516485
USER	ListarAnuncios2	48	START	1603204516485	1603204516485
USER	ListarAnuncios2	49	START	1603204516486	1603204516486
USER	ListarAnuncios2	50	START	1603204516486	1603204516486
USER	ListarAnuncios2	51	START	1603204516487	1603204516487
USER	ListarAnuncios2	52	START	1603204516487	1603204516487
USER	ListarAnuncios2	53	START	1603204516488	1603204516488
USER	ListarAnuncios2	54	START	1603204516488	1603204516488
USER	ListarAnuncios2	55	START	1603204516488	1603204516488
USER	ListarAnuncios2	56	START	1603204516489	1603204516489
USER	ListarAnuncios2	57	START	1603204516489	1603204516489
USER	ListarAnuncios2	58	START	1603204516490	1603204516490
USER	ListarAnuncios2	59	START	1603204516490	1603204516490
USER	ListarAnuncios2	60	START	1603204516490	1603204516490
USER	ListarAnuncios2	61	START	1603204516491	1603204516491
USER	ListarAnuncios2	62	START	1603204516491	1603204516491
USER	ListarAnuncios2	63	START	1603204516492	1603204516492
USER	ListarAnuncios2	64	START	1603204516492	1603204516492
USER	ListarAnuncios2	65	START	1603204516492	1603204516492
USER	ListarAnuncios2	66	START	1603204516493	1603204516493
USER	ListarAnuncios2	67	START	1603204516493	1603204516493
USER	ListarAnuncios2	68	START	1603204516493	1603204516493
USER	ListarAnuncios2	69	START	1603204516494	1603204516494
USER	ListarAnuncios2	70	START	1603204516494	1603204516494
USER	ListarAnuncios2	71	START	1603204516494	1603204516494
USER	ListarAnuncios2	72	START	1603204516495	1603204516495
USER	ListarAnuncios2	73	START	1603204516495	1603204516495
USER	ListarAnuncios2	74	START	1603204516495	1603204516495
USER	ListarAnuncios2	75	START	1603204516496	1603204516496
USER	ListarAnuncios2	76	START	1603204516496	1603204516496
USER	ListarAnuncios2	77	START	1603204516496	1603204516496
USER	ListarAnuncios2	78	START	1603204516497	1603204516497
USER	ListarAnuncios2	79	START	1603204516498	1603204516498
USER	ListarAnuncios2	80	START	1603204516498	1603204516498
USER	ListarAnuncios2	81	START	1603204516499	1603204516499
USER	ListarAnuncios2	82	START	1603204516499	1603204516499
USER	ListarAnuncios2	83	START	1603204516500	1603204516500
USER	ListarAnuncios2	84	START	1603204516500	1603204516500
USER	ListarAnuncios2	85	START	1603204516500	1603204516500
USER	ListarAnuncios2	86	START	1603204516501	1603204516501
USER	ListarAnuncios2	87	START	1603204516501	1603204516501
USER	ListarAnuncios2	88	START	1603204516502	1603204516502
USER	ListarAnuncios2	89	START	1603204516502	1603204516502
USER	ListarAnuncios2	90	START	1603204516503	1603204516503
USER	ListarAnuncios2	91	START	1603204516503	1603204516503
USER	ListarAnuncios2	92	START	1603204516503	1603204516503
USER	ListarAnuncios2	93	START	1603204516504	1603204516504
USER	ListarAnuncios2	94	START	1603204516504	1603204516504
USER	ListarAnuncios2	95	START	1603204516505	1603204516505
USER	ListarAnuncios2	96	START	1603204516505	1603204516505
USER	ListarAnuncios2	97	START	1603204516505	1603204516505
USER	ListarAnuncios2	98	START	1603204516506	1603204516506
USER	ListarAnuncios2	99	START	1603204516506	1603204516506
USER	ListarAnuncios2	100	START	1603204516507	1603204516507
REQUEST	2		request_0	1603204516452	1603204522015	OK	 
REQUEST	39		request_0	1603204516481	1603204522012	OK	 
REQUEST	9		request_0	1603204516460	1603204522012	OK	 
REQUEST	30		request_0	1603204516477	1603204522012	OK	 
REQUEST	100		request_0	1603204516507	1603204522012	OK	 
REQUEST	16		request_0	1603204516470	1603204522014	OK	 
REQUEST	3		request_0	1603204516453	1603204522013	OK	 
REQUEST	53		request_0	1603204516488	1603204522018	OK	 
REQUEST	8		request_0	1603204516459	1603204522012	OK	 
REQUEST	1		request_0	1603204516450	1603204522070	OK	 
REQUEST	43		request_0	1603204516483	1603204522074	OK	 
REQUEST	76		request_0	1603204516496	1603204522134	OK	 
REQUEST	15		request_0	1603204516466	1603204522351	OK	 
REQUEST	6		request_0	1603204516458	1603204522351	OK	 
REQUEST	13		request_0	1603204516465	1603204522354	OK	 
REQUEST	10		request_0	1603204516461	1603204522355	OK	 
REQUEST	18		request_0	1603204516471	1603204542543	OK	 
REQUEST	21		request_0	1603204516473	1603204542542	OK	 
REQUEST	50		request_0	1603204516487	1603204542574	OK	 
REQUEST	14		request_0	1603204516466	1603204542578	OK	 
REQUEST	69		request_0	1603204516494	1603204542590	OK	 
REQUEST	33		request_0	1603204516478	1603204542546	OK	 
REQUEST	55		request_0	1603204516489	1603204542560	OK	 
REQUEST	32		request_0	1603204516477	1603204542560	OK	 
REQUEST	56		request_0	1603204516489	1603204542542	OK	 
REQUEST	98		request_0	1603204516506	1603204542590	OK	 
REQUEST	75		request_0	1603204516496	1603204542557	OK	 
REQUEST	25		request_0	1603204516475	1603204542553	OK	 
REQUEST	19		request_0	1603204516472	1603204542550	OK	 
REQUEST	4		request_0	1603204516454	1603204542550	OK	 
REQUEST	80		request_0	1603204516498	1603204542604	OK	 
REQUEST	27		request_0	1603204516475	1603204542607	OK	 
REQUEST	20		request_0	1603204516472	1603204542617	OK	 
REQUEST	24		request_0	1603204516474	1603204542616	OK	 
REQUEST	17		request_0	1603204516471	1603204542622	OK	 
REQUEST	41		request_0	1603204516482	1603204542625	OK	 
REQUEST	12		request_0	1603204516464	1603204542637	OK	 
REQUEST	49		request_0	1603204516486	1603204542650	OK	 
REQUEST	46		request_0	1603204516485	1603204542621	OK	 
REQUEST	57		request_0	1603204516489	1603204542648	OK	 
REQUEST	85		request_0	1603204516501	1603204542669	OK	 
REQUEST	77		request_0	1603204516497	1603204542684	OK	 
REQUEST	61		request_0	1603204516491	1603204542706	OK	 
REQUEST	29		request_0	1603204516476	1603204542732	OK	 
REQUEST	7		request_0	1603204516459	1603204542746	OK	 
REQUEST	83		request_0	1603204516500	1603204542777	OK	 
REQUEST	74		request_0	1603204516496	1603204542801	OK	 
REQUEST	60		request_0	1603204516491	1603204542964	OK	 
REQUEST	31		request_0	1603204516477	1603204542975	OK	 
REQUEST	63		request_0	1603204516492	1603204543051	OK	 
REQUEST	47		request_0	1603204516485	1603204543085	OK	 
REQUEST	54		request_0	1603204516488	1603204543154	OK	 
REQUEST	26		request_0	1603204516475	1603204543221	OK	 
REQUEST	44		request_0	1603204516484	1603204543319	OK	 
REQUEST	11		request_0	1603204516463	1603204543396	OK	 
REQUEST	72		request_0	1603204516495	1603204543390	OK	 
REQUEST	71		request_0	1603204516495	1603204543418	OK	 
REQUEST	68		request_0	1603204516494	1603204543488	OK	 
REQUEST	86		request_0	1603204516501	1603204543526	OK	 
REQUEST	84		request_0	1603204516500	1603204543526	OK	 
REQUEST	96		request_0	1603204516505	1603204543555	OK	 
REQUEST	35		request_0	1603204516479	1603204543602	OK	 
REQUEST	64		request_0	1603204516492	1603204543596	OK	 
REQUEST	65		request_0	1603204516493	1603204543629	OK	 
REQUEST	73		request_0	1603204516495	1603204543677	OK	 
REQUEST	93		request_0	1603204516504	1603204543697	OK	 
REQUEST	67		request_0	1603204516493	1603204543704	OK	 
REQUEST	45		request_0	1603204516484	1603204543721	OK	 
REQUEST	34		request_0	1603204516478	1603204543806	OK	 
REQUEST	5		request_0	1603204516455	1603204543812	OK	 
REQUEST	82		request_0	1603204516499	1603204543836	OK	 
REQUEST	78		request_0	1603204516497	1603204543986	OK	 
REQUEST	88		request_0	1603204516502	1603204544200	OK	 
REQUEST	70		request_0	1603204516494	1603204544201	OK	 
REQUEST	79		request_0	1603204516498	1603204544206	OK	 
REQUEST	87		request_0	1603204516502	1603204544212	OK	 
REQUEST	66		request_0	1603204516493	1603204544240	OK	 
REQUEST	48		request_0	1603204516486	1603204544316	OK	 
REQUEST	42		request_0	1603204516483	1603204544328	OK	 
REQUEST	38		request_0	1603204516481	1603204544334	OK	 
REQUEST	36		request_0	1603204516479	1603204544383	OK	 
REQUEST	40		request_0	1603204516482	1603204544989	OK	 
REQUEST	51		request_0	1603204516487	1603204545054	OK	 
REQUEST	95		request_0	1603204516505	1603204545309	OK	 
REQUEST	81		request_0	1603204516499	1603204545443	OK	 
REQUEST	89		request_0	1603204516503	1603204545443	OK	 
REQUEST	28		request_0	1603204516476	1603204545497	OK	 
REQUEST	22		request_0	1603204516473	1603204545497	OK	 
REQUEST	94		request_0	1603204516504	1603204545498	OK	 
REQUEST	92		request_0	1603204516504	1603204545505	OK	 
REQUEST	58		request_0	1603204516490	1603204545522	OK	 
REQUEST	97		request_0	1603204516506	1603204545752	OK	 
REQUEST	23		request_0	1603204516474	1603204545839	OK	 
REQUEST	99		request_0	1603204516506	1603204546795	OK	 
REQUEST	59		request_0	1603204516490	1603204547214	OK	 
REQUEST	52		request_0	1603204516488	1603204547413	OK	 
REQUEST	37		request_0	1603204516480	1603204547984	OK	 
REQUEST	30		Autenticacao	1603204547448	1603204548480	OK	 
REQUEST	30		Autenticacao Redirect 1	1603204548487	1603204548801	OK	 
REQUEST	91		request_0	1603204516503	1603204549277	OK	 
REQUEST	76		Autenticacao	1603204549282	1603204549624	OK	 
REQUEST	62		request_0	1603204516491	1603204550488	OK	 
REQUEST	37		Autenticacao	1603204551062	1603204551215	OK	 
REQUEST	37		Autenticacao Redirect 1	1603204551216	1603204551305	OK	 
REQUEST	24		Autenticacao	1603204550182	1603204551310	OK	 
REQUEST	24		Autenticacao Redirect 1	1603204551311	1603204551407	OK	 
REQUEST	90		request_0	1603204516503	1603204551671	OK	 
REQUEST	32		Autenticacao	1603204550042	1603204551697	OK	 
REQUEST	84		Autenticacao	1603204551543	1603204551720	OK	 
REQUEST	31		Autenticacao	1603204551682	1603204551910	OK	 
REQUEST	32		Autenticacao Redirect 1	1603204551698	1603204551912	OK	 
REQUEST	84		Autenticacao Redirect 1	1603204551721	1603204551961	OK	 
REQUEST	31		Autenticacao Redirect 1	1603204551911	1603204552354	OK	 
REQUEST	29		Autenticacao	1603204552283	1603204552581	OK	 
REQUEST	88		Autenticacao	1603204552353	1603204552667	OK	 
REQUEST	65		Autenticacao	1603204552372	1603204552743	OK	 
REQUEST	39		Autenticacao	1603204552452	1603204552840	OK	 
REQUEST	29		Autenticacao Redirect 1	1603204552582	1603204552936	OK	 
REQUEST	86		Autenticacao	1603204552732	1603204553019	OK	 
REQUEST	65		Autenticacao Redirect 1	1603204552744	1603204553027	OK	 
REQUEST	54		Autenticacao	1603204552762	1603204553072	OK	 
REQUEST	39		Autenticacao Redirect 1	1603204552841	1603204553291	OK	 
REQUEST	88		Autenticacao Redirect 1	1603204552669	1603204553307	OK	 
REQUEST	38		Autenticacao	1603204552812	1603204553307	OK	 
REQUEST	54		Autenticacao Redirect 1	1603204553073	1603204553391	OK	 
REQUEST	99		Autenticacao	1603204553082	1603204553417	OK	 
REQUEST	99		Autenticacao Redirect 1	1603204553418	1603204553695	OK	 
REQUEST	62		Autenticacao	1603204553572	1603204553772	OK	 
REQUEST	21		Autenticacao	1603204553542	1603204553772	OK	 
REQUEST	91		Autenticacao	1603204553582	1603204553772	OK	 
REQUEST	21		Autenticacao Redirect 1	1603204553772	1603204553819	OK	 
REQUEST	62		Autenticacao Redirect 1	1603204553772	1603204553818	OK	 
REQUEST	91		Autenticacao Redirect 1	1603204553772	1603204553819	OK	 
REQUEST	60		Autenticacao	1603204554023	1603204554080	OK	 
REQUEST	34		Autenticacao	1603204554072	1603204554116	OK	 
REQUEST	60		Autenticacao Redirect 1	1603204554080	1603204554117	OK	 
REQUEST	34		Autenticacao Redirect 1	1603204554117	1603204554169	OK	 
REQUEST	73		Autenticacao	1603204554342	1603204554387	OK	 
REQUEST	73		Autenticacao Redirect 1	1603204554387	1603204554451	OK	 
REQUEST	76		Autenticacao Redirect 1	1603204549626	1603204556738	OK	 
REQUEST	69		Autenticacao	1603204554742	1603204556785	OK	 
REQUEST	38		Autenticacao Redirect 1	1603204553308	1603204556795	OK	 
REQUEST	44		Autenticacao	1603204554792	1603204556809	OK	 
REQUEST	78		Autenticacao	1603204554572	1603204556811	OK	 
REQUEST	94		Autenticacao	1603204554823	1603204556812	OK	 
REQUEST	86		Autenticacao Redirect 1	1603204553020	1603204556825	OK	 
REQUEST	57		Autenticacao	1603204554772	1603204556836	OK	 
REQUEST	25		Autenticacao	1603204554812	1603204556842	OK	 
REQUEST	3		Autenticacao	1603204554112	1603204556850	OK	 
REQUEST	64		Autenticacao	1603204552563	1603204556850	OK	 
REQUEST	35		Autenticacao	1603204554692	1603204556850	OK	 
REQUEST	89		Autenticacao	1603204554892	1603204556851	OK	 
REQUEST	50		Autenticacao	1603204554792	1603204556857	OK	 
REQUEST	56		Autenticacao	1603204553932	1603204556858	OK	 
REQUEST	66		Autenticacao	1603204554842	1603204556859	OK	 
REQUEST	69		Autenticacao Redirect 1	1603204556785	1603204556864	OK	 
REQUEST	92		Autenticacao	1603204554792	1603204556867	OK	 
REQUEST	82		Autenticacao	1603204554762	1603204556869	OK	 
REQUEST	98		Autenticacao	1603204554552	1603204556876	OK	 
REQUEST	16		Autenticacao	1603204552402	1603204556891	OK	 
REQUEST	48		Autenticacao	1603204552732	1603204556898	OK	 
REQUEST	94		Autenticacao Redirect 1	1603204556813	1603204556948	OK	 
REQUEST	89		Autenticacao Redirect 1	1603204556851	1603204557116	OK	 
REQUEST	82		Autenticacao Redirect 1	1603204556869	1603204557202	OK	 
REQUEST	92		Autenticacao Redirect 1	1603204556867	1603204557202	OK	 
REQUEST	48		Autenticacao Redirect 1	1603204556898	1603204557276	OK	 
REQUEST	44		Autenticacao Redirect 1	1603204556810	1603204557276	OK	 
REQUEST	78		Autenticacao Redirect 1	1603204556812	1603204557282	OK	 
REQUEST	25		Autenticacao Redirect 1	1603204556842	1603204557319	OK	 
REQUEST	57		Autenticacao Redirect 1	1603204556841	1603204557325	OK	 
REQUEST	35		Autenticacao Redirect 1	1603204556851	1603204557342	OK	 
REQUEST	64		Autenticacao Redirect 1	1603204556851	1603204557342	OK	 
REQUEST	3		Autenticacao Redirect 1	1603204556850	1603204557355	OK	 
REQUEST	50		Autenticacao Redirect 1	1603204556858	1603204557363	OK	 
REQUEST	56		Autenticacao Redirect 1	1603204556859	1603204557364	OK	 
REQUEST	66		Autenticacao Redirect 1	1603204556860	1603204557369	OK	 
REQUEST	16		Autenticacao Redirect 1	1603204556891	1603204557397	OK	 
REQUEST	98		Autenticacao Redirect 1	1603204556877	1603204557397	OK	 
REQUEST	18		Autenticacao	1603204557732	1603204557849	OK	 
REQUEST	83		Autenticacao	1603204557722	1603204557849	OK	 
REQUEST	47		Autenticacao	1603204557742	1603204557850	OK	 
REQUEST	40		Autenticacao	1603204557742	1603204557849	OK	 
REQUEST	68		Autenticacao	1603204557742	1603204557874	OK	 
REQUEST	74		Autenticacao	1603204557722	1603204557874	OK	 
REQUEST	42		Autenticacao	1603204557722	1603204557874	OK	 
REQUEST	52		Autenticacao	1603204557752	1603204557875	OK	 
REQUEST	80		Autenticacao	1603204557752	1603204557875	OK	 
REQUEST	22		Autenticacao	1603204557762	1603204557875	OK	 
REQUEST	96		Autenticacao	1603204557802	1603204557892	OK	 
REQUEST	53		Autenticacao	1603204557782	1603204557892	OK	 
REQUEST	93		Autenticacao	1603204557762	1603204557893	OK	 
REQUEST	11		Autenticacao	1603204557812	1603204557937	OK	 
REQUEST	9		Autenticacao	1603204557812	1603204557937	OK	 
REQUEST	97		Autenticacao	1603204557823	1603204557937	OK	 
REQUEST	20		Autenticacao	1603204557832	1603204557937	OK	 
REQUEST	18		Autenticacao Redirect 1	1603204557849	1603204557994	OK	 
REQUEST	40		Autenticacao Redirect 1	1603204557851	1603204557994	OK	 
REQUEST	10		Autenticacao	1603204557862	1603204557994	OK	 
REQUEST	45		Autenticacao	1603204557872	1603204557994	OK	 
REQUEST	47		Autenticacao Redirect 1	1603204557850	1603204557994	OK	 
REQUEST	13		Autenticacao	1603204557872	1603204557994	OK	 
REQUEST	55		Autenticacao	1603204557862	1603204558020	OK	 
REQUEST	80		Autenticacao Redirect 1	1603204557875	1603204558045	OK	 
REQUEST	74		Autenticacao Redirect 1	1603204557874	1603204558076	OK	 
REQUEST	22		Autenticacao Redirect 1	1603204557875	1603204558076	OK	 
REQUEST	52		Autenticacao Redirect 1	1603204557875	1603204558102	OK	 
REQUEST	83		Autenticacao Redirect 1	1603204557849	1603204558123	OK	 
REQUEST	97		Autenticacao Redirect 1	1603204557937	1603204558142	OK	 
REQUEST	9		Autenticacao Redirect 1	1603204557937	1603204558142	OK	 
REQUEST	45		Autenticacao Redirect 1	1603204557994	1603204558160	OK	 
REQUEST	55		Autenticacao Redirect 1	1603204558020	1603204558253	OK	 
REQUEST	53		Autenticacao Redirect 1	1603204557893	1603204558274	OK	 
REQUEST	11		Autenticacao Redirect 1	1603204557937	1603204558295	OK	 
REQUEST	12		Autenticacao	1603204558331	1603204558395	OK	 
REQUEST	12		Autenticacao Redirect 1	1603204558396	1603204558455	OK	 
REQUEST	46		Autenticacao	1603204558452	1603204558506	OK	 
REQUEST	46		Autenticacao Redirect 1	1603204558507	1603204558545	OK	 
REQUEST	85		Autenticacao	1603204558052	1603204563030	OK	 
REQUEST	13		Autenticacao Redirect 1	1603204557995	1603204563030	OK	 
REQUEST	2		Autenticacao	1603204557991	1603204563031	OK	 
REQUEST	20		Autenticacao Redirect 1	1603204557937	1603204563037	OK	 
REQUEST	96		Autenticacao Redirect 1	1603204557893	1603204563041	OK	 
REQUEST	43		Autenticacao	1603204558132	1603204563041	OK	 
REQUEST	5		Autenticacao	1603204558272	1603204563031	OK	 
REQUEST	27		Autenticacao	1603204558232	1603204563042	OK	 
REQUEST	93		Autenticacao Redirect 1	1603204557893	1603204563045	OK	 
REQUEST	68		Autenticacao Redirect 1	1603204557874	1603204563045	OK	 
REQUEST	10		Autenticacao Redirect 1	1603204557994	1603204563047	OK	 
REQUEST	42		Autenticacao Redirect 1	1603204557875	1603204563054	OK	 
REQUEST	24		request_49	1603204559151	1603204563083	OK	 
REQUEST	37		request_49	1603204558912	1603204563083	OK	 
REQUEST	30		request_49	1603204559372	1603204563083	OK	 
REQUEST	61		Autenticacao	1603204558382	1603204563131	OK	 
REQUEST	77		Autenticacao	1603204558442	1603204563144	OK	 
REQUEST	28		Autenticacao	1603204558932	1603204563150	OK	 
REQUEST	87		Autenticacao	1603204558332	1603204563150	OK	 
REQUEST	41		Autenticacao	1603204558382	1603204563163	OK	 
REQUEST	1		Autenticacao	1603204558572	1603204563170	OK	 
REQUEST	100		Autenticacao	1603204558342	1603204563171	OK	 
REQUEST	36		Autenticacao	1603204558452	1603204563183	OK	 
REQUEST	67		Autenticacao	1603204558232	1603204563229	OK	 
REQUEST	79		Autenticacao	1603204558332	1603204563229	OK	 
REQUEST	95		Autenticacao	1603204558091	1603204563229	OK	 
REQUEST	15		Autenticacao	1603204558242	1603204563229	OK	 
REQUEST	19		Autenticacao	1603204558382	1603204563242	OK	 
REQUEST	59		Autenticacao	1603204558352	1603204563242	OK	 
REQUEST	75		Autenticacao	1603204558412	1603204563265	OK	 
REQUEST	6		Autenticacao	1603204558463	1603204563307	OK	 
REQUEST	70		Autenticacao	1603204558392	1603204563308	OK	 
REQUEST	26		Autenticacao	1603204558171	1603204563411	OK	 
REQUEST	90		Autenticacao	1603204558432	1603204563434	OK	 
REQUEST	2		Autenticacao Redirect 1	1603204563032	1603204563526	OK	 
REQUEST	61		Autenticacao Redirect 1	1603204563131	1603204563604	OK	 
REQUEST	100		Autenticacao Redirect 1	1603204563171	1603204563648	OK	 
REQUEST	79		Autenticacao Redirect 1	1603204563229	1603204563691	OK	 
REQUEST	95		Autenticacao Redirect 1	1603204563229	1603204563717	OK	 
REQUEST	59		Autenticacao Redirect 1	1603204563243	1603204563737	OK	 
REQUEST	43		Autenticacao Redirect 1	1603204563042	1603204563741	OK	 
REQUEST	77		Autenticacao Redirect 1	1603204563144	1603204563773	OK	 
REQUEST	36		Autenticacao Redirect 1	1603204563183	1603204563773	OK	 
REQUEST	28		Autenticacao Redirect 1	1603204563151	1603204563780	OK	 
REQUEST	1		Autenticacao Redirect 1	1603204563170	1603204563780	OK	 
REQUEST	87		Autenticacao Redirect 1	1603204563151	1603204563779	OK	 
REQUEST	67		Autenticacao Redirect 1	1603204563229	1603204563794	OK	 
REQUEST	15		Autenticacao Redirect 1	1603204563229	1603204563795	OK	 
REQUEST	41		Autenticacao Redirect 1	1603204563163	1603204563795	OK	 
REQUEST	19		Autenticacao Redirect 1	1603204563243	1603204563829	OK	 
REQUEST	75		Autenticacao Redirect 1	1603204563265	1603204563829	OK	 
REQUEST	27		Autenticacao Redirect 1	1603204563043	1603204564437	OK	 
REQUEST	99		request_49	1603204564441	1603204564496	OK	 
REQUEST	32		request_49	1603204564441	1603204564496	OK	 
REQUEST	60		request_49	1603204564441	1603204564496	OK	 
REQUEST	81		Autenticacao	1603204564051	1603204564497	OK	 
REQUEST	73		request_49	1603204564441	1603204564503	OK	 
REQUEST	7		Autenticacao	1603204564062	1603204564518	OK	 
REQUEST	33		Autenticacao	1603204564051	1603204564518	OK	 
REQUEST	17		Autenticacao	1603204564052	1603204564519	OK	 
REQUEST	71		Autenticacao	1603204564062	1603204564519	OK	 
REQUEST	84		request_49	1603204564512	1603204564557	OK	 
REQUEST	34		request_49	1603204564512	1603204564557	OK	 
REQUEST	39		request_49	1603204564561	1603204564611	OK	 
REQUEST	31		request_49	1603204564592	1603204564637	OK	 
REQUEST	54		request_49	1603204564642	1603204564689	OK	 
REQUEST	65		request_49	1603204564662	1603204564712	OK	 
REQUEST	90		Autenticacao Redirect 1	1603204563434	1603204564713	OK	 
REQUEST	91		request_49	1603204564742	1603204564790	OK	 
REQUEST	26		Autenticacao Redirect 1	1603204563412	1603204565196	OK	 
REQUEST	58		Autenticacao	1603204566272	1603204566324	OK	 
REQUEST	58		Autenticacao Redirect 1	1603204566324	1603204566360	OK	 
REQUEST	4		Autenticacao	1603204564072	1603204568113	OK	 
REQUEST	81		Autenticacao Redirect 1	1603204564497	1603204568115	OK	 
REQUEST	6		Autenticacao Redirect 1	1603204563307	1603204568116	OK	 
REQUEST	71		Autenticacao Redirect 1	1603204564519	1603204568118	OK	 
REQUEST	33		Autenticacao Redirect 1	1603204564518	1603204568123	OK	 
REQUEST	7		Autenticacao Redirect 1	1603204564518	1603204568128	OK	 
REQUEST	17		Autenticacao Redirect 1	1603204564519	1603204568131	OK	 
REQUEST	8		Autenticacao	1603204558232	1603204568133	OK	 
REQUEST	85		Autenticacao Redirect 1	1603204563031	1603204568137	OK	 
REQUEST	5		Autenticacao Redirect 1	1603204563042	1603204568146	OK	 
REQUEST	63		Autenticacao	1603204564212	1603204568155	OK	 
REQUEST	86		request_49	1603204564771	1603204568160	OK	 
REQUEST	82		request_49	1603204564922	1603204568160	OK	 
REQUEST	23		Autenticacao	1603204564682	1603204568161	OK	 
REQUEST	49		Autenticacao	1603204565382	1603204568161	OK	 
REQUEST	50		request_49	1603204564942	1603204568162	OK	 
REQUEST	57		request_49	1603204564942	1603204568164	OK	 
REQUEST	25		request_49	1603204564942	1603204568166	OK	 
REQUEST	76		request_49	1603204564512	1603204568166	OK	 
REQUEST	38		request_49	1603204564771	1603204568166	OK	 
REQUEST	21		request_49	1603204564431	1603204568166	OK	 
REQUEST	94		request_49	1603204564782	1603204568167	OK	 
REQUEST	3		request_49	1603204564942	1603204568166	OK	 
REQUEST	69		request_49	1603204564771	1603204568168	OK	 
REQUEST	78		request_49	1603204565022	1603204568168	OK	 
REQUEST	92		request_49	1603204564942	1603204568168	OK	 
REQUEST	35		request_49	1603204565132	1603204568169	OK	 
REQUEST	89		request_49	1603204564812	1603204568170	OK	 
REQUEST	64		request_49	1603204565012	1603204568172	OK	 
REQUEST	62		request_49	1603204564512	1603204568172	OK	 
REQUEST	29		request_49	1603204564662	1603204568172	OK	 
REQUEST	88		request_49	1603204564441	1603204568172	OK	 
REQUEST	14		Autenticacao	1603204564052	1603204568249	OK	 
REQUEST	72		Autenticacao	1603204564051	1603204568262	OK	 
REQUEST	4		Autenticacao Redirect 1	1603204568114	1603204568459	OK	 
REQUEST	23		Autenticacao Redirect 1	1603204568161	1603204568518	OK	 
REQUEST	8		Autenticacao Redirect 1	1603204568134	1603204568614	OK	 
REQUEST	63		Autenticacao Redirect 1	1603204568155	1603204568643	OK	 
REQUEST	49		Autenticacao Redirect 1	1603204568162	1603204568643	OK	 
REQUEST	98		request_49	1603204570032	1603204570077	OK	 
REQUEST	66		request_49	1603204570032	1603204570080	OK	 
REQUEST	56		request_49	1603204570042	1603204570086	OK	 
REQUEST	70		Autenticacao Redirect 1	1603204563308	1603204570096	OK	 
REQUEST	16		request_49	1603204570192	1603204570236	OK	 
REQUEST	31		request_63	1603204570812	1603204570859	OK	 
REQUEST	84		request_63	1603204570832	1603204570875	OK	 
REQUEST	60		request_63	1603204570832	1603204570875	OK	 
REQUEST	73		request_63	1603204570842	1603204570886	OK	 
REQUEST	69		request_63	1603204570862	1603204570907	OK	 
REQUEST	37		request_63	1603204570862	1603204570914	OK	 
REQUEST	82		request_63	1603204570952	1603204571000	OK	 
REQUEST	50		request_63	1603204570963	1603204571009	OK	 
REQUEST	94		request_63	1603204570972	1603204571016	OK	 
REQUEST	76		request_63	1603204570972	1603204571016	OK	 
REQUEST	34		request_63	1603204570972	1603204571016	OK	 
REQUEST	35		request_63	1603204570982	1603204571026	OK	 
REQUEST	57		request_63	1603204570992	1603204571036	OK	 
REQUEST	64		request_63	1603204570992	1603204571036	OK	 
REQUEST	86		request_63	1603204570992	1603204571042	OK	 
REQUEST	21		request_63	1603204571002	1603204571048	OK	 
REQUEST	25		request_63	1603204571002	1603204571048	OK	 
REQUEST	3		request_63	1603204571012	1603204571057	OK	 
REQUEST	38		request_63	1603204571002	1603204571057	OK	 
REQUEST	92		request_63	1603204571012	1603204571057	OK	 
REQUEST	62		request_63	1603204571012	1603204571057	OK	 
REQUEST	89		request_63	1603204571022	1603204571071	OK	 
REQUEST	78		request_63	1603204571022	1603204571071	OK	 
REQUEST	72		Autenticacao Redirect 1	1603204568263	1603204571200	OK	 
REQUEST	88		request_63	1603204571232	1603204571287	OK	 
REQUEST	32		request_63	1603204571242	1603204571294	OK	 
REQUEST	30		request_63	1603204571272	1603204571320	OK	 
REQUEST	39		request_63	1603204571282	1603204571326	OK	 
REQUEST	99		request_63	1603204571272	1603204571326	OK	 
REQUEST	24		request_63	1603204571282	1603204571340	OK	 
REQUEST	11		request_49	1603204571392	1603204571439	OK	 
REQUEST	65		request_63	1603204571411	1603204571458	OK	 
REQUEST	55		request_49	1603204571432	1603204571475	OK	 
REQUEST	83		request_49	1603204571442	1603204571486	OK	 
REQUEST	47		request_49	1603204571522	1603204571572	OK	 
REQUEST	91		request_63	1603204571541	1603204571586	OK	 
REQUEST	54		request_63	1603204571541	1603204571596	OK	 
REQUEST	97		request_49	1603204571611	1603204571654	OK	 
REQUEST	29		request_63	1603204571872	1603204571920	OK	 
REQUEST	10		request_49	1603204572112	1603204572158	OK	 
REQUEST	74		request_49	1603204572192	1603204572244	OK	 
REQUEST	56		request_63	1603204572272	1603204572320	OK	 
REQUEST	66		request_63	1603204572272	1603204572320	OK	 
REQUEST	42		request_49	1603204572272	1603204572320	OK	 
REQUEST	98		request_63	1603204572272	1603204572321	OK	 
REQUEST	90		request_49	1603204572282	1603204572327	OK	 
REQUEST	16		request_63	1603204572362	1603204572411	OK	 
REQUEST	26		request_49	1603204572382	1603204572433	OK	 
REQUEST	31		request_71	1603204572902	1603204572946	OK	 
REQUEST	73		request_71	1603204572912	1603204572958	OK	 
REQUEST	60		request_71	1603204572922	1603204572967	OK	 
REQUEST	84		request_71	1603204572912	1603204572967	OK	 
REQUEST	69		request_71	1603204572951	1603204572997	OK	 
REQUEST	37		request_71	1603204572951	1603204573000	OK	 
REQUEST	82		request_71	1603204573031	1603204573079	OK	 
REQUEST	34		request_71	1603204573042	1603204573089	OK	 
REQUEST	76		request_71	1603204573042	1603204573089	OK	 
REQUEST	50		request_71	1603204573052	1603204573102	OK	 
REQUEST	35		request_71	1603204573062	1603204573108	OK	 
REQUEST	64		request_71	1603204573072	1603204573123	OK	 
REQUEST	86		request_71	1603204573072	1603204573123	OK	 
REQUEST	94		request_71	1603204573072	1603204573123	OK	 
REQUEST	57		request_71	1603204573081	1603204573129	OK	 
REQUEST	21		request_71	1603204573081	1603204573136	OK	 
REQUEST	25		request_71	1603204573091	1603204573142	OK	 
REQUEST	38		request_71	1603204573102	1603204573142	OK	 
REQUEST	3		request_71	1603204573112	1603204573155	OK	 
REQUEST	62		request_71	1603204573122	1603204573168	OK	 
REQUEST	78		request_71	1603204573132	1603204573180	OK	 
REQUEST	89		request_71	1603204573152	1603204573208	OK	 
REQUEST	92		request_71	1603204573161	1603204573216	OK	 
REQUEST	88		request_71	1603204573322	1603204573372	OK	 
REQUEST	32		request_71	1603204573342	1603204573397	OK	 
REQUEST	30		request_71	1603204573351	1603204573403	OK	 
REQUEST	39		request_71	1603204573362	1603204573410	OK	 
REQUEST	24		request_71	1603204573372	1603204573426	OK	 
REQUEST	99		request_71	1603204573392	1603204573443	OK	 
REQUEST	65		request_71	1603204573502	1603204573553	OK	 
REQUEST	58		request_49	1603204573541	1603204573592	OK	 
REQUEST	11		request_63	1603204573572	1603204573628	OK	 
REQUEST	55		request_63	1603204573611	1603204573661	OK	 
REQUEST	83		request_63	1603204573611	1603204573664	OK	 
REQUEST	91		request_71	1603204573611	1603204573664	OK	 
REQUEST	54		request_71	1603204573621	1603204573667	OK	 
REQUEST	47		request_63	1603204573721	1603204573763	OK	 
REQUEST	97		request_63	1603204573792	1603204573843	OK	 
REQUEST	29		request_71	1603204573962	1603204574007	OK	 
REQUEST	10		request_63	1603204574282	1603204574326	OK	 
REQUEST	56		request_71	1603204574352	1603204574396	OK	 
REQUEST	66		request_71	1603204574352	1603204574402	OK	 
REQUEST	98		request_71	1603204574361	1603204574409	OK	 
REQUEST	74		request_63	1603204574361	1603204574409	OK	 
REQUEST	42		request_63	1603204574421	1603204574463	OK	 
REQUEST	90		request_63	1603204574452	1603204574500	OK	 
REQUEST	16		request_71	1603204574472	1603204574518	OK	 
REQUEST	26		request_63	1603204574552	1603204574599	OK	 
REQUEST	22		request_49	1603204575122	1603204575168	OK	 
REQUEST	12		request_49	1603204575122	1603204575168	OK	 
REQUEST	18		request_49	1603204575122	1603204575168	OK	 
REQUEST	52		request_49	1603204575122	1603204575168	OK	 
REQUEST	80		request_49	1603204575142	1603204575187	OK	 
REQUEST	2		request_49	1603204575172	1603204575221	OK	 
REQUEST	45		request_49	1603204575231	1603204575281	OK	 
REQUEST	14		Autenticacao Redirect 1	1603204568249	1603204575417	OK	 
REQUEST	59		request_49	1603204575482	1603204575526	OK	 
REQUEST	28		request_49	1603204575591	1603204575636	OK	 
REQUEST	1		request_49	1603204575642	1603204575691	OK	 
REQUEST	48		request_49	1603204575652	1603204575699	OK	 
REQUEST	95		request_49	1603204575652	1603204575699	OK	 
REQUEST	36		request_49	1603204575681	1603204575723	OK	 
REQUEST	79		request_49	1603204575681	1603204575723	OK	 
REQUEST	100		request_49	1603204575681	1603204575732	OK	 
REQUEST	11		request_71	1603204575692	1603204575739	OK	 
REQUEST	55		request_71	1603204575712	1603204575754	OK	 
REQUEST	83		request_71	1603204575751	1603204575800	OK	 
REQUEST	58		request_63	1603204575792	1603204575843	OK	 
REQUEST	47		request_71	1603204575812	1603204575862	OK	 
REQUEST	19		request_49	1603204575841	1603204575891	OK	 
REQUEST	93		request_49	1603204575862	1603204575905	OK	 
REQUEST	97		request_71	1603204575872	1603204575923	OK	 
REQUEST	53		request_49	1603204575922	1603204575965	OK	 
REQUEST	40		request_49	1603204575971	1603204576020	OK	 
REQUEST	71		request_49	1603204575971	1603204576020	OK	 
REQUEST	68		request_49	1603204576022	1603204576069	OK	 
REQUEST	9		request_49	1603204576022	1603204576077	OK	 
REQUEST	4		request_49	1603204576072	1603204576123	OK	 
REQUEST	7		request_49	1603204576102	1603204576152	OK	 
REQUEST	23		request_49	1603204576102	1603204576153	OK	 
REQUEST	63		request_49	1603204576152	1603204576200	OK	 
REQUEST	8		request_49	1603204576152	1603204576200	OK	 
REQUEST	33		request_49	1603204576152	1603204576200	OK	 
REQUEST	49		request_49	1603204576152	1603204576203	OK	 
REQUEST	20		request_49	1603204576172	1603204576214	OK	 
REQUEST	96		request_49	1603204576172	1603204576214	OK	 
REQUEST	6		request_49	1603204576191	1603204576232	OK	 
REQUEST	13		request_49	1603204576191	1603204576239	OK	 
REQUEST	81		request_49	1603204576202	1603204576260	OK	 
REQUEST	17		request_49	1603204576202	1603204576261	OK	 
REQUEST	75		request_49	1603204576222	1603204576268	OK	 
REQUEST	5		request_49	1603204576241	1603204576290	OK	 
REQUEST	85		request_49	1603204576251	1603204576296	OK	 
REQUEST	77		request_49	1603204576322	1603204576365	OK	 
REQUEST	10		request_71	1603204576361	1603204576408	OK	 
REQUEST	27		request_49	1603204576411	1603204576458	OK	 
REQUEST	74		request_71	1603204576451	1603204576502	OK	 
REQUEST	42		request_71	1603204576511	1603204576561	OK	 
REQUEST	43		request_49	1603204576532	1603204576574	OK	 
REQUEST	90		request_71	1603204576532	1603204576586	OK	 
REQUEST	61		request_49	1603204576572	1603204576621	OK	 
REQUEST	26		request_71	1603204576631	1603204576682	OK	 
REQUEST	15		request_49	1603204576652	1603204576704	OK	 
REQUEST	41		request_49	1603204576762	1603204576820	OK	 
REQUEST	67		request_49	1603204576842	1603204576889	OK	 
REQUEST	70		request_49	1603204577302	1603204577346	OK	 
REQUEST	80		request_63	1603204577431	1603204577476	OK	 
REQUEST	22		request_63	1603204577431	1603204577476	OK	 
REQUEST	18		request_63	1603204577442	1603204577486	OK	 
REQUEST	52		request_63	1603204577442	1603204577493	OK	 
REQUEST	2		request_63	1603204577451	1603204577493	OK	 
REQUEST	12		request_63	1603204577451	1603204577493	OK	 
REQUEST	45		request_63	1603204577492	1603204577535	OK	 
REQUEST	59		request_63	1603204577661	1603204577706	OK	 
REQUEST	28		request_63	1603204577782	1603204577825	OK	 
REQUEST	95		request_63	1603204577842	1603204577882	OK	 
REQUEST	1		request_63	1603204577852	1603204577896	OK	 
REQUEST	100		request_63	1603204577852	1603204577896	OK	 
REQUEST	48		request_63	1603204577852	1603204577896	OK	 
REQUEST	79		request_63	1603204577871	1603204577917	OK	 
REQUEST	36		request_63	1603204577871	1603204577917	OK	 
REQUEST	58		request_71	1603204577871	1603204577917	OK	 
REQUEST	19		request_63	1603204578032	1603204578077	OK	 
REQUEST	93		request_63	1603204578041	1603204578089	OK	 
REQUEST	31		request_121	1603204578062	1603204578108	OK	 
REQUEST	53		request_63	1603204578091	1603204578145	OK	 
REQUEST	60		request_121	1603204578101	1603204578145	OK	 
REQUEST	69		request_121	1603204578101	1603204578147	OK	 
REQUEST	73		request_121	1603204578101	1603204578154	OK	 
REQUEST	84		request_121	1603204578112	1603204578170	OK	 
REQUEST	71		request_63	1603204578132	1603204578190	OK	 
REQUEST	37		request_121	1603204578142	1603204578190	OK	 
REQUEST	40		request_63	1603204578161	1603204578205	OK	 
REQUEST	9		request_63	1603204578212	1603204578260	OK	 
REQUEST	68		request_63	1603204578212	1603204578260	OK	 
REQUEST	82		request_121	1603204578231	1603204578281	OK	 
REQUEST	76		request_121	1603204578242	1603204578289	OK	 
REQUEST	34		request_121	1603204578242	1603204578289	OK	 
REQUEST	35		request_121	1603204578252	1603204578302	OK	 
REQUEST	50		request_121	1603204578252	1603204578302	OK	 
REQUEST	64		request_121	1603204578272	1603204578316	OK	 
REQUEST	38		request_121	1603204578272	1603204578322	OK	 
REQUEST	4		request_63	1603204578281	1603204578322	OK	 
REQUEST	7		request_63	1603204578291	1603204578334	OK	 
REQUEST	86		request_121	1603204578291	1603204578334	OK	 
REQUEST	23		request_63	1603204578291	1603204578335	OK	 
REQUEST	57		request_121	1603204578302	1603204578347	OK	 
REQUEST	63		request_63	1603204578302	1603204578353	OK	 
REQUEST	25		request_121	1603204578312	1603204578367	OK	 
REQUEST	21		request_121	1603204578322	1603204578373	OK	 
REQUEST	3		request_121	1603204578322	1603204578373	OK	 
REQUEST	89		request_121	1603204578341	1603204578388	OK	 
REQUEST	96		request_63	1603204578372	1603204578415	OK	 
REQUEST	20		request_63	1603204578372	1603204578415	OK	 
REQUEST	49		request_63	1603204578372	1603204578415	OK	 
REQUEST	8		request_63	1603204578382	1603204578436	OK	 
REQUEST	33		request_63	1603204578391	1603204578436	OK	 
REQUEST	6		request_63	1603204578382	1603204578436	OK	 
REQUEST	72		request_49	1603204578391	1603204578437	OK	 
REQUEST	92		request_121	1603204578391	1603204578443	OK	 
REQUEST	13		request_63	1603204578412	1603204578473	OK	 
REQUEST	17		request_63	1603204578423	1603204578473	OK	 
REQUEST	75		request_63	1603204578452	1603204578505	OK	 
REQUEST	85		request_63	1603204578461	1603204578505	OK	 
REQUEST	5		request_63	1603204578461	1603204578507	OK	 
REQUEST	81		request_63	1603204578482	1603204578526	OK	 
REQUEST	77		request_63	1603204578531	1603204578585	OK	 
REQUEST	88		request_121	1603204578562	1603204578613	OK	 
REQUEST	32		request_121	1603204578611	1603204578657	OK	 
REQUEST	27		request_63	1603204578642	1603204578697	OK	 
REQUEST	99		request_121	1603204578682	1603204578727	OK	 
REQUEST	43		request_63	1603204578682	1603204578727	OK	 
REQUEST	39		request_121	1603204578702	1603204578753	OK	 
REQUEST	24		request_121	1603204578712	1603204578753	OK	 
REQUEST	61		request_63	1603204578772	1603204578819	OK	 
REQUEST	65		request_121	1603204578772	1603204578819	OK	 
REQUEST	15		request_63	1603204578802	1603204578845	OK	 
REQUEST	87		request_49	1603204578822	1603204578867	OK	 
REQUEST	91		request_121	1603204578841	1603204578889	OK	 
REQUEST	54		request_121	1603204578862	1603204578913	OK	 
REQUEST	41		request_63	1603204578952	1603204579002	OK	 
REQUEST	67		request_63	1603204579032	1603204579081	OK	 
REQUEST	29		request_121	1603204579131	1603204579177	OK	 
REQUEST	70		request_63	1603204579482	1603204579526	OK	 
REQUEST	80		request_71	1603204579512	1603204579560	OK	 
REQUEST	12		request_71	1603204579532	1603204579578	OK	 
REQUEST	2		request_71	1603204579532	1603204579578	OK	 
REQUEST	56		request_121	1603204579541	1603204579586	OK	 
REQUEST	18		request_71	1603204579541	1603204579586	OK	 
REQUEST	66		request_121	1603204579541	1603204579588	OK	 
REQUEST	98		request_121	1603204579551	1603204579592	OK	 
REQUEST	52		request_71	1603204579562	1603204579606	OK	 
REQUEST	45		request_71	1603204579572	1603204579619	OK	 
REQUEST	22		request_71	1603204579572	1603204579619	OK	 
REQUEST	16		request_121	1603204579642	1603204579694	OK	 
REQUEST	59		request_71	1603204579732	1603204579778	OK	 
REQUEST	28		request_71	1603204579852	1603204579901	OK	 
REQUEST	95		request_71	1603204579922	1603204579967	OK	 
REQUEST	1		request_71	1603204579931	1603204579976	OK	 
REQUEST	100		request_71	1603204579941	1603204579992	OK	 
REQUEST	79		request_71	1603204579952	1603204579999	OK	 
REQUEST	36		request_71	1603204579952	1603204579999	OK	 
REQUEST	48		request_71	1603204579952	1603204579999	OK	 
REQUEST	93		request_71	1603204580122	1603204580172	OK	 
REQUEST	19		request_71	1603204580122	1603204580172	OK	 
REQUEST	53		request_71	1603204580202	1603204580243	OK	 
REQUEST	71		request_71	1603204580232	1603204580285	OK	 
REQUEST	40		request_71	1603204580251	1603204580293	OK	 
REQUEST	9		request_71	1603204580292	1603204580337	OK	 
REQUEST	68		request_71	1603204580302	1603204580344	OK	 
REQUEST	4		request_71	1603204580361	1603204580403	OK	 
REQUEST	23		request_71	1603204580371	1603204580419	OK	 
REQUEST	7		request_71	1603204580371	1603204580421	OK	 
REQUEST	63		request_71	1603204580402	1603204580447	OK	 
REQUEST	94		request_121	1603204578281	1603204580502	OK	 
REQUEST	46		request_49	1603204575922	1603204580503	OK	 
REQUEST	78		request_121	1603204578372	1603204580504	OK	 
REQUEST	62		request_121	1603204578341	1603204580504	OK	 
REQUEST	30		request_121	1603204578652	1603204580505	OK	 
REQUEST	96		request_71	1603204580471	1603204580517	OK	 
REQUEST	20		request_71	1603204580471	1603204580517	OK	 
REQUEST	49		request_71	1603204580482	1603204580525	OK	 
REQUEST	33		request_71	1603204580492	1603204580538	OK	 
REQUEST	8		request_71	1603204580502	1603204580548	OK	 
REQUEST	6		request_71	1603204580502	1603204580548	OK	 
REQUEST	13		request_71	1603204580531	1603204580582	OK	 
REQUEST	17		request_71	1603204580531	1603204580582	OK	 
REQUEST	75		request_71	1603204580541	1603204580594	OK	 
REQUEST	5		request_71	1603204580551	1603204580601	OK	 
REQUEST	85		request_71	1603204580551	1603204580602	OK	 
REQUEST	81		request_71	1603204580562	1603204580610	OK	 
REQUEST	72		request_63	1603204580622	1603204580669	OK	 
REQUEST	77		request_71	1603204580622	1603204580669	OK	 
REQUEST	27		request_71	1603204580732	1603204580773	OK	 
REQUEST	43		request_71	1603204580752	1603204580798	OK	 
REQUEST	61		request_71	1603204580851	1603204580896	OK	 
REQUEST	15		request_71	1603204580871	1603204580920	OK	 
REQUEST	55		request_121	1603204580892	1603204580942	OK	 
REQUEST	11		request_121	1603204580882	1603204580948	OK	 
REQUEST	83		request_121	1603204580932	1603204580975	OK	 
REQUEST	47		request_121	1603204580991	1603204581040	OK	 
REQUEST	87		request_63	1603204580991	1603204581048	OK	 
REQUEST	41		request_71	1603204581042	1603204581092	OK	 
REQUEST	97		request_121	1603204581062	1603204581104	OK	 
REQUEST	67		request_71	1603204581122	1603204581174	OK	 
REQUEST	51		Autenticacao	1603204581282	1603204581332	OK	 
REQUEST	51		Autenticacao Redirect 1	1603204581332	1603204581370	OK	 
REQUEST	44		request_49	1603204581411	1603204581455	OK	 
REQUEST	70		request_71	1603204581561	1603204581606	OK	 
REQUEST	10		request_121	1603204581592	1603204581634	OK	 
REQUEST	74		request_121	1603204581662	1603204581712	OK	 
REQUEST	42		request_121	1603204581712	1603204581760	OK	 
REQUEST	90		request_121	1603204581732	1603204581773	OK	 
REQUEST	26		request_121	1603204581802	1603204581851	OK	 
REQUEST	72		request_71	1603204582742	1603204582787	OK	 
REQUEST	46		request_63	1603204582751	1603204582795	OK	 
REQUEST	58		request_121	1603204583061	1603204583109	OK	 
REQUEST	87		request_71	1603204583092	1603204583136	OK	 
REQUEST	31		request_147	1603204583172	1603204583219	OK	 
REQUEST	60		request_147	1603204583202	1603204583249	OK	 
REQUEST	73		request_147	1603204583212	1603204583256	OK	 
REQUEST	69		request_147	1603204583212	1603204583256	OK	 
REQUEST	84		request_147	1603204583222	1603204583275	OK	 
REQUEST	37		request_147	1603204583241	1603204583288	OK	 
REQUEST	34		request_147	1603204583331	1603204583382	OK	 
REQUEST	76		request_147	1603204583342	1603204583382	OK	 
REQUEST	50		request_147	1603204583351	1603204583396	OK	 
REQUEST	82		request_147	1603204583361	1603204583406	OK	 
REQUEST	64		request_147	1603204583372	1603204583419	OK	 
REQUEST	35		request_147	1603204583382	1603204583433	OK	 
REQUEST	38		request_147	1603204583382	1603204583433	OK	 
REQUEST	86		request_147	1603204583392	1603204583439	OK	 
REQUEST	57		request_147	1603204583411	1603204583461	OK	 
REQUEST	25		request_147	1603204583442	1603204583489	OK	 
REQUEST	3		request_147	1603204583442	1603204583489	OK	 
REQUEST	21		request_147	1603204583442	1603204583489	OK	 
REQUEST	89		request_147	1603204583462	1603204583515	OK	 
REQUEST	44		request_63	1603204583541	1603204583586	OK	 
REQUEST	92		request_147	1603204583562	1603204583607	OK	 
REQUEST	88		request_147	1603204583682	1603204583729	OK	 
REQUEST	32		request_147	1603204583722	1603204583765	OK	 
REQUEST	99		request_147	1603204583792	1603204583840	OK	 
REQUEST	24		request_147	1603204583821	1603204583866	OK	 
REQUEST	39		request_147	1603204583821	1603204583866	OK	 
REQUEST	65		request_147	1603204583881	1603204583922	OK	 
REQUEST	54		request_147	1603204583961	1603204584009	OK	 
REQUEST	91		request_147	1603204583951	1603204584009	OK	 
REQUEST	29		request_147	1603204584242	1603204584286	OK	 
REQUEST	56		request_147	1603204584651	1603204584696	OK	 
REQUEST	98		request_147	1603204584682	1603204584724	OK	 
REQUEST	66		request_147	1603204584682	1603204584725	OK	 
REQUEST	12		request_121	1603204584721	1603204584761	OK	 
REQUEST	18		request_121	1603204584721	1603204584768	OK	 
REQUEST	80		request_121	1603204584721	1603204584775	OK	 
REQUEST	2		request_121	1603204584731	1603204584782	OK	 
REQUEST	16		request_147	1603204584751	1603204584796	OK	 
REQUEST	52		request_121	1603204584751	1603204584804	OK	 
REQUEST	45		request_121	1603204584761	1603204584804	OK	 
REQUEST	22		request_121	1603204584772	1603204584818	OK	 
REQUEST	46		request_71	1603204584852	1603204584902	OK	 
REQUEST	59		request_121	1603204584901	1603204584949	OK	 
REQUEST	28		request_121	1603204585061	1603204585105	OK	 
REQUEST	1		request_121	1603204585112	1603204585159	OK	 
REQUEST	95		request_121	1603204585112	1603204585159	OK	 
REQUEST	79		request_121	1603204585142	1603204585187	OK	 
REQUEST	100		request_121	1603204585151	1603204585192	OK	 
REQUEST	48		request_121	1603204585151	1603204585192	OK	 
REQUEST	36		request_121	1603204585172	1603204585215	OK	 
REQUEST	19		request_121	1603204585291	1603204585336	OK	 
REQUEST	93		request_121	1603204585301	1603204585345	OK	 
REQUEST	53		request_121	1603204585352	1603204585398	OK	 
REQUEST	40		request_121	1603204585412	1603204585451	OK	 
REQUEST	71		request_121	1603204585402	1603204585451	OK	 
REQUEST	68		request_121	1603204585451	1603204585499	OK	 
REQUEST	9		request_121	1603204585471	1603204585514	OK	 
REQUEST	4		request_121	1603204585572	1603204585620	OK	 
REQUEST	94		request_147	1603204585582	1603204585626	OK	 
REQUEST	78		request_147	1603204585592	1603204585636	OK	 
REQUEST	30		request_147	1603204585611	1603204585659	OK	 
REQUEST	44		request_71	1603204585621	1603204585666	OK	 
REQUEST	62		request_147	1603204585621	1603204585672	OK	 
REQUEST	7		request_121	1603204585631	1603204585684	OK	 
REQUEST	23		request_121	1603204585652	1603204585697	OK	 
REQUEST	63		request_121	1603204585691	1603204585733	OK	 
REQUEST	20		request_121	1603204585762	1603204585804	OK	 
REQUEST	49		request_121	1603204585772	1603204585815	OK	 
REQUEST	96		request_121	1603204585762	1603204585815	OK	 
REQUEST	8		request_121	1603204585782	1603204585827	OK	 
REQUEST	6		request_121	1603204585801	1603204585846	OK	 
REQUEST	13		request_121	1603204585811	1603204585860	OK	 
REQUEST	33		request_121	1603204585811	1603204585860	OK	 
REQUEST	85		request_121	1603204585811	1603204585860	OK	 
REQUEST	17		request_121	1603204585811	1603204585861	OK	 
REQUEST	75		request_121	1603204585831	1603204585882	OK	 
REQUEST	5		request_121	1603204585841	1603204585889	OK	 
REQUEST	81		request_121	1603204585882	1603204585930	OK	 
REQUEST	77		request_121	1603204585921	1603204585976	OK	 
REQUEST	27		request_121	1603204586011	1603204586057	OK	 
REQUEST	11		request_147	1603204586021	1603204586065	OK	 
REQUEST	55		request_147	1603204586031	1603204586075	OK	 
REQUEST	43		request_121	1603204586031	1603204586075	OK	 
REQUEST	83		request_147	1603204586072	1603204586113	OK	 
REQUEST	61		request_121	1603204586101	1603204586151	OK	 
REQUEST	15		request_121	1603204586111	1603204586157	OK	 
REQUEST	47		request_147	1603204586111	1603204586163	OK	 
REQUEST	97		request_147	1603204586152	1603204586202	OK	 
REQUEST	41		request_121	1603204586212	1603204586258	OK	 
REQUEST	31		request_155	1603204586261	1603204586312	OK	 
REQUEST	60		request_155	1603204586282	1603204586330	OK	 
REQUEST	67		request_121	1603204586302	1603204586343	OK	 
REQUEST	69		request_155	1603204586302	1603204586350	OK	 
REQUEST	73		request_155	1603204586312	1603204586357	OK	 
REQUEST	84		request_155	1603204586312	1603204586364	OK	 
REQUEST	37		request_155	1603204586331	1603204586376	OK	 
REQUEST	76		request_155	1603204586422	1603204586468	OK	 
REQUEST	34		request_155	1603204586422	1603204586468	OK	 
REQUEST	64		request_155	1603204586442	1603204586488	OK	 
REQUEST	82		request_155	1603204586432	1603204586488	OK	 
REQUEST	50		request_155	1603204586442	1603204586496	OK	 
REQUEST	35		request_155	1603204586461	1603204586504	OK	 
REQUEST	86		request_155	1603204586472	1603204586519	OK	 
REQUEST	38		request_155	1603204586472	1603204586520	OK	 
REQUEST	57		request_155	1603204586492	1603204586541	OK	 
REQUEST	3		request_155	1603204586521	1603204586575	OK	 
REQUEST	21		request_155	1603204586521	1603204586575	OK	 
REQUEST	25		request_155	1603204586521	1603204586575	OK	 
REQUEST	89		request_155	1603204586542	1603204586593	OK	 
REQUEST	92		request_155	1603204586642	1603204586689	OK	 
REQUEST	10		request_147	1603204586692	1603204586742	OK	 
REQUEST	70		request_121	1603204586742	1603204586792	OK	 
REQUEST	88		request_155	1603204586762	1603204586809	OK	 
REQUEST	74		request_147	1603204586762	1603204586809	OK	 
REQUEST	32		request_155	1603204586812	1603204586861	OK	 
REQUEST	42		request_147	1603204586812	1603204586867	OK	 
REQUEST	90		request_147	1603204586831	1603204586879	OK	 
REQUEST	99		request_155	1603204586881	1603204586937	OK	 
REQUEST	39		request_155	1603204586902	1603204586952	OK	 
REQUEST	26		request_147	1603204586902	1603204586952	OK	 
REQUEST	24		request_155	1603204586902	1603204586952	OK	 
REQUEST	65		request_155	1603204586951	1603204586997	OK	 
REQUEST	54		request_155	1603204587042	1603204587086	OK	 
REQUEST	91		request_155	1603204587042	1603204587086	OK	 
REQUEST	29		request_155	1603204587322	1603204587366	OK	 
REQUEST	56		request_155	1603204587731	1603204587775	OK	 
REQUEST	14		request_49	1603204587762	1603204587806	OK	 
REQUEST	66		request_155	1603204587762	1603204587806	OK	 
REQUEST	98		request_155	1603204587772	1603204587815	OK	 
REQUEST	16		request_155	1603204587822	1603204587863	OK	 
REQUEST	72		request_121	1603204587911	1603204587953	OK	 
REQUEST	58		request_147	1603204588182	1603204588225	OK	 
REQUEST	87		request_121	1603204588301	1603204588347	OK	 
REQUEST	51		request_49	1603204588552	1603204588596	OK	 
REQUEST	94		request_155	1603204588662	1603204588711	OK	 
REQUEST	78		request_155	1603204588672	1603204588718	OK	 
REQUEST	62		request_155	1603204588702	1603204588746	OK	 
REQUEST	30		request_155	1603204588702	1603204588747	OK	 
REQUEST	11		request_155	1603204589102	1603204589145	OK	 
REQUEST	55		request_155	1603204589122	1603204589165	OK	 
REQUEST	83		request_155	1603204589152	1603204589201	OK	 
REQUEST	47		request_155	1603204589191	1603204589233	OK	 
REQUEST	97		request_155	1603204589242	1603204589283	OK	 
REQUEST	31		request_167	1603204589351	1603204589399	OK	 
REQUEST	60		request_167	1603204589372	1603204589416	OK	 
REQUEST	73		request_167	1603204589382	1603204589424	OK	 
REQUEST	69		request_167	1603204589392	1603204589436	OK	 
REQUEST	37		request_167	1603204589401	1603204589451	OK	 
REQUEST	84		request_167	1603204589401	1603204589451	OK	 
REQUEST	76		request_167	1603204589512	1603204589561	OK	 
REQUEST	34		request_167	1603204589512	1603204589561	OK	 
REQUEST	82		request_167	1603204589522	1603204589568	OK	 
REQUEST	64		request_167	1603204589531	1603204589578	OK	 
REQUEST	50		request_167	1603204589531	1603204589578	OK	 
REQUEST	35		request_167	1603204589542	1603204589591	OK	 
REQUEST	86		request_167	1603204589552	1603204589597	OK	 
REQUEST	38		request_167	1603204589562	1603204589617	OK	 
REQUEST	57		request_167	1603204589581	1603204589623	OK	 
REQUEST	21		request_167	1603204589622	1603204589673	OK	 
REQUEST	3		request_167	1603204589622	1603204589673	OK	 
REQUEST	25		request_167	1603204589622	1603204589673	OK	 
REQUEST	89		request_167	1603204589632	1603204589680	OK	 
REQUEST	92		request_167	1603204589722	1603204589772	OK	 
REQUEST	10		request_155	1603204589782	1603204589828	OK	 
REQUEST	12		request_147	1603204589822	1603204589861	OK	 
REQUEST	18		request_147	1603204589822	1603204589861	OK	 
REQUEST	2		request_147	1603204589832	1603204589879	OK	 
REQUEST	80		request_147	1603204589832	1603204589879	OK	 
REQUEST	88		request_167	1603204589841	1603204589887	OK	 
REQUEST	74		request_155	1603204589851	1603204589895	OK	 
REQUEST	52		request_147	1603204589851	1603204589902	OK	 
REQUEST	45		request_147	1603204589862	1603204589909	OK	 
REQUEST	22		request_147	1603204589872	1603204589915	OK	 
REQUEST	32		request_167	1603204589892	1603204589948	OK	 
REQUEST	42		request_155	1603204589901	1603204589948	OK	 
REQUEST	90		request_155	1603204589911	1603204589964	OK	 
REQUEST	14		request_63	1603204589942	1603204589990	OK	 
REQUEST	99		request_167	1603204589962	1603204590013	OK	 
REQUEST	26		request_155	1603204589981	1603204590028	OK	 
REQUEST	24		request_167	1603204589981	1603204590028	OK	 
REQUEST	39		request_167	1603204589981	1603204590037	OK	 
REQUEST	59		request_147	1603204590012	1603204590064	OK	 
REQUEST	46		request_121	1603204590021	1603204590070	OK	 
REQUEST	65		request_167	1603204590032	1603204590087	OK	 
REQUEST	54		request_167	1603204590112	1603204590151	OK	 
REQUEST	91		request_167	1603204590122	1603204590180	OK	 
REQUEST	28		request_147	1603204590161	1603204590208	OK	 
REQUEST	1		request_147	1603204590221	1603204590268	OK	 
REQUEST	95		request_147	1603204590221	1603204590268	OK	 
REQUEST	100		request_147	1603204590252	1603204590296	OK	 
REQUEST	48		request_147	1603204590252	1603204590296	OK	 
REQUEST	79		request_147	1603204590252	1603204590296	OK	 
REQUEST	36		request_147	1603204590272	1603204590322	OK	 
REQUEST	19		request_147	1603204590392	1603204590439	OK	 
REQUEST	29		request_167	1603204590402	1603204590446	OK	 
REQUEST	93		request_147	1603204590402	1603204590447	OK	 
REQUEST	53		request_147	1603204590462	1603204590506	OK	 
REQUEST	40		request_147	1603204590511	1603204590559	OK	 
REQUEST	71		request_147	1603204590521	1603204590573	OK	 
REQUEST	68		request_147	1603204590562	1603204590614	OK	 
REQUEST	9		request_147	1603204590562	1603204590614	OK	 
REQUEST	4		request_147	1603204590662	1603204590708	OK	 
REQUEST	51		request_63	1603204590732	1603204590776	OK	 
REQUEST	7		request_147	1603204590732	1603204590776	OK	 
REQUEST	23		request_147	1603204590742	1603204590789	OK	 
REQUEST	44		request_121	1603204590792	1603204590834	OK	 
REQUEST	63		request_147	1603204590782	1603204590834	OK	 
REQUEST	56		request_167	1603204590812	1603204590855	OK	 
REQUEST	66		request_167	1603204590841	1603204590886	OK	 
REQUEST	98		request_167	1603204590851	1603204590893	OK	 
REQUEST	96		request_147	1603204590872	1603204590913	OK	 
REQUEST	49		request_147	1603204590862	1603204590913	OK	 
REQUEST	20		request_147	1603204590862	1603204590913	OK	 
REQUEST	8		request_147	1603204590892	1603204590941	OK	 
REQUEST	85		request_147	1603204590901	1603204590947	OK	 
REQUEST	16		request_167	1603204590901	1603204590947	OK	 
REQUEST	13		request_147	1603204590911	1603204590954	OK	 
REQUEST	6		request_147	1603204590911	1603204590964	OK	 
REQUEST	17		request_147	1603204590922	1603204590970	OK	 
REQUEST	33		request_147	1603204590932	1603204590977	OK	 
REQUEST	5		request_147	1603204590942	1603204590991	OK	 
REQUEST	75		request_147	1603204590942	1603204590991	OK	 
REQUEST	81		request_147	1603204590992	1603204591056	OK	 
REQUEST	77		request_147	1603204591031	1603204591102	OK	 
REQUEST	27		request_147	1603204591112	1603204591158	OK	 
REQUEST	43		request_147	1603204591142	1603204591188	OK	 
REQUEST	15		request_147	1603204591202	1603204591255	OK	 
REQUEST	61		request_147	1603204591211	1603204591261	OK	 
REQUEST	58		request_155	1603204591261	1603204591310	OK	 
REQUEST	41		request_147	1603204591312	1603204591368	OK	 
REQUEST	67		request_147	1603204591392	1603204591446	OK	 
REQUEST	94		request_167	1603204591741	1603204591785	OK	 
REQUEST	78		request_167	1603204591741	1603204591786	OK	 
REQUEST	62		request_167	1603204591782	1603204591822	OK	 
REQUEST	30		request_167	1603204591782	1603204591833	OK	 
REQUEST	70		request_147	1603204591852	1603204591905	OK	 
REQUEST	14		request_71	1603204592022	1603204592066	OK	 
REQUEST	11		request_167	1603204592171	1603204592218	OK	 
REQUEST	55		request_167	1603204592191	1603204592236	OK	 
REQUEST	83		request_167	1603204592232	1603204592274	OK	 
REQUEST	47		request_167	1603204592261	1603204592307	OK	 
REQUEST	97		request_167	1603204592322	1603204592367	OK	 
REQUEST	31		request_192	1603204592442	1603204592463	OK	 
REQUEST	60		request_192	1603204592471	1603204592499	OK	 
REQUEST	73		request_192	1603204592471	1603204592499	OK	 
REQUEST	69		request_192	1603204592481	1603204592507	OK	 
REQUEST	37		request_192	1603204592512	1603204592538	OK	 
REQUEST	84		request_192	1603204592512	1603204592545	OK	 
REQUEST	34		request_192	1603204592621	1603204592662	OK	 
REQUEST	76		request_192	1603204592621	1603204592662	OK	 
REQUEST	82		request_192	1603204592632	1603204592669	OK	 
REQUEST	64		request_192	1603204592642	1603204592676	OK	 
REQUEST	35		request_192	1603204592652	1603204592676	OK	 
REQUEST	50		request_192	1603204592642	1603204592676	OK	 
REQUEST	86		request_192	1603204592661	1603204592690	OK	 
REQUEST	38		request_192	1603204592671	1603204592702	OK	 
REQUEST	57		request_192	1603204592681	1603204592724	OK	 
REQUEST	3		request_192	1603204592731	1603204592761	OK	 
REQUEST	25		request_192	1603204592731	1603204592761	OK	 
REQUEST	21		request_192	1603204592731	1603204592761	OK	 
REQUEST	89		request_192	1603204592741	1603204592768	OK	 
REQUEST	51		request_71	1603204592811	1603204592856	OK	 
REQUEST	92		request_192	1603204592831	1603204592856	OK	 
REQUEST	10		request_167	1603204592852	1603204592899	OK	 
REQUEST	18		request_155	1603204592891	1603204592943	OK	 
REQUEST	12		request_155	1603204592891	1603204592943	OK	 
REQUEST	80		request_155	1603204592911	1603204592957	OK	 
REQUEST	88		request_192	1603204592932	1603204592957	OK	 
REQUEST	2		request_155	1603204592922	1603204592971	OK	 
REQUEST	52		request_155	1603204592932	1603204592977	OK	 
REQUEST	22		request_155	1603204592942	1603204592986	OK	 
REQUEST	74		request_167	1603204592932	1603204592986	OK	 
REQUEST	45		request_155	1603204592942	1603204592986	OK	 
REQUEST	90		request_167	1603204592991	1603204593039	OK	 
REQUEST	32		request_192	1603204592991	1603204593040	OK	 
REQUEST	42		request_167	1603204592991	1603204593041	OK	 
REQUEST	72		request_147	1603204593021	1603204593070	OK	 
REQUEST	99		request_192	1603204593072	1603204593106	OK	 
REQUEST	26		request_167	1603204593072	1603204593123	OK	 
REQUEST	24		request_192	1603204593092	1603204593134	OK	 
REQUEST	39		request_192	1603204593102	1603204593134	OK	 
REQUEST	59		request_155	1603204593102	1603204593152	OK	 
REQUEST	65		request_192	1603204593152	1603204593171	OK	 
REQUEST	54		request_192	1603204593212	1603204593237	OK	 
REQUEST	91		request_192	1603204593242	1603204593279	OK	 
REQUEST	28		request_155	1603204593242	1603204593292	OK	 
REQUEST	1		request_155	1603204593302	1603204593351	OK	 
REQUEST	95		request_155	1603204593312	1603204593351	OK	 
REQUEST	100		request_155	1603204593331	1603204593379	OK	 
REQUEST	79		request_155	1603204593331	1603204593379	OK	 
REQUEST	48		request_155	1603204593342	1603204593385	OK	 
REQUEST	36		request_155	1603204593352	1603204593403	OK	 
REQUEST	87		request_147	1603204593401	1603204593442	OK	 
REQUEST	19		request_155	1603204593471	1603204593519	OK	 
REQUEST	29		request_192	1603204593492	1603204593519	OK	 
REQUEST	93		request_155	1603204593492	1603204593541	OK	 
REQUEST	53		request_155	1603204593541	1603204593584	OK	 
REQUEST	40		request_155	1603204593592	1603204593641	OK	 
REQUEST	71		request_155	1603204593612	1603204593658	OK	 
REQUEST	68		request_155	1603204593641	1603204593685	OK	 
REQUEST	9		request_155	1603204593651	1603204593693	OK	 
REQUEST	4		request_155	1603204593801	1603204593847	OK	 
REQUEST	7		request_155	1603204593811	1603204593855	OK	 
REQUEST	23		request_155	1603204593851	1603204593903	OK	 
REQUEST	63		request_155	1603204593872	1603204593922	OK	 
REQUEST	56		request_192	1603204593911	1603204593938	OK	 
REQUEST	66		request_192	1603204593932	1603204593963	OK	 
REQUEST	98		request_192	1603204593942	1603204593971	OK	 
REQUEST	20		request_155	1603204593951	1603204593994	OK	 
REQUEST	96		request_155	1603204593951	1603204593994	OK	 
REQUEST	49		request_155	1603204593961	1603204594010	OK	 
REQUEST	8		request_155	1603204593972	1603204594018	OK	 
REQUEST	16		request_192	1603204594002	1603204594031	OK	 
REQUEST	85		request_155	1603204593992	1603204594039	OK	 
REQUEST	6		request_155	1603204594002	1603204594050	OK	 
REQUEST	13		request_155	1603204594002	1603204594050	OK	 
REQUEST	17		request_155	1603204594011	1603204594058	OK	 
REQUEST	33		request_155	1603204594022	1603204594065	OK	 
REQUEST	5		request_155	1603204594061	1603204594114	OK	 
REQUEST	75		request_155	1603204594061	1603204594114	OK	 
REQUEST	81		request_155	1603204594092	1603204594139	OK	 
REQUEST	77		request_155	1603204594131	1603204594185	OK	 
REQUEST	27		request_155	1603204594192	1603204594241	OK	 
REQUEST	43		request_155	1603204594232	1603204594276	OK	 
REQUEST	15		request_155	1603204594291	1603204594330	OK	 
REQUEST	61		request_155	1603204594291	1603204594330	OK	 
REQUEST	58		request_167	1603204594332	1603204594377	OK	 
REQUEST	41		request_155	1603204594402	1603204594447	OK	 
REQUEST	67		request_155	1603204594482	1603204594530	OK	 
REQUEST	94		request_192	1603204594852	1603204594881	OK	 
REQUEST	78		request_192	1603204594852	1603204594882	OK	 
REQUEST	62		request_192	1603204594871	1603204594894	OK	 
REQUEST	30		request_192	1603204594881	1603204594912	OK	 
REQUEST	70		request_155	1603204594941	1603204594985	OK	 
REQUEST	46		request_147	1603204595132	1603204595177	OK	 
REQUEST	11		request_192	1603204595282	1603204595304	OK	 
REQUEST	55		request_192	1603204595302	1603204595329	OK	 
REQUEST	83		request_192	1603204595322	1603204595355	OK	 
REQUEST	47		request_192	1603204595372	1603204595392	OK	 
REQUEST	97		request_192	1603204595431	1603204595463	OK	 
REQUEST	44		request_147	1603204595901	1603204595945	OK	 
REQUEST	10		request_192	1603204595962	1603204595991	OK	 
REQUEST	18		request_167	1603204595991	1603204596039	OK	 
REQUEST	12		request_167	1603204595991	1603204596039	OK	 
REQUEST	80		request_167	1603204596002	1603204596045	OK	 
REQUEST	2		request_167	1603204596012	1603204596061	OK	 
REQUEST	45		request_167	1603204596022	1603204596067	OK	 
REQUEST	52		request_167	1603204596032	1603204596076	OK	 
REQUEST	22		request_167	1603204596032	1603204596076	OK	 
REQUEST	74		request_192	1603204596042	1603204596076	OK	 
REQUEST	90		request_192	1603204596102	1603204596126	OK	 
REQUEST	42		request_192	1603204596112	1603204596131	OK	 
REQUEST	72		request_155	1603204596102	1603204596147	OK	 
REQUEST	26		request_192	1603204596182	1603204596211	OK	 
REQUEST	59		request_167	1603204596182	1603204596232	OK	 
REQUEST	28		request_167	1603204596332	1603204596376	OK	 
REQUEST	95		request_167	1603204596381	1603204596433	OK	 
REQUEST	1		request_167	1603204596392	1603204596433	OK	 
REQUEST	79		request_167	1603204596412	1603204596458	OK	 
REQUEST	48		request_167	1603204596422	1603204596476	OK	 
REQUEST	100		request_167	1603204596422	1603204596483	OK	 
REQUEST	36		request_167	1603204596451	1603204596500	OK	 
REQUEST	87		request_155	1603204596472	1603204596513	OK	 
REQUEST	31		request_201	1603204596561	1603204596609	OK	 
REQUEST	19		request_167	1603204596561	1603204596609	OK	 
REQUEST	93		request_167	1603204596581	1603204596628	OK	 
REQUEST	69		request_201	1603204596592	1603204596636	OK	 
REQUEST	60		request_201	1603204596592	1603204596636	OK	 
REQUEST	73		request_201	1603204596602	1603204596651	OK	 
REQUEST	53		request_167	1603204596622	1603204596664	OK	 
REQUEST	37		request_201	1603204596631	1603204596685	OK	 
REQUEST	84		request_201	1603204596641	1603204596699	OK	 
REQUEST	40		request_167	1603204596682	1603204596729	OK	 
REQUEST	71		request_167	1603204596682	1603204596737	OK	 
REQUEST	68		request_167	1603204596732	1603204596783	OK	 
REQUEST	9		request_167	1603204596732	1603204596783	OK	 
REQUEST	76		request_201	1603204596752	1603204596799	OK	 
REQUEST	34		request_201	1603204596752	1603204596806	OK	 
REQUEST	82		request_201	1603204596752	1603204596807	OK	 
REQUEST	35		request_201	1603204596771	1603204596813	OK	 
REQUEST	50		request_201	1603204596762	1603204596813	OK	 
REQUEST	64		request_201	1603204596762	1603204596813	OK	 
REQUEST	86		request_201	1603204596781	1603204596826	OK	 
REQUEST	38		request_201	1603204596792	1603204596849	OK	 
REQUEST	57		request_201	1603204596831	1603204596876	OK	 
REQUEST	21		request_201	1603204596851	1603204596901	OK	 
REQUEST	25		request_201	1603204596851	1603204596901	OK	 
REQUEST	3		request_201	1603204596851	1603204596908	OK	 
REQUEST	89		request_201	1603204596872	1603204596926	OK	 
REQUEST	4		request_167	1603204596882	1603204596933	OK	 
REQUEST	7		request_167	1603204596892	1603204596939	OK	 
REQUEST	23		request_167	1603204596942	1603204596996	OK	 
REQUEST	92		request_201	1603204596962	1603204597013	OK	 
REQUEST	63		request_167	1603204596962	1603204597024	OK	 
REQUEST	20		request_167	1603204597022	1603204597072	OK	 
REQUEST	49		request_167	1603204597031	1603204597081	OK	 
REQUEST	96		request_167	1603204597041	1603204597089	OK	 
REQUEST	8		request_167	1603204597052	1603204597098	OK	 
REQUEST	88		request_201	1603204597052	1603204597104	OK	 
REQUEST	6		request_167	1603204597081	1603204597130	OK	 
REQUEST	85		request_167	1603204597081	1603204597130	OK	 
REQUEST	13		request_167	1603204597081	1603204597130	OK	 
REQUEST	33		request_167	1603204597102	1603204597146	OK	 
REQUEST	17		request_167	1603204597102	1603204597148	OK	 
REQUEST	75		request_167	1603204597141	1603204597189	OK	 
REQUEST	5		request_167	1603204597141	1603204597189	OK	 
REQUEST	32		request_201	1603204597141	1603204597189	OK	 
REQUEST	81		request_167	1603204597172	1603204597215	OK	 
REQUEST	14		request_121	1603204597202	1603204597244	OK	 
REQUEST	99		request_201	1603204597202	1603204597250	OK	 
REQUEST	77		request_167	1603204597221	1603204597273	OK	 
REQUEST	24		request_201	1603204597231	1603204597273	OK	 
REQUEST	39		request_201	1603204597232	1603204597273	OK	 
REQUEST	65		request_201	1603204597262	1603204597305	OK	 
REQUEST	27		request_167	1603204597271	1603204597314	OK	 
REQUEST	43		request_167	1603204597312	1603204597366	OK	 
REQUEST	54		request_201	1603204597341	1603204597388	OK	 
REQUEST	61		request_167	1603204597362	1603204597410	OK	 
REQUEST	15		request_167	1603204597362	1603204597410	OK	 
REQUEST	91		request_201	1603204597372	1603204597425	OK	 
REQUEST	58		request_192	1603204597451	1603204597487	OK	 
REQUEST	41		request_167	1603204597482	1603204597524	OK	 
REQUEST	67		request_167	1603204597562	1603204597604	OK	 
REQUEST	29		request_201	1603204597622	1603204597660	OK	 
REQUEST	31		request_217	1603204597651	1603204597696	OK	 
REQUEST	60		request_217	1603204597672	1603204597716	OK	 
REQUEST	73		request_217	1603204597682	1603204597724	OK	 
REQUEST	69		request_217	1603204597682	1603204597731	OK	 
USER	ListarAnuncios2	31	END	1603204516477	1603204597767
REQUEST	37		request_217	1603204597722	1603204597771	OK	 
USER	ListarAnuncios2	60	END	1603204516490	1603204597776
USER	ListarAnuncios2	73	END	1603204516495	1603204597783
REQUEST	84		request_217	1603204597732	1603204597785	OK	 
USER	ListarAnuncios2	69	END	1603204516494	1603204597790
USER	ListarAnuncios2	37	END	1603204516480	1603204597834
USER	ListarAnuncios2	84	END	1603204516500	1603204597845
REQUEST	76		request_217	1603204597822	1603204597868	OK	 
REQUEST	34		request_217	1603204597832	1603204597879	OK	 
REQUEST	82		request_217	1603204597851	1603204597894	OK	 
REQUEST	35		request_217	1603204597871	1603204597924	OK	 
REQUEST	50		request_217	1603204597871	1603204597924	OK	 
REQUEST	64		request_217	1603204597871	1603204597924	OK	 
REQUEST	86		request_217	1603204597871	1603204597924	OK	 
USER	ListarAnuncios2	76	END	1603204516496	1603204597932
USER	ListarAnuncios2	34	END	1603204516478	1603204597940
REQUEST	38		request_217	1603204597892	1603204597943	OK	 
REQUEST	57		request_217	1603204597912	1603204597952	OK	 
USER	ListarAnuncios2	82	END	1603204516499	1603204597966
REQUEST	25		request_217	1603204597941	1603204597984	OK	 
REQUEST	21		request_217	1603204597941	1603204597988	OK	 
REQUEST	3		request_217	1603204597942	1603204597988	OK	 
USER	ListarAnuncios2	50	END	1603204516486	1603204597992
USER	ListarAnuncios2	64	END	1603204516492	1603204597993
USER	ListarAnuncios2	86	END	1603204516501	1603204597994
USER	ListarAnuncios2	35	END	1603204516479	1603204597994
REQUEST	89		request_217	1603204597962	1603204598013	OK	 
USER	ListarAnuncios2	38	END	1603204516480	1603204598016
USER	ListarAnuncios2	57	END	1603204516489	1603204598025
USER	ListarAnuncios2	25	END	1603204516474	1603204598054
USER	ListarAnuncios2	3	END	1603204516453	1603204598057
REQUEST	56		request_201	1603204598022	1603204598067	OK	 
REQUEST	51		request_121	1603204598022	1603204598074	OK	 
REQUEST	70		request_167	1603204598032	1603204598074	OK	 
USER	ListarAnuncios2	89	END	1603204516502	1603204598077
USER	ListarAnuncios2	21	END	1603204516472	1603204598078
REQUEST	92		request_217	1603204598042	1603204598093	OK	 
REQUEST	66		request_201	1603204598061	1603204598113	OK	 
REQUEST	98		request_201	1603204598071	1603204598120	OK	 
USER	ListarAnuncios2	92	END	1603204516503	1603204598151
REQUEST	88		request_217	1603204598141	1603204598192	OK	 
REQUEST	16		request_201	1603204598141	1603204598199	OK	 
USER	ListarAnuncios2	88	END	1603204516502	1603204598253
REQUEST	46		request_155	1603204598211	1603204598258	OK	 
REQUEST	32		request_217	1603204598222	1603204598267	OK	 
USER	ListarAnuncios2	32	END	1603204516477	1603204598327
REQUEST	99		request_217	1603204598292	1603204598338	OK	 
REQUEST	24		request_217	1603204598302	1603204598352	OK	 
REQUEST	39		request_217	1603204598302	1603204598352	OK	 
REQUEST	65		request_217	1603204598342	1603204598396	OK	 
USER	ListarAnuncios2	99	END	1603204516506	1603204598400
USER	ListarAnuncios2	39	END	1603204516481	1603204598408
USER	ListarAnuncios2	24	END	1603204516474	1603204598420
USER	ListarAnuncios2	65	END	1603204516492	1603204598457
REQUEST	54		request_217	1603204598431	1603204598479	OK	 
REQUEST	91		request_217	1603204598461	1603204598509	OK	 
USER	ListarAnuncios2	54	END	1603204516488	1603204598538
USER	ListarAnuncios2	91	END	1603204516503	1603204598565
REQUEST	29		request_217	1603204598691	1603204598734	OK	 
USER	ListarAnuncios2	29	END	1603204516476	1603204598790
REQUEST	94		request_201	1603204598972	1603204599016	OK	 
REQUEST	44		request_155	1603204598981	1603204599025	OK	 
REQUEST	78		request_201	1603204598981	1603204599025	OK	 
REQUEST	62		request_201	1603204598991	1603204599037	OK	 
REQUEST	30		request_201	1603204599012	1603204599059	OK	 
REQUEST	12		request_192	1603204599092	1603204599120	OK	 
REQUEST	18		request_192	1603204599103	1603204599126	OK	 
REQUEST	80		request_192	1603204599112	1603204599142	OK	 
REQUEST	56		request_217	1603204599112	1603204599156	OK	 
REQUEST	2		request_192	1603204599132	1603204599156	OK	 
REQUEST	45		request_192	1603204599132	1603204599156	OK	 
REQUEST	22		request_192	1603204599141	1603204599168	OK	 
REQUEST	52		request_192	1603204599141	1603204599168	OK	 
REQUEST	98		request_217	1603204599141	1603204599188	OK	 
REQUEST	66		request_217	1603204599141	1603204599189	OK	 
USER	ListarAnuncios2	56	END	1603204516489	1603204599221
REQUEST	72		request_167	1603204599172	1603204599224	OK	 
USER	ListarAnuncios2	98	END	1603204516506	1603204599256
USER	ListarAnuncios2	66	END	1603204516493	1603204599260
REQUEST	16		request_217	1603204599221	1603204599275	OK	 
REQUEST	59		request_192	1603204599292	1603204599320	OK	 
USER	ListarAnuncios2	16	END	1603204516470	1603204599333
REQUEST	11		request_201	1603204599391	1603204599439	OK	 
REQUEST	55		request_201	1603204599421	1603204599466	OK	 
REQUEST	28		request_192	1603204599432	1603204599466	OK	 
REQUEST	83		request_201	1603204599452	1603204599493	OK	 
REQUEST	1		request_192	1603204599481	1603204599506	OK	 
REQUEST	95		request_192	1603204599481	1603204599513	OK	 
REQUEST	47		request_201	1603204599481	1603204599524	OK	 
REQUEST	79		request_192	1603204599522	1603204599544	OK	 
REQUEST	100		request_192	1603204599532	1603204599558	OK	 
REQUEST	48		request_192	1603204599532	1603204599558	OK	 
REQUEST	87		request_167	1603204599552	1603204599594	OK	 
REQUEST	36		request_192	1603204599562	1603204599595	OK	 
REQUEST	97		request_201	1603204599562	1603204599609	OK	 
REQUEST	19		request_192	1603204599681	1603204599704	OK	 
REQUEST	93		request_192	1603204599702	1603204599732	OK	 
REQUEST	53		request_192	1603204599732	1603204599762	OK	 
REQUEST	40		request_192	1603204599792	1603204599823	OK	 
REQUEST	71		request_192	1603204599792	1603204599823	OK	 
REQUEST	9		request_192	1603204599862	1603204599889	OK	 
REQUEST	68		request_192	1603204599862	1603204599889	OK	 
REQUEST	7		request_192	1603204600002	1603204600026	OK	 
REQUEST	4		request_192	1603204600012	1603204600045	OK	 
REQUEST	23		request_192	1603204600042	1603204600071	OK	 
REQUEST	94		request_217	1603204600061	1603204600114	OK	 
REQUEST	63		request_192	1603204600092	1603204600114	OK	 
REQUEST	78		request_217	1603204600061	1603204600115	OK	 
REQUEST	62		request_217	1603204600061	1603204600120	OK	 
REQUEST	10		request_201	1603204600092	1603204600134	OK	 
REQUEST	30		request_217	1603204600092	1603204600134	OK	 
REQUEST	96		request_192	1603204600131	1603204600163	OK	 
REQUEST	20		request_192	1603204600131	1603204600168	OK	 
REQUEST	49		request_192	1603204600141	1603204600170	OK	 
REQUEST	8		request_192	1603204600152	1603204600175	OK	 
USER	ListarAnuncios2	78	END	1603204516497	1603204600177
USER	ListarAnuncios2	94	END	1603204516504	1603204600180
USER	ListarAnuncios2	62	END	1603204516491	1603204600193
USER	ListarAnuncios2	30	END	1603204516476	1603204600200
REQUEST	17		request_192	1603204600191	1603204600221	OK	 
REQUEST	85		request_192	1603204600182	1603204600222	OK	 
REQUEST	6		request_192	1603204600191	1603204600222	OK	 
REQUEST	13		request_192	1603204600191	1603204600222	OK	 
REQUEST	33		request_192	1603204600201	1603204600228	OK	 
REQUEST	74		request_201	1603204600182	1603204600228	OK	 
REQUEST	42		request_201	1603204600222	1603204600277	OK	 
REQUEST	90		request_201	1603204600232	1603204600286	OK	 
REQUEST	75		request_192	1603204600252	1603204600286	OK	 
REQUEST	5		request_192	1603204600252	1603204600286	OK	 
REQUEST	81		request_192	1603204600271	1603204600306	OK	 
REQUEST	26		request_201	1603204600302	1603204600348	OK	 
REQUEST	77		request_192	1603204600341	1603204600376	OK	 
REQUEST	27		request_192	1603204600372	1603204600402	OK	 
REQUEST	43		request_192	1603204600432	1603204600459	OK	 
REQUEST	15		request_192	1603204600461	1603204600490	OK	 
REQUEST	61		request_192	1603204600461	1603204600490	OK	 
REQUEST	11		request_217	1603204600482	1603204600523	OK	 
REQUEST	55		request_217	1603204600502	1603204600548	OK	 
REQUEST	83		request_217	1603204600531	1603204600576	OK	 
USER	ListarAnuncios2	11	END	1603204516463	1603204600586
REQUEST	47		request_217	1603204600562	1603204600604	OK	 
REQUEST	41		request_192	1603204600572	1603204600604	OK	 
USER	ListarAnuncios2	55	END	1603204516488	1603204600607
USER	ListarAnuncios2	83	END	1603204516500	1603204600634
USER	ListarAnuncios2	47	END	1603204516485	1603204600671
REQUEST	97		request_217	1603204600641	1603204600688	OK	 
REQUEST	67		request_192	1603204600662	1603204600696	OK	 
USER	ListarAnuncios2	97	END	1603204516505	1603204600757
REQUEST	70		request_192	1603204601132	1603204601159	OK	 
REQUEST	10		request_217	1603204601171	1603204601223	OK	 
USER	ListarAnuncios2	10	END	1603204516460	1603204601285
REQUEST	74		request_217	1603204601281	1603204601326	OK	 
REQUEST	46		request_167	1603204601301	1603204601344	OK	 
REQUEST	90		request_217	1603204601312	1603204601352	OK	 
REQUEST	42		request_217	1603204601312	1603204601358	OK	 
USER	ListarAnuncios2	74	END	1603204516495	1603204601387
USER	ListarAnuncios2	90	END	1603204516503	1603204601410
USER	ListarAnuncios2	42	END	1603204516482	1603204601418
REQUEST	26		request_217	1603204601382	1603204601435	OK	 
USER	ListarAnuncios2	26	END	1603204516475	1603204601493
REQUEST	58		request_201	1603204601572	1603204601617	OK	 
REQUEST	44		request_167	1603204602052	1603204602096	OK	 
REQUEST	72		request_192	1603204602292	1603204602314	OK	 
REQUEST	14		request_147	1603204602302	1603204602344	OK	 
REQUEST	87		request_192	1603204602651	1603204602685	OK	 
REQUEST	58		request_217	1603204602651	1603204602702	OK	 
USER	ListarAnuncios2	58	END	1603204516490	1603204602767
REQUEST	51		request_147	1603204603132	1603204603178	OK	 
REQUEST	18		request_201	1603204603212	1603204603264	OK	 
REQUEST	12		request_201	1603204603222	1603204603271	OK	 
REQUEST	45		request_201	1603204603242	1603204603287	OK	 
REQUEST	2		request_201	1603204603242	1603204603287	OK	 
REQUEST	80		request_201	1603204603252	1603204603295	OK	 
REQUEST	52		request_201	1603204603262	1603204603309	OK	 
REQUEST	22		request_201	1603204603262	1603204603309	OK	 
REQUEST	59		request_201	1603204603422	1603204603466	OK	 
REQUEST	28		request_201	1603204603572	1603204603616	OK	 
REQUEST	1		request_201	1603204603602	1603204603646	OK	 
REQUEST	95		request_201	1603204603611	1603204603660	OK	 
REQUEST	79		request_201	1603204603642	1603204603688	OK	 
REQUEST	100		request_201	1603204603651	1603204603701	OK	 
REQUEST	48		request_201	1603204603651	1603204603701	OK	 
REQUEST	36		request_201	1603204603692	1603204603742	OK	 
REQUEST	19		request_201	1603204603791	1603204603838	OK	 
REQUEST	93		request_201	1603204603822	1603204603864	OK	 
REQUEST	53		request_201	1603204603852	1603204603893	OK	 
REQUEST	40		request_201	1603204603912	1603204603965	OK	 
REQUEST	71		request_201	1603204603912	1603204603965	OK	 
REQUEST	9		request_201	1603204603992	1603204604040	OK	 
REQUEST	68		request_201	1603204604001	1603204604051	OK	 
REQUEST	7		request_201	1603204604121	1603204604165	OK	 
REQUEST	4		request_201	1603204604142	1603204604185	OK	 
REQUEST	23		request_201	1603204604172	1603204604222	OK	 
REQUEST	63		request_201	1603204604191	1603204604242	OK	 
REQUEST	49		request_201	1603204604262	1603204604305	OK	 
REQUEST	8		request_201	1603204604262	1603204604305	OK	 
REQUEST	96		request_201	1603204604252	1603204604305	OK	 
REQUEST	20		request_201	1603204604272	1603204604312	OK	 
REQUEST	12		request_217	1603204604291	1603204604334	OK	 
REQUEST	18		request_217	1603204604301	1603204604341	OK	 
REQUEST	33		request_201	1603204604322	1603204604363	OK	 
REQUEST	80		request_217	1603204604322	1603204604369	OK	 
REQUEST	17		request_201	1603204604332	1603204604381	OK	 
REQUEST	6		request_201	1603204604332	1603204604381	OK	 
REQUEST	85		request_201	1603204604332	1603204604381	OK	 
REQUEST	13		request_201	1603204604332	1603204604381	OK	 
REQUEST	2		request_217	1603204604332	1603204604381	OK	 
REQUEST	45		request_217	1603204604332	1603204604381	OK	 
REQUEST	22		request_217	1603204604342	1603204604393	OK	 
USER	ListarAnuncios2	12	END	1603204516463	1603204604395
REQUEST	52		request_217	1603204604352	1603204604399	OK	 
USER	ListarAnuncios2	18	END	1603204516471	1603204604408
REQUEST	5		request_201	1603204604381	1603204604425	OK	 
REQUEST	75		request_201	1603204604381	1603204604425	OK	 
USER	ListarAnuncios2	80	END	1603204516498	1603204604442
REQUEST	81		request_201	1603204604402	1603204604448	OK	 
REQUEST	46		request_192	1603204604402	1603204604448	OK	 
USER	ListarAnuncios2	2	END	1603204516452	1603204604450
USER	ListarAnuncios2	45	END	1603204516484	1603204604469
USER	ListarAnuncios2	22	END	1603204516473	1603204604469
USER	ListarAnuncios2	52	END	1603204516487	1603204604475
REQUEST	77		request_201	1603204604482	1603204604528	OK	 
REQUEST	59		request_217	1603204604492	1603204604545	OK	 
REQUEST	27		request_201	1603204604502	1603204604560	OK	 
REQUEST	43		request_201	1603204604552	1603204604600	OK	 
USER	ListarAnuncios2	59	END	1603204516490	1603204604610
REQUEST	61		request_201	1603204604591	1603204604639	OK	 
REQUEST	15		request_201	1603204604591	1603204604640	OK	 
REQUEST	28		request_217	1603204604658	1603204604703	OK	 
REQUEST	1		request_217	1603204604692	1603204604737	OK	 
REQUEST	41		request_201	1603204604701	1603204604750	OK	 
REQUEST	95		request_217	1603204604701	1603204604750	OK	 
REQUEST	79		request_217	1603204604711	1603204604758	OK	 
USER	ListarAnuncios2	28	END	1603204516476	1603204604762
REQUEST	100		request_217	1603204604732	1603204604785	OK	 
REQUEST	48		request_217	1603204604742	1603204604790	OK	 
USER	ListarAnuncios2	1	END	1603204516417	1603204604793
USER	ListarAnuncios2	95	END	1603204516505	1603204604804
USER	ListarAnuncios2	79	END	1603204516498	1603204604811
REQUEST	36		request_217	1603204604772	1603204604821	OK	 
REQUEST	67		request_201	1603204604792	1603204604840	OK	 
USER	ListarAnuncios2	100	END	1603204516507	1603204604843
USER	ListarAnuncios2	48	END	1603204516485	1603204604847
USER	ListarAnuncios2	36	END	1603204516479	1603204604881
REQUEST	19		request_217	1603204604872	1603204604922	OK	 
REQUEST	93		request_217	1603204604892	1603204604939	OK	 
REQUEST	53		request_217	1603204604932	1603204604979	OK	 
USER	ListarAnuncios2	19	END	1603204516471	1603204604990
USER	ListarAnuncios2	93	END	1603204516504	1603204604999
REQUEST	40		request_217	1603204604992	1603204605034	OK	 
USER	ListarAnuncios2	53	END	1603204516488	1603204605037
REQUEST	71		request_217	1603204605002	1603204605049	OK	 
USER	ListarAnuncios2	40	END	1603204516481	1603204605103
USER	ListarAnuncios2	71	END	1603204516494	1603204605110
REQUEST	68		request_217	1603204605082	1603204605128	OK	 
REQUEST	9		request_217	1603204605082	1603204605128	OK	 
USER	ListarAnuncios2	9	END	1603204516460	1603204605190
USER	ListarAnuncios2	68	END	1603204516493	1603204605190
REQUEST	44		request_192	1603204605162	1603204605194	OK	 
REQUEST	7		request_217	1603204605202	1603204605244	OK	 
REQUEST	4		request_217	1603204605212	1603204605254	OK	 
REQUEST	70		request_201	1603204605242	1603204605290	OK	 
REQUEST	23		request_217	1603204605262	1603204605305	OK	 
USER	ListarAnuncios2	7	END	1603204516458	1603204605307
USER	ListarAnuncios2	4	END	1603204516453	1603204605314
REQUEST	63		request_217	1603204605291	1603204605342	OK	 
USER	ListarAnuncios2	23	END	1603204516473	1603204605374
REQUEST	20		request_217	1603204605332	1603204605377	OK	 
REQUEST	49		request_217	1603204605342	1603204605388	OK	 
REQUEST	8		request_217	1603204605342	1603204605388	OK	 
REQUEST	96		request_217	1603204605342	1603204605388	OK	 
USER	ListarAnuncios2	63	END	1603204516492	1603204605398
REQUEST	14		request_155	1603204605371	1603204605415	OK	 
USER	ListarAnuncios2	20	END	1603204516472	1603204605431
USER	ListarAnuncios2	96	END	1603204516505	1603204605455
USER	ListarAnuncios2	49	END	1603204516486	1603204605455
USER	ListarAnuncios2	8	END	1603204516459	1603204605455
REQUEST	33		request_217	1603204605412	1603204605461	OK	 
REQUEST	17		request_217	1603204605422	1603204605469	OK	 
REQUEST	13		request_217	1603204605432	1603204605476	OK	 
REQUEST	6		request_217	1603204605432	1603204605476	OK	 
REQUEST	85		request_217	1603204605432	1603204605481	OK	 
REQUEST	75		request_217	1603204605461	1603204605506	OK	 
REQUEST	5		request_217	1603204605461	1603204605506	OK	 
USER	ListarAnuncios2	33	END	1603204516478	1603204605516
REQUEST	81		request_217	1603204605471	1603204605522	OK	 
USER	ListarAnuncios2	17	END	1603204516471	1603204605526
USER	ListarAnuncios2	13	END	1603204516464	1603204605533
USER	ListarAnuncios2	6	END	1603204516455	1603204605533
USER	ListarAnuncios2	85	END	1603204516500	1603204605542
USER	ListarAnuncios2	75	END	1603204516496	1603204605562
USER	ListarAnuncios2	5	END	1603204516454	1603204605562
USER	ListarAnuncios2	81	END	1603204516499	1603204605589
REQUEST	77		request_217	1603204605551	1603204605600	OK	 
REQUEST	27		request_217	1603204605582	1603204605629	OK	 
USER	ListarAnuncios2	77	END	1603204516496	1603204605660
USER	ListarAnuncios2	27	END	1603204516475	1603204605685
REQUEST	43		request_217	1603204605652	1603204605699	OK	 
REQUEST	15		request_217	1603204605681	1603204605725	OK	 
REQUEST	61		request_217	1603204605692	1603204605738	OK	 
USER	ListarAnuncios2	43	END	1603204516483	1603204605758
USER	ListarAnuncios2	15	END	1603204516466	1603204605785
USER	ListarAnuncios2	61	END	1603204516491	1603204605797
REQUEST	41		request_217	1603204605782	1603204605831	OK	 
USER	ListarAnuncios2	41	END	1603204516482	1603204605899
REQUEST	67		request_217	1603204605872	1603204605921	OK	 
USER	ListarAnuncios2	67	END	1603204516493	1603204605983
REQUEST	51		request_155	1603204606211	1603204606256	OK	 
REQUEST	70		request_217	1603204606322	1603204606364	OK	 
USER	ListarAnuncios2	70	END	1603204516494	1603204606417
REQUEST	72		request_201	1603204606411	1603204606459	OK	 
REQUEST	87		request_201	1603204606772	1603204606817	OK	 
REQUEST	72		request_217	1603204607492	1603204607537	OK	 
USER	ListarAnuncios2	72	END	1603204516495	1603204607595
REQUEST	87		request_217	1603204607862	1603204607906	OK	 
USER	ListarAnuncios2	87	END	1603204516501	1603204607966
REQUEST	14		request_167	1603204608452	1603204608496	OK	 
REQUEST	46		request_201	1603204608542	1603204608586	OK	 
REQUEST	44		request_201	1603204609282	1603204609328	OK	 
REQUEST	51		request_167	1603204609292	1603204609337	OK	 
REQUEST	46		request_217	1603204609621	1603204609665	OK	 
USER	ListarAnuncios2	46	END	1603204516484	1603204609725
REQUEST	44		request_217	1603204610372	1603204610416	OK	 
USER	ListarAnuncios2	44	END	1603204516483	1603204610477
REQUEST	14		request_192	1603204611562	1603204611591	OK	 
REQUEST	51		request_192	1603204612402	1603204612424	OK	 
REQUEST	14		request_201	1603204615682	1603204615726	OK	 
REQUEST	51		request_201	1603204616531	1603204616578	OK	 
REQUEST	14		request_217	1603204616772	1603204616816	OK	 
USER	ListarAnuncios2	14	END	1603204516465	1603204616876
REQUEST	51		request_217	1603204617602	1603204617649	OK	 
USER	ListarAnuncios2	51	END	1603204516487	1603204617707
