RUN	basic.AcessoMercadoAzul1	acessomercadoazul1	1603131137542	tste	3.0.2
USER	AcessoMercadoAzul1	1	START	1603131139860	1603131139860
USER	AcessoMercadoAzul1	2	START	1603131139892	1603131139892
USER	AcessoMercadoAzul1	3	START	1603131139893	1603131139893
USER	AcessoMercadoAzul1	4	START	1603131139894	1603131139894
USER	AcessoMercadoAzul1	5	START	1603131139894	1603131139894
USER	AcessoMercadoAzul1	6	START	1603131139895	1603131139895
USER	AcessoMercadoAzul1	7	START	1603131139896	1603131139896
USER	AcessoMercadoAzul1	8	START	1603131139897	1603131139897
USER	AcessoMercadoAzul1	9	START	1603131139897	1603131139897
USER	AcessoMercadoAzul1	10	START	1603131139898	1603131139898
REQUEST	3		request_0	1603131139893	1603131145149	OK	 
REQUEST	2		request_0	1603131139893	1603131145166	OK	 
REQUEST	1		request_0	1603131139890	1603131145149	OK	 
REQUEST	7		request_0	1603131139896	1603131145149	OK	 
REQUEST	10		request_0	1603131139899	1603131145157	OK	 
REQUEST	5		request_0	1603131139895	1603131145149	OK	 
REQUEST	6		request_0	1603131139895	1603131145158	OK	 
REQUEST	8		request_0	1603131139897	1603131145149	OK	 
REQUEST	9		request_0	1603131139898	1603131145166	OK	 
REQUEST	4		request_0	1603131139894	1603131145149	OK	 
REQUEST	4		request_1	1603131145226	1603131155307	OK	 
REQUEST	5		request_1	1603131145225	1603131155307	OK	 
REQUEST	6		request_1	1603131145224	1603131155307	OK	 
REQUEST	1		request_1	1603131145228	1603131155308	OK	 
REQUEST	9		request_1	1603131145223	1603131155308	OK	 
REQUEST	7		request_1	1603131145223	1603131155309	OK	 
REQUEST	2		request_1	1603131145223	1603131155310	OK	 
REQUEST	3		request_1	1603131145224	1603131155312	OK	 
REQUEST	8		request_1	1603131145225	1603131155315	OK	 
REQUEST	10		request_1	1603131145231	1603131155315	OK	 
REQUEST	1		request_2	1603131145229	1603131155687	OK	 
REQUEST	5		request_2	1603131145228	1603131155701	OK	 
REQUEST	4		request_2	1603131145227	1603131155730	OK	 
REQUEST	2		request_2	1603131145224	1603131155731	OK	 
REQUEST	6		request_2	1603131145226	1603131155734	OK	 
REQUEST	10		request_2	1603131145232	1603131155862	OK	 
REQUEST	8		request_2	1603131145227	1603131155864	OK	 
REQUEST	3		request_5	1603131145234	1603131155735	OK	 
REQUEST	4		request_5	1603131145231	1603131155863	OK	 
REQUEST	1		request_5	1603131145231	1603131155855	OK	 
REQUEST	6		request_5	1603131145236	1603131155860	OK	 
REQUEST	7		request_5	1603131145227	1603131155735	OK	 
REQUEST	7		request_2	1603131145224	1603131155874	OK	 
REQUEST	5		request_5	1603131145231	1603131155860	OK	 
REQUEST	10		request_12	1603131150266	1603131155878	OK	 
REQUEST	2		request_5	1603131145225	1603131155878	OK	 
REQUEST	9		request_11	1603131150264	1603131155859	OK	 
REQUEST	7		request_11	1603131150264	1603131155875	OK	 
REQUEST	6		request_11	1603131150264	1603131155874	OK	 
REQUEST	3		request_10	1603131145234	1603131155877	OK	 
REQUEST	5		request_10	1603131145232	1603131155878	OK	 
REQUEST	3		request_11	1603131150264	1603131155889	OK	 
REQUEST	5		request_11	1603131150266	1603131155889	OK	 
REQUEST	5		request_13	1603131155302	1603131155894	OK	 
REQUEST	4		request_11	1603131150264	1603131155875	OK	 
REQUEST	9		request_12	1603131150266	1603131155897	OK	 
REQUEST	2		request_12	1603131150266	1603131155897	OK	 
REQUEST	4		request_10	1603131145232	1603131155897	OK	 
REQUEST	3		request_2	1603131145227	1603131155890	OK	 
REQUEST	9		request_13	1603131155303	1603131155902	OK	 
REQUEST	5		request_12	1603131150268	1603131155902	OK	 
REQUEST	9		request_5	1603131145234	1603131155904	OK	 
REQUEST	7		request_12	1603131150268	1603131155906	OK	 
REQUEST	3		request_12	1603131150267	1603131155907	OK	 
REQUEST	9		request_10	1603131145235	1603131155907	OK	 
REQUEST	7		request_13	1603131155303	1603131155910	OK	 
REQUEST	6		request_12	1603131150267	1603131155911	OK	 
REQUEST	6		request_13	1603131155302	1603131155915	OK	 
REQUEST	10		request_11	1603131150264	1603131155917	OK	 
REQUEST	8		request_5	1603131145232	1603131155920	OK	 
REQUEST	8		request_11	1603131150265	1603131155947	OK	 
REQUEST	8		request_10	1603131145233	1603131155949	OK	 
REQUEST	1		request_10	1603131145232	1603131155990	OK	 
REQUEST	10		request_13	1603131155311	1603131156030	OK	 
REQUEST	9		request_2	1603131145233	1603131156030	OK	 
REQUEST	8		request_13	1603131155311	1603131156031	OK	 
REQUEST	1		request_13	1603131155302	1603131156031	OK	 
REQUEST	1		request_11	1603131150266	1603131156031	OK	 
REQUEST	1		request_12	1603131150268	1603131156061	OK	 
REQUEST	6		request_10	1603131145236	1603131156061	OK	 
REQUEST	2		request_10	1603131145227	1603131156061	OK	 
REQUEST	7		request_10	1603131145231	1603131156105	OK	 
REQUEST	2		request_13	1603131155303	1603131156194	OK	 
REQUEST	4		request_13	1603131155302	1603131156236	OK	 
REQUEST	7		request_21	1603131156549	1603131156580	OK	 
REQUEST	7		request_22	1603131156585	1603131156625	OK	 
REQUEST	2		request_11	1603131150264	1603131156871	OK	 
REQUEST	10		request_10	1603131145236	1603131156972	OK	 
REQUEST	3		request_13	1603131155307	1603131156975	OK	 
REQUEST	10		request_5	1603131145233	1603131156975	OK	 
REQUEST	5		request_21	1603131156944	1603131156990	OK	 
REQUEST	4		request_12	1603131150266	1603131156999	OK	 
REQUEST	8		request_12	1603131150267	1603131156999	OK	 
REQUEST	5		request_22	1603131156993	1603131157046	OK	 
REQUEST	5		request_30	1603131157244	1603131157299	OK	 
REQUEST	5		request_30 Redirect 1	1603131157308	1603131157355	OK	 
REQUEST	1		request_21	1603131157394	1603131157424	OK	 
REQUEST	1		request_22	1603131157426	1603131157463	OK	 
REQUEST	9		request_21	1603131158435	1603131158457	OK	 
REQUEST	9		request_22	1603131158460	1603131158503	OK	 
REQUEST	6		request_21	1603131158514	1603131158544	OK	 
REQUEST	6		request_22	1603131158547	1603131158586	OK	 
REQUEST	3		request_21	1603131158934	1603131158965	OK	 
REQUEST	3		request_22	1603131158968	1603131159008	OK	 
REQUEST	4		request_21	1603131159114	1603131159135	OK	 
REQUEST	4		request_22	1603131159139	1603131159180	OK	 
REQUEST	2		request_21	1603131159334	1603131159356	OK	 
REQUEST	8		request_21	1603131159364	1603131159387	OK	 
REQUEST	2		request_22	1603131159360	1603131159389	OK	 
REQUEST	8		request_22	1603131159390	1603131159427	OK	 
REQUEST	10		request_21	1603131160434	1603131160455	OK	 
REQUEST	10		request_22	1603131160457	1603131160500	OK	 
REQUEST	5		request_35	1603131157442	1603131162477	OK	 
REQUEST	5		request_31	1603131157440	1603131162480	OK	 
REQUEST	5		request_41	1603131157441	1603131162481	OK	 
REQUEST	5		request_43	1603131157441	1603131162482	OK	 
REQUEST	5		request_34	1603131157442	1603131162484	OK	 
REQUEST	5		request_47	1603131157445	1603131162485	OK	 
REQUEST	5		request_45	1603131157445	1603131162486	OK	 
REQUEST	5		request_35	1603131162479	1603131162571	OK	 
REQUEST	5		request_48	1603131157444	1603131162626	KO	status.find.in(200,201,202,203,204,205,206,207,208,209,304), found 400
REQUEST	5		request_39	1603131157444	1603131162632	OK	 
REQUEST	5		request_38	1603131157443	1603131162633	OK	 
REQUEST	5		request_36	1603131157443	1603131162634	OK	 
REQUEST	5		request_38	1603131162633	1603131162656	OK	 
REQUEST	5		icon?family=Material+Icons|Material+Icons+Outlined	1603131157446	1603131162766	OK	 
USER	AcessoMercadoAzul1	5	END	1603131139894	1603131162793
REQUEST	7		request_30	1603131164524	1603131164578	OK	 
REQUEST	9		request_30	1603131164575	1603131164617	OK	 
REQUEST	7		request_30 Redirect 1	1603131164579	1603131164619	OK	 
REQUEST	9		request_30 Redirect 1	1603131164619	1603131164657	OK	 
REQUEST	7		request_31	1603131164638	1603131164662	OK	 
REQUEST	7		request_41	1603131164639	1603131164669	OK	 
REQUEST	7		request_43	1603131164640	1603131164670	OK	 
REQUEST	7		request_34	1603131164641	1603131164671	OK	 
REQUEST	7		request_47	1603131164646	1603131164675	OK	 
REQUEST	7		request_45	1603131164646	1603131164676	OK	 
REQUEST	7		request_35	1603131164642	1603131164681	OK	 
REQUEST	9		request_31	1603131164676	1603131164706	OK	 
REQUEST	9		request_41	1603131164676	1603131164706	OK	 
REQUEST	9		request_43	1603131164677	1603131164707	OK	 
REQUEST	7		request_35	1603131164681	1603131164713	OK	 
REQUEST	9		request_34	1603131164678	1603131164716	OK	 
REQUEST	9		request_45	1603131164682	1603131164717	OK	 
REQUEST	9		request_47	1603131164683	1603131164717	OK	 
REQUEST	9		request_35	1603131164679	1603131164718	OK	 
REQUEST	9		request_35	1603131164719	1603131164752	OK	 
REQUEST	7		request_36	1603131164642	1603131164779	OK	 
REQUEST	7		request_38	1603131164643	1603131164791	OK	 
REQUEST	9		request_38	1603131164680	1603131164799	OK	 
REQUEST	7		request_48	1603131164645	1603131164799	KO	status.find.in(200,201,202,203,204,205,206,207,208,209,304), found 400
REQUEST	9		request_36	1603131164679	1603131164809	OK	 
REQUEST	9		request_48	1603131164681	1603131164816	KO	status.find.in(200,201,202,203,204,205,206,207,208,209,304), found 400
REQUEST	7		request_39	1603131164644	1603131164816	OK	 
REQUEST	7		request_38	1603131164791	1603131164817	OK	 
REQUEST	9		request_38	1603131164800	1603131164824	OK	 
REQUEST	9		request_39	1603131164681	1603131164888	OK	 
REQUEST	7		icon?family=Material+Icons|Material+Icons+Outlined	1603131164647	1603131164931	OK	 
USER	AcessoMercadoAzul1	7	END	1603131139896	1603131164941
REQUEST	9		icon?family=Material+Icons|Material+Icons+Outlined	1603131164684	1603131164984	OK	 
USER	AcessoMercadoAzul1	9	END	1603131139897	1603131164990
REQUEST	10		request_30	1603131173634	1603131173682	OK	 
REQUEST	10		request_30 Redirect 1	1603131173684	1603131173727	OK	 
REQUEST	10		request_31	1603131173743	1603131173766	OK	 
REQUEST	10		request_41	1603131173744	1603131173773	OK	 
REQUEST	10		request_43	1603131173744	1603131173783	OK	 
REQUEST	10		request_45	1603131173750	1603131173784	OK	 
REQUEST	10		request_47	1603131173751	1603131173785	OK	 
REQUEST	10		request_34	1603131173745	1603131173786	OK	 
REQUEST	10		request_35	1603131173746	1603131173792	OK	 
REQUEST	10		request_35	1603131173793	1603131173835	OK	 
REQUEST	10		request_48	1603131173749	1603131173880	KO	status.find.in(200,201,202,203,204,205,206,207,208,209,304), found 400
REQUEST	10		request_39	1603131173748	1603131173888	OK	 
REQUEST	10		request_36	1603131173746	1603131173905	OK	 
REQUEST	10		request_38	1603131173747	1603131173915	OK	 
REQUEST	10		request_38	1603131173916	1603131173942	OK	 
REQUEST	10		icon?family=Material+Icons|Material+Icons+Outlined	1603131173751	1603131174047	OK	 
USER	AcessoMercadoAzul1	10	END	1603131139898	1603131174054
REQUEST	6		request_30	1603131177204	1603131177250	OK	 
REQUEST	6		request_30 Redirect 1	1603131177252	1603131177310	OK	 
REQUEST	6		request_31	1603131177324	1603131177343	OK	 
REQUEST	6		request_41	1603131177325	1603131177351	OK	 
REQUEST	6		request_43	1603131177325	1603131177358	OK	 
REQUEST	6		request_45	1603131177331	1603131177359	OK	 
REQUEST	6		request_47	1603131177332	1603131177360	OK	 
REQUEST	6		request_34	1603131177326	1603131177367	OK	 
REQUEST	6		request_35	1603131177327	1603131177368	OK	 
REQUEST	6		request_35	1603131177369	1603131177421	OK	 
REQUEST	6		request_36	1603131177328	1603131177449	OK	 
REQUEST	6		request_48	1603131177330	1603131177461	KO	status.find.in(200,201,202,203,204,205,206,207,208,209,304), found 400
REQUEST	6		request_39	1603131177329	1603131177479	OK	 
REQUEST	6		request_38	1603131177328	1603131177486	OK	 
REQUEST	6		request_38	1603131177487	1603131177513	OK	 
REQUEST	6		icon?family=Material+Icons|Material+Icons+Outlined	1603131177332	1603131177627	OK	 
USER	AcessoMercadoAzul1	6	END	1603131139895	1603131177633
REQUEST	4		request_30	1603131178874	1603131178925	OK	 
REQUEST	4		request_30 Redirect 1	1603131178926	1603131178962	OK	 
REQUEST	4		request_31	1603131178970	1603131178991	OK	 
REQUEST	4		request_41	1603131178971	1603131179010	OK	 
REQUEST	4		request_43	1603131178971	1603131179012	OK	 
REQUEST	4		request_47	1603131178975	1603131179015	OK	 
REQUEST	4		request_34	1603131178972	1603131179017	OK	 
REQUEST	4		request_45	1603131178975	1603131179017	OK	 
REQUEST	4		request_35	1603131178972	1603131179018	OK	 
REQUEST	4		request_35	1603131179019	1603131179056	OK	 
REQUEST	4		request_36	1603131178973	1603131179102	OK	 
REQUEST	4		request_48	1603131178974	1603131179110	KO	status.find.in(200,201,202,203,204,205,206,207,208,209,304), found 400
REQUEST	4		request_38	1603131178973	1603131179134	OK	 
REQUEST	4		request_39	1603131178974	1603131179136	OK	 
REQUEST	4		request_38	1603131179135	1603131179160	OK	 
REQUEST	4		icon?family=Material+Icons|Material+Icons+Outlined	1603131178976	1603131179284	OK	 
USER	AcessoMercadoAzul1	4	END	1603131139894	1603131179290
REQUEST	8		request_30	1603131180724	1603131180769	OK	 
REQUEST	8		request_30 Redirect 1	1603131180771	1603131180812	OK	 
REQUEST	3		request_30	1603131181574	1603131181620	OK	 
REQUEST	3		request_30 Redirect 1	1603131181621	1603131181659	OK	 
REQUEST	1		request_30	1603131182914	1603131182969	OK	 
REQUEST	1		request_30 Redirect 1	1603131182970	1603131183006	OK	 
REQUEST	2		request_30	1603131185604	1603131185655	OK	 
REQUEST	2		request_30 Redirect 1	1603131185656	1603131185695	OK	 
REQUEST	3		request_35	1603131181674	1603131185873	OK	 
REQUEST	8		request_35	1603131180834	1603131185873	OK	 
REQUEST	1		request_35	1603131183019	1603131185873	OK	 
REQUEST	2		request_35	1603131185711	1603131185873	OK	 
REQUEST	3		request_31	1603131181670	1603131190929	OK	 
REQUEST	1		request_31	1603131183016	1603131190929	OK	 
REQUEST	2		request_31	1603131185708	1603131190929	OK	 
REQUEST	8		request_31	1603131180830	1603131190929	OK	 
REQUEST	2		request_41	1603131185709	1603131190930	OK	 
REQUEST	3		request_41	1603131181671	1603131190930	OK	 
REQUEST	1		request_41	1603131183017	1603131190930	OK	 
REQUEST	8		request_43	1603131180832	1603131190931	OK	 
REQUEST	3		request_43	1603131181672	1603131190931	OK	 
REQUEST	2		request_43	1603131185710	1603131190931	OK	 
REQUEST	1		request_43	1603131183018	1603131190931	OK	 
REQUEST	8		request_41	1603131180831	1603131190931	OK	 
REQUEST	3		request_34	1603131181673	1603131190933	OK	 
REQUEST	1		request_34	1603131183018	1603131190933	OK	 
REQUEST	2		request_34	1603131185711	1603131190933	OK	 
REQUEST	8		request_34	1603131180833	1603131190933	OK	 
REQUEST	3		request_45	1603131185868	1603131190934	OK	 
REQUEST	1		request_47	1603131185869	1603131190934	OK	 
REQUEST	2		request_47	1603131185870	1603131190934	OK	 
REQUEST	8		request_45	1603131185868	1603131190934	OK	 
REQUEST	3		request_47	1603131185869	1603131190935	OK	 
REQUEST	8		request_47	1603131185869	1603131190935	OK	 
REQUEST	2		request_45	1603131185869	1603131190935	OK	 
REQUEST	1		request_45	1603131185868	1603131190935	OK	 
REQUEST	2		request_48	1603131185868	1603131191088	KO	status.find.in(200,201,202,203,204,205,206,207,208,209,304), found 400
REQUEST	1		request_35	1603131185874	1603131191095	OK	 
REQUEST	3		request_36	1603131181675	1603131191113	OK	 
REQUEST	2		request_36	1603131185712	1603131191113	OK	 
REQUEST	8		request_36	1603131180835	1603131191126	OK	 
REQUEST	1		request_48	1603131185868	1603131191126	KO	status.find.in(200,201,202,203,204,205,206,207,208,209,304), found 400
REQUEST	3		request_39	1603131185867	1603131191126	OK	 
REQUEST	1		request_36	1603131183020	1603131191127	OK	 
REQUEST	2		request_38	1603131185866	1603131191132	OK	 
REQUEST	3		request_38	1603131185866	1603131191132	OK	 
REQUEST	8		request_39	1603131185867	1603131191132	OK	 
REQUEST	8		request_38	1603131185866	1603131191141	OK	 
REQUEST	3		request_48	1603131185868	1603131191147	KO	status.find.in(200,201,202,203,204,205,206,207,208,209,304), found 400
REQUEST	3		request_35	1603131185874	1603131191148	OK	 
REQUEST	2		request_35	1603131185874	1603131191148	OK	 
REQUEST	8		request_35	1603131185874	1603131191149	OK	 
REQUEST	1		request_39	1603131185867	1603131191148	OK	 
REQUEST	2		request_39	1603131185867	1603131191149	OK	 
REQUEST	8		request_48	1603131185868	1603131191150	KO	status.find.in(200,201,202,203,204,205,206,207,208,209,304), found 400
REQUEST	3		request_39	1603131191127	1603131191154	OK	 
REQUEST	3		request_38	1603131191133	1603131191162	OK	 
REQUEST	2		request_38	1603131191133	1603131191162	OK	 
REQUEST	8		request_39	1603131191133	1603131191172	OK	 
REQUEST	8		request_38	1603131191142	1603131191174	OK	 
REQUEST	1		request_38	1603131185866	1603131191182	OK	 
REQUEST	8		icon?family=Material+Icons|Material+Icons+Outlined	1603131185870	1603131191183	OK	 
USER	AcessoMercadoAzul1	8	END	1603131139897	1603131191188
REQUEST	1		icon?family=Material+Icons|Material+Icons+Outlined	1603131185870	1603131191193	OK	 
REQUEST	3		icon?family=Material+Icons|Material+Icons+Outlined	1603131185870	1603131191194	OK	 
USER	AcessoMercadoAzul1	3	END	1603131139893	1603131191200
REQUEST	1		request_38	1603131191183	1603131191206	OK	 
USER	AcessoMercadoAzul1	1	END	1603131139860	1603131191209
REQUEST	2		icon?family=Material+Icons|Material+Icons+Outlined	1603131185871	1603131191221	OK	 
USER	AcessoMercadoAzul1	2	END	1603131139892	1603131191224
