RUN	basic.SeapPesquisarReuniao1	seappesquisarreuniao1	1602262875040	teste	3.0.2
USER	SeapPesquisarReuniao1	1	START	1602262877410	1602262877410
USER	SeapPesquisarReuniao1	2	START	1602262877431	1602262877431
USER	SeapPesquisarReuniao1	3	START	1602262877433	1602262877433
USER	SeapPesquisarReuniao1	4	START	1602262877434	1602262877434
USER	SeapPesquisarReuniao1	5	START	1602262877435	1602262877435
USER	SeapPesquisarReuniao1	6	START	1602262877436	1602262877436
USER	SeapPesquisarReuniao1	7	START	1602262877438	1602262877438
USER	SeapPesquisarReuniao1	8	START	1602262877439	1602262877439
USER	SeapPesquisarReuniao1	9	START	1602262877440	1602262877440
USER	SeapPesquisarReuniao1	10	START	1602262877441	1602262877441
REQUEST	3		request_8	1602262877434	1602262882751	OK	 
REQUEST	2		request_8	1602262877433	1602262882752	OK	 
REQUEST	7		request_8	1602262877439	1602262882753	OK	 
REQUEST	1		request_8	1602262877430	1602262882753	OK	 
REQUEST	8		request_8	1602262877440	1602262882753	OK	 
REQUEST	5		request_8	1602262877436	1602262882752	OK	 
REQUEST	6		request_8	1602262877437	1602262882752	OK	 
REQUEST	10		request_8	1602262877442	1602262882752	OK	 
REQUEST	9		request_8	1602262877441	1602262882753	OK	 
REQUEST	4		request_8	1602262877435	1602262882752	OK	 
REQUEST	8		request_9	1602262887778	1602262893657	KO	status.find.in(200,201,202,203,204,205,206,207,208,209,304), found 500
REQUEST	7		request_9	1602262887779	1602262893657	KO	status.find.in(200,201,202,203,204,205,206,207,208,209,304), found 500
REQUEST	2		request_9	1602262887774	1602262893657	KO	status.find.in(200,201,202,203,204,205,206,207,208,209,304), found 500
REQUEST	3		request_9	1602262887774	1602262893647	KO	status.find.in(200,201,202,203,204,205,206,207,208,209,304), found 500
REQUEST	6		request_9	1602262887774	1602262893657	KO	status.find.in(200,201,202,203,204,205,206,207,208,209,304), found 500
REQUEST	9		request_9	1602262887774	1602262893648	KO	status.find.in(200,201,202,203,204,205,206,207,208,209,304), found 500
REQUEST	1		request_9	1602262887779	1602262893869	KO	status.find.in(200,201,202,203,204,205,206,207,208,209,304), found 500
REQUEST	5		request_9	1602262887775	1602262893980	KO	status.find.in(200,201,202,203,204,205,206,207,208,209,304), found 500
REQUEST	4		request_9	1602262887774	1602262894005	KO	status.find.in(200,201,202,203,204,205,206,207,208,209,304), found 500
REQUEST	10		request_9	1602262887774	1602262894005	KO	status.find.in(200,201,202,203,204,205,206,207,208,209,304), found 500
REQUEST	7		request_21	1602262904658	1602262904702	OK	 
REQUEST	3		request_21	1602262904658	1602262904702	OK	 
REQUEST	8		request_21	1602262904658	1602262904702	OK	 
REQUEST	6		request_21	1602262904668	1602262904702	OK	 
REQUEST	2		request_21	1602262904668	1602262904702	OK	 
REQUEST	9		request_21	1602262904658	1602262904702	OK	 
REQUEST	6		request_22	1602262904749	1602262904769	OK	 
REQUEST	9		request_22	1602262904749	1602262904788	OK	 
REQUEST	3		request_22	1602262904749	1602262904788	OK	 
REQUEST	8		request_22	1602262904750	1602262904788	OK	 
REQUEST	7		request_22	1602262904749	1602262904788	OK	 
REQUEST	2		request_22	1602262904749	1602262904788	OK	 
REQUEST	8		request_23	1602262904751	1602262904908	OK	 
REQUEST	3		request_23	1602262904750	1602262904908	OK	 
REQUEST	1		request_21	1602262904868	1602262904908	OK	 
REQUEST	9		request_23	1602262904750	1602262904908	OK	 
REQUEST	2		request_23	1602262904750	1602262904916	OK	 
REQUEST	6		request_23	1602262904750	1602262904922	OK	 
REQUEST	7		request_23	1602262904750	1602262904923	OK	 
REQUEST	1		request_22	1602262904913	1602262904942	OK	 
REQUEST	2		request_25	1602262904752	1602262904942	OK	 
REQUEST	6		request_25	1602262904751	1602262904942	OK	 
REQUEST	9		request_25	1602262904751	1602262904961	OK	 
REQUEST	8		request_25	1602262904751	1602262904977	OK	 
REQUEST	7		request_25	1602262904751	1602262904991	OK	 
REQUEST	3		request_25	1602262904751	1602262905000	OK	 
REQUEST	5		request_21	1602262904988	1602262905011	OK	 
REQUEST	1		request_25	1602262904916	1602262905044	OK	 
REQUEST	1		request_23	1602262904915	1602262905046	OK	 
REQUEST	5		request_22	1602262905015	1602262905050	OK	 
REQUEST	10		request_21	1602262905017	1602262905050	OK	 
REQUEST	4		request_21	1602262905017	1602262905050	OK	 
REQUEST	4		request_22	1602262905054	1602262905086	OK	 
REQUEST	10		request_22	1602262905054	1602262905086	OK	 
REQUEST	5		request_23	1602262905016	1602262905150	OK	 
REQUEST	4		request_23	1602262905055	1602262905189	OK	 
REQUEST	10		request_23	1602262905055	1602262905190	OK	 
REQUEST	4		request_25	1602262905056	1602262905201	OK	 
REQUEST	5		request_25	1602262905017	1602262905201	OK	 
REQUEST	10		request_25	1602262905056	1602262905219	OK	 
USER	SeapPesquisarReuniao1	6	END	1602262877436	1602262908940
USER	SeapPesquisarReuniao1	2	END	1602262877431	1602262908940
USER	SeapPesquisarReuniao1	9	END	1602262877440	1602262908957
USER	SeapPesquisarReuniao1	8	END	1602262877439	1602262908977
USER	SeapPesquisarReuniao1	7	END	1602262877438	1602262908987
USER	SeapPesquisarReuniao1	3	END	1602262877433	1602262908996
USER	SeapPesquisarReuniao1	1	END	1602262877410	1602262909037
USER	SeapPesquisarReuniao1	5	END	1602262877435	1602262909197
USER	SeapPesquisarReuniao1	4	END	1602262877434	1602262909197
USER	SeapPesquisarReuniao1	10	END	1602262877441	1602262909217
