RUN	basic.ListarAnuncios2	listaranuncios2	1603218339311	teste	3.0.2
USER	ListarAnuncios2	1	START	1603218341672	1603218341672
USER	ListarAnuncios2	2	START	1603218341676	1603218341676
USER	ListarAnuncios2	3	START	1603218341679	1603218341679
USER	ListarAnuncios2	4	START	1603218341680	1603218341680
USER	ListarAnuncios2	5	START	1603218341680	1603218341680
USER	ListarAnuncios2	6	START	1603218341680	1603218341680
USER	ListarAnuncios2	7	START	1603218341680	1603218341680
USER	ListarAnuncios2	8	START	1603218341680	1603218341680
USER	ListarAnuncios2	9	START	1603218341680	1603218341680
USER	ListarAnuncios2	10	START	1603218341681	1603218341681
REQUEST	3		Gerar Token	1603218341713	1603218347474	OK	 
REQUEST	1		Gerar Token	1603218341709	1603218347474	OK	 
REQUEST	7		Gerar Token	1603218341716	1603218348163	OK	 
REQUEST	8		Gerar Token	1603218341717	1603218348180	OK	 
REQUEST	2		Gerar Token	1603218341711	1603218348244	OK	 
REQUEST	10		Gerar Token	1603218341721	1603218348275	OK	 
REQUEST	4		Gerar Token	1603218341714	1603218348277	OK	 
REQUEST	9		Gerar Token	1603218341718	1603218348297	OK	 
REQUEST	5		Gerar Token	1603218341715	1603218348297	OK	 
REQUEST	6		Gerar Token	1603218341715	1603218348306	OK	 
REQUEST	8		request_0	1603218353196	1603218357724	OK	 
REQUEST	9		request_0	1603218353315	1603218357725	OK	 
REQUEST	1		request_0	1603218352498	1603218357716	OK	 
REQUEST	10		request_0	1603218353295	1603218357725	OK	 
REQUEST	7		request_0	1603218353186	1603218357725	OK	 
REQUEST	4		request_0	1603218353295	1603218357741	OK	 
REQUEST	3		request_0	1603218352498	1603218357742	OK	 
REQUEST	2		request_0	1603218353265	1603218357741	OK	 
REQUEST	5		request_0	1603218353315	1603218357742	OK	 
REQUEST	6		request_0	1603218353326	1603218357748	OK	 
REQUEST	2		request_1	1603218373102	1603218373130	OK	 
REQUEST	10		request_1	1603218373102	1603218373130	OK	 
REQUEST	5		request_1	1603218373102	1603218373130	OK	 
REQUEST	4		request_1	1603218373102	1603218373130	OK	 
REQUEST	3		request_1	1603218373102	1603218373130	OK	 
REQUEST	6		request_1	1603218373103	1603218373130	OK	 
REQUEST	7		request_1	1603218373104	1603218373135	OK	 
REQUEST	8		request_1	1603218373103	1603218373135	OK	 
REQUEST	1		request_1	1603218373106	1603218373135	OK	 
REQUEST	10		Acesso_Pagina_login_1	1603218373103	1603218373136	OK	 
REQUEST	2		Acesso_Pagina_login_1	1603218373103	1603218373136	OK	 
REQUEST	9		request_1	1603218373107	1603218373136	OK	 
REQUEST	4		Acesso_Pagina_login_1	1603218373104	1603218373141	OK	 
REQUEST	5		Acesso_Pagina_login_1	1603218373104	1603218373143	OK	 
REQUEST	6		Acesso_Pagina_login_1	1603218373107	1603218373151	OK	 
REQUEST	9		Acesso_Pagina_login_1	1603218373110	1603218373165	OK	 
REQUEST	3		Acesso_Pagina_login_1	1603218373109	1603218373169	OK	 
REQUEST	7		Acesso_Pagina_login_1	1603218373107	1603218373171	OK	 
REQUEST	1		Acesso_Pagina_login_1	1603218373109	1603218373171	OK	 
REQUEST	8		Acesso_Pagina_login_1	1603218373108	1603218373174	OK	 
REQUEST	2		request_4	1603218373103	1603218373375	OK	 
REQUEST	2		request_7	1603218373104	1603218373376	OK	 
REQUEST	2		request_3	1603218373102	1603218373379	OK	 
REQUEST	2		request_18	1603218373105	1603218373392	OK	 
REQUEST	9		request_7	1603218373111	1603218373405	OK	 
REQUEST	9		request_3	1603218373109	1603218373406	OK	 
REQUEST	9		request_4	1603218373110	1603218373410	OK	 
REQUEST	9		request_18	1603218373112	1603218373427	OK	 
REQUEST	2		req_duvida_todos	1603218363038	1603218373445	OK	 
REQUEST	5		request_3	1603218373103	1603218373438	OK	 
REQUEST	5		request_4	1603218373103	1603218373448	OK	 
REQUEST	5		request_7	1603218373105	1603218373449	OK	 
REQUEST	4		request_3	1603218373102	1603218373456	OK	 
REQUEST	5		request_18	1603218373106	1603218373454	OK	 
REQUEST	10		request_3	1603218373102	1603218373462	OK	 
REQUEST	2		css?family=Montserrat:700,500,400,300,600&display=swap	1603218373101	1603218373460	OK	 
REQUEST	9		css?family=Roboto:700,500,400,300,600&display=swap	1603218368070	1603218373460	OK	 
REQUEST	10		request_7	1603218373104	1603218373466	OK	 
REQUEST	4		request_4	1603218373103	1603218373462	OK	 
REQUEST	4		request_7	1603218373105	1603218373467	OK	 
REQUEST	10		request_18	1603218373105	1603218373470	OK	 
REQUEST	4		request_18	1603218373107	1603218373473	OK	 
REQUEST	10		request_4	1603218373103	1603218373478	OK	 
REQUEST	3		request_4	1603218373109	1603218373493	OK	 
REQUEST	5		request_14	1603218357903	1603218373497	OK	 
REQUEST	3		request_3	1603218373106	1603218373497	OK	 
REQUEST	5		req_duvida_todos	1603218363039	1603218373507	OK	 
REQUEST	3		request_7	1603218373110	1603218373509	OK	 
REQUEST	2		req_Listar_com_filhos_1	1603218368070	1603218373514	OK	 
REQUEST	6		request_7	1603218373109	1603218373519	OK	 
REQUEST	8		request_4	1603218373107	1603218373520	OK	 
REQUEST	1		request_18	1603218373112	1603218373523	OK	 
REQUEST	9		req_duvida_todos	1603218363038	1603218373525	OK	 
REQUEST	1		request_3	1603218373107	1603218373530	OK	 
REQUEST	1		request_4	1603218373108	1603218373531	OK	 
REQUEST	8		request_3	1603218373106	1603218373531	OK	 
REQUEST	1		request_7	1603218373111	1603218373533	OK	 
REQUEST	2		css?family=Ubuntu:700,500,400,300,600&display=swap	1603218373100	1603218373537	OK	 
REQUEST	7		request_3	1603218373105	1603218373539	OK	 
REQUEST	9		req_Listar_com_filhos_1	1603218368067	1603218373540	OK	 
REQUEST	3		request_18	1603218373111	1603218373541	OK	 
REQUEST	7		request_4	1603218373106	1603218373541	OK	 
REQUEST	9		css?family=Montserrat:700,500,400,300,600&display=swap	1603218373104	1603218373544	OK	 
REQUEST	9		request_14	1603218357903	1603218373545	OK	 
REQUEST	10		request_14	1603218357904	1603218373546	OK	 
REQUEST	4		req_duvida_todos	1603218363038	1603218373547	OK	 
REQUEST	2		css?family=Roboto:700,500,400,300,600&display=swap	1603218368071	1603218373546	OK	 
REQUEST	2		request_14	1603218357904	1603218373548	OK	 
REQUEST	5		css?family=Ubuntu:700,500,400,300,600&display=swap	1603218373101	1603218373550	OK	 
REQUEST	9		css?family=Cantarell:700,500,400,300,600&display=swap	1603218373105	1603218373553	OK	 
REQUEST	2		css?family=Cantarell:700,500,400,300,600&display=swap	1603218373101	1603218373554	OK	 
REQUEST	9		css?family=Ubuntu:700,500,400,300,600&display=swap	1603218373100	1603218373557	OK	 
REQUEST	4		css?family=Cantarell:700,500,400,300,600&display=swap	1603218373101	1603218373562	OK	 
REQUEST	10		css?family=Ubuntu:700,500,400,300,600&display=swap	1603218373100	1603218373564	OK	 
REQUEST	4		css?family=Roboto:700,500,400,300,600&display=swap	1603218368072	1603218373565	OK	 
REQUEST	5		css?family=Roboto:700,500,400,300,600&display=swap	1603218368069	1603218373566	OK	 
REQUEST	10		req_duvida_todos	1603218363039	1603218373568	OK	 
REQUEST	5		css?family=Montserrat:700,500,400,300,600&display=swap	1603218373101	1603218373569	OK	 
REQUEST	4		css?family=Montserrat:700,500,400,300,600&display=swap	1603218373101	1603218373569	OK	 
REQUEST	10		css?family=Montserrat:700,500,400,300,600&display=swap	1603218373101	1603218373572	OK	 
REQUEST	10		css?family=Roboto:700,500,400,300,600&display=swap	1603218368069	1603218373575	OK	 
REQUEST	10		css?family=Cantarell:700,500,400,300,600&display=swap	1603218373101	1603218373577	OK	 
REQUEST	7		css?family=Roboto:700,500,400,300,600&display=swap	1603218368069	1603218373583	OK	 
REQUEST	4		request_14	1603218357904	1603218373584	OK	 
REQUEST	7		css?family=Montserrat:700,500,400,300,600&display=swap	1603218373101	1603218373586	OK	 
REQUEST	6		request_3	1603218373104	1603218373587	OK	 
REQUEST	8		request_7	1603218373110	1603218373588	OK	 
REQUEST	5		req_Listar_com_filhos_1	1603218368067	1603218373588	OK	 
REQUEST	7		request_14	1603218357904	1603218373588	OK	 
REQUEST	3		css?family=Montserrat:700,500,400,300,600&display=swap	1603218373101	1603218373589	OK	 
REQUEST	3		request_14	1603218357904	1603218373590	OK	 
REQUEST	7		css?family=Ubuntu:700,500,400,300,600&display=swap	1603218373101	1603218373592	OK	 
REQUEST	4		css?family=Ubuntu:700,500,400,300,600&display=swap	1603218373100	1603218373594	OK	 
REQUEST	1		css?family=Cantarell:700,500,400,300,600&display=swap	1603218373103	1603218373595	OK	 
REQUEST	5		css?family=Cantarell:700,500,400,300,600&display=swap	1603218373102	1603218373595	OK	 
REQUEST	3		css?family=Ubuntu:700,500,400,300,600&display=swap	1603218373100	1603218373595	OK	 
REQUEST	10		req_Listar_com_filhos_1	1603218368068	1603218373595	OK	 
REQUEST	8		request_18	1603218373110	1603218373596	OK	 
REQUEST	3		css?family=Cantarell:700,500,400,300,600&display=swap	1603218373102	1603218373603	OK	 
REQUEST	6		request_4	1603218373104	1603218373611	OK	 
REQUEST	8		request_14	1603218357903	1603218373611	OK	 
REQUEST	3		css?family=Roboto:700,500,400,300,600&display=swap	1603218368071	1603218373614	OK	 
REQUEST	3		req_duvida_todos	1603218363039	1603218373617	OK	 
REQUEST	1		request_14	1603218357903	1603218373621	OK	 
REQUEST	8		css?family=Roboto:700,500,400,300,600&display=swap	1603218368069	1603218373623	OK	 
REQUEST	6		css?family=Roboto:700,500,400,300,600&display=swap	1603218368069	1603218373623	OK	 
REQUEST	6		css?family=Cantarell:700,500,400,300,600&display=swap	1603218373102	1603218373626	OK	 
REQUEST	8		css?family=Montserrat:700,500,400,300,600&display=swap	1603218373101	1603218373627	OK	 
REQUEST	1		css?family=Roboto:700,500,400,300,600&display=swap	1603218368069	1603218373629	OK	 
REQUEST	6		css?family=Ubuntu:700,500,400,300,600&display=swap	1603218373100	1603218373629	OK	 
REQUEST	8		css?family=Cantarell:700,500,400,300,600&display=swap	1603218373103	1603218373631	OK	 
REQUEST	6		request_14	1603218357903	1603218373636	OK	 
REQUEST	1		css?family=Montserrat:700,500,400,300,600&display=swap	1603218373103	1603218373636	OK	 
REQUEST	1		css?family=Ubuntu:700,500,400,300,600&display=swap	1603218373101	1603218373639	OK	 
REQUEST	7		css?family=Cantarell:700,500,400,300,600&display=swap	1603218373102	1603218373645	OK	 
REQUEST	6		req_duvida_todos	1603218363038	1603218373646	OK	 
REQUEST	6		css?family=Montserrat:700,500,400,300,600&display=swap	1603218373102	1603218373652	OK	 
REQUEST	7		request_18	1603218373110	1603218373668	OK	 
REQUEST	6		request_18	1603218373110	1603218373668	OK	 
REQUEST	7		request_7	1603218373110	1603218373675	OK	 
REQUEST	8		css?family=Ubuntu:700,500,400,300,600&display=swap	1603218373100	1603218373677	OK	 
REQUEST	8		req_duvida_todos	1603218363040	1603218373679	OK	 
REQUEST	1		req_duvida_todos	1603218363038	1603218373686	OK	 
REQUEST	4		req_Listar_com_filhos_1	1603218368070	1603218373711	OK	 
REQUEST	3		req_Listar_com_filhos_1	1603218368067	1603218373772	OK	 
REQUEST	7		req_duvida_todos	1603218363039	1603218373773	OK	 
REQUEST	7		req_Listar_com_filhos_1	1603218368068	1603218373811	OK	 
REQUEST	8		req_Listar_com_filhos_1	1603218368067	1603218373811	OK	 
REQUEST	6		req_Listar_com_filhos_1	1603218368067	1603218373811	OK	 
REQUEST	1		req_Listar_com_filhos_1	1603218368068	1603218373811	OK	 
REQUEST	9		Autenticacao	1603218374566	1603218374610	OK	 
REQUEST	2		Autenticacao	1603218374556	1603218374610	OK	 
REQUEST	5		Autenticacao	1603218374605	1603218374652	OK	 
REQUEST	2		Autenticacao Redirect 1	1603218374617	1603218374653	OK	 
REQUEST	9		Autenticacao Redirect 1	1603218374617	1603218374653	OK	 
REQUEST	10		Autenticacao	1603218374605	1603218374663	OK	 
REQUEST	9		request_33	1603218374672	1603218374694	OK	 
REQUEST	5		Autenticacao Redirect 1	1603218374653	1603218374695	OK	 
REQUEST	9		request_29	1603218374671	1603218374696	OK	 
REQUEST	9		req_Listar_com_filhos_2	1603218374670	1603218374701	OK	 
REQUEST	9		request_39	1603218374672	1603218374702	OK	 
REQUEST	10		Autenticacao Redirect 1	1603218374664	1603218374702	OK	 
REQUEST	9		request_43	1603218374669	1603218374703	OK	 
REQUEST	2		request_43	1603218374669	1603218374705	OK	 
REQUEST	2		req_Listar_com_filhos_2	1603218374670	1603218374705	OK	 
REQUEST	2		request_29	1603218374672	1603218374706	OK	 
REQUEST	2		request_33	1603218374672	1603218374708	OK	 
REQUEST	2		request_39	1603218374673	1603218374708	OK	 
REQUEST	9		request_31	1603218374674	1603218374711	OK	 
REQUEST	9		request_32	1603218374674	1603218374715	OK	 
REQUEST	9		request_36	1603218374675	1603218374717	OK	 
REQUEST	2		request_31	1603218374674	1603218374717	OK	 
REQUEST	2		request_32	1603218374675	1603218374721	OK	 
REQUEST	9		request_34	1603218374667	1603218374724	OK	 
REQUEST	2		request_36	1603218374676	1603218374725	OK	 
REQUEST	2		request_34	1603218374668	1603218374727	OK	 
REQUEST	10		request_43	1603218374717	1603218374741	OK	 
REQUEST	5		request_33	1603218374715	1603218374742	OK	 
REQUEST	5		request_29	1603218374714	1603218374742	OK	 
REQUEST	5		request_39	1603218374715	1603218374743	OK	 
REQUEST	5		req_Listar_com_filhos_2	1603218374713	1603218374744	OK	 
REQUEST	5		request_43	1603218374712	1603218374745	OK	 
REQUEST	10		request_29	1603218374719	1603218374748	OK	 
REQUEST	10		request_33	1603218374720	1603218374749	OK	 
REQUEST	10		request_39	1603218374721	1603218374750	OK	 
REQUEST	10		request_31	1603218374722	1603218374754	OK	 
REQUEST	5		request_31	1603218374717	1603218374754	OK	 
REQUEST	10		req_Listar_com_filhos_2	1603218374718	1603218374755	OK	 
REQUEST	5		request_36	1603218374719	1603218374755	OK	 
REQUEST	10		request_32	1603218374723	1603218374756	OK	 
REQUEST	5		request_32	1603218374718	1603218374757	OK	 
REQUEST	10		request_36	1603218374724	1603218374760	OK	 
REQUEST	4		Autenticacao	1603218374715	1603218374760	OK	 
REQUEST	5		request_34	1603218374710	1603218374762	OK	 
REQUEST	10		request_34	1603218374715	1603218374767	OK	 
REQUEST	2		icon?family=Material+Icons|Material+Icons+Outlined	1603218374671	1603218374767	OK	 
REQUEST	2		request_40	1603218374674	1603218374775	OK	 
REQUEST	9		icon?family=Material+Icons|Material+Icons+Outlined	1603218374670	1603218374773	OK	 
REQUEST	9		request_40	1603218374673	1603218374778	OK	 
REQUEST	2		Autenticacao_Geracao_token_1	1603218374676	1603218374793	OK	 
REQUEST	9		Autenticacao_Geracao_token_1	1603218374676	1603218374799	OK	 
REQUEST	4		Autenticacao Redirect 1	1603218374761	1603218374801	OK	 
REQUEST	10		request_40	1603218374721	1603218374806	OK	 
REQUEST	5		request_40	1603218374716	1603218374807	OK	 
REQUEST	10		Autenticacao_Geracao_token_1	1603218374725	1603218374813	OK	 
REQUEST	5		icon?family=Material+Icons|Material+Icons+Outlined	1603218374713	1603218374814	OK	 
REQUEST	5		Autenticacao_Geracao_token_1	1603218374720	1603218374815	OK	 
REQUEST	3		Autenticacao	1603218374775	1603218374820	OK	 
REQUEST	2		Autenticacao_Geracao_token_1	1603218374793	1603218374821	OK	 
REQUEST	10		icon?family=Material+Icons|Material+Icons+Outlined	1603218374719	1603218374821	OK	 
REQUEST	2		request_38	1603218374669	1603218374826	OK	 
REQUEST	9		request_38	1603218374668	1603218374826	OK	 
REQUEST	9		Autenticacao_Geracao_token_1	1603218374800	1603218374827	OK	 
REQUEST	10		Autenticacao_Geracao_token_1	1603218374814	1603218374841	OK	 
REQUEST	4		request_33	1603218374813	1603218374841	OK	 
REQUEST	4		request_29	1603218374812	1603218374842	OK	 
REQUEST	4		request_39	1603218374813	1603218374842	OK	 
REQUEST	4		req_Listar_com_filhos_2	1603218374811	1603218374843	OK	 
REQUEST	4		request_43	1603218374811	1603218374843	OK	 
REQUEST	4		request_31	1603218374814	1603218374847	OK	 
REQUEST	5		Autenticacao_Geracao_token_1	1603218374816	1603218374847	OK	 
REQUEST	5		request_38	1603218374711	1603218374856	OK	 
REQUEST	7		Autenticacao	1603218374805	1603218374856	OK	 
REQUEST	4		request_32	1603218374815	1603218374856	OK	 
REQUEST	8		Autenticacao	1603218374815	1603218374863	OK	 
REQUEST	1		Autenticacao	1603218374815	1603218374863	OK	 
REQUEST	4		request_34	1603218374810	1603218374864	OK	 
REQUEST	3		Autenticacao Redirect 1	1603218374821	1603218374864	OK	 
REQUEST	4		request_36	1603218374816	1603218374865	OK	 
REQUEST	6		Autenticacao	1603218374815	1603218374870	OK	 
REQUEST	10		request_38	1603218374716	1603218374879	OK	 
REQUEST	3		request_29	1603218374874	1603218374901	OK	 
REQUEST	8		Autenticacao Redirect 1	1603218374864	1603218374902	OK	 
REQUEST	7		Autenticacao Redirect 1	1603218374857	1603218374902	OK	 
REQUEST	3		request_33	1603218374874	1603218374903	OK	 
REQUEST	3		request_39	1603218374875	1603218374904	OK	 
REQUEST	3		request_43	1603218374873	1603218374904	OK	 
REQUEST	3		req_Listar_com_filhos_2	1603218374873	1603218374905	OK	 
REQUEST	1		Autenticacao Redirect 1	1603218374864	1603218374907	OK	 
REQUEST	4		icon?family=Material+Icons|Material+Icons+Outlined	1603218374812	1603218374910	OK	 
REQUEST	4		request_40	1603218374813	1603218374910	OK	 
REQUEST	3		request_34	1603218374872	1603218374912	OK	 
REQUEST	4		Autenticacao_Geracao_token_1	1603218374816	1603218374933	OK	 
REQUEST	3		request_31	1603218374876	1603218374934	OK	 
REQUEST	6		Autenticacao Redirect 1	1603218374871	1603218374934	OK	 
REQUEST	3		request_32	1603218374876	1603218374934	OK	 
REQUEST	3		request_36	1603218374877	1603218374935	OK	 
REQUEST	8		req_Listar_com_filhos_2	1603218374913	1603218374957	OK	 
REQUEST	7		request_29	1603218374914	1603218374957	OK	 
REQUEST	4		request_38	1603218374810	1603218374957	OK	 
REQUEST	7		req_Listar_com_filhos_2	1603218374913	1603218374957	OK	 
REQUEST	8		request_43	1603218374912	1603218374957	OK	 
REQUEST	8		request_29	1603218374914	1603218374958	OK	 
REQUEST	7		request_33	1603218374914	1603218374958	OK	 
REQUEST	8		request_39	1603218374915	1603218374958	OK	 
REQUEST	7		request_39	1603218374915	1603218374958	OK	 
REQUEST	7		request_43	1603218374912	1603218374959	OK	 
REQUEST	1		request_34	1603218374917	1603218374964	OK	 
REQUEST	8		request_31	1603218374916	1603218374966	OK	 
REQUEST	4		Autenticacao_Geracao_token_1	1603218374934	1603218374966	OK	 
REQUEST	1		req_Listar_com_filhos_2	1603218374919	1603218374966	OK	 
REQUEST	7		request_31	1603218374916	1603218374966	OK	 
REQUEST	1		request_43	1603218374918	1603218374967	OK	 
REQUEST	8		request_34	1603218374911	1603218374967	OK	 
REQUEST	7		request_34	1603218374911	1603218374967	OK	 
REQUEST	1		request_31	1603218374923	1603218374967	OK	 
REQUEST	1		request_33	1603218374921	1603218374968	OK	 
REQUEST	1		request_29	1603218374920	1603218374968	OK	 
REQUEST	8		request_33	1603218374914	1603218374968	OK	 
REQUEST	1		request_39	1603218374921	1603218374969	OK	 
REQUEST	8		request_36	1603218374918	1603218374970	OK	 
REQUEST	7		request_36	1603218374917	1603218374970	OK	 
REQUEST	6		req_Listar_com_filhos_2	1603218374943	1603218374970	OK	 
REQUEST	3		icon?family=Material+Icons|Material+Icons+Outlined	1603218374874	1603218374971	OK	 
REQUEST	6		request_43	1603218374942	1603218374972	OK	 
REQUEST	3		request_40	1603218374875	1603218374972	OK	 
REQUEST	7		request_32	1603218374917	1603218374972	OK	 
REQUEST	1		request_32	1603218374923	1603218374972	OK	 
REQUEST	6		request_29	1603218374943	1603218374973	OK	 
REQUEST	6		request_33	1603218374944	1603218374974	OK	 
REQUEST	6		request_39	1603218374944	1603218374974	OK	 
REQUEST	3		Autenticacao_Geracao_token_1	1603218374877	1603218374986	OK	 
REQUEST	8		request_32	1603218374917	1603218374986	OK	 
REQUEST	1		request_36	1603218374924	1603218374986	OK	 
REQUEST	6		request_34	1603218374941	1603218374987	OK	 
REQUEST	6		request_31	1603218374945	1603218374988	OK	 
REQUEST	6		request_32	1603218374945	1603218374995	OK	 
REQUEST	6		request_36	1603218374946	1603218374996	OK	 
REQUEST	7		icon?family=Material+Icons|Material+Icons+Outlined	1603218374913	1603218375013	OK	 
REQUEST	8		icon?family=Material+Icons|Material+Icons+Outlined	1603218374913	1603218375019	OK	 
REQUEST	3		Autenticacao_Geracao_token_1	1603218374987	1603218375019	OK	 
REQUEST	3		request_38	1603218374872	1603218375025	OK	 
REQUEST	8		request_40	1603218374915	1603218375025	OK	 
REQUEST	1		icon?family=Material+Icons|Material+Icons+Outlined	1603218374919	1603218375026	OK	 
REQUEST	7		request_40	1603218374915	1603218375027	OK	 
REQUEST	1		request_40	1603218374922	1603218375028	OK	 
REQUEST	8		Autenticacao_Geracao_token_1	1603218374918	1603218375036	OK	 
REQUEST	6		icon?family=Material+Icons|Material+Icons+Outlined	1603218374943	1603218375037	OK	 
REQUEST	1		Autenticacao_Geracao_token_1	1603218374925	1603218375045	OK	 
REQUEST	7		Autenticacao_Geracao_token_1	1603218374918	1603218375045	OK	 
REQUEST	6		request_40	1603218374945	1603218375045	OK	 
REQUEST	6		Autenticacao_Geracao_token_1	1603218374946	1603218375065	OK	 
REQUEST	8		Autenticacao_Geracao_token_1	1603218375037	1603218375065	OK	 
REQUEST	8		request_38	1603218374911	1603218375071	OK	 
REQUEST	1		Autenticacao_Geracao_token_1	1603218375045	1603218375071	OK	 
REQUEST	7		Autenticacao_Geracao_token_1	1603218375045	1603218375071	OK	 
REQUEST	1		request_38	1603218374918	1603218375080	OK	 
REQUEST	7		request_38	1603218374912	1603218375080	OK	 
REQUEST	6		Autenticacao_Geracao_token_1	1603218375065	1603218375089	OK	 
REQUEST	6		request_38	1603218374941	1603218375095	OK	 
REQUEST	9		request_49	1603218381825	1603218381874	OK	 
REQUEST	2		request_49	1603218381835	1603218381883	OK	 
REQUEST	5		request_49	1603218381855	1603218381902	OK	 
REQUEST	9		request_51	1603218381878	1603218381909	OK	 
REQUEST	2		request_51	1603218381887	1603218381909	OK	 
REQUEST	9		request_52	1603218381879	1603218381909	OK	 
REQUEST	9		request_57	1603218381881	1603218381910	OK	 
REQUEST	9		request_56	1603218381880	1603218381911	OK	 
REQUEST	2		request_52	1603218381888	1603218381915	OK	 
REQUEST	2		request_56	1603218381890	1603218381915	OK	 
REQUEST	2		request_57	1603218381891	1603218381916	OK	 
REQUEST	10		request_49	1603218381875	1603218381921	OK	 
REQUEST	5		request_51	1603218381905	1603218381929	OK	 
REQUEST	9		request_50	1603218381880	1603218381929	OK	 
REQUEST	5		request_52	1603218381906	1603218381929	OK	 
REQUEST	5		request_57	1603218381908	1603218381936	OK	 
REQUEST	2		request_50	1603218381889	1603218381936	OK	 
REQUEST	5		request_56	1603218381907	1603218381936	OK	 
REQUEST	5		request_50	1603218381906	1603218381946	OK	 
REQUEST	10		request_52	1603218381924	1603218381946	OK	 
REQUEST	9		request_58	1603218381881	1603218381952	OK	 
REQUEST	10		request_57	1603218381925	1603218381954	OK	 
REQUEST	10		request_56	1603218381924	1603218381954	OK	 
REQUEST	10		request_51	1603218381923	1603218381954	OK	 
REQUEST	9		req_Listar_com_filhos_6	1603218381882	1603218381958	OK	 
REQUEST	2		request_58	1603218381892	1603218381972	OK	 
REQUEST	10		request_50	1603218381924	1603218381972	OK	 
REQUEST	2		req_Listar_com_filhos_6	1603218381893	1603218381978	OK	 
REQUEST	5		request_58	1603218381908	1603218381985	OK	 
REQUEST	5		req_Listar_com_filhos_6	1603218381909	1603218382002	OK	 
REQUEST	9		req_Listar_com_filhos_6	1603218381959	1603218382009	OK	 
REQUEST	10		req_Listar_com_filhos_6	1603218381925	1603218382009	OK	 
REQUEST	10		request_58	1603218381925	1603218382010	OK	 
REQUEST	2		req_Listar_com_filhos_6	1603218381979	1603218382021	OK	 
REQUEST	4		request_49	1603218381974	1603218382027	OK	 
REQUEST	5		req_Listar_com_filhos_6	1603218382003	1603218382041	OK	 
REQUEST	10		req_Listar_com_filhos_6	1603218382010	1603218382048	OK	 
REQUEST	4		request_51	1603218382029	1603218382056	OK	 
REQUEST	4		request_57	1603218382030	1603218382056	OK	 
REQUEST	4		request_52	1603218382030	1603218382056	OK	 
REQUEST	4		request_56	1603218382030	1603218382057	OK	 
REQUEST	3		request_49	1603218382024	1603218382067	OK	 
REQUEST	4		request_50	1603218382030	1603218382074	OK	 
REQUEST	9		req_Listar_com_filhos_6	1603218382009	1603218382081	OK	 
REQUEST	2		req_Listar_com_filhos_6	1603218382022	1603218382081	OK	 
REQUEST	5		req_Listar_com_filhos_6	1603218382042	1603218382100	OK	 
REQUEST	3		request_52	1603218382070	1603218382104	OK	 
REQUEST	3		request_51	1603218382070	1603218382104	OK	 
REQUEST	3		request_56	1603218382071	1603218382104	OK	 
REQUEST	3		request_57	1603218382071	1603218382106	OK	 
REQUEST	3		request_50	1603218382070	1603218382120	OK	 
REQUEST	8		request_49	1603218382074	1603218382120	OK	 
REQUEST	1		request_49	1603218382074	1603218382120	OK	 
REQUEST	10		req_Listar_com_filhos_6	1603218382048	1603218382121	OK	 
REQUEST	4		request_58	1603218382031	1603218382138	OK	 
REQUEST	7		request_49	1603218382084	1603218382138	OK	 
REQUEST	6		request_49	1603218382094	1603218382138	OK	 
REQUEST	4		req_Listar_com_filhos_6	1603218382031	1603218382139	OK	 
REQUEST	8		request_51	1603218382123	1603218382145	OK	 
REQUEST	1		request_51	1603218382123	1603218382145	OK	 
REQUEST	8		request_52	1603218382123	1603218382146	OK	 
REQUEST	1		request_52	1603218382123	1603218382146	OK	 
REQUEST	8		request_56	1603218382124	1603218382146	OK	 
REQUEST	1		request_56	1603218382124	1603218382146	OK	 
REQUEST	1		request_57	1603218382124	1603218382147	OK	 
REQUEST	8		request_57	1603218382124	1603218382152	OK	 
REQUEST	3		request_58	1603218382071	1603218382158	OK	 
REQUEST	3		req_Listar_com_filhos_6	1603218382072	1603218382158	OK	 
REQUEST	7		request_51	1603218382140	1603218382166	OK	 
REQUEST	8		request_50	1603218382123	1603218382166	OK	 
REQUEST	6		request_52	1603218382141	1603218382166	OK	 
REQUEST	6		request_51	1603218382140	1603218382166	OK	 
REQUEST	7		request_52	1603218382141	1603218382166	OK	 
REQUEST	7		request_57	1603218382142	1603218382168	OK	 
REQUEST	6		request_56	1603218382141	1603218382168	OK	 
REQUEST	7		request_56	1603218382141	1603218382169	OK	 
REQUEST	6		request_57	1603218382142	1603218382169	OK	 
REQUEST	1		request_50	1603218382123	1603218382172	OK	 
REQUEST	4		req_Listar_com_filhos_6	1603218382139	1603218382179	OK	 
REQUEST	6		request_50	1603218382141	1603218382187	OK	 
REQUEST	7		request_50	1603218382141	1603218382187	OK	 
REQUEST	3		req_Listar_com_filhos_6	1603218382159	1603218382195	OK	 
REQUEST	1		request_58	1603218382124	1603218382203	OK	 
REQUEST	8		request_58	1603218382124	1603218382203	OK	 
REQUEST	1		req_Listar_com_filhos_6	1603218382125	1603218382203	OK	 
REQUEST	8		req_Listar_com_filhos_6	1603218382125	1603218382209	OK	 
REQUEST	6		request_58	1603218382142	1603218382216	OK	 
REQUEST	7		request_58	1603218382142	1603218382216	OK	 
REQUEST	7		req_Listar_com_filhos_6	1603218382143	1603218382225	OK	 
REQUEST	6		req_Listar_com_filhos_6	1603218382142	1603218382231	OK	 
REQUEST	1		req_Listar_com_filhos_6	1603218382204	1603218382249	OK	 
REQUEST	4		req_Listar_com_filhos_6	1603218382180	1603218382249	OK	 
REQUEST	3		req_Listar_com_filhos_6	1603218382196	1603218382250	OK	 
REQUEST	8		req_Listar_com_filhos_6	1603218382209	1603218382255	OK	 
REQUEST	7		req_Listar_com_filhos_6	1603218382225	1603218382266	OK	 
REQUEST	6		req_Listar_com_filhos_6	1603218382231	1603218382276	OK	 
REQUEST	8		req_Listar_com_filhos_6	1603218382256	1603218382351	OK	 
REQUEST	1		req_Listar_com_filhos_6	1603218382250	1603218382373	OK	 
REQUEST	6		req_Listar_com_filhos_6	1603218382276	1603218382373	OK	 
REQUEST	7		req_Listar_com_filhos_6	1603218382266	1603218382380	OK	 
REQUEST	9		request_63	1603218384076	1603218384125	OK	 
REQUEST	2		request_63	1603218384076	1603218384125	OK	 
REQUEST	5		request_63	1603218384095	1603218384143	OK	 
REQUEST	2		request_64	1603218384128	1603218384149	OK	 
REQUEST	10		request_63	1603218384115	1603218384157	OK	 
REQUEST	2		request_65	1603218384128	1603218384157	OK	 
REQUEST	9		request_65	1603218384129	1603218384157	OK	 
REQUEST	9		request_64	1603218384128	1603218384158	OK	 
REQUEST	2		req_Listar_com_filhos_7	1603218384129	1603218384165	OK	 
REQUEST	9		req_Listar_com_filhos_7	1603218384130	1603218384165	OK	 
REQUEST	9		request_69	1603218384131	1603218384167	OK	 
REQUEST	2		request_69	1603218384130	1603218384167	OK	 
REQUEST	5		request_65	1603218384146	1603218384172	OK	 
REQUEST	5		request_64	1603218384145	1603218384172	OK	 
REQUEST	5		req_Listar_com_filhos_7	1603218384146	1603218384173	OK	 
REQUEST	10		request_64	1603218384159	1603218384179	OK	 
REQUEST	5		request_69	1603218384147	1603218384179	OK	 
REQUEST	10		request_65	1603218384160	1603218384186	OK	 
REQUEST	10		request_69	1603218384161	1603218384187	OK	 
REQUEST	10		req_Listar_com_filhos_7	1603218384161	1603218384189	OK	 
REQUEST	2		req_Listar_com_filhos_7	1603218384166	1603218384209	OK	 
REQUEST	9		req_Listar_com_filhos_7	1603218384166	1603218384209	OK	 
REQUEST	9		request_69	1603218384168	1603218384210	OK	 
REQUEST	2		request_69	1603218384168	1603218384217	OK	 
REQUEST	5		req_Listar_com_filhos_7	1603218384173	1603218384217	OK	 
REQUEST	5		request_69	1603218384180	1603218384224	OK	 
REQUEST	10		req_Listar_com_filhos_7	1603218384190	1603218384224	OK	 
REQUEST	10		request_69	1603218384188	1603218384234	OK	 
REQUEST	9		request_69	1603218384211	1603218384260	OK	 
REQUEST	5		request_69	1603218384225	1603218384278	OK	 
REQUEST	3		request_63	1603218384244	1603218384282	OK	 
REQUEST	4		request_63	1603218384244	1603218384298	OK	 
REQUEST	2		request_69	1603218384217	1603218384298	OK	 
REQUEST	9		req_Listar_com_filhos_7	1603218384209	1603218384299	OK	 
REQUEST	10		request_69	1603218384234	1603218384301	OK	 
REQUEST	2		req_Listar_com_filhos_7	1603218384209	1603218384302	OK	 
REQUEST	5		req_Listar_com_filhos_7	1603218384217	1603218384303	OK	 
REQUEST	3		request_64	1603218384285	1603218384318	OK	 
REQUEST	3		request_65	1603218384286	1603218384325	OK	 
REQUEST	4		request_65	1603218384301	1603218384325	OK	 
REQUEST	4		request_64	1603218384300	1603218384326	OK	 
REQUEST	10		req_Listar_com_filhos_7	1603218384225	1603218384326	OK	 
REQUEST	3		request_69	1603218384287	1603218384333	OK	 
REQUEST	4		request_69	1603218384302	1603218384333	OK	 
REQUEST	4		req_Listar_com_filhos_7	1603218384301	1603218384335	OK	 
REQUEST	3		req_Listar_com_filhos_7	1603218384286	1603218384335	OK	 
REQUEST	4		request_69	1603218384335	1603218384372	OK	 
REQUEST	3		request_69	1603218384334	1603218384372	OK	 
REQUEST	3		req_Listar_com_filhos_7	1603218384336	1603218384373	OK	 
REQUEST	4		req_Listar_com_filhos_7	1603218384336	1603218384373	OK	 
REQUEST	8		request_63	1603218384345	1603218384391	OK	 
REQUEST	6		request_63	1603218384364	1603218384410	OK	 
REQUEST	1		request_63	1603218384374	1603218384417	OK	 
REQUEST	8		request_64	1603218384393	1603218384417	OK	 
REQUEST	4		request_69	1603218384372	1603218384417	OK	 
REQUEST	8		request_65	1603218384393	1603218384417	OK	 
REQUEST	3		request_69	1603218384372	1603218384418	OK	 
REQUEST	7		request_63	1603218384385	1603218384432	OK	 
REQUEST	8		request_69	1603218384394	1603218384432	OK	 
REQUEST	8		req_Listar_com_filhos_7	1603218384394	1603218384433	OK	 
REQUEST	6		request_64	1603218384411	1603218384440	OK	 
REQUEST	3		req_Listar_com_filhos_7	1603218384374	1603218384440	OK	 
REQUEST	4		req_Listar_com_filhos_7	1603218384374	1603218384440	OK	 
REQUEST	6		request_65	1603218384412	1603218384440	OK	 
REQUEST	6		request_69	1603218384412	1603218384441	OK	 
REQUEST	6		req_Listar_com_filhos_7	1603218384412	1603218384441	OK	 
REQUEST	1		request_65	1603218384419	1603218384449	OK	 
REQUEST	1		req_Listar_com_filhos_7	1603218384419	1603218384449	OK	 
REQUEST	1		request_64	1603218384418	1603218384450	OK	 
REQUEST	1		request_69	1603218384419	1603218384450	OK	 
REQUEST	7		request_65	1603218384433	1603218384459	OK	 
REQUEST	7		request_64	1603218384433	1603218384459	OK	 
REQUEST	7		req_Listar_com_filhos_7	1603218384434	1603218384460	OK	 
REQUEST	7		request_69	1603218384434	1603218384469	OK	 
REQUEST	6		request_69	1603218384441	1603218384477	OK	 
REQUEST	8		req_Listar_com_filhos_7	1603218384433	1603218384477	OK	 
REQUEST	6		req_Listar_com_filhos_7	1603218384442	1603218384483	OK	 
REQUEST	8		request_69	1603218384432	1603218384483	OK	 
REQUEST	1		request_69	1603218384450	1603218384502	OK	 
REQUEST	7		req_Listar_com_filhos_7	1603218384460	1603218384502	OK	 
REQUEST	1		req_Listar_com_filhos_7	1603218384449	1603218384503	OK	 
REQUEST	7		request_69	1603218384469	1603218384509	OK	 
REQUEST	6		request_69	1603218384477	1603218384519	OK	 
REQUEST	8		request_69	1603218384483	1603218384532	OK	 
REQUEST	6		req_Listar_com_filhos_7	1603218384483	1603218384550	OK	 
REQUEST	7		req_Listar_com_filhos_7	1603218384502	1603218384551	OK	 
REQUEST	8		req_Listar_com_filhos_7	1603218384477	1603218384551	OK	 
REQUEST	1		request_69	1603218384502	1603218384551	OK	 
REQUEST	7		request_69	1603218384509	1603218384553	OK	 
REQUEST	1		req_Listar_com_filhos_7	1603218384503	1603218384580	OK	 
REQUEST	2		request_71	1603218386305	1603218386352	OK	 
REQUEST	9		request_71	1603218386305	1603218386352	OK	 
REQUEST	5		request_71	1603218386305	1603218386352	OK	 
REQUEST	10		request_71	1603218386335	1603218386382	OK	 
REQUEST	9		request_73	1603218386360	1603218386382	OK	 
REQUEST	9		request_74	1603218386360	1603218386389	OK	 
REQUEST	5		request_73	1603218386361	1603218386389	OK	 
REQUEST	2		request_73	1603218386361	1603218386389	OK	 
REQUEST	5		request_74	1603218386362	1603218386389	OK	 
REQUEST	9		request_78	1603218386361	1603218386389	OK	 
REQUEST	2		request_74	1603218386361	1603218386389	OK	 
REQUEST	2		request_79	1603218386363	1603218386396	OK	 
REQUEST	5		request_78	1603218386363	1603218386396	OK	 
REQUEST	9		request_79	1603218386362	1603218386396	OK	 
REQUEST	9		request_80	1603218386362	1603218386397	OK	 
REQUEST	2		request_78	1603218386363	1603218386397	OK	 
REQUEST	5		request_79	1603218386363	1603218386397	OK	 
REQUEST	9		req_Listar_com_filhos_9	1603218386362	1603218386397	OK	 
REQUEST	9		request_72	1603218386361	1603218386410	OK	 
REQUEST	5		request_72	1603218386362	1603218386410	OK	 
REQUEST	2		request_72	1603218386362	1603218386417	OK	 
REQUEST	10		request_78	1603218386388	1603218386424	OK	 
REQUEST	2		request_80	1603218386364	1603218386424	OK	 
REQUEST	5		request_80	1603218386364	1603218386424	OK	 
REQUEST	9		request_98	1603218386389	1603218386424	OK	 
REQUEST	9		request_101	1603218386398	1603218386424	OK	 
REQUEST	5		req_Listar_com_filhos_9	1603218386365	1603218386424	OK	 
REQUEST	9		request_99	1603218386396	1603218386425	OK	 
REQUEST	9		request_100	1603218386397	1603218386425	OK	 
REQUEST	2		req_Listar_com_filhos_9	1603218386364	1603218386425	OK	 
REQUEST	2		request_98	1603218386396	1603218386426	OK	 
REQUEST	10		request_79	1603218386388	1603218386426	OK	 
REQUEST	10		request_73	1603218386386	1603218386427	OK	 
REQUEST	5		request_98	1603218386396	1603218386427	OK	 
REQUEST	10		request_74	1603218386387	1603218386427	OK	 
REQUEST	10		request_80	1603218386389	1603218386427	OK	 
REQUEST	2		request_99	1603218386397	1603218386428	OK	 
REQUEST	5		request_99	1603218386397	1603218386428	OK	 
REQUEST	10		req_Listar_com_filhos_9	1603218386389	1603218386428	OK	 
REQUEST	9		req_Listar_com_filhos_9	1603218386398	1603218386436	OK	 
REQUEST	10		request_72	1603218386388	1603218386442	OK	 
REQUEST	2		request_100	1603218386424	1603218386451	OK	 
REQUEST	9		request_104	1603218386425	1603218386456	OK	 
REQUEST	10		request_98	1603218386424	1603218386456	OK	 
REQUEST	10		request_99	1603218386426	1603218386457	OK	 
REQUEST	9		request_105	1603218386425	1603218386457	OK	 
REQUEST	9		request_102	1603218386424	1603218386457	OK	 
REQUEST	9		request_103	1603218386424	1603218386458	OK	 
REQUEST	5		request_101	1603218386424	1603218386458	OK	 
REQUEST	10		request_100	1603218386428	1603218386458	OK	 
REQUEST	2		request_101	1603218386425	1603218386458	OK	 
REQUEST	5		request_100	1603218386424	1603218386458	OK	 
REQUEST	10		request_101	1603218386429	1603218386458	OK	 
REQUEST	2		request_102	1603218386426	1603218386458	OK	 
REQUEST	2		request_103	1603218386428	1603218386458	OK	 
REQUEST	5		request_102	1603218386427	1603218386459	OK	 
REQUEST	5		request_103	1603218386428	1603218386459	OK	 
REQUEST	2		req_Listar_com_filhos_9	1603218386426	1603218386463	OK	 
REQUEST	5		req_Listar_com_filhos_9	1603218386425	1603218386463	OK	 
REQUEST	9		request_96	1603218386363	1603218386472	OK	 
REQUEST	10		req_Listar_com_filhos_9	1603218386429	1603218386472	OK	 
REQUEST	9		request_97	1603218386364	1603218386478	OK	 
REQUEST	5		request_96	1603218386365	1603218386478	OK	 
REQUEST	10		request_97	1603218386390	1603218386478	OK	 
REQUEST	4		request_71	1603218386435	1603218386478	OK	 
REQUEST	2		request_96	1603218386365	1603218386478	OK	 
REQUEST	2		request_104	1603218386451	1603218386479	OK	 
REQUEST	10		request_96	1603218386390	1603218386485	OK	 
REQUEST	5		request_105	1603218386458	1603218386485	OK	 
REQUEST	5		request_104	1603218386458	1603218386485	OK	 
REQUEST	10		request_102	1603218386457	1603218386485	OK	 
REQUEST	5		request_97	1603218386366	1603218386486	OK	 
REQUEST	10		request_103	1603218386457	1603218386486	OK	 
REQUEST	10		request_104	1603218386458	1603218386486	OK	 
REQUEST	2		request_97	1603218386366	1603218386486	OK	 
REQUEST	2		request_105	1603218386458	1603218386486	OK	 
REQUEST	10		request_105	1603218386458	1603218386486	OK	 
REQUEST	3		request_71	1603218386444	1603218386499	OK	 
REQUEST	4		request_73	1603218386481	1603218386506	OK	 
REQUEST	4		request_74	1603218386481	1603218386506	OK	 
REQUEST	4		request_78	1603218386482	1603218386525	OK	 
REQUEST	4		request_79	1603218386482	1603218386528	OK	 
REQUEST	4		request_80	1603218386483	1603218386528	OK	 
REQUEST	4		req_Listar_com_filhos_9	1603218386483	1603218386529	OK	 
REQUEST	4		request_72	1603218386481	1603218386532	OK	 
REQUEST	2		req_Listar_com_filhos_9	1603218386463	1603218386532	OK	 
REQUEST	9		req_Listar_com_filhos_9	1603218386457	1603218386532	OK	 
REQUEST	5		req_Listar_com_filhos_9	1603218386463	1603218386533	OK	 
REQUEST	3		request_72	1603218386502	1603218386552	OK	 
REQUEST	3		request_73	1603218386501	1603218386552	OK	 
REQUEST	10		req_Listar_com_filhos_9	1603218386478	1603218386552	OK	 
REQUEST	3		request_74	1603218386502	1603218386552	OK	 
REQUEST	3		request_78	1603218386502	1603218386553	OK	 
REQUEST	3		request_79	1603218386502	1603218386553	OK	 
REQUEST	3		request_80	1603218386502	1603218386553	OK	 
REQUEST	4		request_98	1603218386526	1603218386554	OK	 
REQUEST	3		req_Listar_com_filhos_9	1603218386503	1603218386554	OK	 
REQUEST	4		request_99	1603218386528	1603218386555	OK	 
REQUEST	4		request_100	1603218386528	1603218386555	OK	 
REQUEST	4		request_101	1603218386529	1603218386559	OK	 
REQUEST	4		req_Listar_com_filhos_9	1603218386529	1603218386569	OK	 
REQUEST	4		request_96	1603218386483	1603218386578	OK	 
REQUEST	4		request_104	1603218386555	1603218386579	OK	 
REQUEST	4		request_102	1603218386554	1603218386579	OK	 
REQUEST	3		request_99	1603218386553	1603218386580	OK	 
REQUEST	3		request_98	1603218386553	1603218386580	OK	 
REQUEST	3		request_101	1603218386555	1603218386589	OK	 
REQUEST	4		request_103	1603218386555	1603218386589	OK	 
REQUEST	7		request_71	1603218386544	1603218386589	OK	 
REQUEST	4		request_97	1603218386484	1603218386589	OK	 
REQUEST	4		request_105	1603218386559	1603218386589	OK	 
REQUEST	3		request_100	1603218386554	1603218386589	OK	 
REQUEST	6		request_71	1603218386554	1603218386600	OK	 
REQUEST	8		request_71	1603218386554	1603218386600	OK	 
REQUEST	3		req_Listar_com_filhos_9	1603218386555	1603218386600	OK	 
REQUEST	3		request_97	1603218386503	1603218386615	OK	 
REQUEST	7		request_73	1603218386592	1603218386615	OK	 
REQUEST	7		request_74	1603218386593	1603218386616	OK	 
REQUEST	3		request_102	1603218386580	1603218386616	OK	 
REQUEST	3		request_103	1603218386581	1603218386616	OK	 
REQUEST	3		request_104	1603218386589	1603218386616	OK	 
REQUEST	3		request_105	1603218386590	1603218386616	OK	 
REQUEST	3		request_96	1603218386503	1603218386616	OK	 
REQUEST	7		request_79	1603218386594	1603218386624	OK	 
REQUEST	7		request_78	1603218386593	1603218386624	OK	 
REQUEST	7		request_80	1603218386594	1603218386625	OK	 
REQUEST	7		req_Listar_com_filhos_9	1603218386594	1603218386625	OK	 
REQUEST	8		request_74	1603218386603	1603218386629	OK	 
REQUEST	6		request_73	1603218386603	1603218386629	OK	 
REQUEST	6		request_74	1603218386603	1603218386629	OK	 
REQUEST	8		request_73	1603218386603	1603218386629	OK	 
REQUEST	6		request_78	1603218386604	1603218386629	OK	 
REQUEST	6		request_80	1603218386604	1603218386630	OK	 
REQUEST	8		request_78	1603218386604	1603218386635	OK	 
REQUEST	6		request_79	1603218386604	1603218386635	OK	 
REQUEST	1		request_71	1603218386585	1603218386635	OK	 
REQUEST	8		request_80	1603218386604	1603218386636	OK	 
REQUEST	6		req_Listar_com_filhos_9	1603218386605	1603218386636	OK	 
REQUEST	8		request_79	1603218386604	1603218386636	OK	 
REQUEST	8		req_Listar_com_filhos_9	1603218386605	1603218386642	OK	 
REQUEST	7		request_72	1603218386593	1603218386650	OK	 
REQUEST	6		request_72	1603218386604	1603218386650	OK	 
REQUEST	7		request_100	1603218386625	1603218386650	OK	 
REQUEST	4		req_Listar_com_filhos_9	1603218386578	1603218386650	OK	 
REQUEST	7		request_98	1603218386624	1603218386650	OK	 
REQUEST	7		request_101	1603218386626	1603218386651	OK	 
REQUEST	7		request_99	1603218386625	1603218386651	OK	 
REQUEST	8		request_72	1603218386604	1603218386656	OK	 
REQUEST	6		request_99	1603218386630	1603218386656	OK	 
REQUEST	8		request_100	1603218386636	1603218386665	OK	 
REQUEST	6		request_98	1603218386630	1603218386665	OK	 
REQUEST	7		req_Listar_com_filhos_9	1603218386626	1603218386665	OK	 
REQUEST	6		request_101	1603218386636	1603218386665	OK	 
REQUEST	8		request_99	1603218386636	1603218386665	OK	 
REQUEST	6		request_100	1603218386635	1603218386666	OK	 
REQUEST	1		request_73	1603218386637	1603218386666	OK	 
REQUEST	1		request_74	1603218386638	1603218386668	OK	 
REQUEST	1		request_78	1603218386638	1603218386669	OK	 
REQUEST	1		request_80	1603218386638	1603218386670	OK	 
REQUEST	1		request_79	1603218386638	1603218386671	OK	 
REQUEST	8		request_98	1603218386635	1603218386671	OK	 
REQUEST	7		request_97	1603218386595	1603218386671	OK	 
REQUEST	3		req_Listar_com_filhos_9	1603218386615	1603218386671	OK	 
REQUEST	1		req_Listar_com_filhos_9	1603218386638	1603218386671	OK	 
REQUEST	7		request_96	1603218386594	1603218386672	OK	 
REQUEST	8		request_101	1603218386643	1603218386673	OK	 
REQUEST	7		request_105	1603218386651	1603218386677	OK	 
REQUEST	6		req_Listar_com_filhos_9	1603218386636	1603218386677	OK	 
REQUEST	7		request_103	1603218386650	1603218386678	OK	 
REQUEST	7		request_104	1603218386651	1603218386678	OK	 
REQUEST	7		request_102	1603218386650	1603218386678	OK	 
REQUEST	1		request_72	1603218386638	1603218386685	OK	 
REQUEST	6		request_102	1603218386657	1603218386685	OK	 
REQUEST	8		req_Listar_com_filhos_9	1603218386643	1603218386685	OK	 
REQUEST	6		request_105	1603218386666	1603218386692	OK	 
REQUEST	8		request_102	1603218386665	1603218386692	OK	 
REQUEST	6		request_103	1603218386665	1603218386692	OK	 
REQUEST	6		request_104	1603218386665	1603218386692	OK	 
REQUEST	8		request_103	1603218386665	1603218386693	OK	 
REQUEST	8		request_96	1603218386605	1603218386693	OK	 
REQUEST	6		request_97	1603218386605	1603218386693	OK	 
REQUEST	6		request_96	1603218386605	1603218386693	OK	 
REQUEST	1		request_99	1603218386670	1603218386694	OK	 
REQUEST	8		request_104	1603218386671	1603218386698	OK	 
REQUEST	1		request_98	1603218386669	1603218386698	OK	 
REQUEST	8		request_105	1603218386673	1603218386698	OK	 
REQUEST	8		request_97	1603218386605	1603218386698	OK	 
REQUEST	1		request_100	1603218386671	1603218386698	OK	 
REQUEST	1		request_101	1603218386672	1603218386699	OK	 
REQUEST	1		req_Listar_com_filhos_9	1603218386673	1603218386713	OK	 
REQUEST	1		request_97	1603218386639	1603218386737	OK	 
REQUEST	7		req_Listar_com_filhos_9	1603218386671	1603218386737	OK	 
REQUEST	1		request_96	1603218386638	1603218386737	OK	 
REQUEST	1		request_102	1603218386694	1603218386738	OK	 
REQUEST	1		request_105	1603218386699	1603218386738	OK	 
REQUEST	1		request_104	1603218386699	1603218386738	OK	 
REQUEST	1		request_103	1603218386698	1603218386738	OK	 
REQUEST	6		req_Listar_com_filhos_9	1603218386685	1603218386743	OK	 
REQUEST	8		req_Listar_com_filhos_9	1603218386692	1603218386762	OK	 
REQUEST	1		req_Listar_com_filhos_9	1603218386737	1603218386805	OK	 
REQUEST	5		request_121	1603218391525	1603218391569	OK	 
REQUEST	2		request_121	1603218391525	1603218391570	OK	 
REQUEST	9		request_121	1603218391535	1603218391580	OK	 
REQUEST	5		request_123	1603218391573	1603218391596	OK	 
REQUEST	10		request_121	1603218391545	1603218391596	OK	 
REQUEST	2		request_123	1603218391573	1603218391596	OK	 
REQUEST	5		request_122	1603218391572	1603218391596	OK	 
REQUEST	5		request_126	1603218391573	1603218391602	OK	 
REQUEST	2		request_122	1603218391572	1603218391602	OK	 
REQUEST	2		request_126	1603218391573	1603218391603	OK	 
REQUEST	2		request_127	1603218391573	1603218391610	OK	 
REQUEST	5		request_127	1603218391574	1603218391610	OK	 
REQUEST	5		request_137	1603218391575	1603218391610	OK	 
REQUEST	2		request_136	1603218391574	1603218391610	OK	 
REQUEST	2		request_140	1603218391575	1603218391610	OK	 
REQUEST	5		req_Listar_com_filhos_10	1603218391574	1603218391610	OK	 
REQUEST	2		req_Listar_com_filhos_10	1603218391574	1603218391610	OK	 
REQUEST	5		request_140	1603218391575	1603218391611	OK	 
REQUEST	2		request_137	1603218391574	1603218391611	OK	 
REQUEST	5		request_136	1603218391574	1603218391611	OK	 
REQUEST	9		request_126	1603218391582	1603218391616	OK	 
REQUEST	9		request_123	1603218391582	1603218391617	OK	 
REQUEST	9		request_122	1603218391582	1603218391623	OK	 
REQUEST	10		request_122	1603218391597	1603218391623	OK	 
REQUEST	10		request_136	1603218391599	1603218391623	OK	 
REQUEST	9		request_137	1603218391583	1603218391623	OK	 
REQUEST	9		request_127	1603218391583	1603218391623	OK	 
REQUEST	9		request_136	1603218391583	1603218391623	OK	 
REQUEST	10		request_137	1603218391599	1603218391623	OK	 
REQUEST	10		request_140	1603218391599	1603218391629	OK	 
REQUEST	9		request_140	1603218391583	1603218391629	OK	 
REQUEST	5		request_141	1603218391602	1603218391629	OK	 
REQUEST	10		request_127	1603218391598	1603218391629	OK	 
REQUEST	10		request_126	1603218391598	1603218391629	OK	 
REQUEST	9		req_Listar_com_filhos_10	1603218391583	1603218391629	OK	 
REQUEST	10		req_Listar_com_filhos_10	1603218391598	1603218391629	OK	 
REQUEST	10		request_123	1603218391598	1603218391630	OK	 
REQUEST	2		request_141	1603218391603	1603218391636	OK	 
REQUEST	9		request_141	1603218391617	1603218391651	OK	 
REQUEST	10		request_141	1603218391623	1603218391658	OK	 
REQUEST	2		req_Listar_com_filhos_10	1603218391611	1603218391658	OK	 
REQUEST	5		req_Listar_com_filhos_10	1603218391611	1603218391658	OK	 
REQUEST	9		req_Listar_com_filhos_10	1603218391630	1603218391668	OK	 
REQUEST	10		req_Listar_com_filhos_10	1603218391630	1603218391676	OK	 
REQUEST	4		request_121	1603218391655	1603218391701	OK	 
REQUEST	3		request_121	1603218391674	1603218391722	OK	 
REQUEST	4		request_126	1603218391704	1603218391742	OK	 
REQUEST	2		req_Listar_com_filhos_10	1603218391658	1603218391742	OK	 
REQUEST	4		request_122	1603218391703	1603218391742	OK	 
REQUEST	4		request_123	1603218391703	1603218391755	OK	 
REQUEST	3		request_123	1603218391724	1603218391756	OK	 
REQUEST	5		req_Listar_com_filhos_10	1603218391658	1603218391756	OK	 
REQUEST	3		request_126	1603218391724	1603218391756	OK	 
REQUEST	9		req_Listar_com_filhos_10	1603218391668	1603218391756	OK	 
REQUEST	4		req_Listar_com_filhos_10	1603218391704	1603218391756	OK	 
REQUEST	3		request_122	1603218391723	1603218391756	OK	 
REQUEST	4		request_127	1603218391704	1603218391757	OK	 
REQUEST	4		request_136	1603218391705	1603218391757	OK	 
REQUEST	4		request_137	1603218391705	1603218391757	OK	 
REQUEST	4		request_140	1603218391705	1603218391757	OK	 
REQUEST	3		request_127	1603218391724	1603218391762	OK	 
REQUEST	3		request_137	1603218391725	1603218391762	OK	 
REQUEST	3		request_136	1603218391724	1603218391770	OK	 
REQUEST	10		req_Listar_com_filhos_10	1603218391676	1603218391770	OK	 
REQUEST	3		request_140	1603218391725	1603218391770	OK	 
REQUEST	3		req_Listar_com_filhos_10	1603218391724	1603218391770	OK	 
REQUEST	4		request_141	1603218391742	1603218391786	OK	 
REQUEST	3		request_141	1603218391756	1603218391794	OK	 
REQUEST	6		request_121	1603218391744	1603218391794	OK	 
REQUEST	7		request_121	1603218391744	1603218391804	OK	 
REQUEST	8		request_121	1603218391764	1603218391811	OK	 
REQUEST	4		req_Listar_com_filhos_10	1603218391756	1603218391811	OK	 
REQUEST	3		req_Listar_com_filhos_10	1603218391771	1603218391811	OK	 
REQUEST	6		request_123	1603218391795	1603218391825	OK	 
REQUEST	6		request_122	1603218391795	1603218391825	OK	 
REQUEST	6		request_126	1603218391795	1603218391825	OK	 
REQUEST	6		request_137	1603218391796	1603218391826	OK	 
REQUEST	6		request_127	1603218391795	1603218391826	OK	 
REQUEST	6		request_136	1603218391795	1603218391826	OK	 
REQUEST	7		request_122	1603218391805	1603218391832	OK	 
REQUEST	7		request_123	1603218391805	1603218391832	OK	 
REQUEST	6		req_Listar_com_filhos_10	1603218391795	1603218391832	OK	 
REQUEST	7		request_126	1603218391806	1603218391832	OK	 
REQUEST	7		request_136	1603218391806	1603218391833	OK	 
REQUEST	6		request_140	1603218391796	1603218391833	OK	 
REQUEST	7		request_137	1603218391806	1603218391833	OK	 
REQUEST	7		request_127	1603218391806	1603218391833	OK	 
REQUEST	8		request_122	1603218391812	1603218391838	OK	 
REQUEST	8		request_123	1603218391812	1603218391838	OK	 
REQUEST	7		req_Listar_com_filhos_10	1603218391806	1603218391838	OK	 
REQUEST	8		request_127	1603218391812	1603218391839	OK	 
REQUEST	7		request_140	1603218391806	1603218391839	OK	 
REQUEST	8		request_137	1603218391813	1603218391839	OK	 
REQUEST	8		request_126	1603218391812	1603218391839	OK	 
REQUEST	8		request_140	1603218391813	1603218391839	OK	 
REQUEST	8		request_136	1603218391813	1603218391849	OK	 
REQUEST	8		req_Listar_com_filhos_10	1603218391813	1603218391850	OK	 
REQUEST	1		request_121	1603218391804	1603218391858	OK	 
REQUEST	6		request_141	1603218391826	1603218391858	OK	 
REQUEST	4		req_Listar_com_filhos_10	1603218391811	1603218391860	OK	 
REQUEST	8		request_141	1603218391839	1603218391880	OK	 
REQUEST	7		request_141	1603218391832	1603218391880	OK	 
REQUEST	6		req_Listar_com_filhos_10	1603218391832	1603218391880	OK	 
REQUEST	7		req_Listar_com_filhos_10	1603218391839	1603218391880	OK	 
REQUEST	1		request_122	1603218391860	1603218391900	OK	 
REQUEST	3		req_Listar_com_filhos_10	1603218391811	1603218391901	OK	 
REQUEST	1		request_123	1603218391860	1603218391908	OK	 
REQUEST	8		req_Listar_com_filhos_10	1603218391850	1603218391908	OK	 
REQUEST	1		request_126	1603218391860	1603218391908	OK	 
REQUEST	1		request_136	1603218391861	1603218391909	OK	 
REQUEST	1		request_127	1603218391860	1603218391909	OK	 
REQUEST	1		request_137	1603218391861	1603218391933	OK	 
REQUEST	1		req_Listar_com_filhos_10	1603218391860	1603218391933	OK	 
REQUEST	1		request_140	1603218391861	1603218391934	OK	 
REQUEST	1		request_141	1603218391909	1603218391986	OK	 
REQUEST	6		req_Listar_com_filhos_10	1603218391881	1603218392009	OK	 
REQUEST	8		req_Listar_com_filhos_10	1603218391908	1603218392010	OK	 
REQUEST	1		req_Listar_com_filhos_10	1603218391934	1603218392033	OK	 
REQUEST	7		req_Listar_com_filhos_10	1603218391881	1603218392034	OK	 
REQUEST	1		req_Listar_com_filhos_10	1603218392034	1603218392099	OK	 
REQUEST	2		request_147	1603218396744	1603218396793	OK	 
REQUEST	5		request_147	1603218396765	1603218396812	OK	 
REQUEST	9		request_147	1603218396765	1603218396812	OK	 
REQUEST	10		request_147	1603218396775	1603218396821	OK	 
REQUEST	2		request_148	1603218396794	1603218396821	OK	 
REQUEST	2		request_149	1603218396794	1603218396822	OK	 
REQUEST	2		req_Listar_com_filhos_12	1603218396794	1603218396829	OK	 
REQUEST	2		request_153	1603218396794	1603218396830	OK	 
REQUEST	9		request_148	1603218396814	1603218396840	OK	 
REQUEST	5		request_148	1603218396814	1603218396840	OK	 
REQUEST	5		request_149	1603218396814	1603218396841	OK	 
REQUEST	9		request_149	1603218396814	1603218396841	OK	 
REQUEST	9		req_Listar_com_filhos_12	1603218396814	1603218396841	OK	 
REQUEST	10		request_148	1603218396823	1603218396847	OK	 
REQUEST	10		request_149	1603218396823	1603218396847	OK	 
REQUEST	5		req_Listar_com_filhos_12	1603218396814	1603218396847	OK	 
REQUEST	5		request_153	1603218396815	1603218396856	OK	 
REQUEST	9		request_153	1603218396814	1603218396856	OK	 
REQUEST	10		request_153	1603218396823	1603218396856	OK	 
REQUEST	10		req_Listar_com_filhos_12	1603218396823	1603218396857	OK	 
REQUEST	2		request_153	1603218396831	1603218396869	OK	 
REQUEST	2		req_Listar_com_filhos_12	1603218396829	1603218396870	OK	 
REQUEST	9		req_Listar_com_filhos_12	1603218396842	1603218396881	OK	 
REQUEST	9		request_153	1603218396857	1603218396891	OK	 
REQUEST	10		request_153	1603218396857	1603218396891	OK	 
REQUEST	5		req_Listar_com_filhos_12	1603218396847	1603218396891	OK	 
REQUEST	5		request_153	1603218396857	1603218396891	OK	 
REQUEST	10		req_Listar_com_filhos_12	1603218396858	1603218396891	OK	 
REQUEST	4		request_147	1603218396854	1603218396903	OK	 
REQUEST	2		request_153	1603218396869	1603218396922	OK	 
REQUEST	4		request_149	1603218396904	1603218396943	OK	 
REQUEST	4		request_148	1603218396904	1603218396943	OK	 
REQUEST	9		req_Listar_com_filhos_12	1603218396882	1603218396944	OK	 
REQUEST	3		request_147	1603218396894	1603218396949	OK	 
REQUEST	4		request_153	1603218396904	1603218396978	OK	 
REQUEST	9		request_153	1603218396891	1603218396979	OK	 
REQUEST	10		request_153	1603218396891	1603218396979	OK	 
REQUEST	4		req_Listar_com_filhos_12	1603218396904	1603218396979	OK	 
REQUEST	2		req_Listar_com_filhos_12	1603218396871	1603218397003	OK	 
REQUEST	3		request_148	1603218396950	1603218397003	OK	 
REQUEST	5		request_153	1603218396892	1603218397004	OK	 
REQUEST	5		req_Listar_com_filhos_12	1603218396891	1603218397004	OK	 
REQUEST	3		request_149	1603218396950	1603218397008	OK	 
REQUEST	3		req_Listar_com_filhos_12	1603218396950	1603218397022	OK	 
REQUEST	3		request_153	1603218396950	1603218397022	OK	 
REQUEST	10		req_Listar_com_filhos_12	1603218396892	1603218397030	OK	 
REQUEST	4		req_Listar_com_filhos_12	1603218396979	1603218397046	OK	 
REQUEST	4		request_153	1603218396978	1603218397046	OK	 
REQUEST	6		request_147	1603218397015	1603218397061	OK	 
REQUEST	8		request_147	1603218397015	1603218397061	OK	 
REQUEST	3		req_Listar_com_filhos_12	1603218397022	1603218397061	OK	 
REQUEST	3		request_153	1603218397022	1603218397063	OK	 
REQUEST	7		request_147	1603218397025	1603218397082	OK	 
REQUEST	4		request_153	1603218397047	1603218397083	OK	 
REQUEST	6		request_148	1603218397061	1603218397090	OK	 
REQUEST	8		request_148	1603218397061	1603218397090	OK	 
REQUEST	6		request_149	1603218397061	1603218397091	OK	 
REQUEST	8		request_149	1603218397061	1603218397091	OK	 
REQUEST	8		req_Listar_com_filhos_12	1603218397061	1603218397091	OK	 
REQUEST	8		request_153	1603218397061	1603218397091	OK	 
REQUEST	6		request_153	1603218397061	1603218397097	OK	 
REQUEST	6		req_Listar_com_filhos_12	1603218397061	1603218397097	OK	 
REQUEST	7		request_148	1603218397082	1603218397104	OK	 
REQUEST	4		req_Listar_com_filhos_12	1603218397046	1603218397104	OK	 
REQUEST	3		request_153	1603218397063	1603218397105	OK	 
REQUEST	7		request_149	1603218397082	1603218397111	OK	 
REQUEST	7		request_153	1603218397082	1603218397122	OK	 
REQUEST	7		req_Listar_com_filhos_12	1603218397082	1603218397123	OK	 
REQUEST	3		req_Listar_com_filhos_12	1603218397061	1603218397129	OK	 
REQUEST	8		req_Listar_com_filhos_12	1603218397091	1603218397129	OK	 
REQUEST	8		request_153	1603218397091	1603218397138	OK	 
REQUEST	6		req_Listar_com_filhos_12	1603218397097	1603218397138	OK	 
REQUEST	6		request_153	1603218397097	1603218397139	OK	 
REQUEST	1		request_147	1603218397094	1603218397145	OK	 
REQUEST	7		request_153	1603218397123	1603218397160	OK	 
REQUEST	7		req_Listar_com_filhos_12	1603218397124	1603218397162	OK	 
REQUEST	1		request_149	1603218397147	1603218397173	OK	 
REQUEST	1		request_148	1603218397146	1603218397174	OK	 
REQUEST	8		req_Listar_com_filhos_12	1603218397129	1603218397181	OK	 
REQUEST	6		request_153	1603218397139	1603218397207	OK	 
REQUEST	8		request_153	1603218397138	1603218397207	OK	 
REQUEST	1		req_Listar_com_filhos_12	1603218397147	1603218397207	OK	 
REQUEST	7		request_153	1603218397161	1603218397208	OK	 
REQUEST	1		request_153	1603218397147	1603218397208	OK	 
REQUEST	6		req_Listar_com_filhos_12	1603218397138	1603218397209	OK	 
REQUEST	7		req_Listar_com_filhos_12	1603218397162	1603218397265	OK	 
REQUEST	1		request_153	1603218397209	1603218397280	OK	 
REQUEST	1		req_Listar_com_filhos_12	1603218397208	1603218397281	OK	 
REQUEST	1		request_153	1603218397280	1603218397314	OK	 
REQUEST	1		req_Listar_com_filhos_12	1603218397281	1603218397345	OK	 
REQUEST	9		request_155	1603218399974	1603218400025	OK	 
REQUEST	9		request_156	1603218400026	1603218400047	OK	 
REQUEST	2		request_155	1603218400005	1603218400056	OK	 
REQUEST	9		request_157	1603218400026	1603218400056	OK	 
REQUEST	9		request_159	1603218400027	1603218400056	OK	 
REQUEST	5		request_155	1603218400014	1603218400063	OK	 
REQUEST	9		req_Listar_com_filhos_14	1603218400027	1603218400063	OK	 
REQUEST	2		request_157	1603218400058	1603218400083	OK	 
REQUEST	2		request_156	1603218400057	1603218400084	OK	 
REQUEST	10		request_155	1603218400034	1603218400090	OK	 
REQUEST	5		request_156	1603218400064	1603218400090	OK	 
REQUEST	2		request_159	1603218400058	1603218400090	OK	 
REQUEST	5		request_157	1603218400064	1603218400090	OK	 
REQUEST	5		request_159	1603218400064	1603218400090	OK	 
REQUEST	2		req_Listar_com_filhos_14	1603218400058	1603218400097	OK	 
REQUEST	5		req_Listar_com_filhos_14	1603218400064	1603218400097	OK	 
REQUEST	9		req_Listar_com_filhos_14	1603218400064	1603218400105	OK	 
REQUEST	10		request_156	1603218400091	1603218400120	OK	 
REQUEST	10		request_157	1603218400091	1603218400120	OK	 
REQUEST	10		request_159	1603218400092	1603218400129	OK	 
REQUEST	10		req_Listar_com_filhos_14	1603218400092	1603218400130	OK	 
REQUEST	2		req_Listar_com_filhos_14	1603218400098	1603218400139	OK	 
REQUEST	5		req_Listar_com_filhos_14	1603218400098	1603218400146	OK	 
REQUEST	4		request_155	1603218400105	1603218400152	OK	 
REQUEST	10		req_Listar_com_filhos_14	1603218400130	1603218400165	OK	 
REQUEST	9		req_Listar_com_filhos_14	1603218400106	1603218400172	OK	 
REQUEST	4		request_157	1603218400154	1603218400179	OK	 
REQUEST	4		request_156	1603218400153	1603218400180	OK	 
REQUEST	4		request_159	1603218400154	1603218400180	OK	 
REQUEST	3		request_155	1603218400135	1603218400187	OK	 
REQUEST	4		req_Listar_com_filhos_14	1603218400154	1603218400188	OK	 
REQUEST	3		request_156	1603218400188	1603218400215	OK	 
REQUEST	2		req_Listar_com_filhos_14	1603218400140	1603218400216	OK	 
REQUEST	3		request_157	1603218400188	1603218400216	OK	 
REQUEST	10		req_Listar_com_filhos_14	1603218400165	1603218400218	OK	 
REQUEST	3		request_159	1603218400189	1603218400230	OK	 
REQUEST	4		req_Listar_com_filhos_14	1603218400188	1603218400230	OK	 
REQUEST	5		req_Listar_com_filhos_14	1603218400146	1603218400230	OK	 
REQUEST	3		req_Listar_com_filhos_14	1603218400189	1603218400230	OK	 
REQUEST	6		request_155	1603218400205	1603218400249	OK	 
REQUEST	8		request_155	1603218400205	1603218400255	OK	 
REQUEST	3		req_Listar_com_filhos_14	1603218400231	1603218400272	OK	 
REQUEST	6		request_157	1603218400250	1603218400278	OK	 
REQUEST	6		request_159	1603218400250	1603218400279	OK	 
REQUEST	6		request_156	1603218400250	1603218400279	OK	 
REQUEST	8		request_157	1603218400257	1603218400285	OK	 
REQUEST	8		request_159	1603218400257	1603218400286	OK	 
REQUEST	6		req_Listar_com_filhos_14	1603218400251	1603218400286	OK	 
REQUEST	8		req_Listar_com_filhos_14	1603218400257	1603218400286	OK	 
REQUEST	8		request_156	1603218400256	1603218400288	OK	 
REQUEST	4		req_Listar_com_filhos_14	1603218400230	1603218400301	OK	 
REQUEST	7		request_155	1603218400275	1603218400329	OK	 
REQUEST	6		req_Listar_com_filhos_14	1603218400286	1603218400330	OK	 
REQUEST	8		req_Listar_com_filhos_14	1603218400287	1603218400336	OK	 
REQUEST	3		req_Listar_com_filhos_14	1603218400273	1603218400351	OK	 
REQUEST	7		request_157	1603218400331	1603218400360	OK	 
REQUEST	7		request_156	1603218400330	1603218400360	OK	 
REQUEST	7		request_159	1603218400331	1603218400360	OK	 
REQUEST	7		req_Listar_com_filhos_14	1603218400331	1603218400360	OK	 
REQUEST	6		req_Listar_com_filhos_14	1603218400330	1603218400380	OK	 
REQUEST	7		req_Listar_com_filhos_14	1603218400361	1603218400399	OK	 
REQUEST	1		request_155	1603218400354	1603218400405	OK	 
REQUEST	8		req_Listar_com_filhos_14	1603218400337	1603218400406	OK	 
REQUEST	1		request_159	1603218400407	1603218400431	OK	 
REQUEST	1		request_156	1603218400406	1603218400431	OK	 
REQUEST	1		req_Listar_com_filhos_14	1603218400407	1603218400431	OK	 
REQUEST	1		request_157	1603218400407	1603218400432	OK	 
REQUEST	7		req_Listar_com_filhos_14	1603218400400	1603218400462	OK	 
REQUEST	1		req_Listar_com_filhos_14	1603218400432	1603218400469	OK	 
REQUEST	1		req_Listar_com_filhos_14	1603218400469	1603218400520	OK	 
REQUEST	9		request_167	1603218403164	1603218403215	OK	 
REQUEST	9		request_169	1603218403217	1603218403244	OK	 
REQUEST	9		request_168	1603218403216	1603218403244	OK	 
REQUEST	9		request_182	1603218403217	1603218403244	OK	 
REQUEST	9		request_172	1603218403217	1603218403245	OK	 
REQUEST	9		request_183	1603218403217	1603218403245	OK	 
REQUEST	9		req_Listar_com_filhos_15	1603218403217	1603218403245	OK	 
REQUEST	9		request_174	1603218403217	1603218403246	OK	 
REQUEST	9		request_184	1603218403218	1603218403249	OK	 
REQUEST	10		request_167	1603218403214	1603218403261	OK	 
REQUEST	9		request_185	1603218403244	1603218403271	OK	 
REQUEST	2		request_167	1603218403224	1603218403271	OK	 
REQUEST	5		request_167	1603218403224	1603218403271	OK	 
REQUEST	10		request_169	1603218403263	1603218403289	OK	 
REQUEST	9		req_Listar_com_filhos_15	1603218403246	1603218403289	OK	 
REQUEST	10		request_172	1603218403263	1603218403290	OK	 
REQUEST	10		request_168	1603218403263	1603218403290	OK	 
REQUEST	10		request_174	1603218403263	1603218403291	OK	 
REQUEST	10		request_182	1603218403264	1603218403296	OK	 
REQUEST	2		request_168	1603218403273	1603218403296	OK	 
REQUEST	5		request_168	1603218403273	1603218403296	OK	 
REQUEST	2		request_169	1603218403273	1603218403296	OK	 
REQUEST	5		request_169	1603218403273	1603218403296	OK	 
REQUEST	10		req_Listar_com_filhos_15	1603218403263	1603218403296	OK	 
REQUEST	10		request_184	1603218403264	1603218403297	OK	 
REQUEST	10		request_183	1603218403264	1603218403297	OK	 
REQUEST	5		request_172	1603218403274	1603218403303	OK	 
REQUEST	2		request_172	1603218403274	1603218403303	OK	 
REQUEST	5		request_174	1603218403274	1603218403303	OK	 
REQUEST	2		request_183	1603218403275	1603218403304	OK	 
REQUEST	5		req_Listar_com_filhos_15	1603218403274	1603218403304	OK	 
REQUEST	2		req_Listar_com_filhos_15	1603218403274	1603218403304	OK	 
REQUEST	5		request_184	1603218403275	1603218403305	OK	 
REQUEST	5		request_182	1603218403274	1603218403305	OK	 
REQUEST	5		request_183	1603218403274	1603218403305	OK	 
REQUEST	2		request_182	1603218403274	1603218403305	OK	 
REQUEST	2		request_184	1603218403275	1603218403310	OK	 
REQUEST	2		request_174	1603218403274	1603218403310	OK	 
REQUEST	10		request_185	1603218403290	1603218403318	OK	 
REQUEST	5		request_185	1603218403303	1603218403329	OK	 
REQUEST	2		request_185	1603218403303	1603218403329	OK	 
REQUEST	10		req_Listar_com_filhos_15	1603218403297	1603218403337	OK	 
REQUEST	5		req_Listar_com_filhos_15	1603218403304	1603218403347	OK	 
REQUEST	2		req_Listar_com_filhos_15	1603218403305	1603218403347	OK	 
REQUEST	4		request_167	1603218403304	1603218403354	OK	 
REQUEST	9		req_Listar_com_filhos_15	1603218403290	1603218403361	OK	 
REQUEST	4		request_168	1603218403357	1603218403381	OK	 
REQUEST	3		request_167	1603218403345	1603218403387	OK	 
REQUEST	4		request_169	1603218403357	1603218403387	OK	 
REQUEST	4		request_184	1603218403358	1603218403388	OK	 
REQUEST	4		request_182	1603218403358	1603218403388	OK	 
REQUEST	4		request_172	1603218403357	1603218403389	OK	 
REQUEST	4		request_183	1603218403358	1603218403389	OK	 
REQUEST	4		request_174	1603218403358	1603218403389	OK	 
REQUEST	4		req_Listar_com_filhos_15	1603218403357	1603218403395	OK	 
REQUEST	10		req_Listar_com_filhos_15	1603218403338	1603218403408	OK	 
REQUEST	3		request_168	1603218403390	1603218403415	OK	 
REQUEST	4		request_185	1603218403388	1603218403415	OK	 
REQUEST	3		request_169	1603218403390	1603218403416	OK	 
REQUEST	3		request_174	1603218403391	1603218403416	OK	 
REQUEST	3		request_172	1603218403390	1603218403416	OK	 
REQUEST	3		request_183	1603218403391	1603218403416	OK	 
REQUEST	3		request_182	1603218403391	1603218403417	OK	 
REQUEST	3		req_Listar_com_filhos_15	1603218403391	1603218403422	OK	 
REQUEST	5		req_Listar_com_filhos_15	1603218403347	1603218403423	OK	 
REQUEST	2		req_Listar_com_filhos_15	1603218403347	1603218403423	OK	 
REQUEST	3		request_184	1603218403391	1603218403423	OK	 
REQUEST	4		req_Listar_com_filhos_15	1603218403395	1603218403434	OK	 
REQUEST	6		request_167	1603218403384	1603218403440	OK	 
REQUEST	3		request_185	1603218403416	1603218403447	OK	 
REQUEST	8		request_167	1603218403415	1603218403465	OK	 
REQUEST	6		request_169	1603218403442	1603218403465	OK	 
REQUEST	6		request_168	1603218403442	1603218403465	OK	 
REQUEST	6		request_172	1603218403442	1603218403466	OK	 
REQUEST	6		request_174	1603218403443	1603218403466	OK	 
REQUEST	6		request_182	1603218403443	1603218403466	OK	 
REQUEST	6		req_Listar_com_filhos_15	1603218403443	1603218403467	OK	 
REQUEST	6		request_184	1603218403443	1603218403472	OK	 
REQUEST	3		req_Listar_com_filhos_15	1603218403423	1603218403472	OK	 
REQUEST	6		request_183	1603218403443	1603218403472	OK	 
REQUEST	8		request_172	1603218403467	1603218403493	OK	 
REQUEST	6		request_185	1603218403466	1603218403493	OK	 
REQUEST	8		request_168	1603218403467	1603218403494	OK	 
REQUEST	8		request_169	1603218403467	1603218403494	OK	 
REQUEST	8		request_174	1603218403468	1603218403494	OK	 
REQUEST	7		request_167	1603218403454	1603218403499	OK	 
REQUEST	8		req_Listar_com_filhos_15	1603218403468	1603218403500	OK	 
REQUEST	8		request_182	1603218403468	1603218403506	OK	 
REQUEST	4		req_Listar_com_filhos_15	1603218403435	1603218403506	OK	 
REQUEST	8		request_183	1603218403469	1603218403512	OK	 
REQUEST	6		req_Listar_com_filhos_15	1603218403467	1603218403512	OK	 
REQUEST	8		request_184	1603218403469	1603218403512	OK	 
REQUEST	8		request_185	1603218403493	1603218403520	OK	 
REQUEST	7		request_169	1603218403502	1603218403527	OK	 
REQUEST	7		request_172	1603218403502	1603218403528	OK	 
REQUEST	7		request_174	1603218403502	1603218403528	OK	 
REQUEST	7		request_182	1603218403503	1603218403528	OK	 
REQUEST	7		request_168	1603218403501	1603218403529	OK	 
REQUEST	7		req_Listar_com_filhos_15	1603218403502	1603218403529	OK	 
REQUEST	7		request_184	1603218403503	1603218403530	OK	 
REQUEST	7		request_183	1603218403503	1603218403530	OK	 
REQUEST	8		req_Listar_com_filhos_15	1603218403500	1603218403536	OK	 
REQUEST	3		req_Listar_com_filhos_15	1603218403472	1603218403537	OK	 
REQUEST	6		req_Listar_com_filhos_15	1603218403513	1603218403550	OK	 
REQUEST	7		request_185	1603218403528	1603218403556	OK	 
REQUEST	1		request_167	1603218403514	1603218403564	OK	 
REQUEST	7		req_Listar_com_filhos_15	1603218403529	1603218403565	OK	 
REQUEST	1		request_168	1603218403567	1603218403595	OK	 
REQUEST	1		request_169	1603218403567	1603218403595	OK	 
REQUEST	8		req_Listar_com_filhos_15	1603218403537	1603218403595	OK	 
REQUEST	1		request_172	1603218403568	1603218403595	OK	 
REQUEST	1		request_174	1603218403568	1603218403596	OK	 
REQUEST	1		request_182	1603218403569	1603218403596	OK	 
REQUEST	1		request_184	1603218403569	1603218403596	OK	 
REQUEST	1		request_183	1603218403569	1603218403597	OK	 
REQUEST	1		req_Listar_com_filhos_15	1603218403568	1603218403601	OK	 
REQUEST	1		request_185	1603218403595	1603218403619	OK	 
REQUEST	7		req_Listar_com_filhos_15	1603218403565	1603218403633	OK	 
REQUEST	1		req_Listar_com_filhos_15	1603218403602	1603218403646	OK	 
REQUEST	1		req_Listar_com_filhos_15	1603218403647	1603218403715	OK	 
REQUEST	9		request_192	1603218406364	1603218406385	OK	 
REQUEST	9		request_193	1603218406386	1603218406411	OK	 
REQUEST	9		request_194	1603218406386	1603218406412	OK	 
REQUEST	9		req_Listar_com_filhos_15	1603218406387	1603218406412	OK	 
REQUEST	9		request_198	1603218406387	1603218406413	OK	 
REQUEST	2		request_192	1603218406414	1603218406439	OK	 
REQUEST	10		request_192	1603218406414	1603218406439	OK	 
REQUEST	5		request_192	1603218406414	1603218406440	OK	 
REQUEST	9		request_198	1603218406413	1603218406455	OK	 
REQUEST	9		req_Listar_com_filhos_15	1603218406413	1603218406456	OK	 
REQUEST	5		request_193	1603218406441	1603218406467	OK	 
REQUEST	2		request_193	1603218406441	1603218406467	OK	 
REQUEST	10		request_193	1603218406441	1603218406467	OK	 
REQUEST	5		request_194	1603218406441	1603218406467	OK	 
REQUEST	2		request_194	1603218406441	1603218406467	OK	 
REQUEST	10		request_194	1603218406441	1603218406468	OK	 
REQUEST	10		request_198	1603218406442	1603218406474	OK	 
REQUEST	2		req_Listar_com_filhos_15	1603218406441	1603218406474	OK	 
REQUEST	5		req_Listar_com_filhos_15	1603218406441	1603218406474	OK	 
REQUEST	10		req_Listar_com_filhos_15	1603218406441	1603218406475	OK	 
REQUEST	2		request_198	1603218406442	1603218406475	OK	 
REQUEST	9		request_195	1603218406386	1603218406482	OK	 
REQUEST	5		request_198	1603218406442	1603218406482	OK	 
REQUEST	9		request_198	1603218406455	1603218406500	OK	 
REQUEST	5		req_Listar_com_filhos_15	1603218406475	1603218406518	OK	 
REQUEST	2		request_198	1603218406476	1603218406518	OK	 
REQUEST	10		req_Listar_com_filhos_15	1603218406476	1603218406519	OK	 
REQUEST	5		request_198	1603218406482	1603218406519	OK	 
REQUEST	2		req_Listar_com_filhos_15	1603218406475	1603218406519	OK	 
REQUEST	10		request_198	1603218406475	1603218406520	OK	 
REQUEST	2		request_195	1603218406441	1603218406537	OK	 
REQUEST	5		request_195	1603218406441	1603218406537	OK	 
REQUEST	4		request_192	1603218406515	1603218406537	OK	 
REQUEST	9		req_Listar_com_filhos_15	1603218406456	1603218406537	OK	 
REQUEST	10		request_195	1603218406441	1603218406543	OK	 
REQUEST	10		request_198	1603218406520	1603218406563	OK	 
REQUEST	4		request_194	1603218406538	1603218406563	OK	 
REQUEST	4		request_193	1603218406538	1603218406563	OK	 
REQUEST	5		request_198	1603218406520	1603218406564	OK	 
REQUEST	10		req_Listar_com_filhos_15	1603218406519	1603218406570	OK	 
REQUEST	4		req_Listar_com_filhos_15	1603218406539	1603218406570	OK	 
REQUEST	3		request_192	1603218406545	1603218406588	OK	 
REQUEST	4		request_198	1603218406539	1603218406588	OK	 
REQUEST	6		request_192	1603218406554	1603218406588	OK	 
REQUEST	2		request_198	1603218406519	1603218406589	OK	 
REQUEST	5		req_Listar_com_filhos_15	1603218406519	1603218406597	OK	 
REQUEST	2		req_Listar_com_filhos_15	1603218406520	1603218406598	OK	 
REQUEST	6		request_194	1603218406590	1603218406616	OK	 
REQUEST	3		request_193	1603218406590	1603218406616	OK	 
REQUEST	4		req_Listar_com_filhos_15	1603218406571	1603218406616	OK	 
REQUEST	6		request_193	1603218406590	1603218406616	OK	 
REQUEST	3		request_194	1603218406590	1603218406616	OK	 
REQUEST	8		request_192	1603218406595	1603218406624	OK	 
REQUEST	4		request_198	1603218406589	1603218406624	OK	 
REQUEST	6		req_Listar_com_filhos_15	1603218406591	1603218406624	OK	 
REQUEST	3		req_Listar_com_filhos_15	1603218406591	1603218406624	OK	 
REQUEST	6		request_198	1603218406591	1603218406625	OK	 
REQUEST	3		request_198	1603218406591	1603218406625	OK	 
REQUEST	4		request_195	1603218406539	1603218406635	OK	 
REQUEST	8		request_193	1603218406625	1603218406656	OK	 
REQUEST	8		request_194	1603218406625	1603218406657	OK	 
REQUEST	7		request_192	1603218406634	1603218406658	OK	 
REQUEST	8		request_198	1603218406626	1603218406666	OK	 
REQUEST	6		req_Listar_com_filhos_15	1603218406624	1603218406666	OK	 
REQUEST	8		req_Listar_com_filhos_15	1603218406626	1603218406667	OK	 
REQUEST	4		request_198	1603218406624	1603218406669	OK	 
REQUEST	3		req_Listar_com_filhos_15	1603218406624	1603218406672	OK	 
REQUEST	6		request_198	1603218406625	1603218406672	OK	 
REQUEST	3		request_198	1603218406625	1603218406673	OK	 
REQUEST	7		request_194	1603218406659	1603218406684	OK	 
REQUEST	3		request_195	1603218406590	1603218406684	OK	 
REQUEST	6		request_195	1603218406590	1603218406684	OK	 
REQUEST	7		request_193	1603218406659	1603218406684	OK	 
REQUEST	4		req_Listar_com_filhos_15	1603218406616	1603218406690	OK	 
REQUEST	7		req_Listar_com_filhos_15	1603218406659	1603218406690	OK	 
REQUEST	7		request_198	1603218406659	1603218406697	OK	 
REQUEST	8		req_Listar_com_filhos_15	1603218406668	1603218406706	OK	 
REQUEST	3		request_198	1603218406674	1603218406707	OK	 
REQUEST	8		request_198	1603218406667	1603218406707	OK	 
REQUEST	6		request_198	1603218406673	1603218406712	OK	 
REQUEST	8		request_195	1603218406625	1603218406721	OK	 
REQUEST	7		req_Listar_com_filhos_15	1603218406691	1603218406729	OK	 
REQUEST	6		req_Listar_com_filhos_15	1603218406667	1603218406730	OK	 
REQUEST	7		request_198	1603218406697	1603218406742	OK	 
REQUEST	3		req_Listar_com_filhos_15	1603218406673	1603218406742	OK	 
REQUEST	1		request_192	1603218406724	1603218406749	OK	 
REQUEST	8		request_198	1603218406707	1603218406750	OK	 
REQUEST	7		request_195	1603218406659	1603218406757	OK	 
REQUEST	1		request_193	1603218406750	1603218406775	OK	 
REQUEST	1		request_194	1603218406751	1603218406775	OK	 
REQUEST	8		req_Listar_com_filhos_15	1603218406706	1603218406775	OK	 
REQUEST	1		req_Listar_com_filhos_15	1603218406751	1603218406775	OK	 
REQUEST	1		request_198	1603218406752	1603218406782	OK	 
REQUEST	7		request_198	1603218406742	1603218406783	OK	 
REQUEST	7		req_Listar_com_filhos_15	1603218406730	1603218406783	OK	 
REQUEST	1		req_Listar_com_filhos_15	1603218406776	1603218406826	OK	 
REQUEST	1		request_198	1603218406783	1603218406826	OK	 
REQUEST	1		request_195	1603218406751	1603218406849	OK	 
REQUEST	1		request_198	1603218406826	1603218406896	OK	 
REQUEST	1		req_Listar_com_filhos_15	1603218406826	1603218406915	OK	 
REQUEST	9		request_201	1603218410544	1603218410593	OK	 
REQUEST	10		request_201	1603218410565	1603218410621	OK	 
REQUEST	9		request_203	1603218410595	1603218410621	OK	 
REQUEST	9		request_202	1603218410594	1603218410621	OK	 
REQUEST	9		request_215	1603218410595	1603218410627	OK	 
REQUEST	9		request_210	1603218410595	1603218410627	OK	 
REQUEST	9		request_209	1603218410595	1603218410628	OK	 
REQUEST	9		request_208	1603218410595	1603218410628	OK	 
REQUEST	9		req_Listar_com_filhos_16	1603218410595	1603218410636	OK	 
REQUEST	10		request_202	1603218410622	1603218410644	OK	 
REQUEST	10		request_203	1603218410622	1603218410650	OK	 
REQUEST	5		request_201	1603218410605	1603218410650	OK	 
REQUEST	2		request_201	1603218410605	1603218410650	OK	 
REQUEST	10		request_208	1603218410623	1603218410650	OK	 
REQUEST	10		request_209	1603218410623	1603218410651	OK	 
REQUEST	10		req_Listar_com_filhos_16	1603218410623	1603218410651	OK	 
REQUEST	10		request_210	1603218410623	1603218410656	OK	 
REQUEST	10		request_215	1603218410623	1603218410656	OK	 
REQUEST	9		req_Listar_com_filhos_16	1603218410637	1603218410673	OK	 
REQUEST	2		request_203	1603218410652	1603218410681	OK	 
REQUEST	5		request_202	1603218410652	1603218410681	OK	 
REQUEST	2		request_209	1603218410653	1603218410681	OK	 
REQUEST	5		request_203	1603218410652	1603218410681	OK	 
REQUEST	2		request_210	1603218410653	1603218410682	OK	 
REQUEST	5		request_209	1603218410653	1603218410682	OK	 
REQUEST	5		request_208	1603218410653	1603218410682	OK	 
REQUEST	2		request_202	1603218410652	1603218410682	OK	 
REQUEST	5		request_210	1603218410653	1603218410682	OK	 
REQUEST	2		request_208	1603218410653	1603218410682	OK	 
REQUEST	5		request_215	1603218410654	1603218410682	OK	 
REQUEST	2		req_Listar_com_filhos_16	1603218410653	1603218410682	OK	 
REQUEST	5		req_Listar_com_filhos_16	1603218410653	1603218410682	OK	 
REQUEST	2		request_215	1603218410654	1603218410683	OK	 
REQUEST	10		req_Listar_com_filhos_16	1603218410652	1603218410692	OK	 
REQUEST	5		req_Listar_com_filhos_16	1603218410683	1603218410724	OK	 
REQUEST	2		req_Listar_com_filhos_16	1603218410683	1603218410724	OK	 
REQUEST	4		request_201	1603218410684	1603218410731	OK	 
REQUEST	9		req_Listar_com_filhos_16	1603218410673	1603218410738	OK	 
REQUEST	4		request_203	1603218410733	1603218410762	OK	 
REQUEST	4		request_202	1603218410733	1603218410762	OK	 
REQUEST	10		req_Listar_com_filhos_16	1603218410692	1603218410762	OK	 
REQUEST	4		req_Listar_com_filhos_16	1603218410733	1603218410763	OK	 
REQUEST	2		req_Listar_com_filhos_16	1603218410724	1603218410929	OK	 
REQUEST	4		request_208	1603218410733	1603218410929	OK	 
REQUEST	3		request_201	1603218410734	1603218410929	OK	 
REQUEST	6		request_201	1603218410724	1603218410929	OK	 
REQUEST	5		req_Listar_com_filhos_16	1603218410724	1603218410929	OK	 
REQUEST	4		request_210	1603218410734	1603218410929	OK	 
REQUEST	4		request_209	1603218410734	1603218410929	OK	 
REQUEST	4		request_215	1603218410734	1603218410930	OK	 
REQUEST	6		request_202	1603218410931	1603218410960	OK	 
REQUEST	3		request_202	1603218410931	1603218410960	OK	 
REQUEST	3		request_203	1603218410931	1603218410960	OK	 
REQUEST	6		request_203	1603218410931	1603218410960	OK	 
REQUEST	3		request_215	1603218410931	1603218410960	OK	 
REQUEST	6		request_208	1603218410931	1603218410960	OK	 
REQUEST	3		request_210	1603218410931	1603218410961	OK	 
REQUEST	6		request_209	1603218410931	1603218410961	OK	 
REQUEST	3		request_209	1603218410931	1603218410961	OK	 
REQUEST	6		request_210	1603218410931	1603218410961	OK	 
REQUEST	3		request_208	1603218410931	1603218410961	OK	 
REQUEST	6		request_215	1603218410931	1603218410961	OK	 
REQUEST	3		req_Listar_com_filhos_16	1603218410931	1603218410961	OK	 
REQUEST	6		req_Listar_com_filhos_16	1603218410931	1603218410961	OK	 
REQUEST	4		req_Listar_com_filhos_16	1603218410926	1603218410966	OK	 
REQUEST	8		request_201	1603218410929	1603218410974	OK	 
REQUEST	1		request_201	1603218410928	1603218410974	OK	 
REQUEST	7		request_201	1603218410928	1603218410974	OK	 
REQUEST	8		request_203	1603218410974	1603218410997	OK	 
REQUEST	1		request_203	1603218410974	1603218410997	OK	 
REQUEST	7		request_203	1603218410974	1603218410997	OK	 
REQUEST	7		request_202	1603218410974	1603218410998	OK	 
REQUEST	1		request_202	1603218410974	1603218410998	OK	 
REQUEST	8		request_202	1603218410974	1603218410998	OK	 
REQUEST	7		request_208	1603218410975	1603218410998	OK	 
REQUEST	1		request_209	1603218410975	1603218410998	OK	 
REQUEST	8		request_208	1603218410974	1603218410998	OK	 
REQUEST	7		request_209	1603218410975	1603218410998	OK	 
REQUEST	1		request_210	1603218410975	1603218410998	OK	 
REQUEST	1		request_215	1603218410975	1603218410998	OK	 
REQUEST	8		req_Listar_com_filhos_16	1603218410974	1603218410998	OK	 
REQUEST	7		req_Listar_com_filhos_16	1603218410974	1603218410998	OK	 
REQUEST	1		req_Listar_com_filhos_16	1603218410974	1603218410998	OK	 
REQUEST	7		request_210	1603218410975	1603218410998	OK	 
REQUEST	1		request_208	1603218410974	1603218410998	OK	 
REQUEST	8		request_210	1603218410975	1603218410999	OK	 
REQUEST	8		request_209	1603218410975	1603218411004	OK	 
REQUEST	7		request_215	1603218410975	1603218411004	OK	 
REQUEST	8		request_215	1603218410975	1603218411004	OK	 
REQUEST	3		req_Listar_com_filhos_16	1603218410961	1603218411004	OK	 
REQUEST	6		req_Listar_com_filhos_16	1603218410961	1603218411010	OK	 
REQUEST	7		req_Listar_com_filhos_16	1603218410998	1603218411032	OK	 
REQUEST	8		req_Listar_com_filhos_16	1603218410998	1603218411041	OK	 
REQUEST	1		req_Listar_com_filhos_16	1603218410998	1603218411041	OK	 
REQUEST	4		req_Listar_com_filhos_16	1603218410966	1603218411056	OK	 
REQUEST	3		req_Listar_com_filhos_16	1603218411005	1603218411080	OK	 
REQUEST	6		req_Listar_com_filhos_16	1603218411010	1603218411080	OK	 
REQUEST	1		req_Listar_com_filhos_16	1603218411041	1603218411098	OK	 
REQUEST	7		req_Listar_com_filhos_16	1603218411032	1603218411099	OK	 
REQUEST	8		req_Listar_com_filhos_16	1603218411041	1603218411114	OK	 
REQUEST	9		request_217	1603218411735	1603218411780	OK	 
REQUEST	9		request_218	1603218411783	1603218411808	OK	 
REQUEST	9		request_219	1603218411783	1603218411809	OK	 
REQUEST	9		request_235	1603218411785	1603218411809	OK	 
REQUEST	9		request_233	1603218411784	1603218411809	OK	 
REQUEST	9		request_223	1603218411784	1603218411814	OK	 
REQUEST	9		request_222	1603218411783	1603218411814	OK	 
REQUEST	9		request_234	1603218411784	1603218411815	OK	 
REQUEST	9		req_Listar_com_filhos_17	1603218411784	1603218411815	OK	 
REQUEST	9		request_236	1603218411809	1603218411837	OK	 
REQUEST	9		req_Listar_com_filhos_17	1603218411815	1603218411856	OK	 
REQUEST	9		req_Listar_com_filhos_17	1603218411856	1603218411915	OK	 
USER	ListarAnuncios2	9	END	1603218341680	1603218411931
REQUEST	10		request_217	1603218411914	1603218411961	OK	 
REQUEST	5		request_217	1603218411935	1603218411980	OK	 
REQUEST	2		request_217	1603218411924	1603218411980	OK	 
REQUEST	10		request_218	1603218411963	1603218411987	OK	 
REQUEST	10		request_219	1603218411963	1603218411988	OK	 
REQUEST	10		request_222	1603218411963	1603218411988	OK	 
REQUEST	10		request_235	1603218411964	1603218411989	OK	 
REQUEST	10		request_223	1603218411963	1603218411989	OK	 
REQUEST	10		request_233	1603218411964	1603218411989	OK	 
REQUEST	10		request_234	1603218411964	1603218411989	OK	 
REQUEST	10		req_Listar_com_filhos_17	1603218411963	1603218411994	OK	 
REQUEST	2		request_219	1603218411982	1603218412006	OK	 
REQUEST	5		request_218	1603218411982	1603218412007	OK	 
REQUEST	8		request_217	1603218411964	1603218412012	OK	 
REQUEST	5		request_223	1603218411982	1603218412012	OK	 
REQUEST	7		request_217	1603218411964	1603218412012	OK	 
REQUEST	2		request_223	1603218411982	1603218412013	OK	 
REQUEST	2		request_234	1603218411983	1603218412013	OK	 
REQUEST	5		request_233	1603218411983	1603218412013	OK	 
REQUEST	10		request_236	1603218411988	1603218412013	OK	 
REQUEST	5		request_222	1603218411982	1603218412013	OK	 
REQUEST	2		request_218	1603218411982	1603218412013	OK	 
REQUEST	5		request_234	1603218411983	1603218412014	OK	 
REQUEST	2		request_233	1603218411982	1603218412014	OK	 
REQUEST	2		request_222	1603218411982	1603218412014	OK	 
REQUEST	5		req_Listar_com_filhos_17	1603218411983	1603218412014	OK	 
REQUEST	2		req_Listar_com_filhos_17	1603218411982	1603218412014	OK	 
REQUEST	5		request_235	1603218411983	1603218412015	OK	 
REQUEST	2		request_235	1603218411983	1603218412015	OK	 
REQUEST	5		request_219	1603218411982	1603218412015	OK	 
REQUEST	10		req_Listar_com_filhos_17	1603218411995	1603218412033	OK	 
REQUEST	7		request_219	1603218412015	1603218412043	OK	 
REQUEST	8		request_218	1603218412014	1603218412043	OK	 
REQUEST	5		request_236	1603218412013	1603218412043	OK	 
REQUEST	2		request_236	1603218412013	1603218412043	OK	 
REQUEST	8		request_219	1603218412015	1603218412043	OK	 
REQUEST	7		request_218	1603218412015	1603218412043	OK	 
REQUEST	8		request_223	1603218412015	1603218412044	OK	 
REQUEST	7		request_222	1603218412015	1603218412044	OK	 
REQUEST	8		request_222	1603218412015	1603218412044	OK	 
REQUEST	7		request_223	1603218412015	1603218412044	OK	 
REQUEST	8		request_233	1603218412016	1603218412044	OK	 
REQUEST	7		request_233	1603218412016	1603218412044	OK	 
REQUEST	8		request_234	1603218412016	1603218412044	OK	 
REQUEST	7		request_234	1603218412016	1603218412045	OK	 
REQUEST	8		request_235	1603218412016	1603218412045	OK	 
REQUEST	7		request_235	1603218412016	1603218412045	OK	 
REQUEST	8		req_Listar_com_filhos_17	1603218412015	1603218412049	OK	 
REQUEST	7		req_Listar_com_filhos_17	1603218412016	1603218412049	OK	 
REQUEST	5		req_Listar_com_filhos_17	1603218412014	1603218412058	OK	 
REQUEST	2		req_Listar_com_filhos_17	1603218412015	1603218412058	OK	 
REQUEST	8		request_236	1603218412044	1603218412068	OK	 
REQUEST	7		request_236	1603218412044	1603218412074	OK	 
REQUEST	7		req_Listar_com_filhos_17	1603218412050	1603218412085	OK	 
REQUEST	8		req_Listar_com_filhos_17	1603218412050	1603218412091	OK	 
REQUEST	10		req_Listar_com_filhos_17	1603218412033	1603218412092	OK	 
USER	ListarAnuncios2	10	END	1603218341681	1603218412099
REQUEST	2		req_Listar_com_filhos_17	1603218412059	1603218412105	OK	 
USER	ListarAnuncios2	2	END	1603218341676	1603218412110
REQUEST	4		request_217	1603218412064	1603218412111	OK	 
REQUEST	6		request_217	1603218412085	1603218412133	OK	 
REQUEST	5		req_Listar_com_filhos_17	1603218412059	1603218412134	OK	 
REQUEST	1		request_217	1603218412085	1603218412139	OK	 
REQUEST	3		request_217	1603218412085	1603218412139	OK	 
REQUEST	4		request_223	1603218412113	1603218412140	OK	 
USER	ListarAnuncios2	5	END	1603218341680	1603218412141
REQUEST	4		request_219	1603218412113	1603218412141	OK	 
REQUEST	4		request_222	1603218412113	1603218412141	OK	 
REQUEST	4		request_235	1603218412113	1603218412142	OK	 
REQUEST	4		request_233	1603218412113	1603218412142	OK	 
REQUEST	4		request_234	1603218412113	1603218412142	OK	 
REQUEST	4		request_218	1603218412112	1603218412143	OK	 
REQUEST	4		req_Listar_com_filhos_17	1603218412113	1603218412143	OK	 
REQUEST	7		req_Listar_com_filhos_17	1603218412085	1603218412152	OK	 
USER	ListarAnuncios2	7	END	1603218341680	1603218412157
REQUEST	8		req_Listar_com_filhos_17	1603218412091	1603218412159	OK	 
USER	ListarAnuncios2	8	END	1603218341680	1603218412163
REQUEST	6		request_219	1603218412136	1603218412166	OK	 
REQUEST	6		request_218	1603218412135	1603218412166	OK	 
REQUEST	6		request_222	1603218412136	1603218412166	OK	 
REQUEST	6		request_233	1603218412136	1603218412167	OK	 
REQUEST	6		request_235	1603218412137	1603218412167	OK	 
REQUEST	6		req_Listar_com_filhos_17	1603218412136	1603218412167	OK	 
REQUEST	6		request_223	1603218412136	1603218412168	OK	 
REQUEST	6		request_234	1603218412137	1603218412168	OK	 
REQUEST	1		request_218	1603218412141	1603218412172	OK	 
REQUEST	3		request_218	1603218412141	1603218412172	OK	 
REQUEST	4		request_236	1603218412141	1603218412172	OK	 
REQUEST	1		request_219	1603218412141	1603218412173	OK	 
REQUEST	3		request_219	1603218412141	1603218412173	OK	 
REQUEST	3		request_223	1603218412142	1603218412173	OK	 
REQUEST	1		request_233	1603218412142	1603218412173	OK	 
REQUEST	3		request_222	1603218412142	1603218412173	OK	 
REQUEST	1		request_234	1603218412143	1603218412173	OK	 
REQUEST	3		request_233	1603218412142	1603218412173	OK	 
REQUEST	3		request_234	1603218412143	1603218412174	OK	 
REQUEST	1		req_Listar_com_filhos_17	1603218412142	1603218412173	OK	 
REQUEST	1		request_223	1603218412142	1603218412179	OK	 
REQUEST	1		request_222	1603218412142	1603218412179	OK	 
REQUEST	3		req_Listar_com_filhos_17	1603218412142	1603218412179	OK	 
REQUEST	1		request_235	1603218412143	1603218412179	OK	 
REQUEST	3		request_235	1603218412143	1603218412179	OK	 
REQUEST	4		req_Listar_com_filhos_17	1603218412144	1603218412187	OK	 
REQUEST	6		request_236	1603218412166	1603218412194	OK	 
REQUEST	1		request_236	1603218412173	1603218412201	OK	 
REQUEST	3		request_236	1603218412173	1603218412201	OK	 
REQUEST	6		req_Listar_com_filhos_17	1603218412168	1603218412201	OK	 
REQUEST	1		req_Listar_com_filhos_17	1603218412174	1603218412207	OK	 
REQUEST	3		req_Listar_com_filhos_17	1603218412179	1603218412223	OK	 
REQUEST	6		req_Listar_com_filhos_17	1603218412201	1603218412246	OK	 
USER	ListarAnuncios2	6	END	1603218341680	1603218412254
REQUEST	4		req_Listar_com_filhos_17	1603218412188	1603218412256	OK	 
USER	ListarAnuncios2	4	END	1603218341680	1603218412262
REQUEST	1		req_Listar_com_filhos_17	1603218412208	1603218412272	OK	 
REQUEST	3		req_Listar_com_filhos_17	1603218412223	1603218412273	OK	 
USER	ListarAnuncios2	1	END	1603218341672	1603218412277
USER	ListarAnuncios2	3	END	1603218341679	1603218412278
