RUN	basic.ListarAnuncios2	listaranuncios2	1603217644135	teste	3.0.2
USER	ListarAnuncios2	1	START	1603217646494	1603217646494
REQUEST	1		Gerar Token	1603217646528	1603217652051	OK	 
REQUEST	1		request_0	1603217657070	1603217662236	OK	 
REQUEST	1		request_1	1603217678076	1603217678108	OK	 
REQUEST	1		Acesso_Pagina_login_1	1603217678080	1603217678115	OK	 
REQUEST	1		req_duvida_todos	1603217667379	1603217678222	KO	status.find.in(200,201,202,203,204,205,206,207,208,209,304), found 503
REQUEST	1		request_3	1603217678078	1603217678244	OK	 
REQUEST	1		request_7	1603217678082	1603217678245	OK	 
REQUEST	1		request_4	1603217678079	1603217678276	OK	 
REQUEST	1		req_Listar_com_filhos_1	1603217672870	1603217678278	KO	status.find.in(200,201,202,203,204,205,206,207,208,209,304), found 503
REQUEST	1		request_18	1603217678083	1603217678283	OK	 
REQUEST	1		request_14	1603217662345	1603217678412	OK	 
REQUEST	1		css?family=Ubuntu:700,500,400,300,600&display=swap	1603217678074	1603217678421	OK	 
REQUEST	1		css?family=Roboto:700,500,400,300,600&display=swap	1603217672871	1603217678431	OK	 
REQUEST	1		css?family=Cantarell:700,500,400,300,600&display=swap	1603217678075	1603217678446	OK	 
REQUEST	1		css?family=Montserrat:700,500,400,300,600&display=swap	1603217678075	1603217678474	OK	 
REQUEST	1		Autenticacao	1603217679487	1603217679536	OK	 
REQUEST	1		Autenticacao Redirect 1	1603217679546	1603217679592	OK	 
REQUEST	1		req_Listar_com_filhos_2	1603217679613	1603217679639	KO	status.find.in(200,201,202,203,204,205,206,207,208,209,304), found 503
REQUEST	1		request_43	1603217679612	1603217679640	KO	status.find.in(200,201,202,203,204,205,206,207,208,209,304), found 503
REQUEST	1		request_29	1603217679614	1603217679641	OK	 
REQUEST	1		request_33	1603217679615	1603217679644	OK	 
REQUEST	1		request_39	1603217679616	1603217679646	OK	 
REQUEST	1		request_34	1603217679610	1603217679652	OK	 
REQUEST	1		request_31	1603217679617	1603217679654	OK	 
REQUEST	1		request_36	1603217679619	1603217679655	OK	 
REQUEST	1		request_32	1603217679618	1603217679659	OK	 
REQUEST	1		icon?family=Material+Icons|Material+Icons+Outlined	1603217679613	1603217679725	OK	 
REQUEST	1		request_40	1603217679617	1603217679731	OK	 
REQUEST	1		request_38	1603217679611	1603217679765	OK	 
REQUEST	1		Autenticacao_Geracao_token_1	1603217679620	1603217679800	OK	 
REQUEST	1		Autenticacao_Geracao_token_1	1603217679800	1603217679826	OK	 
REQUEST	1		request_49	1603217686826	1603217686871	OK	 
REQUEST	1		request_51	1603217686882	1603217686907	OK	 
REQUEST	1		request_57	1603217686888	1603217686914	KO	status.find.in(200,201,202,203,204,205,206,207,208,209,304), found 503
REQUEST	1		request_56	1603217686887	1603217686917	KO	status.find.in(200,201,202,203,204,205,206,207,208,209,304), found 503
REQUEST	1		request_52	1603217686884	1603217686918	OK	 
REQUEST	1		request_50	1603217686885	1603217686941	OK	 
REQUEST	1		request_58	1603217686889	1603217687010	KO	status.find.in(200,201,202,203,204,205,206,207,208,209,304), found 503
REQUEST	1		req_Listar_com_filhos_6	1603217686890	1603217687021	KO	status.find.in(200,201,202,203,204,205,206,207,208,209,304), found 503
REQUEST	1		request_63	1603217689016	1603217689061	OK	 
REQUEST	1		request_64	1603217689066	1603217689086	OK	 
REQUEST	1		request_65	1603217689067	1603217689093	OK	 
REQUEST	1		req_Listar_com_filhos_7	1603217689069	1603217689095	KO	status.find.in(200,201,202,203,204,205,206,207,208,209,304), found 503
REQUEST	1		request_69	1603217689070	1603217689097	KO	status.find.in(200,201,202,203,204,205,206,207,208,209,304), found 503
REQUEST	1		request_71	1603217691106	1603217691156	OK	 
REQUEST	1		request_73	1603217691175	1603217691196	OK	 
REQUEST	1		request_79	1603217691179	1603217691204	KO	status.find.in(200,201,202,203,204,205,206,207,208,209,304), found 503
REQUEST	1		request_80	1603217691180	1603217691207	KO	status.find.in(200,201,202,203,204,205,206,207,208,209,304), found 503
REQUEST	1		request_78	1603217691178	1603217691210	KO	status.find.in(200,201,202,203,204,205,206,207,208,209,304), found 503
REQUEST	1		request_74	1603217691176	1603217691213	OK	 
REQUEST	1		req_Listar_com_filhos_9	1603217691181	1603217691218	KO	status.find.in(200,201,202,203,204,205,206,207,208,209,304), found 503
REQUEST	1		request_72	1603217691177	1603217691227	OK	 
REQUEST	1		request_99	1603217691208	1603217691228	KO	status.find.in(200,201,202,203,204,205,206,207,208,209,304), found 503
REQUEST	1		request_98	1603217691205	1603217691230	KO	status.find.in(200,201,202,203,204,205,206,207,208,209,304), found 503
REQUEST	1		request_100	1603217691212	1603217691239	KO	status.find.in(200,201,202,203,204,205,206,207,208,209,304), found 503
REQUEST	1		request_101	1603217691219	1603217691251	KO	status.find.in(200,201,202,203,204,205,206,207,208,209,304), found 503
REQUEST	1		request_102	1603217691229	1603217691258	KO	status.find.in(200,201,202,203,204,205,206,207,208,209,304), found 503
REQUEST	1		request_103	1603217691230	1603217691259	KO	status.find.in(200,201,202,203,204,205,206,207,208,209,304), found 503
REQUEST	1		request_104	1603217691240	1603217691263	KO	status.find.in(200,201,202,203,204,205,206,207,208,209,304), found 503
REQUEST	1		request_105	1603217691252	1603217691287	KO	status.find.in(200,201,202,203,204,205,206,207,208,209,304), found 503
REQUEST	1		request_96	1603217691182	1603217691323	KO	status.find.in(200,201,202,203,204,205,206,207,208,209,304), found 503
REQUEST	1		request_97	1603217691183	1603217691325	KO	status.find.in(200,201,202,203,204,205,206,207,208,209,304), found 503
REQUEST	1		request_121	1603217696326	1603217696374	OK	 
REQUEST	1		request_123	1603217696385	1603217696404	OK	 
REQUEST	1		request_122	1603217696384	1603217696405	OK	 
REQUEST	1		request_126	1603217696386	1603217696411	KO	status.find.in(200,201,202,203,204,205,206,207,208,209,304), found 503
REQUEST	1		request_127	1603217696387	1603217696413	KO	status.find.in(200,201,202,203,204,205,206,207,208,209,304), found 503
REQUEST	1		req_Listar_com_filhos_10	1603217696388	1603217696413	KO	status.find.in(200,201,202,203,204,205,206,207,208,209,304), found 503
REQUEST	1		request_136	1603217696389	1603217696417	KO	status.find.in(200,201,202,203,204,205,206,207,208,209,304), found 503
REQUEST	1		request_137	1603217696390	1603217696419	KO	status.find.in(200,201,202,203,204,205,206,207,208,209,304), found 503
REQUEST	1		request_140	1603217696390	1603217696420	KO	status.find.in(200,201,202,203,204,205,206,207,208,209,304), found 503
REQUEST	1		request_141	1603217696412	1603217696442	KO	status.find.in(200,201,202,203,204,205,206,207,208,209,304), found 503
REQUEST	1		request_147	1603217701436	1603217701480	OK	 
REQUEST	1		req_Listar_com_filhos_12	1603217701484	1603217701507	KO	status.find.in(200,201,202,203,204,205,206,207,208,209,304), found 503
REQUEST	1		request_148	1603217701483	1603217701509	OK	 
REQUEST	1		request_149	1603217701483	1603217701509	OK	 
REQUEST	1		request_153	1603217701485	1603217701514	KO	status.find.in(200,201,202,203,204,205,206,207,208,209,304), found 503
REQUEST	1		request_155	1603217704516	1603217704577	OK	 
REQUEST	1		request_156	1603217704582	1603217704604	OK	 
REQUEST	1		request_159	1603217704584	1603217704612	KO	status.find.in(200,201,202,203,204,205,206,207,208,209,304), found 503
REQUEST	1		request_157	1603217704583	1603217704613	OK	 
REQUEST	1		req_Listar_com_filhos_14	1603217704586	1603217704615	KO	status.find.in(200,201,202,203,204,205,206,207,208,209,304), found 503
REQUEST	1		request_167	1603217707627	1603217707671	OK	 
REQUEST	1		request_169	1603217707680	1603217707700	OK	 
REQUEST	1		request_168	1603217707679	1603217707707	OK	 
REQUEST	1		request_174	1603217707683	1603217707709	KO	status.find.in(200,201,202,203,204,205,206,207,208,209,304), found 503
REQUEST	1		req_Listar_com_filhos_15	1603217707682	1603217707711	KO	status.find.in(200,201,202,203,204,205,206,207,208,209,304), found 503
REQUEST	1		request_172	1603217707681	1603217707713	KO	status.find.in(200,201,202,203,204,205,206,207,208,209,304), found 503
REQUEST	1		request_182	1603217707684	1603217707714	KO	status.find.in(200,201,202,203,204,205,206,207,208,209,304), found 503
REQUEST	1		request_184	1603217707685	1603217707715	KO	status.find.in(200,201,202,203,204,205,206,207,208,209,304), found 503
REQUEST	1		request_183	1603217707685	1603217707717	KO	status.find.in(200,201,202,203,204,205,206,207,208,209,304), found 503
REQUEST	1		request_185	1603217707710	1603217707735	KO	status.find.in(200,201,202,203,204,205,206,207,208,209,304), found 503
REQUEST	1		request_192	1603217710735	1603217710756	OK	 
REQUEST	1		request_193	1603217710759	1603217710780	OK	 
REQUEST	1		req_Listar_com_filhos_15	1603217710763	1603217710789	KO	status.find.in(200,201,202,203,204,205,206,207,208,209,304), found 503
REQUEST	1		request_198	1603217710763	1603217710790	KO	status.find.in(200,201,202,203,204,205,206,207,208,209,304), found 503
REQUEST	1		request_194	1603217710760	1603217710792	OK	 
REQUEST	1		request_195	1603217710761	1603217710863	OK	 
REQUEST	1		request_201	1603217714856	1603217714901	OK	 
REQUEST	1		request_203	1603217714908	1603217714929	OK	 
REQUEST	1		request_202	1603217714907	1603217714930	OK	 
REQUEST	1		request_208	1603217714909	1603217714938	KO	status.find.in(200,201,202,203,204,205,206,207,208,209,304), found 503
REQUEST	1		req_Listar_com_filhos_16	1603217714909	1603217714940	KO	status.find.in(200,201,202,203,204,205,206,207,208,209,304), found 503
REQUEST	1		request_210	1603217714911	1603217714941	KO	status.find.in(200,201,202,203,204,205,206,207,208,209,304), found 503
REQUEST	1		request_215	1603217714912	1603217714942	KO	status.find.in(200,201,202,203,204,205,206,207,208,209,304), found 503
REQUEST	1		request_209	1603217714910	1603217714943	KO	status.find.in(200,201,202,203,204,205,206,207,208,209,304), found 503
REQUEST	1		request_217	1603217715946	1603217715995	OK	 
REQUEST	1		request_219	1603217716002	1603217716033	OK	 
REQUEST	1		request_218	1603217716001	1603217716034	OK	 
REQUEST	1		request_235	1603217716006	1603217716035	KO	status.find.in(200,201,202,203,204,205,206,207,208,209,304), found 503
REQUEST	1		request_234	1603217716006	1603217716038	KO	status.find.in(200,201,202,203,204,205,206,207,208,209,304), found 503
REQUEST	1		request_222	1603217716003	1603217716040	KO	status.find.in(200,201,202,203,204,205,206,207,208,209,304), found 503
REQUEST	1		req_Listar_com_filhos_17	1603217716004	1603217716041	KO	status.find.in(200,201,202,203,204,205,206,207,208,209,304), found 503
REQUEST	1		request_223	1603217716004	1603217716043	KO	status.find.in(200,201,202,203,204,205,206,207,208,209,304), found 503
REQUEST	1		request_233	1603217716005	1603217716045	KO	status.find.in(200,201,202,203,204,205,206,207,208,209,304), found 503
REQUEST	1		request_236	1603217716037	1603217716066	KO	status.find.in(200,201,202,203,204,205,206,207,208,209,304), found 503
USER	ListarAnuncios2	1	END	1603217646494	1603217716084
