RUN	basic.ListarAnuncios2	listaranuncios2	1603215817938	teste	3.0.2
USER	ListarAnuncios2	1	START	1603215820295	1603215820295
REQUEST	1		request_0	1603215820333	1603215825544	OK	 
REQUEST	1		request_1	1603215840746	1603215845791	OK	 
REQUEST	1		Acesso_Pagina_login_1	1603215840751	1603215845977	OK	 
REQUEST	1		request_4	1603215840749	1603215845995	OK	 
REQUEST	1		request_3	1603215840748	1603215845996	OK	 
REQUEST	1		req_Listar_com_filhos_1	1603215835707	1603215846003	OK	 
REQUEST	1		req_duvida_todos	1603215830676	1603215846008	OK	 
REQUEST	1		request_18	1603215845786	1603215846012	OK	 
REQUEST	1		request_7	1603215845785	1603215846020	OK	 
REQUEST	1		css?family=Cantarell:700,500,400,300,600&display=swap	1603215840744	1603215846114	OK	 
REQUEST	1		css?family=Ubuntu:700,500,400,300,600&display=swap	1603215840742	1603215846139	OK	 
REQUEST	1		css?family=Roboto:700,500,400,300,600&display=swap	1603215835708	1603215846145	OK	 
REQUEST	1		css?family=Montserrat:700,500,400,300,600&display=swap	1603215840743	1603215846150	OK	 
REQUEST	1		Autenticacao	1603215847185	1603215847233	OK	 
REQUEST	1		Autenticacao Redirect 1	1603215847242	1603215847284	OK	 
REQUEST	1		request_29	1603215847316	1603215847341	OK	 
REQUEST	1		request_43	1603215847314	1603215847343	OK	 
REQUEST	1		req_Listar_com_filhos_2	1603215847315	1603215847343	OK	 
REQUEST	1		request_33	1603215847317	1603215847344	OK	 
REQUEST	1		request_39	1603215847317	1603215847349	OK	 
REQUEST	1		request_31	1603215847319	1603215847350	OK	 
REQUEST	1		request_34	1603215847312	1603215847358	OK	 
REQUEST	1		request_32	1603215847320	1603215847358	OK	 
REQUEST	1		request_36	1603215847321	1603215847385	OK	 
REQUEST	1		icon?family=Material+Icons|Material+Icons+Outlined	1603215847316	1603215847412	OK	 
REQUEST	1		request_38	1603215847313	1603215847472	OK	 
REQUEST	1		request_40	1603215847318	1603215847473	OK	 
REQUEST	1		Autenticacao_Geracao_token_1	1603215847321	1603215847473	OK	 
REQUEST	1		Autenticacao_Geracao_token_1	1603215847474	1603215847502	OK	 
REQUEST	1		request_49	1603215854512	1603215854558	OK	 
REQUEST	1		request_51	1603215854568	1603215854590	OK	 
REQUEST	1		request_52	1603215854569	1603215854600	OK	 
REQUEST	1		request_56	1603215854572	1603215854601	OK	 
REQUEST	1		request_57	1603215854573	1603215854605	OK	 
REQUEST	1		request_50	1603215854571	1603215854627	OK	 
REQUEST	1		request_58	1603215854574	1603215854704	OK	 
REQUEST	1		req_Listar_com_filhos_6	1603215854575	1603215854721	KO	status.find.in(200,201,202,203,204,205,206,207,208,209,304), found 401
REQUEST	1		request_63	1603215856732	1603215856780	OK	 
REQUEST	1		request_64	1603215856785	1603215856808	OK	 
REQUEST	1		request_65	1603215856786	1603215856815	OK	 
REQUEST	1		req_Listar_com_filhos_7	1603215856788	1603215856821	KO	status.find.in(200,201,202,203,204,205,206,207,208,209,304), found 401
REQUEST	1		request_69	1603215856789	1603215856842	KO	status.find.in(200,201,202,203,204,205,206,207,208,209,304), found 401
REQUEST	1		request_71	1603215858841	1603215858889	OK	 
REQUEST	1		request_73	1603215858908	1603215858941	OK	 
REQUEST	1		request_80	1603215858913	1603215858942	OK	 
REQUEST	1		request_74	1603215858909	1603215858944	OK	 
REQUEST	1		request_79	1603215858912	1603215858945	OK	 
REQUEST	1		request_78	1603215858911	1603215858947	OK	 
REQUEST	1		request_72	1603215858910	1603215858965	OK	 
REQUEST	1		request_98	1603215858943	1603215858972	OK	 
REQUEST	1		request_99	1603215858946	1603215858974	OK	 
REQUEST	1		req_Listar_com_filhos_9	1603215858914	1603215858976	KO	status.find.in(200,201,202,203,204,205,206,207,208,209,304), found 401
REQUEST	1		request_100	1603215858947	1603215858978	OK	 
REQUEST	1		request_102	1603215858975	1603215859002	OK	 
REQUEST	1		request_101	1603215858973	1603215859004	OK	 
REQUEST	1		request_103	1603215858976	1603215859005	OK	 
REQUEST	1		request_104	1603215858978	1603215859024	OK	 
REQUEST	1		request_105	1603215859003	1603215859026	OK	 
REQUEST	1		request_96	1603215858915	1603215859060	OK	 
REQUEST	1		request_97	1603215858916	1603215859073	OK	 
REQUEST	1		request_121	1603215864071	1603215864121	OK	 
REQUEST	1		request_122	1603215864131	1603215864160	OK	 
REQUEST	1		request_123	1603215864133	1603215864161	OK	 
REQUEST	1		request_126	1603215864134	1603215864162	OK	 
REQUEST	1		request_127	1603215864135	1603215864164	OK	 
REQUEST	1		req_Listar_com_filhos_10	1603215864136	1603215864168	KO	status.find.in(200,201,202,203,204,205,206,207,208,209,304), found 401
REQUEST	1		request_137	1603215864138	1603215864176	OK	 
REQUEST	1		request_140	1603215864138	1603215864177	OK	 
REQUEST	1		request_136	1603215864137	1603215864178	OK	 
REQUEST	1		request_141	1603215864163	1603215864186	OK	 
REQUEST	1		request_147	1603215869192	1603215869239	OK	 
REQUEST	1		request_148	1603215869244	1603215869272	OK	 
REQUEST	1		request_149	1603215869245	1603215869273	OK	 
REQUEST	1		req_Listar_com_filhos_12	1603215869246	1603215869280	KO	status.find.in(200,201,202,203,204,205,206,207,208,209,304), found 401
REQUEST	1		request_153	1603215869248	1603215869288	KO	status.find.in(200,201,202,203,204,205,206,207,208,209,304), found 401
REQUEST	1		request_155	1603215872281	1603215872333	OK	 
REQUEST	1		request_156	1603215872337	1603215872358	OK	 
REQUEST	1		request_157	1603215872338	1603215872366	OK	 
REQUEST	1		request_159	1603215872340	1603215872368	OK	 
REQUEST	1		req_Listar_com_filhos_14	1603215872341	1603215872376	KO	status.find.in(200,201,202,203,204,205,206,207,208,209,304), found 401
REQUEST	1		request_167	1603215875382	1603215875433	OK	 
REQUEST	1		request_168	1603215875441	1603215875469	OK	 
REQUEST	1		request_169	1603215875442	1603215875470	OK	 
REQUEST	1		request_174	1603215875445	1603215875471	OK	 
REQUEST	1		request_172	1603215875443	1603215875473	OK	 
REQUEST	1		request_182	1603215875445	1603215875474	OK	 
REQUEST	1		req_Listar_com_filhos_15	1603215875444	1603215875477	KO	status.find.in(200,201,202,203,204,205,206,207,208,209,304), found 401
REQUEST	1		request_184	1603215875447	1603215875483	OK	 
REQUEST	1		request_183	1603215875446	1603215875484	OK	 
REQUEST	1		request_185	1603215875472	1603215875496	OK	 
REQUEST	1		request_192	1603215878501	1603215878523	OK	 
REQUEST	1		request_193	1603215878529	1603215878556	OK	 
REQUEST	1		request_194	1603215878530	1603215878557	OK	 
REQUEST	1		req_Listar_com_filhos_15	1603215878532	1603215878567	KO	status.find.in(200,201,202,203,204,205,206,207,208,209,304), found 401
REQUEST	1		request_198	1603215878534	1603215878569	KO	status.find.in(200,201,202,203,204,205,206,207,208,209,304), found 401
REQUEST	1		request_195	1603215878531	1603215878632	OK	 
REQUEST	1		request_201	1603215882631	1603215882677	OK	 
REQUEST	1		request_202	1603215882684	1603215882707	OK	 
REQUEST	1		request_203	1603215882685	1603215882715	OK	 
REQUEST	1		request_208	1603215882687	1603215882716	OK	 
REQUEST	1		req_Listar_com_filhos_16	1603215882686	1603215882723	KO	status.find.in(200,201,202,203,204,205,206,207,208,209,304), found 401
REQUEST	1		request_210	1603215882689	1603215882739	OK	 
REQUEST	1		request_209	1603215882688	1603215882740	OK	 
REQUEST	1		request_215	1603215882690	1603215882741	OK	 
REQUEST	1		request_217	1603215883741	1603215883789	OK	 
REQUEST	1		request_218	1603215883796	1603215883824	OK	 
REQUEST	1		request_219	1603215883798	1603215883826	OK	 
REQUEST	1		request_222	1603215883799	1603215883826	OK	 
REQUEST	1		request_223	1603215883800	1603215883828	OK	 
REQUEST	1		req_Listar_com_filhos_17	1603215883801	1603215883829	KO	status.find.in(200,201,202,203,204,205,206,207,208,209,304), found 401
REQUEST	1		request_234	1603215883802	1603215883836	OK	 
REQUEST	1		request_235	1603215883803	1603215883837	OK	 
REQUEST	1		request_233	1603215883801	1603215883838	OK	 
REQUEST	1		request_236	1603215883827	1603215883851	OK	 
USER	ListarAnuncios2	1	END	1603215820295	1603215883866
