RUN	basic.SeapPesquisarReuniao	seappesquisarreuniao	1602164089195	teste	3.0.2
USER	SeapPesquisarReuniao	1	START	1602164091570	1602164091570
REQUEST	1		request_7	1602164091599	1602164096776	KO	status.find.in(200,201,202,203,204,205,206,207,208,209,304), found 400
REQUEST	1		request_9	1602164101803	1602164107045	OK	 
REQUEST	1		request_10	1602164107075	1602164107105	OK	 
REQUEST	1		request_12	1602164107076	1602164107212	OK	 
REQUEST	1		request_15	1602164107077	1602164107224	OK	 
REQUEST	1		request_19	1602164107077	1602164107226	OK	 
REQUEST	1		request_13	1602164107076	1602164107228	OK	 
REQUEST	1		request_20	1602164109239	1602164114552	OK	 
REQUEST	1		request_21	1602164114563	1602164114620	OK	 
REQUEST	1		request_22	1602164118619	1602164118646	OK	 
ERROR	request_26: Failed to build request: Resource seap/seappesquisarreuniao/0026_request.json not found 	1602164118653
ERROR	request_29: Failed to build request: Resource seap/seappesquisarreuniao/0029_request.json not found 	1602164118654
REQUEST	1		request_23	1602164118656	1602164118694	OK	 
REQUEST	1		request_28	1602164118658	1602164118696	OK	 
REQUEST	1		request_24	1602164118657	1602164118697	OK	 
REQUEST	1		request_30	1602164124699	1602164124723	OK	 
ERROR	request_31: Failed to build request: Resource seap/seappesquisarreuniao/0031_request.json not found 	1602164124724
REQUEST	1		request_32	1602164150719	1602164150774	OK	 
REQUEST	1		request_33	1602164150778	1602164150830	OK	 
USER	SeapPesquisarReuniao	1	END	1602164091570	1602164150841
