RUN	basic.ListarAnuncios3	listaranuncios3	1603232661066	teste	3.0.2
USER	ListarAnuncios3	1	START	1603232663456	1603232663456
REQUEST	1		request_0	1603232663492	1603232668719	OK	 
REQUEST	1		request_1	1603232668833	1603232673876	OK	 
REQUEST	1		request_2	1603232668835	1603232674020	OK	 
REQUEST	1		request_7	1603232673869	1603232674029	OK	 
REQUEST	1		request_4	1603232668835	1603232675006	OK	 
REQUEST	1		request_3	1603232668834	1603232675016	OK	 
REQUEST	1		request_8	1603232687044	1603232687068	OK	 
REQUEST	1		request_9	1603232687078	1603232692131	OK	 
REQUEST	1		request_10	1603232687081	1603232692422	OK	 
REQUEST	1		request_13	1603232687080	1603232692439	OK	 
REQUEST	1		request_11	1603232692114	1603232693267	OK	 
REQUEST	1		request_14	1603232703269	1603232703326	OK	 
REQUEST	1		request_14 Redirect 1	1603232703342	1603232703406	OK	 
REQUEST	1		request_18	1603232708462	1603232713507	OK	 
REQUEST	1		request_19	1603232703428	1603232713512	OK	 
REQUEST	1		request_15	1603232703427	1603232713514	OK	 
REQUEST	1		request_23	1603232703428	1603232713515	OK	 
REQUEST	1		request_17	1603232708461	1603232713518	OK	 
REQUEST	1		request_28	1603232713505	1603232713528	OK	 
REQUEST	1		request_27	1603232713503	1603232713540	OK	 
REQUEST	1		request_24	1603232703429	1603232713631	OK	 
REQUEST	1		request_18	1603232713510	1603232713647	OK	 
REQUEST	1		request_21	1603232708462	1603232713663	OK	 
REQUEST	1		request_22	1603232713502	1603232714659	KO	status.find.in(200,201,202,203,204,205,206,207,208,209,304), found 400
REQUEST	1		request_33	1603232721680	1603232721717	OK	 
REQUEST	1		request_34	1603232721725	1603232721760	OK	 
REQUEST	1		request_38	1603232721728	1603232721761	OK	 
REQUEST	1		request_35	1603232721726	1603232721762	OK	 
REQUEST	1		request_39	1603232721729	1603232721764	OK	 
REQUEST	1		request_41	1603232721731	1603232721827	KO	status.find.in(200,201,202,203,204,205,206,207,208,209,304), found 401
REQUEST	1		request_40	1603232721730	1603232721872	OK	 
REQUEST	1		request_45	1603232723869	1603232723903	OK	 
REQUEST	1		request_47	1603232723910	1603232723946	OK	 
REQUEST	1		request_46	1603232723908	1603232723947	OK	 
REQUEST	1		request_49	1603232723912	1603232723952	KO	status.find.in(200,201,202,203,204,205,206,207,208,209,304), found 401
REQUEST	1		request_50	1603232723914	1603232723979	KO	status.find.in(200,201,202,203,204,205,206,207,208,209,304), found 401
REQUEST	1		request_52	1603232725990	1603232726017	OK	 
REQUEST	1		request_53	1603232726032	1603232731072	OK	 
REQUEST	1		request_54	1603232726033	1603232731074	OK	 
REQUEST	1		request_58	1603232726034	1603232731075	OK	 
REQUEST	1		request_57	1603232726033	1603232731077	OK	 
REQUEST	1		request_59	1603232726035	1603232731079	OK	 
REQUEST	1		request_60	1603232726036	1603232731082	KO	status.find.in(200,201,202,203,204,205,206,207,208,209,304), found 401
REQUEST	1		request_78	1603232731080	1603232731108	OK	 
REQUEST	1		request_76	1603232731075	1603232731109	OK	 
REQUEST	1		request_77	1603232731078	1603232731110	OK	 
REQUEST	1		request_79	1603232731084	1603232731111	OK	 
REQUEST	1		request_81	1603232731110	1603232731137	OK	 
REQUEST	1		request_82	1603232731111	1603232731139	OK	 
REQUEST	1		request_80	1603232731108	1603232731140	OK	 
REQUEST	1		request_83	1603232731112	1603232731144	OK	 
REQUEST	1		request_74	1603232726037	1603232731186	OK	 
REQUEST	1		request_75	1603232731070	1603232732209	OK	 
REQUEST	1		request_94	1603232737210	1603232737239	OK	 
REQUEST	1		request_95	1603232737248	1603232737271	OK	 
REQUEST	1		request_96	1603232737249	1603232737278	OK	 
REQUEST	1		request_98	1603232737250	1603232737279	OK	 
REQUEST	1		request_99	1603232737250	1603232737281	OK	 
REQUEST	1		request_111	1603232737253	1603232737285	OK	 
REQUEST	1		request_109	1603232737252	1603232737286	OK	 
REQUEST	1		request_108	1603232737252	1603232737287	OK	 
REQUEST	1		request_100	1603232737251	1603232737287	KO	status.find.in(200,201,202,203,204,205,206,207,208,209,304), found 401
REQUEST	1		request_112	1603232737280	1603232737314	OK	 
REQUEST	1		request_117	1603232742310	1603232742345	OK	 
REQUEST	1		request_118	1603232742348	1603232742373	OK	 
REQUEST	1		request_119	1603232742348	1603232742374	OK	 
REQUEST	1		request_121	1603232742349	1603232742382	KO	status.find.in(200,201,202,203,204,205,206,207,208,209,304), found 401
REQUEST	1		request_122	1603232742350	1603232742403	KO	status.find.in(200,201,202,203,204,205,206,207,208,209,304), found 401
REQUEST	1		request_124	1603232745399	1603232745432	OK	 
REQUEST	1		request_125	1603232745436	1603232745460	OK	 
REQUEST	1		request_126	1603232745437	1603232745468	OK	 
REQUEST	1		request_127	1603232745438	1603232745469	OK	 
REQUEST	1		request_128	1603232745439	1603232745478	KO	status.find.in(200,201,202,203,204,205,206,207,208,209,304), found 401
REQUEST	1		request_130	1603232749489	1603232749515	OK	 
REQUEST	1		request_131	1603232749527	1603232749551	OK	 
REQUEST	1		request_134	1603232749530	1603232749557	OK	 
REQUEST	1		request_132	1603232749528	1603232749564	OK	 
REQUEST	1		request_136	1603232749532	1603232749565	OK	 
REQUEST	1		request_146	1603232749534	1603232749566	OK	 
REQUEST	1		request_144	1603232749533	1603232749567	OK	 
REQUEST	1		request_135	1603232749531	1603232749567	KO	status.find.in(200,201,202,203,204,205,206,207,208,209,304), found 401
REQUEST	1		request_145	1603232749533	1603232749575	OK	 
REQUEST	1		request_147	1603232749558	1603232749586	OK	 
REQUEST	1		request_153	1603232752580	1603232752607	OK	 
REQUEST	1		request_154	1603232752611	1603232752634	OK	 
REQUEST	1		request_155	1603232752612	1603232752640	OK	 
REQUEST	1		request_157	1603232752613	1603232752652	KO	status.find.in(200,201,202,203,204,205,206,207,208,209,304), found 401
REQUEST	1		request_158	1603232752614	1603232752658	KO	status.find.in(200,201,202,203,204,205,206,207,208,209,304), found 401
REQUEST	1		request_160	1603232756670	1603232756698	OK	 
REQUEST	1		request_162	1603232756705	1603232756732	OK	 
REQUEST	1		request_161	1603232756703	1603232756733	OK	 
REQUEST	1		request_166	1603232756706	1603232756734	OK	 
REQUEST	1		request_165	1603232756706	1603232756739	KO	status.find.in(200,201,202,203,204,205,206,207,208,209,304), found 401
REQUEST	1		request_168	1603232756708	1603232756740	OK	 
REQUEST	1		request_173	1603232756708	1603232756740	OK	 
REQUEST	1		request_167	1603232756707	1603232756741	OK	 
REQUEST	1		request_175	1603232757740	1603232757768	OK	 
REQUEST	1		request_176	1603232757776	1603232757807	OK	 
REQUEST	1		request_177	1603232757777	1603232757807	OK	 
REQUEST	1		request_179	1603232757778	1603232757808	OK	 
REQUEST	1		request_180	1603232757779	1603232757810	OK	 
REQUEST	1		request_190	1603232757780	1603232757815	OK	 
REQUEST	1		request_192	1603232757781	1603232757816	OK	 
REQUEST	1		request_191	1603232757780	1603232757816	OK	 
REQUEST	1		request_181	1603232757779	1603232757817	KO	status.find.in(200,201,202,203,204,205,206,207,208,209,304), found 401
REQUEST	1		request_193	1603232757809	1603232757838	OK	 
USER	ListarAnuncios3	1	END	1603232663456	1603232757845
